INFO: [vitis-run 60-1548] Creating build summary session with primary output C:/Users/Dawso/GIM_Diabetes/digits_vectorized_fixed/hls_component/accelerator\accelerator.hlsrun_csim_summary, at 03/21/25 11:15:59
INFO: [vitis-run 82-31] Launching vitis_hls: vitis_hls -nolog -run csim -work_dir C:/Users/Dawso/GIM_Diabetes/digits_vectorized_fixed/hls_component/accelerator -config C:/Users/Dawso/GIM_Diabetes/digits_vectorized_fixed/hls_component/hls_config.cfg -cmdlineconfig C:/Users/Dawso/GIM_Diabetes/digits_vectorized_fixed/hls_component/accelerator/hls/config.cmdline

****** Vitis HLS - High-Level Synthesis from C, C++ and OpenCL v2024.1 (64-bit)
  **** SW Build 5069499 on May 21 2024
  **** IP Build 5075265 on Wed May 22 21:45:21 MDT 2024
  **** SharedData Build 5076995 on Wed May 22 18:29:18 MDT 2024
  **** Start of session at: Fri Mar 21 11:16:03 2025
    ** Copyright 1986-2022 Xilinx, Inc. All Rights Reserved.
    ** Copyright 2022-2024 Advanced Micro Devices, Inc. All Rights Reserved.

source C:/Xilinx/Vitis_HLS/2024.1/scripts/vitis_hls/hls.tcl -notrace
INFO: [HLS 200-10] For user 'Dawso' on host 'laptop-dp0ojsk0' (Windows NT_amd64 version 10.0) on Fri Mar 21 11:16:07 -0500 2025
INFO: [HLS 200-10] In directory 'C:/Users/Dawso/GIM_Diabetes/digits_vectorized_fixed/hls_component'
INFO: [HLS 200-2005] Using work_dir C:/Users/Dawso/GIM_Diabetes/digits_vectorized_fixed/hls_component/accelerator 
INFO: [HLS 200-1505] Using default flow_target 'vivado'
Resolution: For help on HLS 200-1505 see docs.xilinx.com/access/sources/dita/topic?Doc_Version=2024.1%20English&url=ug1448-hls-guidance&resourceid=200-1505.html
INFO: [HLS 200-1465] Applying ini 'syn.file=C:/Users/Dawso/GIM_Diabetes/digits_vectorized_fixed/accelerator.cpp' from C:/Users/Dawso/GIM_Diabetes/digits_vectorized_fixed/hls_component/hls_config.cfg(8)
INFO: [HLS 200-10] Adding design file 'C:/Users/Dawso/GIM_Diabetes/digits_vectorized_fixed/accelerator.cpp' to the project
INFO: [HLS 200-1465] Applying ini 'syn.file=C:/Users/Dawso/GIM_Diabetes/digits_vectorized_fixed/accelerator.h' from C:/Users/Dawso/GIM_Diabetes/digits_vectorized_fixed/hls_component/hls_config.cfg(9)
INFO: [HLS 200-10] Adding design file 'C:/Users/Dawso/GIM_Diabetes/digits_vectorized_fixed/accelerator.h' to the project
INFO: [HLS 200-1465] Applying ini 'syn.file=C:/Users/Dawso/GIM_Diabetes/digits_vectorized_fixed/activation.cpp' from C:/Users/Dawso/GIM_Diabetes/digits_vectorized_fixed/hls_component/hls_config.cfg(10)
INFO: [HLS 200-10] Adding design file 'C:/Users/Dawso/GIM_Diabetes/digits_vectorized_fixed/activation.cpp' to the project
INFO: [HLS 200-1465] Applying ini 'syn.file=C:/Users/Dawso/GIM_Diabetes/digits_vectorized_fixed/activations.h' from C:/Users/Dawso/GIM_Diabetes/digits_vectorized_fixed/hls_component/hls_config.cfg(11)
INFO: [HLS 200-10] Adding design file 'C:/Users/Dawso/GIM_Diabetes/digits_vectorized_fixed/activations.h' to the project
INFO: [HLS 200-1465] Applying ini 'syn.file=C:/Users/Dawso/GIM_Diabetes/digits_vectorized_fixed/error.cpp' from C:/Users/Dawso/GIM_Diabetes/digits_vectorized_fixed/hls_component/hls_config.cfg(12)
INFO: [HLS 200-10] Adding design file 'C:/Users/Dawso/GIM_Diabetes/digits_vectorized_fixed/error.cpp' to the project
INFO: [HLS 200-1465] Applying ini 'syn.file=C:/Users/Dawso/GIM_Diabetes/digits_vectorized_fixed/error.h' from C:/Users/Dawso/GIM_Diabetes/digits_vectorized_fixed/hls_component/hls_config.cfg(13)
INFO: [HLS 200-10] Adding design file 'C:/Users/Dawso/GIM_Diabetes/digits_vectorized_fixed/error.h' to the project
INFO: [HLS 200-1465] Applying ini 'syn.file=C:/Users/Dawso/GIM_Diabetes/digits_vectorized_fixed/layer.cpp' from C:/Users/Dawso/GIM_Diabetes/digits_vectorized_fixed/hls_component/hls_config.cfg(14)
INFO: [HLS 200-10] Adding design file 'C:/Users/Dawso/GIM_Diabetes/digits_vectorized_fixed/layer.cpp' to the project
INFO: [HLS 200-1465] Applying ini 'syn.file=C:/Users/Dawso/GIM_Diabetes/digits_vectorized_fixed/layer.h' from C:/Users/Dawso/GIM_Diabetes/digits_vectorized_fixed/hls_component/hls_config.cfg(15)
INFO: [HLS 200-10] Adding design file 'C:/Users/Dawso/GIM_Diabetes/digits_vectorized_fixed/layer.h' to the project
INFO: [HLS 200-1465] Applying ini 'syn.file=C:/Users/Dawso/GIM_Diabetes/digits_vectorized_fixed/utils.cpp' from C:/Users/Dawso/GIM_Diabetes/digits_vectorized_fixed/hls_component/hls_config.cfg(16)
INFO: [HLS 200-10] Adding design file 'C:/Users/Dawso/GIM_Diabetes/digits_vectorized_fixed/utils.cpp' to the project
INFO: [HLS 200-1465] Applying ini 'syn.file=C:/Users/Dawso/GIM_Diabetes/digits_vectorized_fixed/utils.h' from C:/Users/Dawso/GIM_Diabetes/digits_vectorized_fixed/hls_component/hls_config.cfg(17)
INFO: [HLS 200-10] Adding design file 'C:/Users/Dawso/GIM_Diabetes/digits_vectorized_fixed/utils.h' to the project
INFO: [HLS 200-1465] Applying ini 'tb.file=C:/Users/Dawso/GIM_Diabetes/digits_vectorized_fixed/main.cpp' from C:/Users/Dawso/GIM_Diabetes/digits_vectorized_fixed/hls_component/hls_config.cfg(18)
INFO: [HLS 200-10] Adding test bench file 'C:/Users/Dawso/GIM_Diabetes/digits_vectorized_fixed/main.cpp' to the project
INFO: [HLS 200-1465] Applying ini 'syn.top=accelerator' from C:/Users/Dawso/GIM_Diabetes/digits_vectorized_fixed/hls_component/hls_config.cfg(7)
INFO: [HLS 200-1465] Applying ini 'flow_target=vivado' from C:/Users/Dawso/GIM_Diabetes/digits_vectorized_fixed/hls_component/hls_config.cfg(4)
INFO: [HLS 200-1505] Using flow_target 'vivado'
Resolution: For help on HLS 200-1505 see docs.xilinx.com/access/sources/dita/topic?Doc_Version=2024.1%20English&url=ug1448-hls-guidance&resourceid=200-1505.html
INFO: [HLS 200-1465] Applying ini 'part=xczu3eg-sfvc784-1-e' from C:/Users/Dawso/GIM_Diabetes/digits_vectorized_fixed/hls_component/hls_config.cfg(1)
INFO: [HLS 200-1611] Setting target device to 'xczu3eg-sfvc784-1-e'
INFO: [HLS 200-1465] Applying ini 'clock=10ns' from C:/Users/Dawso/GIM_Diabetes/digits_vectorized_fixed/hls_component/hls_config.cfg(19)
INFO: [SYN 201-201] Setting up clock 'default' with a period of 10ns.
INFO: [HLS 200-1465] Applying ini 'clock_uncertainty=2ns' from C:/Users/Dawso/GIM_Diabetes/digits_vectorized_fixed/hls_component/hls_config.cfg(20)
INFO: [SYN 201-201] Setting up clock 'default' with an uncertainty of 2ns.
INFO: [HLS 200-1465] Applying ini 'package.output.format=ip_catalog' from C:/Users/Dawso/GIM_Diabetes/digits_vectorized_fixed/hls_component/hls_config.cfg(5)
INFO: [SIM 211-2] *************** CSIM start ***************
INFO: [SIM 211-4] CSIM will launch CLANG as the compiler.
INFO: [HLS 200-2036] Building debug C Simulation binaries
   Compiling ../../../../../main.cpp in debug mode
   Compiling ../../../../../utils.cpp in debug mode
   Compiling ../../../../../layer.cpp in debug mode
   Compiling ../../../../../error.cpp in debug mode
   Compiling ../../../../../activation.cpp in debug mode
   Compiling ../../../../../accelerator.cpp in debug mode
   Generating csim.exe
Error opening file: digits_features.csv
Error opening file: digits_labels.csv
+---------------------------------------------------------------+
Initial | weights_l0[0][0]: 0.087031 | weights_l1[0][0]: -0.0539217 | weights_l2[0][0]: -0.00359825 | weights_l3[0][0]: 0.0302889
Size of input: 500
======================
iteration 0 
Dimensions of weights_l0: [64 x 64]
Dimensions of input_ref: [64]
Dimensions of biases_l0: [64]
Finished first forward prop
Finished second forward prop
Finished third forward prop
NaN detected in softmax output
Input values: nan 3.95253e-323 0 4.94066e-324 1.24336e-315 0 0 0 5.3283e-315 1.4822e-323 
@E Simulation failed: Function 'main' returns nonzero value '1'.
ERROR: [SIM 211-100] 'csim_design' failed: nonzero return value.
INFO: [SIM 211-3] *************** CSIM finish ***************
ERROR: 4
INFO: [HLS 200-112] Total CPU user time: 4 seconds. Total CPU system time: 2 seconds. Total elapsed time: 16.03 seconds; peak allocated memory: 232.410 MB.
