03/21/25 11:15:58: Running xcd server. This server was NOT built by gradle, but presumably rdi.
03/21/25 11:15:58: Server was asked to start on port: '60916'
03/21/25 11:15:58: Server is using token UUID: '0b8e2cd7-270e-41d8-aee1-b85d2d84b352'
03/21/25 11:15:58: SESSION_MGR: creating session with session uuid: '6d04a3e9-ade5-4ab9-8d63-1f78fcd2ec76' and name 'default'
03/21/25 11:15:58: Attempting to start server on port '60916'
03/21/25 11:15:58: Running Dispatch Server
03/21/25 11:15:58: Version 2.2.0
03/21/25 11:15:59: Dispatch Server: Accepted socket connection from client
03/21/25 11:15:59: Starting Socket connection
03/21/25 11:15:59: EXCHANGE_TOKEN received, server token: 0b8e2cd7-270e-41d8-aee1-b85d2d84b352, passed token: 0b8e2cd7-270e-41d8-aee1-b85d2d84b352
03/21/25 11:15:59: DISPATCH_HANDLER: Adding handler from function makeHandler in library librdi_system_diagram failed with exception: Could not dynamically load librdi_system_diagram.dll
03/21/25 11:15:59: SESSION_MGR: creating session with session uuid: '112ad8d8-9430-403d-9fe6-c3673b05f1d1' and name 'vitis-run_compile_accelerator'
03/21/25 11:15:59: KERNEL_SVC: creating session with uuid: '112ad8d8-9430-403d-9fe6-c3673b05f1d1' and name 'vitis-run_compile_accelerator'
03/21/25 11:15:59: GUIDANCE_SMGR: creating guidance session with uuid: '112ad8d8-9430-403d-9fe6-c3673b05f1d1' and name 'vitis-run_compile_accelerator'
03/21/25 11:16:11: Dispatch Server: Accepted socket connection from client
03/21/25 11:16:11: Starting Socket connection
03/21/25 11:16:19: SESSION_MGR: closing session for UUID '112ad8d8-9430-403d-9fe6-c3673b05f1d1' with name 'vitis-run_compile_accelerator'
03/21/25 11:16:19: KERNEL_SVC: closing session for UUID '112ad8d8-9430-403d-9fe6-c3673b05f1d1' with name 'vitis-run_compile_accelerator'
03/21/25 11:16:19: GUIDANCE_SMGR: closing session for UUID '112ad8d8-9430-403d-9fe6-c3673b05f1d1' with name 'vitis-run_compile_accelerator'
03/21/25 11:16:19: STOP_SERVER received, server token: 0b8e2cd7-270e-41d8-aee1-b85d2d84b352, passed token: 0b8e2cd7-270e-41d8-aee1-b85d2d84b352
03/21/25 11:16:19: Socket received request to stop server.
03/21/25 11:16:19: Dispatch Server: do_await_stop
03/21/25 11:16:19: SERVER: destructor for server bound to port 60916
03/21/25 11:16:19: Server exiting with status 0.
03/21/25 11:16:19: Closing log file.
03/21/25 11:16:52: Running xcd server. This server was NOT built by gradle, but presumably rdi.
03/21/25 11:16:52: Server was asked to start on port: '62657'
03/21/25 11:16:52: Server is using token UUID: '05e3e05d-bb30-4b0a-bac0-c572bb9b8d04'
03/21/25 11:16:52: SESSION_MGR: creating session with session uuid: '6d04a3e9-ade5-4ab9-8d63-1f78fcd2ec76' and name 'default'
03/21/25 11:16:52: Attempting to start server on port '62657'
03/21/25 11:16:52: Running Dispatch Server
03/21/25 11:16:52: Version 2.2.0
03/21/25 11:16:53: Dispatch Server: Accepted socket connection from client
03/21/25 11:16:53: Starting Socket connection
03/21/25 11:16:53: EXCHANGE_TOKEN received, server token: 05e3e05d-bb30-4b0a-bac0-c572bb9b8d04, passed token: 05e3e05d-bb30-4b0a-bac0-c572bb9b8d04
03/21/25 11:16:53: DISPATCH_HANDLER: Adding handler from function makeHandler in library librdi_system_diagram failed with exception: Could not dynamically load librdi_system_diagram.dll
03/21/25 11:16:53: SESSION_MGR: creating session with session uuid: '6ff3962f-946c-4997-bb5e-57ae50f1d2de' and name 'vitis-run_compile_accelerator'
03/21/25 11:16:53: KERNEL_SVC: creating session with uuid: '6ff3962f-946c-4997-bb5e-57ae50f1d2de' and name 'vitis-run_compile_accelerator'
03/21/25 11:16:53: GUIDANCE_SMGR: creating guidance session with uuid: '6ff3962f-946c-4997-bb5e-57ae50f1d2de' and name 'vitis-run_compile_accelerator'
03/21/25 11:17:01: Dispatch Server: Accepted socket connection from client
03/21/25 11:17:01: Starting Socket connection
03/21/25 11:17:02: SESSION_MGR: closing session for UUID '6ff3962f-946c-4997-bb5e-57ae50f1d2de' with name 'vitis-run_compile_accelerator'
03/21/25 11:17:02: KERNEL_SVC: closing session for UUID '6ff3962f-946c-4997-bb5e-57ae50f1d2de' with name 'vitis-run_compile_accelerator'
03/21/25 11:17:02: GUIDANCE_SMGR: closing session for UUID '6ff3962f-946c-4997-bb5e-57ae50f1d2de' with name 'vitis-run_compile_accelerator'
03/21/25 11:17:02: STOP_SERVER received, server token: 05e3e05d-bb30-4b0a-bac0-c572bb9b8d04, passed token: 05e3e05d-bb30-4b0a-bac0-c572bb9b8d04
03/21/25 11:17:02: Socket received request to stop server.
03/21/25 11:17:02: Dispatch Server: do_await_stop
03/21/25 11:17:02: SERVER: destructor for server bound to port 62657
03/21/25 11:17:02: Server exiting with status 0.
03/21/25 11:17:02: Closing log file.
03/21/25 11:23:09: Running xcd server. This server was NOT built by gradle, but presumably rdi.
03/21/25 11:23:09: Server was asked to start on port: '52135'
03/21/25 11:23:09: Server is using token UUID: '38d892b3-53aa-4c27-b13c-271a385854dd'
03/21/25 11:23:09: SESSION_MGR: creating session with session uuid: '6d04a3e9-ade5-4ab9-8d63-1f78fcd2ec76' and name 'default'
03/21/25 11:23:09: Attempting to start server on port '52135'
03/21/25 11:23:09: Running Dispatch Server
03/21/25 11:23:09: Version 2.2.0
03/21/25 11:23:10: Dispatch Server: Accepted socket connection from client
03/21/25 11:23:10: Starting Socket connection
03/21/25 11:23:10: EXCHANGE_TOKEN received, server token: 38d892b3-53aa-4c27-b13c-271a385854dd, passed token: 38d892b3-53aa-4c27-b13c-271a385854dd
03/21/25 11:23:10: DISPATCH_HANDLER: Adding handler from function makeHandler in library librdi_system_diagram failed with exception: Could not dynamically load librdi_system_diagram.dll
03/21/25 11:23:10: SESSION_MGR: creating session with session uuid: '0167f7c1-3ae8-450d-8a31-76cbad90d803' and name 'vitis-run_compile_accelerator'
03/21/25 11:23:10: KERNEL_SVC: creating session with uuid: '0167f7c1-3ae8-450d-8a31-76cbad90d803' and name 'vitis-run_compile_accelerator'
03/21/25 11:23:10: GUIDANCE_SMGR: creating guidance session with uuid: '0167f7c1-3ae8-450d-8a31-76cbad90d803' and name 'vitis-run_compile_accelerator'
03/21/25 11:23:21: Dispatch Server: Accepted socket connection from client
03/21/25 11:23:21: Starting Socket connection
03/21/25 11:23:24: SESSION_MGR: closing session for UUID '0167f7c1-3ae8-450d-8a31-76cbad90d803' with name 'vitis-run_compile_accelerator'
03/21/25 11:23:24: KERNEL_SVC: closing session for UUID '0167f7c1-3ae8-450d-8a31-76cbad90d803' with name 'vitis-run_compile_accelerator'
03/21/25 11:23:24: GUIDANCE_SMGR: closing session for UUID '0167f7c1-3ae8-450d-8a31-76cbad90d803' with name 'vitis-run_compile_accelerator'
03/21/25 11:23:24: STOP_SERVER received, server token: 38d892b3-53aa-4c27-b13c-271a385854dd, passed token: 38d892b3-53aa-4c27-b13c-271a385854dd
03/21/25 11:23:24: Socket received request to stop server.
03/21/25 11:23:24: Dispatch Server: do_await_stop
03/21/25 11:23:24: SERVER: destructor for server bound to port 52135
03/21/25 11:23:24: Server exiting with status 0.
03/21/25 11:23:24: Closing log file.
03/21/25 11:24:04: Running xcd server. This server was NOT built by gradle, but presumably rdi.
03/21/25 11:24:04: Server was asked to start on port: '52147'
03/21/25 11:24:04: Server is using token UUID: 'e7d795a7-5fa3-462d-b41d-5d09e80bde95'
03/21/25 11:24:04: SESSION_MGR: creating session with session uuid: '6d04a3e9-ade5-4ab9-8d63-1f78fcd2ec76' and name 'default'
03/21/25 11:24:04: Attempting to start server on port '52147'
03/21/25 11:24:04: Running Dispatch Server
03/21/25 11:24:04: Version 2.2.0
03/21/25 11:24:05: Dispatch Server: Accepted socket connection from client
03/21/25 11:24:05: Starting Socket connection
03/21/25 11:24:05: EXCHANGE_TOKEN received, server token: e7d795a7-5fa3-462d-b41d-5d09e80bde95, passed token: e7d795a7-5fa3-462d-b41d-5d09e80bde95
03/21/25 11:24:05: DISPATCH_HANDLER: Adding handler from function makeHandler in library librdi_system_diagram failed with exception: Could not dynamically load librdi_system_diagram.dll
03/21/25 11:24:05: SESSION_MGR: creating session with session uuid: '9f314819-6043-4c87-b93d-3178c6f94144' and name 'vitis-run_compile_accelerator'
03/21/25 11:24:05: KERNEL_SVC: creating session with uuid: '9f314819-6043-4c87-b93d-3178c6f94144' and name 'vitis-run_compile_accelerator'
03/21/25 11:24:05: GUIDANCE_SMGR: creating guidance session with uuid: '9f314819-6043-4c87-b93d-3178c6f94144' and name 'vitis-run_compile_accelerator'
03/21/25 11:24:15: Dispatch Server: Accepted socket connection from client
03/21/25 11:24:15: Starting Socket connection
03/21/25 11:24:20: SESSION_MGR: closing session for UUID '9f314819-6043-4c87-b93d-3178c6f94144' with name 'vitis-run_compile_accelerator'
03/21/25 11:24:20: KERNEL_SVC: closing session for UUID '9f314819-6043-4c87-b93d-3178c6f94144' with name 'vitis-run_compile_accelerator'
03/21/25 11:24:20: GUIDANCE_SMGR: closing session for UUID '9f314819-6043-4c87-b93d-3178c6f94144' with name 'vitis-run_compile_accelerator'
03/21/25 11:24:20: STOP_SERVER received, server token: e7d795a7-5fa3-462d-b41d-5d09e80bde95, passed token: e7d795a7-5fa3-462d-b41d-5d09e80bde95
03/21/25 11:24:20: Socket received request to stop server.
03/21/25 11:24:20: Dispatch Server: do_await_stop
03/21/25 11:24:20: SERVER: destructor for server bound to port 52147
03/21/25 11:24:20: Server exiting with status 0.
03/21/25 11:24:20: Closing log file.
03/21/25 11:24:42: Running xcd server. This server was NOT built by gradle, but presumably rdi.
03/21/25 11:24:42: Server was asked to start on port: '52150'
03/21/25 11:24:42: Server is using token UUID: 'c65a9d22-f3a1-481b-ae0a-c7cd86ba9683'
03/21/25 11:24:42: SESSION_MGR: creating session with session uuid: '6d04a3e9-ade5-4ab9-8d63-1f78fcd2ec76' and name 'default'
03/21/25 11:24:42: Attempting to start server on port '52150'
03/21/25 11:24:42: Running Dispatch Server
03/21/25 11:24:42: Version 2.2.0
03/21/25 11:24:43: Dispatch Server: Accepted socket connection from client
03/21/25 11:24:43: Starting Socket connection
03/21/25 11:24:43: EXCHANGE_TOKEN received, server token: c65a9d22-f3a1-481b-ae0a-c7cd86ba9683, passed token: c65a9d22-f3a1-481b-ae0a-c7cd86ba9683
03/21/25 11:24:43: DISPATCH_HANDLER: Adding handler from function makeHandler in library librdi_system_diagram failed with exception: Could not dynamically load librdi_system_diagram.dll
03/21/25 11:24:43: SESSION_MGR: creating session with session uuid: 'be7b8df8-8fa6-49a3-879b-fdac1c98c492' and name 'vitis-run_compile_accelerator'
03/21/25 11:24:43: KERNEL_SVC: creating session with uuid: 'be7b8df8-8fa6-49a3-879b-fdac1c98c492' and name 'vitis-run_compile_accelerator'
03/21/25 11:24:43: GUIDANCE_SMGR: creating guidance session with uuid: 'be7b8df8-8fa6-49a3-879b-fdac1c98c492' and name 'vitis-run_compile_accelerator'
03/21/25 11:24:54: Dispatch Server: Accepted socket connection from client
03/21/25 11:24:54: Starting Socket connection
03/21/25 11:24:59: SESSION_MGR: closing session for UUID 'be7b8df8-8fa6-49a3-879b-fdac1c98c492' with name 'vitis-run_compile_accelerator'
03/21/25 11:24:59: KERNEL_SVC: closing session for UUID 'be7b8df8-8fa6-49a3-879b-fdac1c98c492' with name 'vitis-run_compile_accelerator'
03/21/25 11:24:59: GUIDANCE_SMGR: closing session for UUID 'be7b8df8-8fa6-49a3-879b-fdac1c98c492' with name 'vitis-run_compile_accelerator'
03/21/25 11:24:59: STOP_SERVER received, server token: c65a9d22-f3a1-481b-ae0a-c7cd86ba9683, passed token: c65a9d22-f3a1-481b-ae0a-c7cd86ba9683
03/21/25 11:24:59: Socket received request to stop server.
03/21/25 11:24:59: Dispatch Server: do_await_stop
03/21/25 11:24:59: SERVER: destructor for server bound to port 52150
03/21/25 11:24:59: Server exiting with status 0.
03/21/25 11:24:59: Closing log file.
03/21/25 11:26:00: Running xcd server. This server was NOT built by gradle, but presumably rdi.
03/21/25 11:26:00: Server was asked to start on port: '61624'
03/21/25 11:26:00: Server is using token UUID: '2ae47a3d-1e4d-42a6-9d95-dc12f6d405c4'
03/21/25 11:26:00: SESSION_MGR: creating session with session uuid: '6d04a3e9-ade5-4ab9-8d63-1f78fcd2ec76' and name 'default'
03/21/25 11:26:00: Attempting to start server on port '61624'
03/21/25 11:26:00: Running Dispatch Server
03/21/25 11:26:00: Version 2.2.0
03/21/25 11:26:02: Dispatch Server: Accepted socket connection from client
03/21/25 11:26:02: Starting Socket connection
03/21/25 11:26:02: EXCHANGE_TOKEN received, server token: 2ae47a3d-1e4d-42a6-9d95-dc12f6d405c4, passed token: 2ae47a3d-1e4d-42a6-9d95-dc12f6d405c4
03/21/25 11:26:02: DISPATCH_HANDLER: Adding handler from function makeHandler in library librdi_system_diagram failed with exception: Could not dynamically load librdi_system_diagram.dll
03/21/25 11:26:02: SESSION_MGR: creating session with session uuid: '545c4ea3-e9a3-421e-ba54-e4064dc12c99' and name 'vitis-run_compile_accelerator'
03/21/25 11:26:02: KERNEL_SVC: creating session with uuid: '545c4ea3-e9a3-421e-ba54-e4064dc12c99' and name 'vitis-run_compile_accelerator'
03/21/25 11:26:02: GUIDANCE_SMGR: creating guidance session with uuid: '545c4ea3-e9a3-421e-ba54-e4064dc12c99' and name 'vitis-run_compile_accelerator'
03/21/25 11:26:09: Dispatch Server: Accepted socket connection from client
03/21/25 11:26:09: Starting Socket connection
03/21/25 11:26:10: SESSION_MGR: closing session for UUID '545c4ea3-e9a3-421e-ba54-e4064dc12c99' with name 'vitis-run_compile_accelerator'
03/21/25 11:26:10: KERNEL_SVC: closing session for UUID '545c4ea3-e9a3-421e-ba54-e4064dc12c99' with name 'vitis-run_compile_accelerator'
03/21/25 11:26:10: GUIDANCE_SMGR: closing session for UUID '545c4ea3-e9a3-421e-ba54-e4064dc12c99' with name 'vitis-run_compile_accelerator'
03/21/25 11:26:10: STOP_SERVER received, server token: 2ae47a3d-1e4d-42a6-9d95-dc12f6d405c4, passed token: 2ae47a3d-1e4d-42a6-9d95-dc12f6d405c4
03/21/25 11:26:10: Socket received request to stop server.
03/21/25 11:26:10: Dispatch Server: do_await_stop
03/21/25 11:26:10: SERVER: destructor for server bound to port 61624
03/21/25 11:26:10: Server exiting with status 0.
03/21/25 11:26:10: Closing log file.
03/21/25 11:51:44: Running xcd server. This server was NOT built by gradle, but presumably rdi.
03/21/25 11:51:44: Server was asked to start on port: '60402'
03/21/25 11:51:44: Server is using token UUID: '1af8ce2c-b9ed-4030-8bc4-ffdb68101346'
03/21/25 11:51:44: SESSION_MGR: creating session with session uuid: '6d04a3e9-ade5-4ab9-8d63-1f78fcd2ec76' and name 'default'
03/21/25 11:51:44: Attempting to start server on port '60402'
03/21/25 11:51:44: Running Dispatch Server
03/21/25 11:51:44: Version 2.2.0
03/21/25 11:51:45: Dispatch Server: Accepted socket connection from client
03/21/25 11:51:45: Starting Socket connection
03/21/25 11:51:45: EXCHANGE_TOKEN received, server token: 1af8ce2c-b9ed-4030-8bc4-ffdb68101346, passed token: 1af8ce2c-b9ed-4030-8bc4-ffdb68101346
03/21/25 11:51:45: DISPATCH_HANDLER: Adding handler from function makeHandler in library librdi_system_diagram failed with exception: Could not dynamically load librdi_system_diagram.dll
03/21/25 11:51:45: SESSION_MGR: creating session with session uuid: '0d805915-34b3-49fe-a0d3-290389508deb' and name 'vitis-run_compile_accelerator'
03/21/25 11:51:45: KERNEL_SVC: creating session with uuid: '0d805915-34b3-49fe-a0d3-290389508deb' and name 'vitis-run_compile_accelerator'
03/21/25 11:51:45: GUIDANCE_SMGR: creating guidance session with uuid: '0d805915-34b3-49fe-a0d3-290389508deb' and name 'vitis-run_compile_accelerator'
03/21/25 11:51:53: Dispatch Server: Accepted socket connection from client
03/21/25 11:51:53: Starting Socket connection
03/21/25 12:00:13: Running xcd server. This server was NOT built by gradle, but presumably rdi.
03/21/25 12:00:13: Server was asked to start on port: '60491'
03/21/25 12:00:13: Server is using token UUID: 'd0cd7f64-ddd6-48cb-ac60-41f8de926385'
03/21/25 12:00:13: SESSION_MGR: creating session with session uuid: '6d04a3e9-ade5-4ab9-8d63-1f78fcd2ec76' and name 'default'
03/21/25 12:00:13: Attempting to start server on port '60491'
03/21/25 12:00:13: Running Dispatch Server
03/21/25 12:00:13: Version 2.2.0
03/21/25 12:00:15: Dispatch Server: Accepted socket connection from client
03/21/25 12:00:15: Starting Socket connection
03/21/25 12:00:15: EXCHANGE_TOKEN received, server token: d0cd7f64-ddd6-48cb-ac60-41f8de926385, passed token: d0cd7f64-ddd6-48cb-ac60-41f8de926385
03/21/25 12:00:15: DISPATCH_HANDLER: Adding handler from function makeHandler in library librdi_system_diagram failed with exception: Could not dynamically load librdi_system_diagram.dll
03/21/25 12:00:15: SESSION_MGR: creating session with session uuid: 'b7dbac1b-f67a-442d-b0fb-7920d446647c' and name 'v++_compile_accelerator'
03/21/25 12:00:15: KERNEL_SVC: creating session with uuid: 'b7dbac1b-f67a-442d-b0fb-7920d446647c' and name 'v++_compile_accelerator'
03/21/25 12:00:15: GUIDANCE_SMGR: creating guidance session with uuid: 'b7dbac1b-f67a-442d-b0fb-7920d446647c' and name 'v++_compile_accelerator'
03/21/25 12:00:23: Dispatch Server: Accepted socket connection from client
03/21/25 12:00:23: Starting Socket connection
03/21/25 12:05:37: SESSION_MGR: closing session for UUID 'b7dbac1b-f67a-442d-b0fb-7920d446647c' with name 'v++_compile_accelerator'
03/21/25 12:05:37: KERNEL_SVC: closing session for UUID 'b7dbac1b-f67a-442d-b0fb-7920d446647c' with name 'v++_compile_accelerator'
03/21/25 12:05:37: GUIDANCE_SMGR: closing session for UUID 'b7dbac1b-f67a-442d-b0fb-7920d446647c' with name 'v++_compile_accelerator'
03/21/25 12:05:37: STOP_SERVER received, server token: d0cd7f64-ddd6-48cb-ac60-41f8de926385, passed token: d0cd7f64-ddd6-48cb-ac60-41f8de926385
03/21/25 12:05:37: Socket received request to stop server.
03/21/25 12:05:37: Dispatch Server: do_await_stop
03/21/25 12:05:37: SERVER: destructor for server bound to port 60491
03/21/25 12:05:37: Server exiting with status 0.
03/21/25 12:05:37: Closing log file.
03/21/25 12:18:59: Running xcd server. This server was NOT built by gradle, but presumably rdi.
03/21/25 12:18:59: Server was asked to start on port: '63899'
03/21/25 12:18:59: Server is using token UUID: '0fbaedac-f77e-4b60-b33b-94cb84b860e0'
03/21/25 12:18:59: SESSION_MGR: creating session with session uuid: '6d04a3e9-ade5-4ab9-8d63-1f78fcd2ec76' and name 'default'
03/21/25 12:18:59: Attempting to start server on port '63899'
03/21/25 12:18:59: Running Dispatch Server
03/21/25 12:18:59: Version 2.2.0
03/21/25 12:19:01: Dispatch Server: Accepted socket connection from client
03/21/25 12:19:01: Starting Socket connection
03/21/25 12:19:01: EXCHANGE_TOKEN received, server token: 0fbaedac-f77e-4b60-b33b-94cb84b860e0, passed token: 0fbaedac-f77e-4b60-b33b-94cb84b860e0
03/21/25 12:19:01: DISPATCH_HANDLER: Adding handler from function makeHandler in library librdi_system_diagram failed with exception: Could not dynamically load librdi_system_diagram.dll
03/21/25 12:19:01: SESSION_MGR: creating session with session uuid: '45c5cd9b-85b1-46e3-a70c-9c86b8d7fa8e' and name 'vitis-run_compile_accelerator'
03/21/25 12:19:01: KERNEL_SVC: creating session with uuid: '45c5cd9b-85b1-46e3-a70c-9c86b8d7fa8e' and name 'vitis-run_compile_accelerator'
03/21/25 12:19:01: GUIDANCE_SMGR: creating guidance session with uuid: '45c5cd9b-85b1-46e3-a70c-9c86b8d7fa8e' and name 'vitis-run_compile_accelerator'
03/21/25 12:19:08: Dispatch Server: Accepted socket connection from client
03/21/25 12:19:08: Starting Socket connection
03/21/25 12:20:33: SESSION_MGR: closing session for UUID '45c5cd9b-85b1-46e3-a70c-9c86b8d7fa8e' with name 'vitis-run_compile_accelerator'
03/21/25 12:20:33: KERNEL_SVC: closing session for UUID '45c5cd9b-85b1-46e3-a70c-9c86b8d7fa8e' with name 'vitis-run_compile_accelerator'
03/21/25 12:20:33: GUIDANCE_SMGR: closing session for UUID '45c5cd9b-85b1-46e3-a70c-9c86b8d7fa8e' with name 'vitis-run_compile_accelerator'
03/21/25 12:20:33: STOP_SERVER received, server token: 0fbaedac-f77e-4b60-b33b-94cb84b860e0, passed token: 0fbaedac-f77e-4b60-b33b-94cb84b860e0
03/21/25 12:20:33: Socket received request to stop server.
03/21/25 12:20:33: Dispatch Server: do_await_stop
03/21/25 12:20:33: SERVER: destructor for server bound to port 63899
03/21/25 12:20:33: Server exiting with status 0.
03/21/25 12:20:33: Closing log file.
03/21/25 14:06:34: Running xcd server. This server was NOT built by gradle, but presumably rdi.
03/21/25 14:06:34: Server was asked to start on port: '55182'
03/21/25 14:06:34: Server is using token UUID: 'd18c26ea-fa8d-46db-96bc-4e661ac094fc'
03/21/25 14:06:34: SESSION_MGR: creating session with session uuid: '6d04a3e9-ade5-4ab9-8d63-1f78fcd2ec76' and name 'default'
03/21/25 14:06:34: Attempting to start server on port '55182'
03/21/25 14:06:34: Running Dispatch Server
03/21/25 14:06:34: Version 2.2.0
03/21/25 14:06:36: Dispatch Server: Accepted socket connection from client
03/21/25 14:06:36: Starting Socket connection
03/21/25 14:06:36: EXCHANGE_TOKEN received, server token: d18c26ea-fa8d-46db-96bc-4e661ac094fc, passed token: d18c26ea-fa8d-46db-96bc-4e661ac094fc
03/21/25 14:06:36: DISPATCH_HANDLER: Adding handler from function makeHandler in library librdi_system_diagram failed with exception: Could not dynamically load librdi_system_diagram.dll
03/21/25 14:06:36: SESSION_MGR: creating session with session uuid: 'd263206a-bf6b-4b07-9653-c3b8fe3894e2' and name 'vitis-run_compile_accelerator'
03/21/25 14:06:36: KERNEL_SVC: creating session with uuid: 'd263206a-bf6b-4b07-9653-c3b8fe3894e2' and name 'vitis-run_compile_accelerator'
03/21/25 14:06:36: GUIDANCE_SMGR: creating guidance session with uuid: 'd263206a-bf6b-4b07-9653-c3b8fe3894e2' and name 'vitis-run_compile_accelerator'
03/21/25 14:06:46: Dispatch Server: Accepted socket connection from client
03/21/25 14:06:46: Starting Socket connection
03/21/25 14:06:51: SESSION_MGR: closing session for UUID 'd263206a-bf6b-4b07-9653-c3b8fe3894e2' with name 'vitis-run_compile_accelerator'
03/21/25 14:06:51: KERNEL_SVC: closing session for UUID 'd263206a-bf6b-4b07-9653-c3b8fe3894e2' with name 'vitis-run_compile_accelerator'
03/21/25 14:06:51: GUIDANCE_SMGR: closing session for UUID 'd263206a-bf6b-4b07-9653-c3b8fe3894e2' with name 'vitis-run_compile_accelerator'
03/21/25 14:06:51: STOP_SERVER received, server token: d18c26ea-fa8d-46db-96bc-4e661ac094fc, passed token: d18c26ea-fa8d-46db-96bc-4e661ac094fc
03/21/25 14:06:51: Socket received request to stop server.
03/21/25 14:06:51: Dispatch Server: do_await_stop
03/21/25 14:06:51: SERVER: destructor for server bound to port 55182
03/21/25 14:06:51: Server exiting with status 0.
03/21/25 14:06:51: Closing log file.
03/21/25 14:08:58: Running xcd server. This server was NOT built by gradle, but presumably rdi.
03/21/25 14:08:58: Server was asked to start on port: '63353'
03/21/25 14:08:58: Server is using token UUID: '20d80526-91cd-402c-bae8-72f78ef0a3bf'
03/21/25 14:08:58: SESSION_MGR: creating session with session uuid: '6d04a3e9-ade5-4ab9-8d63-1f78fcd2ec76' and name 'default'
03/21/25 14:08:58: Attempting to start server on port '63353'
03/21/25 14:08:58: Running Dispatch Server
03/21/25 14:08:58: Version 2.2.0
03/21/25 14:09:00: Dispatch Server: Accepted socket connection from client
03/21/25 14:09:00: Starting Socket connection
03/21/25 14:09:00: EXCHANGE_TOKEN received, server token: 20d80526-91cd-402c-bae8-72f78ef0a3bf, passed token: 20d80526-91cd-402c-bae8-72f78ef0a3bf
03/21/25 14:09:00: DISPATCH_HANDLER: Adding handler from function makeHandler in library librdi_system_diagram failed with exception: Could not dynamically load librdi_system_diagram.dll
03/21/25 14:09:00: SESSION_MGR: creating session with session uuid: '313a76a4-5012-4b65-910e-58818dc6138e' and name 'vitis-run_compile_accelerator'
03/21/25 14:09:00: KERNEL_SVC: creating session with uuid: '313a76a4-5012-4b65-910e-58818dc6138e' and name 'vitis-run_compile_accelerator'
03/21/25 14:09:00: GUIDANCE_SMGR: creating guidance session with uuid: '313a76a4-5012-4b65-910e-58818dc6138e' and name 'vitis-run_compile_accelerator'
03/21/25 14:09:08: Dispatch Server: Accepted socket connection from client
03/21/25 14:09:08: Starting Socket connection
03/21/25 14:09:11: SESSION_MGR: closing session for UUID '313a76a4-5012-4b65-910e-58818dc6138e' with name 'vitis-run_compile_accelerator'
03/21/25 14:09:11: KERNEL_SVC: closing session for UUID '313a76a4-5012-4b65-910e-58818dc6138e' with name 'vitis-run_compile_accelerator'
03/21/25 14:09:11: GUIDANCE_SMGR: closing session for UUID '313a76a4-5012-4b65-910e-58818dc6138e' with name 'vitis-run_compile_accelerator'
03/21/25 14:09:11: STOP_SERVER received, server token: 20d80526-91cd-402c-bae8-72f78ef0a3bf, passed token: 20d80526-91cd-402c-bae8-72f78ef0a3bf
03/21/25 14:09:11: Socket received request to stop server.
03/21/25 14:09:11: Dispatch Server: do_await_stop
03/21/25 14:09:11: SERVER: destructor for server bound to port 63353
03/21/25 14:09:11: Server exiting with status 0.
03/21/25 14:09:11: Closing log file.
03/21/25 14:10:56: Running xcd server. This server was NOT built by gradle, but presumably rdi.
03/21/25 14:10:56: Server was asked to start on port: '63363'
03/21/25 14:10:56: Server is using token UUID: '37442af5-f14a-4c2d-8f05-035137b178f1'
03/21/25 14:10:56: SESSION_MGR: creating session with session uuid: '6d04a3e9-ade5-4ab9-8d63-1f78fcd2ec76' and name 'default'
03/21/25 14:10:56: Attempting to start server on port '63363'
03/21/25 14:10:56: Running Dispatch Server
03/21/25 14:10:56: Version 2.2.0
03/21/25 14:10:58: Dispatch Server: Accepted socket connection from client
03/21/25 14:10:58: Starting Socket connection
03/21/25 14:10:58: EXCHANGE_TOKEN received, server token: 37442af5-f14a-4c2d-8f05-035137b178f1, passed token: 37442af5-f14a-4c2d-8f05-035137b178f1
03/21/25 14:10:58: DISPATCH_HANDLER: Adding handler from function makeHandler in library librdi_system_diagram failed with exception: Could not dynamically load librdi_system_diagram.dll
03/21/25 14:10:58: SESSION_MGR: creating session with session uuid: 'c59520e9-f383-40a5-9161-1a59460be4d1' and name 'vitis-run_compile_accelerator'
03/21/25 14:10:58: KERNEL_SVC: creating session with uuid: 'c59520e9-f383-40a5-9161-1a59460be4d1' and name 'vitis-run_compile_accelerator'
03/21/25 14:10:58: GUIDANCE_SMGR: creating guidance session with uuid: 'c59520e9-f383-40a5-9161-1a59460be4d1' and name 'vitis-run_compile_accelerator'
03/21/25 14:11:06: Dispatch Server: Accepted socket connection from client
03/21/25 14:11:06: Starting Socket connection
03/21/25 14:11:09: SESSION_MGR: closing session for UUID 'c59520e9-f383-40a5-9161-1a59460be4d1' with name 'vitis-run_compile_accelerator'
03/21/25 14:11:09: KERNEL_SVC: closing session for UUID 'c59520e9-f383-40a5-9161-1a59460be4d1' with name 'vitis-run_compile_accelerator'
03/21/25 14:11:09: GUIDANCE_SMGR: closing session for UUID 'c59520e9-f383-40a5-9161-1a59460be4d1' with name 'vitis-run_compile_accelerator'
03/21/25 14:11:09: STOP_SERVER received, server token: 37442af5-f14a-4c2d-8f05-035137b178f1, passed token: 37442af5-f14a-4c2d-8f05-035137b178f1
03/21/25 14:11:09: Socket received request to stop server.
03/21/25 14:11:09: Dispatch Server: do_await_stop
03/21/25 14:11:09: SERVER: destructor for server bound to port 63363
03/21/25 14:11:09: Server exiting with status 0.
03/21/25 14:11:09: Closing log file.
03/21/25 14:11:50: Running xcd server. This server was NOT built by gradle, but presumably rdi.
03/21/25 14:11:50: Server was asked to start on port: '63371'
03/21/25 14:11:50: Server is using token UUID: '595b6a40-3c1a-4563-8e74-9a7fdc65bff1'
03/21/25 14:11:50: SESSION_MGR: creating session with session uuid: '6d04a3e9-ade5-4ab9-8d63-1f78fcd2ec76' and name 'default'
03/21/25 14:11:50: Attempting to start server on port '63371'
03/21/25 14:11:50: Running Dispatch Server
03/21/25 14:11:50: Version 2.2.0
03/21/25 14:11:52: Dispatch Server: Accepted socket connection from client
03/21/25 14:11:52: Starting Socket connection
03/21/25 14:11:52: EXCHANGE_TOKEN received, server token: 595b6a40-3c1a-4563-8e74-9a7fdc65bff1, passed token: 595b6a40-3c1a-4563-8e74-9a7fdc65bff1
03/21/25 14:11:52: DISPATCH_HANDLER: Adding handler from function makeHandler in library librdi_system_diagram failed with exception: Could not dynamically load librdi_system_diagram.dll
03/21/25 14:11:52: SESSION_MGR: creating session with session uuid: '0debe65d-43f5-453a-b605-0cba782bb8f1' and name 'vitis-run_compile_accelerator'
03/21/25 14:11:52: KERNEL_SVC: creating session with uuid: '0debe65d-43f5-453a-b605-0cba782bb8f1' and name 'vitis-run_compile_accelerator'
03/21/25 14:11:52: GUIDANCE_SMGR: creating guidance session with uuid: '0debe65d-43f5-453a-b605-0cba782bb8f1' and name 'vitis-run_compile_accelerator'
03/21/25 14:11:59: Dispatch Server: Accepted socket connection from client
03/21/25 14:11:59: Starting Socket connection
03/21/25 14:12:03: SESSION_MGR: closing session for UUID '0debe65d-43f5-453a-b605-0cba782bb8f1' with name 'vitis-run_compile_accelerator'
03/21/25 14:12:03: KERNEL_SVC: closing session for UUID '0debe65d-43f5-453a-b605-0cba782bb8f1' with name 'vitis-run_compile_accelerator'
03/21/25 14:12:03: GUIDANCE_SMGR: closing session for UUID '0debe65d-43f5-453a-b605-0cba782bb8f1' with name 'vitis-run_compile_accelerator'
03/21/25 14:12:03: STOP_SERVER received, server token: 595b6a40-3c1a-4563-8e74-9a7fdc65bff1, passed token: 595b6a40-3c1a-4563-8e74-9a7fdc65bff1
03/21/25 14:12:03: Socket received request to stop server.
03/21/25 14:12:03: Dispatch Server: do_await_stop
03/21/25 14:12:03: SERVER: destructor for server bound to port 63371
03/21/25 14:12:03: Server exiting with status 0.
03/21/25 14:12:03: Closing log file.
03/21/25 14:17:25: Running xcd server. This server was NOT built by gradle, but presumably rdi.
03/21/25 14:17:25: Server was asked to start on port: '63430'
03/21/25 14:17:25: Server is using token UUID: '1edc5887-611f-4e5c-a652-d6d49cbda188'
03/21/25 14:17:25: SESSION_MGR: creating session with session uuid: '6d04a3e9-ade5-4ab9-8d63-1f78fcd2ec76' and name 'default'
03/21/25 14:17:25: Attempting to start server on port '63430'
03/21/25 14:17:25: Running Dispatch Server
03/21/25 14:17:25: Version 2.2.0
03/21/25 14:17:27: Dispatch Server: Accepted socket connection from client
03/21/25 14:17:27: Starting Socket connection
03/21/25 14:17:27: EXCHANGE_TOKEN received, server token: 1edc5887-611f-4e5c-a652-d6d49cbda188, passed token: 1edc5887-611f-4e5c-a652-d6d49cbda188
03/21/25 14:17:27: DISPATCH_HANDLER: Adding handler from function makeHandler in library librdi_system_diagram failed with exception: Could not dynamically load librdi_system_diagram.dll
03/21/25 14:17:27: SESSION_MGR: creating session with session uuid: 'ec04f803-167c-41bd-be0d-fb4ce05dd7ee' and name 'vitis-run_compile_accelerator'
03/21/25 14:17:27: KERNEL_SVC: creating session with uuid: 'ec04f803-167c-41bd-be0d-fb4ce05dd7ee' and name 'vitis-run_compile_accelerator'
03/21/25 14:17:27: GUIDANCE_SMGR: creating guidance session with uuid: 'ec04f803-167c-41bd-be0d-fb4ce05dd7ee' and name 'vitis-run_compile_accelerator'
03/21/25 14:17:34: Dispatch Server: Accepted socket connection from client
03/21/25 14:17:34: Starting Socket connection
03/21/25 14:17:37: SESSION_MGR: closing session for UUID 'ec04f803-167c-41bd-be0d-fb4ce05dd7ee' with name 'vitis-run_compile_accelerator'
03/21/25 14:17:37: KERNEL_SVC: closing session for UUID 'ec04f803-167c-41bd-be0d-fb4ce05dd7ee' with name 'vitis-run_compile_accelerator'
03/21/25 14:17:37: GUIDANCE_SMGR: closing session for UUID 'ec04f803-167c-41bd-be0d-fb4ce05dd7ee' with name 'vitis-run_compile_accelerator'
03/21/25 14:17:37: STOP_SERVER received, server token: 1edc5887-611f-4e5c-a652-d6d49cbda188, passed token: 1edc5887-611f-4e5c-a652-d6d49cbda188
03/21/25 14:17:37: Socket received request to stop server.
03/21/25 14:17:37: Dispatch Server: do_await_stop
03/21/25 14:17:37: SERVER: destructor for server bound to port 63430
03/21/25 14:17:37: Server exiting with status 0.
03/21/25 14:17:37: Closing log file.
03/21/25 14:33:23: Running xcd server. This server was NOT built by gradle, but presumably rdi.
03/21/25 14:33:23: Server was asked to start on port: '61317'
03/21/25 14:33:23: Server is using token UUID: '3d0b8291-fc29-4cc7-9717-3bb171f14527'
03/21/25 14:33:23: SESSION_MGR: creating session with session uuid: '6d04a3e9-ade5-4ab9-8d63-1f78fcd2ec76' and name 'default'
03/21/25 14:33:23: Attempting to start server on port '61317'
03/21/25 14:33:23: Running Dispatch Server
03/21/25 14:33:23: Version 2.2.0
03/21/25 14:33:25: Dispatch Server: Accepted socket connection from client
03/21/25 14:33:25: Starting Socket connection
03/21/25 14:33:25: EXCHANGE_TOKEN received, server token: 3d0b8291-fc29-4cc7-9717-3bb171f14527, passed token: 3d0b8291-fc29-4cc7-9717-3bb171f14527
03/21/25 14:33:25: DISPATCH_HANDLER: Adding handler from function makeHandler in library librdi_system_diagram failed with exception: Could not dynamically load librdi_system_diagram.dll
03/21/25 14:33:25: SESSION_MGR: creating session with session uuid: '025a33ea-6018-4980-abcb-8c3f6c442293' and name 'vitis-run_compile_accelerator'
03/21/25 14:33:25: KERNEL_SVC: creating session with uuid: '025a33ea-6018-4980-abcb-8c3f6c442293' and name 'vitis-run_compile_accelerator'
03/21/25 14:33:25: GUIDANCE_SMGR: creating guidance session with uuid: '025a33ea-6018-4980-abcb-8c3f6c442293' and name 'vitis-run_compile_accelerator'
03/21/25 14:33:33: Dispatch Server: Accepted socket connection from client
03/21/25 14:33:33: Starting Socket connection
03/21/25 14:33:36: SESSION_MGR: closing session for UUID '025a33ea-6018-4980-abcb-8c3f6c442293' with name 'vitis-run_compile_accelerator'
03/21/25 14:33:36: KERNEL_SVC: closing session for UUID '025a33ea-6018-4980-abcb-8c3f6c442293' with name 'vitis-run_compile_accelerator'
03/21/25 14:33:36: GUIDANCE_SMGR: closing session for UUID '025a33ea-6018-4980-abcb-8c3f6c442293' with name 'vitis-run_compile_accelerator'
03/21/25 14:33:36: STOP_SERVER received, server token: 3d0b8291-fc29-4cc7-9717-3bb171f14527, passed token: 3d0b8291-fc29-4cc7-9717-3bb171f14527
03/21/25 14:33:36: Socket received request to stop server.
03/21/25 14:33:36: Dispatch Server: do_await_stop
03/21/25 14:33:36: SERVER: destructor for server bound to port 61317
03/21/25 14:33:36: Server exiting with status 0.
03/21/25 14:33:36: Closing log file.
03/21/25 14:35:18: Running xcd server. This server was NOT built by gradle, but presumably rdi.
03/21/25 14:35:18: Server was asked to start on port: '61330'
03/21/25 14:35:18: Server is using token UUID: 'e06330d9-acf0-4ee8-bfd1-9fcf1f0eb6fd'
03/21/25 14:35:18: SESSION_MGR: creating session with session uuid: '6d04a3e9-ade5-4ab9-8d63-1f78fcd2ec76' and name 'default'
03/21/25 14:35:18: Attempting to start server on port '61330'
03/21/25 14:35:18: Running Dispatch Server
03/21/25 14:35:18: Version 2.2.0
03/21/25 14:35:19: Dispatch Server: Accepted socket connection from client
03/21/25 14:35:19: Starting Socket connection
03/21/25 14:35:19: EXCHANGE_TOKEN received, server token: e06330d9-acf0-4ee8-bfd1-9fcf1f0eb6fd, passed token: e06330d9-acf0-4ee8-bfd1-9fcf1f0eb6fd
03/21/25 14:35:19: DISPATCH_HANDLER: Adding handler from function makeHandler in library librdi_system_diagram failed with exception: Could not dynamically load librdi_system_diagram.dll
03/21/25 14:35:19: SESSION_MGR: creating session with session uuid: 'cc595fa4-8977-41e5-b6e2-d7f0351d3bc8' and name 'vitis-run_compile_accelerator'
03/21/25 14:35:19: KERNEL_SVC: creating session with uuid: 'cc595fa4-8977-41e5-b6e2-d7f0351d3bc8' and name 'vitis-run_compile_accelerator'
03/21/25 14:35:19: GUIDANCE_SMGR: creating guidance session with uuid: 'cc595fa4-8977-41e5-b6e2-d7f0351d3bc8' and name 'vitis-run_compile_accelerator'
03/21/25 14:35:27: Dispatch Server: Accepted socket connection from client
03/21/25 14:35:27: Starting Socket connection
03/21/25 14:35:30: SESSION_MGR: closing session for UUID 'cc595fa4-8977-41e5-b6e2-d7f0351d3bc8' with name 'vitis-run_compile_accelerator'
03/21/25 14:35:30: KERNEL_SVC: closing session for UUID 'cc595fa4-8977-41e5-b6e2-d7f0351d3bc8' with name 'vitis-run_compile_accelerator'
03/21/25 14:35:30: GUIDANCE_SMGR: closing session for UUID 'cc595fa4-8977-41e5-b6e2-d7f0351d3bc8' with name 'vitis-run_compile_accelerator'
03/21/25 14:35:30: STOP_SERVER received, server token: e06330d9-acf0-4ee8-bfd1-9fcf1f0eb6fd, passed token: e06330d9-acf0-4ee8-bfd1-9fcf1f0eb6fd
03/21/25 14:35:30: Socket received request to stop server.
03/21/25 14:35:30: Dispatch Server: do_await_stop
03/21/25 14:35:30: SERVER: destructor for server bound to port 61330
03/21/25 14:35:30: Server exiting with status 0.
03/21/25 14:35:30: Closing log file.
03/21/25 14:35:54: Running xcd server. This server was NOT built by gradle, but presumably rdi.
03/21/25 14:35:54: Server was asked to start on port: '61336'
03/21/25 14:35:54: Server is using token UUID: 'e11f0bb2-3c4b-428a-a0c0-435d8c56583b'
03/21/25 14:35:54: SESSION_MGR: creating session with session uuid: '6d04a3e9-ade5-4ab9-8d63-1f78fcd2ec76' and name 'default'
03/21/25 14:35:54: Attempting to start server on port '61336'
03/21/25 14:35:54: Running Dispatch Server
03/21/25 14:35:54: Version 2.2.0
03/21/25 14:35:56: Dispatch Server: Accepted socket connection from client
03/21/25 14:35:56: Starting Socket connection
03/21/25 14:35:56: EXCHANGE_TOKEN received, server token: e11f0bb2-3c4b-428a-a0c0-435d8c56583b, passed token: e11f0bb2-3c4b-428a-a0c0-435d8c56583b
03/21/25 14:35:56: DISPATCH_HANDLER: Adding handler from function makeHandler in library librdi_system_diagram failed with exception: Could not dynamically load librdi_system_diagram.dll
03/21/25 14:35:56: SESSION_MGR: creating session with session uuid: 'e01cf0a9-304d-44fc-844a-540416c93a18' and name 'vitis-run_compile_accelerator'
03/21/25 14:35:56: KERNEL_SVC: creating session with uuid: 'e01cf0a9-304d-44fc-844a-540416c93a18' and name 'vitis-run_compile_accelerator'
03/21/25 14:35:56: GUIDANCE_SMGR: creating guidance session with uuid: 'e01cf0a9-304d-44fc-844a-540416c93a18' and name 'vitis-run_compile_accelerator'
03/21/25 14:36:03: Dispatch Server: Accepted socket connection from client
03/21/25 14:36:03: Starting Socket connection
03/21/25 14:36:06: SESSION_MGR: closing session for UUID 'e01cf0a9-304d-44fc-844a-540416c93a18' with name 'vitis-run_compile_accelerator'
03/21/25 14:36:06: KERNEL_SVC: closing session for UUID 'e01cf0a9-304d-44fc-844a-540416c93a18' with name 'vitis-run_compile_accelerator'
03/21/25 14:36:06: GUIDANCE_SMGR: closing session for UUID 'e01cf0a9-304d-44fc-844a-540416c93a18' with name 'vitis-run_compile_accelerator'
03/21/25 14:36:06: STOP_SERVER received, server token: e11f0bb2-3c4b-428a-a0c0-435d8c56583b, passed token: e11f0bb2-3c4b-428a-a0c0-435d8c56583b
03/21/25 14:36:06: Socket received request to stop server.
03/21/25 14:36:06: Dispatch Server: do_await_stop
03/21/25 14:36:06: SERVER: destructor for server bound to port 61336
03/21/25 14:36:06: Server exiting with status 0.
03/21/25 14:36:06: Closing log file.
03/21/25 14:40:38: Running xcd server. This server was NOT built by gradle, but presumably rdi.
03/21/25 14:40:38: Server was asked to start on port: '61358'
03/21/25 14:40:38: Server is using token UUID: 'b07f8da7-7b9d-4f2f-bb26-9eb5b0caa2c9'
03/21/25 14:40:38: SESSION_MGR: creating session with session uuid: '6d04a3e9-ade5-4ab9-8d63-1f78fcd2ec76' and name 'default'
03/21/25 14:40:38: Attempting to start server on port '61358'
03/21/25 14:40:38: Running Dispatch Server
03/21/25 14:40:38: Version 2.2.0
03/21/25 14:40:40: Dispatch Server: Accepted socket connection from client
03/21/25 14:40:40: Starting Socket connection
03/21/25 14:40:40: EXCHANGE_TOKEN received, server token: b07f8da7-7b9d-4f2f-bb26-9eb5b0caa2c9, passed token: b07f8da7-7b9d-4f2f-bb26-9eb5b0caa2c9
03/21/25 14:40:40: DISPATCH_HANDLER: Adding handler from function makeHandler in library librdi_system_diagram failed with exception: Could not dynamically load librdi_system_diagram.dll
03/21/25 14:40:40: SESSION_MGR: creating session with session uuid: 'a31567d8-e28b-40d5-9bcc-913e4b01aabf' and name 'vitis-run_compile_accelerator'
03/21/25 14:40:40: KERNEL_SVC: creating session with uuid: 'a31567d8-e28b-40d5-9bcc-913e4b01aabf' and name 'vitis-run_compile_accelerator'
03/21/25 14:40:40: GUIDANCE_SMGR: creating guidance session with uuid: 'a31567d8-e28b-40d5-9bcc-913e4b01aabf' and name 'vitis-run_compile_accelerator'
03/21/25 14:40:47: Dispatch Server: Accepted socket connection from client
03/21/25 14:40:47: Starting Socket connection
03/21/25 14:40:50: SESSION_MGR: closing session for UUID 'a31567d8-e28b-40d5-9bcc-913e4b01aabf' with name 'vitis-run_compile_accelerator'
03/21/25 14:40:50: KERNEL_SVC: closing session for UUID 'a31567d8-e28b-40d5-9bcc-913e4b01aabf' with name 'vitis-run_compile_accelerator'
03/21/25 14:40:50: GUIDANCE_SMGR: closing session for UUID 'a31567d8-e28b-40d5-9bcc-913e4b01aabf' with name 'vitis-run_compile_accelerator'
03/21/25 14:40:50: STOP_SERVER received, server token: b07f8da7-7b9d-4f2f-bb26-9eb5b0caa2c9, passed token: b07f8da7-7b9d-4f2f-bb26-9eb5b0caa2c9
03/21/25 14:40:50: Socket received request to stop server.
03/21/25 14:40:50: Dispatch Server: do_await_stop
03/21/25 14:40:50: SERVER: destructor for server bound to port 61358
03/21/25 14:40:50: Server exiting with status 0.
03/21/25 14:40:50: Closing log file.
03/21/25 14:41:57: Running xcd server. This server was NOT built by gradle, but presumably rdi.
03/21/25 14:41:57: Server was asked to start on port: '61371'
03/21/25 14:41:57: Server is using token UUID: 'fe6e7624-24c9-4521-847c-5f6a31344e19'
03/21/25 14:41:57: SESSION_MGR: creating session with session uuid: '6d04a3e9-ade5-4ab9-8d63-1f78fcd2ec76' and name 'default'
03/21/25 14:41:57: Attempting to start server on port '61371'
03/21/25 14:41:57: Running Dispatch Server
03/21/25 14:41:57: Version 2.2.0
03/21/25 14:41:59: Dispatch Server: Accepted socket connection from client
03/21/25 14:41:59: Starting Socket connection
03/21/25 14:41:59: EXCHANGE_TOKEN received, server token: fe6e7624-24c9-4521-847c-5f6a31344e19, passed token: fe6e7624-24c9-4521-847c-5f6a31344e19
03/21/25 14:41:59: DISPATCH_HANDLER: Adding handler from function makeHandler in library librdi_system_diagram failed with exception: Could not dynamically load librdi_system_diagram.dll
03/21/25 14:41:59: SESSION_MGR: creating session with session uuid: '38f54388-330e-45a2-a3ea-e58730d6e9a7' and name 'vitis-run_compile_accelerator'
03/21/25 14:41:59: KERNEL_SVC: creating session with uuid: '38f54388-330e-45a2-a3ea-e58730d6e9a7' and name 'vitis-run_compile_accelerator'
03/21/25 14:41:59: GUIDANCE_SMGR: creating guidance session with uuid: '38f54388-330e-45a2-a3ea-e58730d6e9a7' and name 'vitis-run_compile_accelerator'
03/21/25 14:42:06: Dispatch Server: Accepted socket connection from client
03/21/25 14:42:06: Starting Socket connection
03/21/25 14:42:18: SESSION_MGR: closing session for UUID '38f54388-330e-45a2-a3ea-e58730d6e9a7' with name 'vitis-run_compile_accelerator'
03/21/25 14:42:18: KERNEL_SVC: closing session for UUID '38f54388-330e-45a2-a3ea-e58730d6e9a7' with name 'vitis-run_compile_accelerator'
03/21/25 14:42:18: GUIDANCE_SMGR: closing session for UUID '38f54388-330e-45a2-a3ea-e58730d6e9a7' with name 'vitis-run_compile_accelerator'
03/21/25 14:42:18: STOP_SERVER received, server token: fe6e7624-24c9-4521-847c-5f6a31344e19, passed token: fe6e7624-24c9-4521-847c-5f6a31344e19
03/21/25 14:42:18: Socket received request to stop server.
03/21/25 14:42:18: Dispatch Server: do_await_stop
03/21/25 14:42:18: SERVER: destructor for server bound to port 61371
03/21/25 14:42:18: Server exiting with status 0.
03/21/25 14:42:18: Closing log file.
03/21/25 14:43:28: Running xcd server. This server was NOT built by gradle, but presumably rdi.
03/21/25 14:43:28: Server was asked to start on port: '61384'
03/21/25 14:43:28: Server is using token UUID: '342f1e52-2ff4-453e-89a9-a2be13876d9f'
03/21/25 14:43:28: SESSION_MGR: creating session with session uuid: '6d04a3e9-ade5-4ab9-8d63-1f78fcd2ec76' and name 'default'
03/21/25 14:43:28: Attempting to start server on port '61384'
03/21/25 14:43:28: Running Dispatch Server
03/21/25 14:43:28: Version 2.2.0
03/21/25 14:43:30: Dispatch Server: Accepted socket connection from client
03/21/25 14:43:30: Starting Socket connection
03/21/25 14:43:30: EXCHANGE_TOKEN received, server token: 342f1e52-2ff4-453e-89a9-a2be13876d9f, passed token: 342f1e52-2ff4-453e-89a9-a2be13876d9f
03/21/25 14:43:30: DISPATCH_HANDLER: Adding handler from function makeHandler in library librdi_system_diagram failed with exception: Could not dynamically load librdi_system_diagram.dll
03/21/25 14:43:30: SESSION_MGR: creating session with session uuid: 'f11e1df9-5ef3-449f-a9fc-a5ad198d392b' and name 'vitis-run_compile_accelerator'
03/21/25 14:43:30: KERNEL_SVC: creating session with uuid: 'f11e1df9-5ef3-449f-a9fc-a5ad198d392b' and name 'vitis-run_compile_accelerator'
03/21/25 14:43:30: GUIDANCE_SMGR: creating guidance session with uuid: 'f11e1df9-5ef3-449f-a9fc-a5ad198d392b' and name 'vitis-run_compile_accelerator'
03/21/25 14:43:38: Dispatch Server: Accepted socket connection from client
03/21/25 14:43:38: Starting Socket connection
03/21/25 14:43:43: SESSION_MGR: closing session for UUID 'f11e1df9-5ef3-449f-a9fc-a5ad198d392b' with name 'vitis-run_compile_accelerator'
03/21/25 14:43:43: KERNEL_SVC: closing session for UUID 'f11e1df9-5ef3-449f-a9fc-a5ad198d392b' with name 'vitis-run_compile_accelerator'
03/21/25 14:43:43: GUIDANCE_SMGR: closing session for UUID 'f11e1df9-5ef3-449f-a9fc-a5ad198d392b' with name 'vitis-run_compile_accelerator'
03/21/25 14:43:43: STOP_SERVER received, server token: 342f1e52-2ff4-453e-89a9-a2be13876d9f, passed token: 342f1e52-2ff4-453e-89a9-a2be13876d9f
03/21/25 14:43:43: Socket received request to stop server.
03/21/25 14:43:43: Dispatch Server: do_await_stop
03/21/25 14:43:43: SERVER: destructor for server bound to port 61384
03/21/25 14:43:43: Server exiting with status 0.
03/21/25 14:43:43: Closing log file.
