

================================================================
== Vitis HLS Report for 'backProp_8_4_10_Pipeline_VITIS_LOOP_31_1'
================================================================
* Date:           Sat Apr 12 12:18:40 2025

* Version:        2024.1 (Build 5069499 on May 21 2024)
* Project:        top
* Solution:       hls (Vivado IP Flow Target)
* Product family: zynquplus
* Target device:  xczu3eg-sfvc784-1-e


================================================================
== Performance Estimates
================================================================
+ Timing: 
    * Summary: 
    +--------+----------+----------+------------+
    |  Clock |  Target  | Estimated| Uncertainty|
    +--------+----------+----------+------------+
    |ap_clk  |  10.00 ns|  2.645 ns|     2.00 ns|
    +--------+----------+----------+------------+

+ Latency: 
    * Summary: 
    +---------+---------+-----------+-----------+-----+-----+-----------------------------------------------+
    |  Latency (cycles) |   Latency (absolute)  |  Interval |                    Pipeline                   |
    |   min   |   max   |    min    |    max    | min | max |                      Type                     |
    +---------+---------+-----------+-----------+-----+-----+-----------------------------------------------+
    |        6|        6|  60.000 ns|  60.000 ns|    5|    5|  loop auto-rewind stp(delay=0 clock cycles(s))|
    +---------+---------+-----------+-----------+-----+-----+-----------------------------------------------+

    + Detail: 
        * Instance: 
        N/A

        * Loop: 
        +-------------------+---------+---------+----------+-----------+-----------+------+----------+
        |                   |  Latency (cycles) | Iteration|  Initiation Interval  | Trip |          |
        |     Loop Name     |   min   |   max   |  Latency |  achieved |   target  | Count| Pipelined|
        +-------------------+---------+---------+----------+-----------+-----------+------+----------+
        |- VITIS_LOOP_31_1  |        4|        4|         1|          1|          1|     4|       yes|
        +-------------------+---------+---------+----------+-----------+-----------+------+----------+

============================================================
+ Verbose Summary: Synthesis Manager
============================================================
InlineROM: 1
ExposeGlobal: 0
============================================================
+ Verbose Summary: CDFG Model
============================================================
IsTopModel: 0
ResetActiveHigh: 1
IsCombinational: 0
IsDatapathOnly: 0
HasWiredReturn: 1
HasMFsm: 2
HasVarLatency: 1
IsPipeline: 0
IsRtlPipelined: 0
IsInstanceOverlapped: 0
IsDontTouch: 0
HasImplIP: 0
IsGatedGlobalClock: 0

+ Individual pipeline summary: 
  * Pipeline-0: initiation interval (II) = 1, depth = 1


============================================================
+ Verbose Summary: Schedule
============================================================
* Number of FSM states : 1
* Pipeline : 1
  Pipeline-0 : II = 1, D = 1, States = { 1 }
* Dataflow Pipeline: 0

* FSM state transitions: 
1 --> 

* FSM state operations: 

State 1 <SV = 0> <Delay = 2.64>
ST_1 : Operation 4 [1/1] (0.00ns)   --->   "%i_26 = alloca i32 1" [../activations.h:31->../layer.h:199]   --->   Operation 4 'alloca' 'i_26' <Predicate = true> <Delay = 0.00>
ST_1 : Operation 5 [1/1] (0.00ns)   --->   "%net_3_load_reload_read = read i25 @_ssdm_op_Read.ap_auto.i25, i25 %net_3_load_reload"   --->   Operation 5 'read' 'net_3_load_reload_read' <Predicate = true> <Delay = 0.00>
ST_1 : Operation 6 [1/1] (0.00ns)   --->   "%net_2_load_reload_read = read i25 @_ssdm_op_Read.ap_auto.i25, i25 %net_2_load_reload"   --->   Operation 6 'read' 'net_2_load_reload_read' <Predicate = true> <Delay = 0.00>
ST_1 : Operation 7 [1/1] (0.00ns)   --->   "%net_1_load_reload_read = read i25 @_ssdm_op_Read.ap_auto.i25, i25 %net_1_load_reload"   --->   Operation 7 'read' 'net_1_load_reload_read' <Predicate = true> <Delay = 0.00>
ST_1 : Operation 8 [1/1] (0.00ns)   --->   "%net_load_reload_read = read i25 @_ssdm_op_Read.ap_auto.i25, i25 %net_load_reload"   --->   Operation 8 'read' 'net_load_reload_read' <Predicate = true> <Delay = 0.00>
ST_1 : Operation 9 [1/1] (0.00ns)   --->   "%output_8 = alloca i64 1" [../activations.h:30->../layer.h:199]   --->   Operation 9 'alloca' 'output_8' <Predicate = true> <Delay = 0.00>
ST_1 : Operation 10 [1/1] (0.00ns)   --->   "%output_7 = alloca i64 1" [../activations.h:30->../layer.h:199]   --->   Operation 10 'alloca' 'output_7' <Predicate = true> <Delay = 0.00>
ST_1 : Operation 11 [1/1] (0.00ns)   --->   "%output_6 = alloca i64 1" [../activations.h:30->../layer.h:199]   --->   Operation 11 'alloca' 'output_6' <Predicate = true> <Delay = 0.00>
ST_1 : Operation 12 [1/1] (0.00ns)   --->   "%output_5 = alloca i64 1" [../activations.h:30->../layer.h:199]   --->   Operation 12 'alloca' 'output_5' <Predicate = true> <Delay = 0.00>
ST_1 : Operation 13 [1/1] (0.48ns)   --->   "%store_ln31 = store i3 0, i3 %i_26" [../activations.h:31->../layer.h:199]   --->   Operation 13 'store' 'store_ln31' <Predicate = true> <Delay = 0.48>
ST_1 : Operation 14 [1/1] (0.00ns)   --->   "%br_ln31 = br void %for.body.i" [../activations.h:31->../layer.h:199]   --->   Operation 14 'br' 'br_ln31' <Predicate = true> <Delay = 0.00>
ST_1 : Operation 15 [1/1] (0.00ns)   --->   "%i = load i3 %i_26" [../activations.h:31->../layer.h:199]   --->   Operation 15 'load' 'i' <Predicate = true> <Delay = 0.00>
ST_1 : Operation 16 [1/1] (0.74ns)   --->   "%icmp_ln31 = icmp_eq  i3 %i, i3 4" [../activations.h:31->../layer.h:199]   --->   Operation 16 'icmp' 'icmp_ln31' <Predicate = true> <Delay = 0.74> <CoreInst = "Cmp">   --->   Core 9 'Cmp' <Latency = 0> <II = 1> <Delay = 0.74> <FuncUnit> <Opcode : 'seteq' 'setne' 'setle' 'setge' 'setlt' 'setgt'> <InPorts = 2> <OutPorts = 1>
ST_1 : Operation 17 [1/1] (0.74ns)   --->   "%i_28 = add i3 %i, i3 1" [../activations.h:31->../layer.h:199]   --->   Operation 17 'add' 'i_28' <Predicate = true> <Delay = 0.74> <CoreInst = "Adder">   --->   Core 1 'Adder' <Latency = 0> <II = 1> <Delay = 0.74> <FuncUnit> <Opcode : 'add' 'sub'> <InPorts = 2> <OutPorts = 1>
ST_1 : Operation 18 [1/1] (0.00ns)   --->   "%br_ln31 = br i1 %icmp_ln31, void %for.body.i.split, void %_Z15derivative_reluILi4EESt5arrayIS0_I8ap_fixedILi25ELi8EL9ap_q_mode5EL9ap_o_mode3ELi0EELm1EEXT_EERS6_.exit" [../activations.h:31->../layer.h:199]   --->   Operation 18 'br' 'br_ln31' <Predicate = true> <Delay = 0.00>
ST_1 : Operation 19 [1/1] (0.00ns)   --->   "%trunc_ln31 = trunc i3 %i" [../activations.h:31->../layer.h:199]   --->   Operation 19 'trunc' 'trunc_ln31' <Predicate = (!icmp_ln31)> <Delay = 0.00>
ST_1 : Operation 20 [1/1] (0.00ns)   --->   "%specpipeline_ln31 = specpipeline void @_ssdm_op_SpecPipeline, i32 4294967295, i32 0, i32 0, i32 0, void @empty_75" [../activations.h:31->../layer.h:199]   --->   Operation 20 'specpipeline' 'specpipeline_ln31' <Predicate = (!icmp_ln31)> <Delay = 0.00>
ST_1 : Operation 21 [1/1] (0.00ns)   --->   "%speclooptripcount_ln31 = speclooptripcount void @_ssdm_op_SpecLoopTripCount, i64 4, i64 4, i64 4" [../activations.h:31->../layer.h:199]   --->   Operation 21 'speclooptripcount' 'speclooptripcount_ln31' <Predicate = (!icmp_ln31)> <Delay = 0.00>
ST_1 : Operation 22 [1/1] (0.00ns)   --->   "%specloopname_ln31 = specloopname void @_ssdm_op_SpecLoopName, void @empty_91" [../activations.h:31->../layer.h:199]   --->   Operation 22 'specloopname' 'specloopname_ln31' <Predicate = (!icmp_ln31)> <Delay = 0.00>
ST_1 : Operation 23 [1/1] (0.60ns)   --->   "%tmp_2 = sparsemux i25 @_ssdm_op_SparseMux.ap_auto.4i25.i25.i2, i2 0, i25 %net_load_reload_read, i2 1, i25 %net_1_load_reload_read, i2 2, i25 %net_2_load_reload_read, i2 3, i25 %net_3_load_reload_read, i25 0, i2 %trunc_ln31" [../activations.h:33->../layer.h:199]   --->   Operation 23 'sparsemux' 'tmp_2' <Predicate = (!icmp_ln31)> <Delay = 0.60> <CoreInst = "SparseMux">   --->   Core 144 'SparseMux' <Latency = 0> <II = 1> <Delay = 0.60> <FuncUnit> <Opcode : 'sparsemux'> <InPorts = 2> <OutPorts = 1>
ST_1 : Operation 24 [1/1] (1.12ns)   --->   "%icmp_ln33 = icmp_sgt  i25 %tmp_2, i25 0" [../activations.h:33->../layer.h:199]   --->   Operation 24 'icmp' 'icmp_ln33' <Predicate = (!icmp_ln31)> <Delay = 1.12> <CoreInst = "Cmp">   --->   Core 9 'Cmp' <Latency = 0> <II = 1> <Delay = 1.12> <FuncUnit> <Opcode : 'seteq' 'setne' 'setle' 'setge' 'setlt' 'setgt'> <InPorts = 2> <OutPorts = 1>
ST_1 : Operation 25 [1/1] (0.42ns)   --->   "%d_activation = select i1 %icmp_ln33, i18 131072, i18 0" [../activations.h:33->../layer.h:199]   --->   Operation 25 'select' 'd_activation' <Predicate = (!icmp_ln31)> <Delay = 0.42> <CoreInst = "Sel">   --->   Core 73 'Sel' <Latency = 0> <II = 1> <Delay = 0.42> <FuncUnit> <Opcode : 'select'> <InPorts = 3> <OutPorts = 1>
ST_1 : Operation 26 [1/1] (1.03ns)   --->   "%switch_ln33 = switch i2 %trunc_ln31, void %call5.0.0.0.i56101.case.3, i2 0, void %call5.0.0.0.i56101.case.0, i2 1, void %call5.0.0.0.i56101.case.1, i2 2, void %call5.0.0.0.i56101.case.2" [../activations.h:33->../layer.h:199]   --->   Operation 26 'switch' 'switch_ln33' <Predicate = (!icmp_ln31)> <Delay = 1.03>
ST_1 : Operation 27 [1/1] (0.00ns)   --->   "%store_ln33 = store i18 %d_activation, i18 %output_7" [../activations.h:33->../layer.h:199]   --->   Operation 27 'store' 'store_ln33' <Predicate = (!icmp_ln31 & trunc_ln31 == 2)> <Delay = 0.00>
ST_1 : Operation 28 [1/1] (0.00ns)   --->   "%br_ln33 = br void %call5.0.0.0.i56101.exit" [../activations.h:33->../layer.h:199]   --->   Operation 28 'br' 'br_ln33' <Predicate = (!icmp_ln31 & trunc_ln31 == 2)> <Delay = 0.00>
ST_1 : Operation 29 [1/1] (0.00ns)   --->   "%store_ln33 = store i18 %d_activation, i18 %output_6" [../activations.h:33->../layer.h:199]   --->   Operation 29 'store' 'store_ln33' <Predicate = (!icmp_ln31 & trunc_ln31 == 1)> <Delay = 0.00>
ST_1 : Operation 30 [1/1] (0.00ns)   --->   "%br_ln33 = br void %call5.0.0.0.i56101.exit" [../activations.h:33->../layer.h:199]   --->   Operation 30 'br' 'br_ln33' <Predicate = (!icmp_ln31 & trunc_ln31 == 1)> <Delay = 0.00>
ST_1 : Operation 31 [1/1] (0.00ns)   --->   "%store_ln33 = store i18 %d_activation, i18 %output_5" [../activations.h:33->../layer.h:199]   --->   Operation 31 'store' 'store_ln33' <Predicate = (!icmp_ln31 & trunc_ln31 == 0)> <Delay = 0.00>
ST_1 : Operation 32 [1/1] (0.00ns)   --->   "%br_ln33 = br void %call5.0.0.0.i56101.exit" [../activations.h:33->../layer.h:199]   --->   Operation 32 'br' 'br_ln33' <Predicate = (!icmp_ln31 & trunc_ln31 == 0)> <Delay = 0.00>
ST_1 : Operation 33 [1/1] (0.00ns)   --->   "%store_ln33 = store i18 %d_activation, i18 %output_8" [../activations.h:33->../layer.h:199]   --->   Operation 33 'store' 'store_ln33' <Predicate = (!icmp_ln31 & trunc_ln31 == 3)> <Delay = 0.00>
ST_1 : Operation 34 [1/1] (0.00ns)   --->   "%br_ln33 = br void %call5.0.0.0.i56101.exit" [../activations.h:33->../layer.h:199]   --->   Operation 34 'br' 'br_ln33' <Predicate = (!icmp_ln31 & trunc_ln31 == 3)> <Delay = 0.00>
ST_1 : Operation 35 [1/1] (0.48ns)   --->   "%store_ln31 = store i3 %i_28, i3 %i_26" [../activations.h:31->../layer.h:199]   --->   Operation 35 'store' 'store_ln31' <Predicate = (!icmp_ln31)> <Delay = 0.48>
ST_1 : Operation 36 [1/1] (0.00ns)   --->   "%br_ln31 = br void %for.body.i" [../activations.h:31->../layer.h:199]   --->   Operation 36 'br' 'br_ln31' <Predicate = (!icmp_ln31)> <Delay = 0.00>
ST_1 : Operation 37 [1/1] (0.00ns)   --->   "%d_activation_load = load i18 %output_5"   --->   Operation 37 'load' 'd_activation_load' <Predicate = (icmp_ln31)> <Delay = 0.00>
ST_1 : Operation 38 [1/1] (0.00ns)   --->   "%d_activation_8_load = load i18 %output_6"   --->   Operation 38 'load' 'd_activation_8_load' <Predicate = (icmp_ln31)> <Delay = 0.00>
ST_1 : Operation 39 [1/1] (0.00ns)   --->   "%d_activation_9_load = load i18 %output_7"   --->   Operation 39 'load' 'd_activation_9_load' <Predicate = (icmp_ln31)> <Delay = 0.00>
ST_1 : Operation 40 [1/1] (0.00ns)   --->   "%d_activation_10_load = load i18 %output_8"   --->   Operation 40 'load' 'd_activation_10_load' <Predicate = (icmp_ln31)> <Delay = 0.00>
ST_1 : Operation 41 [1/1] (0.00ns)   --->   "%write_ln0 = write void @_ssdm_op_Write.ap_auto.i18P0A, i18 %output_load_out, i18 %d_activation_load"   --->   Operation 41 'write' 'write_ln0' <Predicate = (icmp_ln31)> <Delay = 0.00>
ST_1 : Operation 42 [1/1] (0.00ns)   --->   "%write_ln0 = write void @_ssdm_op_Write.ap_auto.i18P0A, i18 %output_10_load_out, i18 %d_activation_8_load"   --->   Operation 42 'write' 'write_ln0' <Predicate = (icmp_ln31)> <Delay = 0.00>
ST_1 : Operation 43 [1/1] (0.00ns)   --->   "%write_ln0 = write void @_ssdm_op_Write.ap_auto.i18P0A, i18 %output_13_load_1_out, i18 %d_activation_9_load"   --->   Operation 43 'write' 'write_ln0' <Predicate = (icmp_ln31)> <Delay = 0.00>
ST_1 : Operation 44 [1/1] (0.00ns)   --->   "%write_ln0 = write void @_ssdm_op_Write.ap_auto.i18P0A, i18 %output_16_load_out, i18 %d_activation_10_load"   --->   Operation 44 'write' 'write_ln0' <Predicate = (icmp_ln31)> <Delay = 0.00>
ST_1 : Operation 45 [1/1] (0.48ns)   --->   "%ret_ln0 = ret"   --->   Operation 45 'ret' 'ret_ln0' <Predicate = (icmp_ln31)> <Delay = 0.48>


============================================================
+ Verbose Summary: Timing violations
============================================================
Target clock period: 10.000ns, clock uncertainty: 2.000ns.

 <State 1>: 2.645ns
The critical path consists of the following:
	'store' operation 0 bit ('store_ln31', ../activations.h:31->../layer.h:199) of constant 0 on local variable 'i', ../activations.h:31->../layer.h:199 [18]  (0.489 ns)
	'load' operation 3 bit ('i', ../activations.h:31->../layer.h:199) on local variable 'i', ../activations.h:31->../layer.h:199 [21]  (0.000 ns)
	'sparsemux' operation 25 bit ('tmp_2', ../activations.h:33->../layer.h:199) [30]  (0.605 ns)
	'icmp' operation 1 bit ('icmp_ln33', ../activations.h:33->../layer.h:199) [31]  (1.121 ns)
	'select' operation 18 bit ('d_activation', ../activations.h:33->../layer.h:199) [32]  (0.429 ns)
	'store' operation 0 bit ('store_ln33', ../activations.h:33->../layer.h:199) of variable 'd_activation', ../activations.h:33->../layer.h:199 on local variable 'output', ../activations.h:30->../layer.h:199 [38]  (0.000 ns)


============================================================
+ Verbose Summary: Binding
============================================================
N/A
* FSMD analyzer results:
  - Output states:
 - Input state : 
  - Chain level:
	State 1


============================================================
+ Verbose Summary: Datapath Resource usage 
============================================================
N/A
