

================================================================
== Vitis HLS Report for 'forwardPropagation_4_10_Pipeline_VITIS_LOOP_71_1_VITIS_LOOP_74_3'
================================================================
* Date:           Sat Apr 12 12:18:33 2025

* Version:        2024.1 (Build 5069499 on May 21 2024)
* Project:        top
* Solution:       hls (Vivado IP Flow Target)
* Product family: zynquplus
* Target device:  xczu3eg-sfvc784-1-e


================================================================
== Performance Estimates
================================================================
+ Timing: 
    * Summary: 
    +--------+----------+----------+------------+
    |  Clock |  Target  | Estimated| Uncertainty|
    +--------+----------+----------+------------+
    |ap_clk  |  10.00 ns|  7.065 ns|     2.00 ns|
    +--------+----------+----------+------------+

+ Latency: 
    * Summary: 
    +---------+---------+----------+----------+-----+-----+-----------------------------------------------+
    |  Latency (cycles) |  Latency (absolute) |  Interval |                    Pipeline                   |
    |   min   |   max   |    min   |    max   | min | max |                      Type                     |
    +---------+---------+----------+----------+-----+-----+-----------------------------------------------+
    |       82|       82|  0.820 us|  0.820 us|   81|   81|  loop auto-rewind stp(delay=0 clock cycles(s))|
    +---------+---------+----------+----------+-----+-----+-----------------------------------------------+

    + Detail: 
        * Instance: 
        N/A

        * Loop: 
        +-----------------------------------+---------+---------+----------+-----------+-----------+------+----------+
        |                                   |  Latency (cycles) | Iteration|  Initiation Interval  | Trip |          |
        |             Loop Name             |   min   |   max   |  Latency |  achieved |   target  | Count| Pipelined|
        +-----------------------------------+---------+---------+----------+-----------+-----------+------+----------+
        |- VITIS_LOOP_71_1_VITIS_LOOP_74_3  |       80|       80|         2|          2|        100|    40|       yes|
        +-----------------------------------+---------+---------+----------+-----------+-----------+------+----------+

============================================================
+ Verbose Summary: Synthesis Manager
============================================================
InlineROM: 1
ExposeGlobal: 0
============================================================
+ Verbose Summary: CDFG Model
============================================================
IsTopModel: 0
ResetActiveHigh: 1
IsCombinational: 0
IsDatapathOnly: 0
HasWiredReturn: 1
HasMFsm: 2
HasVarLatency: 1
IsPipeline: 0
IsRtlPipelined: 0
IsInstanceOverlapped: 0
IsDontTouch: 0
HasImplIP: 0
IsGatedGlobalClock: 0

+ Individual pipeline summary: 
  * Pipeline-0: initiation interval (II) = 2, depth = 2


============================================================
+ Verbose Summary: Schedule
============================================================
* Number of FSM states : 2
* Pipeline : 1
  Pipeline-0 : II = 2, D = 2, States = { 1 2 }
* Dataflow Pipeline: 0

* FSM state transitions: 
1 --> 2 
2 --> 

* FSM state operations: 

State 1 <SV = 0> <Delay = 2.59>
ST_1 : Operation 5 [1/1] (0.00ns)   --->   "%temp = alloca i32 1" [../layer.h:67->../layer.h:141]   --->   Operation 5 'alloca' 'temp' <Predicate = true> <Delay = 0.00>
ST_1 : Operation 6 [1/1] (0.00ns)   --->   "%k = alloca i32 1" [../layer.h:74->../layer.h:141]   --->   Operation 6 'alloca' 'k' <Predicate = true> <Delay = 0.00>
ST_1 : Operation 7 [1/1] (0.00ns)   --->   "%i = alloca i32 1" [../layer.h:71->../layer.h:141]   --->   Operation 7 'alloca' 'i' <Predicate = true> <Delay = 0.00>
ST_1 : Operation 8 [1/1] (0.00ns)   --->   "%indvar_flatten = alloca i32 1"   --->   Operation 8 'alloca' 'indvar_flatten' <Predicate = true> <Delay = 0.00>
ST_1 : Operation 9 [1/1] (0.00ns)   --->   "%p_read37 = read i25 @_ssdm_op_Read.ap_auto.i25, i25 %p_read3"   --->   Operation 9 'read' 'p_read37' <Predicate = true> <Delay = 0.00>
ST_1 : Operation 10 [1/1] (0.00ns)   --->   "%p_read26 = read i25 @_ssdm_op_Read.ap_auto.i25, i25 %p_read2"   --->   Operation 10 'read' 'p_read26' <Predicate = true> <Delay = 0.00>
ST_1 : Operation 11 [1/1] (0.00ns)   --->   "%p_read15 = read i25 @_ssdm_op_Read.ap_auto.i25, i25 %p_read1"   --->   Operation 11 'read' 'p_read15' <Predicate = true> <Delay = 0.00>
ST_1 : Operation 12 [1/1] (0.00ns)   --->   "%p_read_142 = read i25 @_ssdm_op_Read.ap_auto.i25, i25 %p_read"   --->   Operation 12 'read' 'p_read_142' <Predicate = true> <Delay = 0.00>
ST_1 : Operation 13 [1/1] (0.48ns)   --->   "%store_ln0 = store i6 0, i6 %indvar_flatten"   --->   Operation 13 'store' 'store_ln0' <Predicate = true> <Delay = 0.48>
ST_1 : Operation 14 [1/1] (0.48ns)   --->   "%store_ln71 = store i4 0, i4 %i" [../layer.h:71->../layer.h:141]   --->   Operation 14 'store' 'store_ln71' <Predicate = true> <Delay = 0.48>
ST_1 : Operation 15 [1/1] (0.48ns)   --->   "%store_ln74 = store i3 0, i3 %k" [../layer.h:74->../layer.h:141]   --->   Operation 15 'store' 'store_ln74' <Predicate = true> <Delay = 0.48>
ST_1 : Operation 16 [1/1] (0.48ns)   --->   "%store_ln67 = store i25 0, i25 %temp" [../layer.h:67->../layer.h:141]   --->   Operation 16 'store' 'store_ln67' <Predicate = true> <Delay = 0.48>
ST_1 : Operation 17 [1/1] (0.00ns)   --->   "%br_ln0 = br void %for.body8.i"   --->   Operation 17 'br' 'br_ln0' <Predicate = true> <Delay = 0.00>
ST_1 : Operation 18 [1/1] (0.00ns)   --->   "%indvar_flatten_load = load i6 %indvar_flatten" [../layer.h:71->../layer.h:141]   --->   Operation 18 'load' 'indvar_flatten_load' <Predicate = true> <Delay = 0.00>
ST_1 : Operation 19 [1/1] (0.88ns)   --->   "%icmp_ln71 = icmp_eq  i6 %indvar_flatten_load, i6 40" [../layer.h:71->../layer.h:141]   --->   Operation 19 'icmp' 'icmp_ln71' <Predicate = true> <Delay = 0.88> <CoreInst = "Cmp">   --->   Core 9 'Cmp' <Latency = 0> <II = 1> <Delay = 0.88> <FuncUnit> <Opcode : 'seteq' 'setne' 'setle' 'setge' 'setlt' 'setgt'> <InPorts = 2> <OutPorts = 1>
ST_1 : Operation 20 [1/1] (0.88ns)   --->   "%add_ln71 = add i6 %indvar_flatten_load, i6 1" [../layer.h:71->../layer.h:141]   --->   Operation 20 'add' 'add_ln71' <Predicate = true> <Delay = 0.88> <CoreInst = "Adder">   --->   Core 1 'Adder' <Latency = 0> <II = 1> <Delay = 0.88> <FuncUnit> <Opcode : 'add' 'sub'> <InPorts = 2> <OutPorts = 1>
ST_1 : Operation 21 [1/1] (0.00ns)   --->   "%br_ln71 = br i1 %icmp_ln71, void %fpga_resource_hint.for.body8.i.249, void %_Z6matmulILm10ELm4ELm1EESt5arrayIS0_I8ap_fixedILi25ELi8EL9ap_q_mode5EL9ap_o_mode3ELi0EEXT1_EEXT_EERKS0_IS0_IS4_XT0_EEXT_EERKS0_IS5_XT0_EE.201.317.exit.exitStub" [../layer.h:71->../layer.h:141]   --->   Operation 21 'br' 'br_ln71' <Predicate = true> <Delay = 0.00>
ST_1 : Operation 22 [1/1] (0.00ns)   --->   "%k_load = load i3 %k" [../layer.h:74->../layer.h:141]   --->   Operation 22 'load' 'k_load' <Predicate = (!icmp_ln71)> <Delay = 0.00>
ST_1 : Operation 23 [1/1] (0.00ns)   --->   "%i_load = load i4 %i" [../layer.h:71->../layer.h:141]   --->   Operation 23 'load' 'i_load' <Predicate = (!icmp_ln71)> <Delay = 0.00>
ST_1 : Operation 24 [1/1] (0.86ns)   --->   "%i_22 = add i4 %i_load, i4 1" [../layer.h:71->../layer.h:141]   --->   Operation 24 'add' 'i_22' <Predicate = (!icmp_ln71)> <Delay = 0.86> <CoreInst = "Adder">   --->   Core 1 'Adder' <Latency = 0> <II = 1> <Delay = 0.86> <FuncUnit> <Opcode : 'add' 'sub'> <InPorts = 2> <OutPorts = 1>
ST_1 : Operation 25 [1/1] (0.74ns)   --->   "%icmp_ln74 = icmp_eq  i3 %k_load, i3 4" [../layer.h:74->../layer.h:141]   --->   Operation 25 'icmp' 'icmp_ln74' <Predicate = (!icmp_ln71)> <Delay = 0.74> <CoreInst = "Cmp">   --->   Core 9 'Cmp' <Latency = 0> <II = 1> <Delay = 0.74> <FuncUnit> <Opcode : 'seteq' 'setne' 'setle' 'setge' 'setlt' 'setgt'> <InPorts = 2> <OutPorts = 1>
ST_1 : Operation 26 [1/1] (0.27ns)   --->   "%select_ln71 = select i1 %icmp_ln74, i3 0, i3 %k_load" [../layer.h:71->../layer.h:141]   --->   Operation 26 'select' 'select_ln71' <Predicate = (!icmp_ln71)> <Delay = 0.27> <CoreInst = "Sel">   --->   Core 73 'Sel' <Latency = 0> <II = 1> <Delay = 0.27> <FuncUnit> <Opcode : 'select'> <InPorts = 3> <OutPorts = 1>
ST_1 : Operation 27 [1/1] (0.45ns)   --->   "%select_ln71_5 = select i1 %icmp_ln74, i4 %i_22, i4 %i_load" [../layer.h:71->../layer.h:141]   --->   Operation 27 'select' 'select_ln71_5' <Predicate = (!icmp_ln71)> <Delay = 0.45> <CoreInst = "Sel">   --->   Core 73 'Sel' <Latency = 0> <II = 1> <Delay = 0.45> <FuncUnit> <Opcode : 'select'> <InPorts = 3> <OutPorts = 1>
ST_1 : Operation 28 [1/1] (0.00ns)   --->   "%zext_ln71 = zext i4 %select_ln71_5" [../layer.h:71->../layer.h:141]   --->   Operation 28 'zext' 'zext_ln71' <Predicate = (!icmp_ln71)> <Delay = 0.00>
ST_1 : Operation 29 [1/1] (0.00ns)   --->   "%weights_0_addr = getelementptr i25 %weights_0, i64 0, i64 %zext_ln71" [../layer.h:71->../layer.h:141]   --->   Operation 29 'getelementptr' 'weights_0_addr' <Predicate = (!icmp_ln71)> <Delay = 0.00>
ST_1 : Operation 30 [1/1] (0.00ns)   --->   "%weights_1_addr = getelementptr i25 %weights_1, i64 0, i64 %zext_ln71" [../layer.h:71->../layer.h:141]   --->   Operation 30 'getelementptr' 'weights_1_addr' <Predicate = (!icmp_ln71)> <Delay = 0.00>
ST_1 : Operation 31 [1/1] (0.00ns)   --->   "%weights_2_addr = getelementptr i25 %weights_2, i64 0, i64 %zext_ln71" [../layer.h:71->../layer.h:141]   --->   Operation 31 'getelementptr' 'weights_2_addr' <Predicate = (!icmp_ln71)> <Delay = 0.00>
ST_1 : Operation 32 [1/1] (0.00ns)   --->   "%weights_3_addr = getelementptr i25 %weights_3, i64 0, i64 %zext_ln71" [../layer.h:71->../layer.h:141]   --->   Operation 32 'getelementptr' 'weights_3_addr' <Predicate = (!icmp_ln71)> <Delay = 0.00>
ST_1 : Operation 33 [2/2] (0.79ns)   --->   "%weights_0_load = load i4 %weights_0_addr" [../layer.h:79->../layer.h:141]   --->   Operation 33 'load' 'weights_0_load' <Predicate = (!icmp_ln71)> <Delay = 0.79> <CoreInst = "RAM">   --->   Core 82 'RAM' <Latency = 1> <II = 1> <Delay = 0.79> <Storage> <Opcode : 'load' 'store'> <Ports = 2> <Width = 25> <Depth = 10> <RAM>
ST_1 : Operation 34 [2/2] (0.79ns)   --->   "%weights_1_load = load i4 %weights_1_addr" [../layer.h:79->../layer.h:141]   --->   Operation 34 'load' 'weights_1_load' <Predicate = (!icmp_ln71)> <Delay = 0.79> <CoreInst = "RAM">   --->   Core 82 'RAM' <Latency = 1> <II = 1> <Delay = 0.79> <Storage> <Opcode : 'load' 'store'> <Ports = 2> <Width = 25> <Depth = 10> <RAM>
ST_1 : Operation 35 [2/2] (0.79ns)   --->   "%weights_2_load = load i4 %weights_2_addr" [../layer.h:79->../layer.h:141]   --->   Operation 35 'load' 'weights_2_load' <Predicate = (!icmp_ln71)> <Delay = 0.79> <CoreInst = "RAM">   --->   Core 82 'RAM' <Latency = 1> <II = 1> <Delay = 0.79> <Storage> <Opcode : 'load' 'store'> <Ports = 2> <Width = 25> <Depth = 10> <RAM>
ST_1 : Operation 36 [2/2] (0.79ns)   --->   "%weights_3_load = load i4 %weights_3_addr" [../layer.h:79->../layer.h:141]   --->   Operation 36 'load' 'weights_3_load' <Predicate = (!icmp_ln71)> <Delay = 0.79> <CoreInst = "RAM">   --->   Core 82 'RAM' <Latency = 1> <II = 1> <Delay = 0.79> <Storage> <Opcode : 'load' 'store'> <Ports = 2> <Width = 25> <Depth = 10> <RAM>
ST_1 : Operation 37 [1/1] (0.00ns)   --->   "%trunc_ln74 = trunc i3 %select_ln71" [../layer.h:74->../layer.h:141]   --->   Operation 37 'trunc' 'trunc_ln74' <Predicate = (!icmp_ln71)> <Delay = 0.00>
ST_1 : Operation 38 [1/1] (0.60ns)   --->   "%tmp_8 = sparsemux i25 @_ssdm_op_SparseMux.ap_auto.4i25.i25.i2, i2 0, i25 %p_read_142, i2 1, i25 %p_read15, i2 2, i25 %p_read26, i2 3, i25 %p_read37, i25 0, i2 %trunc_ln74" [../layer.h:79->../layer.h:141]   --->   Operation 38 'sparsemux' 'tmp_8' <Predicate = (!icmp_ln71)> <Delay = 0.60> <CoreInst = "SparseMux">   --->   Core 144 'SparseMux' <Latency = 0> <II = 1> <Delay = 0.60> <FuncUnit> <Opcode : 'sparsemux'> <InPorts = 2> <OutPorts = 1>
ST_1 : Operation 39 [1/1] (0.00ns)   --->   "%C_0_addr = getelementptr i25 %C_0, i64 0, i64 %zext_ln71" [../layer.h:81->../layer.h:141]   --->   Operation 39 'getelementptr' 'C_0_addr' <Predicate = (!icmp_ln71)> <Delay = 0.00>
ST_1 : Operation 71 [1/1] (0.48ns)   --->   "%ret_ln0 = ret"   --->   Operation 71 'ret' 'ret_ln0' <Predicate = (icmp_ln71)> <Delay = 0.48>

State 2 <SV = 1> <Delay = 7.06>
ST_2 : Operation 40 [1/1] (0.00ns)   --->   "%temp_load = load i25 %temp" [../layer.h:71->../layer.h:141]   --->   Operation 40 'load' 'temp_load' <Predicate = (!icmp_ln74)> <Delay = 0.00>
ST_2 : Operation 41 [1/1] (0.00ns)   --->   "%specloopname_ln0 = specloopname void @_ssdm_op_SpecLoopName, void @VITIS_LOOP_71_1_VITIS_LOOP_74_3_str"   --->   Operation 41 'specloopname' 'specloopname_ln0' <Predicate = true> <Delay = 0.00>
ST_2 : Operation 42 [1/1] (0.00ns)   --->   "%speclooptripcount_ln0 = speclooptripcount void @_ssdm_op_SpecLoopTripCount, i64 40, i64 40, i64 40"   --->   Operation 42 'speclooptripcount' 'speclooptripcount_ln0' <Predicate = true> <Delay = 0.00>
ST_2 : Operation 43 [1/2] (0.79ns)   --->   "%weights_0_load = load i4 %weights_0_addr" [../layer.h:79->../layer.h:141]   --->   Operation 43 'load' 'weights_0_load' <Predicate = true> <Delay = 0.79> <CoreInst = "RAM">   --->   Core 82 'RAM' <Latency = 1> <II = 1> <Delay = 0.79> <Storage> <Opcode : 'load' 'store'> <Ports = 2> <Width = 25> <Depth = 10> <RAM>
ST_2 : Operation 44 [1/2] (0.79ns)   --->   "%weights_1_load = load i4 %weights_1_addr" [../layer.h:79->../layer.h:141]   --->   Operation 44 'load' 'weights_1_load' <Predicate = true> <Delay = 0.79> <CoreInst = "RAM">   --->   Core 82 'RAM' <Latency = 1> <II = 1> <Delay = 0.79> <Storage> <Opcode : 'load' 'store'> <Ports = 2> <Width = 25> <Depth = 10> <RAM>
ST_2 : Operation 45 [1/2] (0.79ns)   --->   "%weights_2_load = load i4 %weights_2_addr" [../layer.h:79->../layer.h:141]   --->   Operation 45 'load' 'weights_2_load' <Predicate = true> <Delay = 0.79> <CoreInst = "RAM">   --->   Core 82 'RAM' <Latency = 1> <II = 1> <Delay = 0.79> <Storage> <Opcode : 'load' 'store'> <Ports = 2> <Width = 25> <Depth = 10> <RAM>
ST_2 : Operation 46 [1/2] (0.79ns)   --->   "%weights_3_load = load i4 %weights_3_addr" [../layer.h:79->../layer.h:141]   --->   Operation 46 'load' 'weights_3_load' <Predicate = true> <Delay = 0.79> <CoreInst = "RAM">   --->   Core 82 'RAM' <Latency = 1> <II = 1> <Delay = 0.79> <Storage> <Opcode : 'load' 'store'> <Ports = 2> <Width = 25> <Depth = 10> <RAM>
ST_2 : Operation 47 [1/1] (0.00ns)   --->   "%specpipeline_ln75 = specpipeline void @_ssdm_op_SpecPipeline, i32 100, i32 0, i32 0, i32 0, void @empty_75" [../layer.h:75->../layer.h:141]   --->   Operation 47 'specpipeline' 'specpipeline_ln75' <Predicate = true> <Delay = 0.00>
ST_2 : Operation 48 [1/1] (0.00ns)   --->   "%rbegin4 = specregionbegin i32 @_ssdm_op_SpecRegionBegin, void @empty_64" [../layer.h:74->../layer.h:141]   --->   Operation 48 'specregionbegin' 'rbegin4' <Predicate = true> <Delay = 0.00>
ST_2 : Operation 49 [1/1] (0.60ns)   --->   "%tmp = sparsemux i25 @_ssdm_op_SparseMux.ap_auto.4i25.i25.i2, i2 0, i25 %weights_0_load, i2 1, i25 %weights_1_load, i2 2, i25 %weights_2_load, i2 3, i25 %weights_3_load, i25 0, i2 %trunc_ln74" [../layer.h:79->../layer.h:141]   --->   Operation 49 'sparsemux' 'tmp' <Predicate = true> <Delay = 0.60> <CoreInst = "SparseMux">   --->   Core 144 'SparseMux' <Latency = 0> <II = 1> <Delay = 0.60> <FuncUnit> <Opcode : 'sparsemux'> <InPorts = 2> <OutPorts = 1>
ST_2 : Operation 50 [1/1] (0.00ns)   --->   "%sext_ln79 = sext i25 %tmp" [../layer.h:79->../layer.h:141]   --->   Operation 50 'sext' 'sext_ln79' <Predicate = true> <Delay = 0.00>
ST_2 : Operation 51 [1/1] (0.00ns)   --->   "%sext_ln79_1 = sext i25 %tmp_8" [../layer.h:79->../layer.h:141]   --->   Operation 51 'sext' 'sext_ln79_1' <Predicate = true> <Delay = 0.00>
ST_2 : Operation 52 [1/1] (3.81ns)   --->   "%mul_ln79 = mul i50 %sext_ln79_1, i50 %sext_ln79" [../layer.h:79->../layer.h:141]   --->   Operation 52 'mul' 'mul_ln79' <Predicate = true> <Delay = 3.81> <CoreInst = "Mul_DSP">   --->   Core 5 'Mul_DSP' <Latency = 0> <II = 1> <Delay = 3.81> <FuncUnit> <Opcode : 'mul'> <InPorts = 2> <OutPorts = 1>
ST_2 : Operation 53 [1/1] (0.00ns)   --->   "%specfucore_ln76 = specfucore void @_ssdm_op_SpecFUCore, i50 %mul_ln79, i64 12, i64 3, i64 18446744073709551615" [../layer.h:76->../layer.h:141]   --->   Operation 53 'specfucore' 'specfucore_ln76' <Predicate = true> <Delay = 0.00>
ST_2 : Operation 54 [1/1] (0.00ns) (grouped into LUT with out node add_ln79)   --->   "%select_ln71_6 = select i1 %icmp_ln74, i25 0, i25 %temp_load" [../layer.h:71->../layer.h:141]   --->   Operation 54 'select' 'select_ln71_6' <Predicate = true> <Delay = 0.00> <CoreInst = "Sel">   --->   Core 73 'Sel' <Latency = 0> <II = 1> <Delay = 0.42> <FuncUnit> <Opcode : 'select'> <InPorts = 3> <OutPorts = 1>
ST_2 : Operation 55 [1/1] (0.00ns) (grouped into LUT with out node add_ln79)   --->   "%shl_ln = bitconcatenate i42 @_ssdm_op_BitConcatenate.i42.i25.i17, i25 %select_ln71_6, i17 0" [../layer.h:79->../layer.h:141]   --->   Operation 55 'bitconcatenate' 'shl_ln' <Predicate = true> <Delay = 0.00>
ST_2 : Operation 56 [1/1] (0.00ns) (grouped into LUT with out node add_ln79)   --->   "%trunc_ln79 = trunc i50 %mul_ln79" [../layer.h:79->../layer.h:141]   --->   Operation 56 'trunc' 'trunc_ln79' <Predicate = true> <Delay = 0.00>
ST_2 : Operation 57 [1/1] (1.06ns) (out node of the LUT)   --->   "%add_ln79 = add i42 %shl_ln, i42 %trunc_ln79" [../layer.h:79->../layer.h:141]   --->   Operation 57 'add' 'add_ln79' <Predicate = true> <Delay = 1.06> <CoreInst = "AddSub_DSP">   --->   Core 2 'AddSub_DSP' <Latency = 0> <II = 1> <Delay = 1.06> <FuncUnit> <Opcode : 'add' 'sub'> <InPorts = 2> <OutPorts = 1>
ST_2 : Operation 58 [1/1] (0.00ns)   --->   "%specfucore_ln77 = specfucore void @_ssdm_op_SpecFUCore, i42 %add_ln79, i64 8, i64 3, i64 18446744073709551615" [../layer.h:77->../layer.h:141]   --->   Operation 58 'specfucore' 'specfucore_ln77' <Predicate = true> <Delay = 0.00>
ST_2 : Operation 59 [1/1] (0.00ns)   --->   "%temp_74 = partselect i25 @_ssdm_op_PartSelect.i25.i42.i32.i32, i42 %add_ln79, i32 17, i32 41" [../layer.h:79->../layer.h:141]   --->   Operation 59 'partselect' 'temp_74' <Predicate = true> <Delay = 0.00>
ST_2 : Operation 60 [1/1] (0.00ns)   --->   "%rend5 = specregionend i32 @_ssdm_op_SpecRegionEnd, void @empty_64, i32 %rbegin4" [../layer.h:79->../layer.h:141]   --->   Operation 60 'specregionend' 'rend5' <Predicate = true> <Delay = 0.00>
ST_2 : Operation 61 [1/1] (0.74ns)   --->   "%k_3 = add i3 %select_ln71, i3 1" [../layer.h:74->../layer.h:141]   --->   Operation 61 'add' 'k_3' <Predicate = true> <Delay = 0.74> <CoreInst = "Adder">   --->   Core 1 'Adder' <Latency = 0> <II = 1> <Delay = 0.74> <FuncUnit> <Opcode : 'add' 'sub'> <InPorts = 2> <OutPorts = 1>
ST_2 : Operation 62 [1/1] (0.74ns)   --->   "%icmp_ln74_3 = icmp_eq  i3 %k_3, i3 4" [../layer.h:74->../layer.h:141]   --->   Operation 62 'icmp' 'icmp_ln74_3' <Predicate = true> <Delay = 0.74> <CoreInst = "Cmp">   --->   Core 9 'Cmp' <Latency = 0> <II = 1> <Delay = 0.74> <FuncUnit> <Opcode : 'seteq' 'setne' 'setle' 'setge' 'setlt' 'setgt'> <InPorts = 2> <OutPorts = 1>
ST_2 : Operation 63 [1/1] (0.00ns)   --->   "%br_ln74 = br i1 %icmp_ln74_3, void %new.latch.for.body8.i.split, void %last.iter.for.body8.i.split" [../layer.h:74->../layer.h:141]   --->   Operation 63 'br' 'br_ln74' <Predicate = true> <Delay = 0.00>
ST_2 : Operation 64 [1/1] (0.79ns)   --->   "%store_ln81 = store i25 %temp_74, i4 %C_0_addr" [../layer.h:81->../layer.h:141]   --->   Operation 64 'store' 'store_ln81' <Predicate = (icmp_ln74_3)> <Delay = 0.79> <CoreInst = "RAM">   --->   Core 82 'RAM' <Latency = 1> <II = 1> <Delay = 0.79> <Storage> <Opcode : 'load' 'store'> <Ports = 2> <Width = 25> <Depth = 10> <RAM>
ST_2 : Operation 65 [1/1] (0.00ns)   --->   "%br_ln74 = br void %new.latch.for.body8.i.split" [../layer.h:74->../layer.h:141]   --->   Operation 65 'br' 'br_ln74' <Predicate = (icmp_ln74_3)> <Delay = 0.00>
ST_2 : Operation 66 [1/1] (0.48ns)   --->   "%store_ln71 = store i6 %add_ln71, i6 %indvar_flatten" [../layer.h:71->../layer.h:141]   --->   Operation 66 'store' 'store_ln71' <Predicate = true> <Delay = 0.48>
ST_2 : Operation 67 [1/1] (0.48ns)   --->   "%store_ln71 = store i4 %select_ln71_5, i4 %i" [../layer.h:71->../layer.h:141]   --->   Operation 67 'store' 'store_ln71' <Predicate = true> <Delay = 0.48>
ST_2 : Operation 68 [1/1] (0.48ns)   --->   "%store_ln74 = store i3 %k_3, i3 %k" [../layer.h:74->../layer.h:141]   --->   Operation 68 'store' 'store_ln74' <Predicate = true> <Delay = 0.48>
ST_2 : Operation 69 [1/1] (0.48ns)   --->   "%store_ln67 = store i25 %temp_74, i25 %temp" [../layer.h:67->../layer.h:141]   --->   Operation 69 'store' 'store_ln67' <Predicate = true> <Delay = 0.48>
ST_2 : Operation 70 [1/1] (0.00ns)   --->   "%br_ln74 = br void %for.body8.i" [../layer.h:74->../layer.h:141]   --->   Operation 70 'br' 'br_ln74' <Predicate = true> <Delay = 0.00>


============================================================
+ Verbose Summary: Timing violations
============================================================
Target clock period: 10.000ns, clock uncertainty: 2.000ns.

 <State 1>: 2.597ns
The critical path consists of the following:
	'store' operation 0 bit ('store_ln71', ../layer.h:71->../layer.h:141) of constant 0 on local variable 'i', ../layer.h:71->../layer.h:141 [19]  (0.489 ns)
	'load' operation 4 bit ('i_load', ../layer.h:71->../layer.h:141) on local variable 'i', ../layer.h:71->../layer.h:141 [31]  (0.000 ns)
	'add' operation 4 bit ('i', ../layer.h:71->../layer.h:141) [32]  (0.868 ns)
	'select' operation 4 bit ('select_ln71_5', ../layer.h:71->../layer.h:141) [37]  (0.450 ns)
	'getelementptr' operation 4 bit ('weights_0_addr', ../layer.h:71->../layer.h:141) [39]  (0.000 ns)
	'load' operation 25 bit ('weights_0_load', ../layer.h:79->../layer.h:141) on array 'weights_0' [43]  (0.790 ns)

 <State 2>: 7.065ns
The critical path consists of the following:
	'load' operation 25 bit ('weights_0_load', ../layer.h:79->../layer.h:141) on array 'weights_0' [43]  (0.790 ns)
	'sparsemux' operation 25 bit ('tmp', ../layer.h:79->../layer.h:141) [50]  (0.605 ns)
	'mul' operation 50 bit ('mul_ln79', ../layer.h:79->../layer.h:141) [54]  (3.814 ns)
	'add' operation 42 bit ('add_ln79', ../layer.h:79->../layer.h:141) [59]  (1.066 ns)
	'store' operation 0 bit ('store_ln81', ../layer.h:81->../layer.h:141) of variable 'temp', ../layer.h:79->../layer.h:141 on array 'C_0' [68]  (0.790 ns)


============================================================
+ Verbose Summary: Binding
============================================================
N/A
* FSMD analyzer results:
  - Output states:
 - Input state : 
  - Chain level:
	State 1
	State 2


============================================================
+ Verbose Summary: Datapath Resource usage 
============================================================
N/A
