

================================================================
== Vitis HLS Report for 'forwardPropagation_64_8_Pipeline_VITIS_LOOP_21_1'
================================================================
* Date:           Sat Apr 12 12:18:30 2025

* Version:        2024.1 (Build 5069499 on May 21 2024)
* Project:        top
* Solution:       hls (Vivado IP Flow Target)
* Product family: zynquplus
* Target device:  xczu3eg-sfvc784-1-e


================================================================
== Performance Estimates
================================================================
+ Timing: 
    * Summary: 
    +--------+----------+----------+------------+
    |  Clock |  Target  | Estimated| Uncertainty|
    +--------+----------+----------+------------+
    |ap_clk  |  10.00 ns|  3.136 ns|     2.00 ns|
    +--------+----------+----------+------------+

+ Latency: 
    * Summary: 
    +---------+---------+----------+----------+-----+-----+-----------------------------------------------+
    |  Latency (cycles) |  Latency (absolute) |  Interval |                    Pipeline                   |
    |   min   |   max   |    min   |    max   | min | max |                      Type                     |
    +---------+---------+----------+----------+-----+-----+-----------------------------------------------+
    |       10|       10|  0.100 us|  0.100 us|    9|    9|  loop auto-rewind stp(delay=0 clock cycles(s))|
    +---------+---------+----------+----------+-----+-----+-----------------------------------------------+

    + Detail: 
        * Instance: 
        N/A

        * Loop: 
        +-------------------+---------+---------+----------+-----------+-----------+------+----------+
        |                   |  Latency (cycles) | Iteration|  Initiation Interval  | Trip |          |
        |     Loop Name     |   min   |   max   |  Latency |  achieved |   target  | Count| Pipelined|
        +-------------------+---------+---------+----------+-----------+-----------+------+----------+
        |- VITIS_LOOP_21_1  |        8|        8|         2|          1|          1|     8|       yes|
        +-------------------+---------+---------+----------+-----------+-----------+------+----------+

============================================================
+ Verbose Summary: Synthesis Manager
============================================================
InlineROM: 1
ExposeGlobal: 0
============================================================
+ Verbose Summary: CDFG Model
============================================================
IsTopModel: 0
ResetActiveHigh: 1
IsCombinational: 0
IsDatapathOnly: 0
HasWiredReturn: 1
HasMFsm: 2
HasVarLatency: 1
IsPipeline: 0
IsRtlPipelined: 0
IsInstanceOverlapped: 0
IsDontTouch: 0
HasImplIP: 0
IsGatedGlobalClock: 0

+ Individual pipeline summary: 
  * Pipeline-0: initiation interval (II) = 1, depth = 2


============================================================
+ Verbose Summary: Schedule
============================================================
* Number of FSM states : 2
* Pipeline : 1
  Pipeline-0 : II = 1, D = 2, States = { 1 2 }
* Dataflow Pipeline: 0

* FSM state transitions: 
1 --> 2 
2 --> 

* FSM state operations: 

State 1 <SV = 0> <Delay = 1.84>
ST_1 : Operation 5 [1/1] (0.00ns)   --->   "%i_18 = alloca i32 1" [../activations.h:21->../layer.h:157]   --->   Operation 5 'alloca' 'i_18' <Predicate = true> <Delay = 0.00>
ST_1 : Operation 6 [1/1] (0.48ns)   --->   "%store_ln21 = store i4 0, i4 %i_18" [../activations.h:21->../layer.h:157]   --->   Operation 6 'store' 'store_ln21' <Predicate = true> <Delay = 0.48>
ST_1 : Operation 7 [1/1] (0.00ns)   --->   "%br_ln0 = br void %for.body.i"   --->   Operation 7 'br' 'br_ln0' <Predicate = true> <Delay = 0.00>
ST_1 : Operation 8 [1/1] (0.00ns)   --->   "%i = load i4 %i_18" [../activations.h:21->../layer.h:157]   --->   Operation 8 'load' 'i' <Predicate = true> <Delay = 0.00>
ST_1 : Operation 9 [1/1] (0.86ns)   --->   "%icmp_ln21 = icmp_eq  i4 %i, i4 8" [../activations.h:21->../layer.h:157]   --->   Operation 9 'icmp' 'icmp_ln21' <Predicate = true> <Delay = 0.86> <CoreInst = "Cmp">   --->   Core 9 'Cmp' <Latency = 0> <II = 1> <Delay = 0.86> <FuncUnit> <Opcode : 'seteq' 'setne' 'setle' 'setge' 'setlt' 'setgt'> <InPorts = 2> <OutPorts = 1>
ST_1 : Operation 10 [1/1] (0.86ns)   --->   "%i_19 = add i4 %i, i4 1" [../activations.h:21->../layer.h:157]   --->   Operation 10 'add' 'i_19' <Predicate = true> <Delay = 0.86> <CoreInst = "Adder">   --->   Core 1 'Adder' <Latency = 0> <II = 1> <Delay = 0.86> <FuncUnit> <Opcode : 'add' 'sub'> <InPorts = 2> <OutPorts = 1>
ST_1 : Operation 11 [1/1] (0.00ns)   --->   "%br_ln21 = br i1 %icmp_ln21, void %for.body.i.split, void %_Z4reluILi8EESt5arrayIS0_I8ap_fixedILi25ELi8EL9ap_q_mode5EL9ap_o_mode3ELi0EELm1EEXT_EERS6_.exit.exitStub" [../activations.h:21->../layer.h:157]   --->   Operation 11 'br' 'br_ln21' <Predicate = true> <Delay = 0.00>
ST_1 : Operation 12 [1/1] (0.00ns)   --->   "%zext_ln21 = zext i4 %i" [../activations.h:21->../layer.h:157]   --->   Operation 12 'zext' 'zext_ln21' <Predicate = (!icmp_ln21)> <Delay = 0.00>
ST_1 : Operation 13 [1/1] (0.00ns)   --->   "%net_0_addr = getelementptr i25 %net_0, i64 0, i64 %zext_ln21" [../activations.h:23->../layer.h:157]   --->   Operation 13 'getelementptr' 'net_0_addr' <Predicate = (!icmp_ln21)> <Delay = 0.00>
ST_1 : Operation 14 [2/2] (0.79ns)   --->   "%net_0_load = load i3 %net_0_addr" [../activations.h:23->../layer.h:157]   --->   Operation 14 'load' 'net_0_load' <Predicate = (!icmp_ln21)> <Delay = 0.79> <CoreInst = "RAM">   --->   Core 82 'RAM' <Latency = 1> <II = 1> <Delay = 0.79> <Storage> <Opcode : 'load' 'store'> <Ports = 2> <Width = 25> <Depth = 8> <RAM>
ST_1 : Operation 15 [1/1] (0.48ns)   --->   "%store_ln21 = store i4 %i_19, i4 %i_18" [../activations.h:21->../layer.h:157]   --->   Operation 15 'store' 'store_ln21' <Predicate = (!icmp_ln21)> <Delay = 0.48>
ST_1 : Operation 26 [1/1] (0.48ns)   --->   "%ret_ln0 = ret"   --->   Operation 26 'ret' 'ret_ln0' <Predicate = (icmp_ln21)> <Delay = 0.48>

State 2 <SV = 1> <Delay = 3.13>
ST_2 : Operation 16 [1/1] (0.00ns)   --->   "%specpipeline_ln21 = specpipeline void @_ssdm_op_SpecPipeline, i32 4294967295, i32 0, i32 0, i32 0, void @empty_75" [../activations.h:21->../layer.h:157]   --->   Operation 16 'specpipeline' 'specpipeline_ln21' <Predicate = true> <Delay = 0.00>
ST_2 : Operation 17 [1/1] (0.00ns)   --->   "%speclooptripcount_ln21 = speclooptripcount void @_ssdm_op_SpecLoopTripCount, i64 8, i64 8, i64 8" [../activations.h:21->../layer.h:157]   --->   Operation 17 'speclooptripcount' 'speclooptripcount_ln21' <Predicate = true> <Delay = 0.00>
ST_2 : Operation 18 [1/1] (0.00ns)   --->   "%specloopname_ln21 = specloopname void @_ssdm_op_SpecLoopName, void @empty_88" [../activations.h:21->../layer.h:157]   --->   Operation 18 'specloopname' 'specloopname_ln21' <Predicate = true> <Delay = 0.00>
ST_2 : Operation 19 [1/2] (0.79ns)   --->   "%net_0_load = load i3 %net_0_addr" [../activations.h:23->../layer.h:157]   --->   Operation 19 'load' 'net_0_load' <Predicate = true> <Delay = 0.79> <CoreInst = "RAM">   --->   Core 82 'RAM' <Latency = 1> <II = 1> <Delay = 0.79> <Storage> <Opcode : 'load' 'store'> <Ports = 2> <Width = 25> <Depth = 8> <RAM>
ST_2 : Operation 20 [1/1] (0.00ns)   --->   "%trunc_ln23 = trunc i25 %net_0_load" [../activations.h:23->../layer.h:157]   --->   Operation 20 'trunc' 'trunc_ln23' <Predicate = true> <Delay = 0.00>
ST_2 : Operation 21 [1/1] (1.12ns)   --->   "%icmp_ln23 = icmp_sgt  i25 %net_0_load, i25 0" [../activations.h:23->../layer.h:157]   --->   Operation 21 'icmp' 'icmp_ln23' <Predicate = true> <Delay = 1.12> <CoreInst = "Cmp">   --->   Core 9 'Cmp' <Latency = 0> <II = 1> <Delay = 1.12> <FuncUnit> <Opcode : 'seteq' 'setne' 'setle' 'setge' 'setlt' 'setgt'> <InPorts = 2> <OutPorts = 1>
ST_2 : Operation 22 [1/1] (0.43ns)   --->   "%select_ln23 = select i1 %icmp_ln23, i24 %trunc_ln23, i24 0" [../activations.h:23->../layer.h:157]   --->   Operation 22 'select' 'select_ln23' <Predicate = true> <Delay = 0.43> <CoreInst = "Sel">   --->   Core 73 'Sel' <Latency = 0> <II = 1> <Delay = 0.43> <FuncUnit> <Opcode : 'select'> <InPorts = 3> <OutPorts = 1>
ST_2 : Operation 23 [1/1] (0.00ns)   --->   "%output_0_addr = getelementptr i24 %output_0, i64 0, i64 %zext_ln21" [../activations.h:23->../layer.h:157]   --->   Operation 23 'getelementptr' 'output_0_addr' <Predicate = true> <Delay = 0.00>
ST_2 : Operation 24 [1/1] (0.79ns)   --->   "%store_ln23 = store i24 %select_ln23, i3 %output_0_addr" [../activations.h:23->../layer.h:157]   --->   Operation 24 'store' 'store_ln23' <Predicate = true> <Delay = 0.79> <CoreInst = "RAM">   --->   Core 82 'RAM' <Latency = 1> <II = 1> <Delay = 0.79> <Storage> <Opcode : 'load' 'store'> <Ports = 2> <Width = 24> <Depth = 8> <RAM>
ST_2 : Operation 25 [1/1] (0.00ns)   --->   "%br_ln21 = br void %for.body.i" [../activations.h:21->../layer.h:157]   --->   Operation 25 'br' 'br_ln21' <Predicate = true> <Delay = 0.00>


============================================================
+ Verbose Summary: Timing violations
============================================================
Target clock period: 10.000ns, clock uncertainty: 2.000ns.

 <State 1>: 1.846ns
The critical path consists of the following:
	'store' operation 0 bit ('store_ln21', ../activations.h:21->../layer.h:157) of constant 0 on local variable 'i', ../activations.h:21->../layer.h:157 [4]  (0.489 ns)
	'load' operation 4 bit ('i', ../activations.h:21->../layer.h:157) on local variable 'i', ../activations.h:21->../layer.h:157 [7]  (0.000 ns)
	'add' operation 4 bit ('i', ../activations.h:21->../layer.h:157) [9]  (0.868 ns)
	'store' operation 0 bit ('store_ln21', ../activations.h:21->../layer.h:157) of variable 'i', ../activations.h:21->../layer.h:157 on local variable 'i', ../activations.h:21->../layer.h:157 [23]  (0.489 ns)

 <State 2>: 3.136ns
The critical path consists of the following:
	'load' operation 25 bit ('net_0_load', ../activations.h:23->../layer.h:157) on array 'net_0' [17]  (0.790 ns)
	'icmp' operation 1 bit ('icmp_ln23', ../activations.h:23->../layer.h:157) [19]  (1.121 ns)
	'select' operation 24 bit ('select_ln23', ../activations.h:23->../layer.h:157) [20]  (0.435 ns)
	'store' operation 0 bit ('store_ln23', ../activations.h:23->../layer.h:157) of variable 'select_ln23', ../activations.h:23->../layer.h:157 on array 'output_0' [22]  (0.790 ns)


============================================================
+ Verbose Summary: Binding
============================================================
N/A
* FSMD analyzer results:
  - Output states:
 - Input state : 
  - Chain level:
	State 1
	State 2


============================================================
+ Verbose Summary: Datapath Resource usage 
============================================================
N/A
