

================================================================
== Vitis HLS Report for 'forwardPropagation_8_4_s'
================================================================
* Date:           Sat Apr 12 12:18:32 2025

* Version:        2024.1 (Build 5069499 on May 21 2024)
* Project:        top
* Solution:       hls (Vivado IP Flow Target)
* Product family: zynquplus
* Target device:  xczu3eg-sfvc784-1-e


================================================================
== Performance Estimates
================================================================
+ Timing: 
    * Summary: 
    +--------+----------+----------+------------+
    |  Clock |  Target  | Estimated| Uncertainty|
    +--------+----------+----------+------------+
    |ap_clk  |  10.00 ns|  6.996 ns|     2.00 ns|
    +--------+----------+----------+------------+

+ Latency: 
    * Summary: 
    +---------+---------+----------+----------+-----+-----+---------+
    |  Latency (cycles) |  Latency (absolute) |  Interval | Pipeline|
    |   min   |   max   |    min   |    max   | min | max |   Type  |
    +---------+---------+----------+----------+-----+-----+---------+
    |       84|       84|  0.840 us|  0.840 us|   84|   84|       no|
    +---------+---------+----------+----------+-----+-----+---------+

    + Detail: 
        * Instance: 
        +----------------------------------------------------------------------------+-----------------------------------------------------------------+---------+---------+-----------+-----------+-----+-----+-----------------------------------------------+
        |                                                                            |                                                                 |  Latency (cycles) |   Latency (absolute)  |  Interval |                    Pipeline                   |
        |                                  Instance                                  |                              Module                             |   min   |   max   |    min    |    max    | min | max |                      Type                     |
        +----------------------------------------------------------------------------+-----------------------------------------------------------------+---------+---------+-----------+-----------+-----+-----+-----------------------------------------------+
        |grp_forwardPropagation_8_4_Pipeline_VITIS_LOOP_71_1_VITIS_LOOP_74_3_fu_110  |forwardPropagation_8_4_Pipeline_VITIS_LOOP_71_1_VITIS_LOOP_74_3  |       66|       66|   0.660 us|   0.660 us|   65|   65|  loop auto-rewind stp(delay=0 clock cycles(s))|
        |grp_forwardPropagation_8_4_Pipeline_VITIS_LOOP_145_1_fu_136                 |forwardPropagation_8_4_Pipeline_VITIS_LOOP_145_1                 |        6|        6|  60.000 ns|  60.000 ns|    5|    5|  loop auto-rewind stp(delay=0 clock cycles(s))|
        |grp_forwardPropagation_8_4_Pipeline_VITIS_LOOP_21_1_fu_156                  |forwardPropagation_8_4_Pipeline_VITIS_LOOP_21_1                  |        6|        6|  60.000 ns|  60.000 ns|    5|    5|  loop auto-rewind stp(delay=0 clock cycles(s))|
        +----------------------------------------------------------------------------+-----------------------------------------------------------------+---------+---------+-----------+-----------+-----+-----+-----------------------------------------------+

        * Loop: 
        N/A

============================================================
+ Verbose Summary: Synthesis Manager
============================================================
InlineROM: 1
ExposeGlobal: 0
============================================================
+ Verbose Summary: CDFG Model
============================================================
IsTopModel: 0
ResetActiveHigh: 1
IsCombinational: 0
IsDatapathOnly: 0
HasWiredReturn: 1
HasMFsm: 0
HasVarLatency: 1
IsPipeline: 0
IsRtlPipelined: 0
IsInstanceOverlapped: 0
IsDontTouch: 0
HasImplIP: 0
IsGatedGlobalClock: 0


============================================================
+ Verbose Summary: Schedule
============================================================
* Number of FSM states : 7
* Pipeline : 0
* Dataflow Pipeline: 0

* FSM state transitions: 
1 --> 2 
2 --> 3 
3 --> 4 
4 --> 5 
5 --> 6 
6 --> 7 
7 --> 

* FSM state operations: 

State 1 <SV = 0> <Delay = 0.00>
ST_1 : Operation 8 [1/1] (0.00ns)   --->   "%output_3_load_loc = alloca i64 1"   --->   Operation 8 'alloca' 'output_3_load_loc' <Predicate = true> <Delay = 0.00>
ST_1 : Operation 9 [1/1] (0.00ns)   --->   "%output_2_load_loc = alloca i64 1"   --->   Operation 9 'alloca' 'output_2_load_loc' <Predicate = true> <Delay = 0.00>
ST_1 : Operation 10 [1/1] (0.00ns)   --->   "%output_1_load_loc = alloca i64 1"   --->   Operation 10 'alloca' 'output_1_load_loc' <Predicate = true> <Delay = 0.00>
ST_1 : Operation 11 [1/1] (0.00ns)   --->   "%output_load_loc = alloca i64 1"   --->   Operation 11 'alloca' 'output_load_loc' <Predicate = true> <Delay = 0.00>
ST_1 : Operation 12 [1/1] (0.00ns)   --->   "%net_3_load_loc = alloca i64 1"   --->   Operation 12 'alloca' 'net_3_load_loc' <Predicate = true> <Delay = 0.00>
ST_1 : Operation 13 [1/1] (0.00ns)   --->   "%net_2_load_loc = alloca i64 1"   --->   Operation 13 'alloca' 'net_2_load_loc' <Predicate = true> <Delay = 0.00>
ST_1 : Operation 14 [1/1] (0.00ns)   --->   "%net_1_load_loc = alloca i64 1"   --->   Operation 14 'alloca' 'net_1_load_loc' <Predicate = true> <Delay = 0.00>
ST_1 : Operation 15 [1/1] (0.00ns)   --->   "%net_load_loc = alloca i64 1"   --->   Operation 15 'alloca' 'net_load_loc' <Predicate = true> <Delay = 0.00>
ST_1 : Operation 16 [1/1] (0.00ns)   --->   "%C_load_loc = alloca i64 1"   --->   Operation 16 'alloca' 'C_load_loc' <Predicate = true> <Delay = 0.00>
ST_1 : Operation 17 [1/1] (0.00ns)   --->   "%C_12_load_loc = alloca i64 1"   --->   Operation 17 'alloca' 'C_12_load_loc' <Predicate = true> <Delay = 0.00>
ST_1 : Operation 18 [1/1] (0.00ns)   --->   "%C_14_load_loc = alloca i64 1"   --->   Operation 18 'alloca' 'C_14_load_loc' <Predicate = true> <Delay = 0.00>
ST_1 : Operation 19 [1/1] (0.00ns)   --->   "%C_16_load_loc = alloca i64 1"   --->   Operation 19 'alloca' 'C_16_load_loc' <Predicate = true> <Delay = 0.00>
ST_1 : Operation 20 [2/2] (0.00ns)   --->   "%call_ln0 = call void @forwardPropagation<8, 4>_Pipeline_VITIS_LOOP_71_1_VITIS_LOOP_74_3, i25 %weights_0, i25 %weights_1, i25 %weights_2, i25 %weights_3, i25 %weights_4, i25 %weights_5, i25 %weights_6, i25 %weights_7, i24 %input_0, i25 %C_16_load_loc, i25 %C_14_load_loc, i25 %C_12_load_loc, i25 %C_load_loc"   --->   Operation 20 'call' 'call_ln0' <Predicate = true> <Delay = 0.00> <CoreType = "Generic">   --->   Core 0 '' <Latency = 0> <II = 1> <Delay = 1.00> <Generic> <Opcode : >

State 2 <SV = 1> <Delay = 1.86>
ST_2 : Operation 21 [1/2] (1.86ns)   --->   "%call_ln0 = call void @forwardPropagation<8, 4>_Pipeline_VITIS_LOOP_71_1_VITIS_LOOP_74_3, i25 %weights_0, i25 %weights_1, i25 %weights_2, i25 %weights_3, i25 %weights_4, i25 %weights_5, i25 %weights_6, i25 %weights_7, i24 %input_0, i25 %C_16_load_loc, i25 %C_14_load_loc, i25 %C_12_load_loc, i25 %C_load_loc"   --->   Operation 21 'call' 'call_ln0' <Predicate = true> <Delay = 1.86> <CoreType = "Generic">   --->   Core 0 '' <Latency = 0> <II = 1> <Delay = 1.00> <Generic> <Opcode : >

State 3 <SV = 2> <Delay = 2.21>
ST_3 : Operation 22 [1/1] (0.00ns)   --->   "%p_read = read i25 @_ssdm_op_Read.ap_auto.i25, i25 %p_read13"   --->   Operation 22 'read' 'p_read' <Predicate = true> <Delay = 0.00>
ST_3 : Operation 23 [1/1] (0.00ns)   --->   "%p_read_140 = read i25 @_ssdm_op_Read.ap_auto.i25, i25 %p_read12"   --->   Operation 23 'read' 'p_read_140' <Predicate = true> <Delay = 0.00>
ST_3 : Operation 24 [1/1] (0.00ns)   --->   "%p_read_141 = read i25 @_ssdm_op_Read.ap_auto.i25, i25 %p_read11"   --->   Operation 24 'read' 'p_read_141' <Predicate = true> <Delay = 0.00>
ST_3 : Operation 25 [1/1] (0.00ns)   --->   "%p_read469 = read i25 @_ssdm_op_Read.ap_auto.i25, i25 %p_read4"   --->   Operation 25 'read' 'p_read469' <Predicate = true> <Delay = 0.00>
ST_3 : Operation 26 [1/1] (0.00ns)   --->   "%C_16_load = load i25 %C_16_load_loc"   --->   Operation 26 'load' 'C_16_load' <Predicate = true> <Delay = 0.00>
ST_3 : Operation 27 [1/1] (0.00ns)   --->   "%C_14_load = load i25 %C_14_load_loc"   --->   Operation 27 'load' 'C_14_load' <Predicate = true> <Delay = 0.00>
ST_3 : Operation 28 [1/1] (0.00ns)   --->   "%C_12_load = load i25 %C_12_load_loc"   --->   Operation 28 'load' 'C_12_load' <Predicate = true> <Delay = 0.00>
ST_3 : Operation 29 [1/1] (0.00ns)   --->   "%C_load = load i25 %C_load_loc"   --->   Operation 29 'load' 'C_load' <Predicate = true> <Delay = 0.00>
ST_3 : Operation 30 [2/2] (2.21ns)   --->   "%call_ln0 = call void @forwardPropagation<8, 4>_Pipeline_VITIS_LOOP_145_1, i25 %C_load, i25 %C_12_load, i25 %C_14_load, i25 %C_16_load, i25 %p_read469, i25 %p_read_141, i25 %p_read_140, i25 %p_read, i25 %net_load_loc, i25 %net_1_load_loc, i25 %net_2_load_loc, i25 %net_3_load_loc"   --->   Operation 30 'call' 'call_ln0' <Predicate = true> <Delay = 2.21> <CoreType = "Generic">   --->   Core 0 '' <Latency = 0> <II = 1> <Delay = 1.00> <Generic> <Opcode : >

State 4 <SV = 3> <Delay = 1.72>
ST_4 : Operation 31 [1/2] (1.72ns)   --->   "%call_ln0 = call void @forwardPropagation<8, 4>_Pipeline_VITIS_LOOP_145_1, i25 %C_load, i25 %C_12_load, i25 %C_14_load, i25 %C_16_load, i25 %p_read469, i25 %p_read_141, i25 %p_read_140, i25 %p_read, i25 %net_load_loc, i25 %net_1_load_loc, i25 %net_2_load_loc, i25 %net_3_load_loc"   --->   Operation 31 'call' 'call_ln0' <Predicate = true> <Delay = 1.72> <CoreType = "Generic">   --->   Core 0 '' <Latency = 0> <II = 1> <Delay = 1.00> <Generic> <Opcode : >

State 5 <SV = 4> <Delay = 2.65>
ST_5 : Operation 32 [1/1] (0.00ns)   --->   "%net_load = load i25 %net_load_loc"   --->   Operation 32 'load' 'net_load' <Predicate = true> <Delay = 0.00>
ST_5 : Operation 33 [1/1] (0.00ns)   --->   "%net_1_load = load i25 %net_1_load_loc"   --->   Operation 33 'load' 'net_1_load' <Predicate = true> <Delay = 0.00>
ST_5 : Operation 34 [1/1] (0.00ns)   --->   "%net_2_load = load i25 %net_2_load_loc"   --->   Operation 34 'load' 'net_2_load' <Predicate = true> <Delay = 0.00>
ST_5 : Operation 35 [1/1] (0.00ns)   --->   "%net_3_load = load i25 %net_3_load_loc"   --->   Operation 35 'load' 'net_3_load' <Predicate = true> <Delay = 0.00>
ST_5 : Operation 36 [2/2] (2.65ns)   --->   "%call_ln0 = call void @forwardPropagation<8, 4>_Pipeline_VITIS_LOOP_21_1, i25 %net_load, i25 %net_1_load, i25 %net_2_load, i25 %net_3_load, i24 %output_load_loc, i24 %output_1_load_loc, i24 %output_2_load_loc, i24 %output_3_load_loc"   --->   Operation 36 'call' 'call_ln0' <Predicate = true> <Delay = 2.65> <CoreType = "Generic">   --->   Core 0 '' <Latency = 0> <II = 1> <Delay = 1.00> <Generic> <Opcode : >

State 6 <SV = 5> <Delay = 1.72>
ST_6 : Operation 37 [1/2] (1.72ns)   --->   "%call_ln0 = call void @forwardPropagation<8, 4>_Pipeline_VITIS_LOOP_21_1, i25 %net_load, i25 %net_1_load, i25 %net_2_load, i25 %net_3_load, i24 %output_load_loc, i24 %output_1_load_loc, i24 %output_2_load_loc, i24 %output_3_load_loc"   --->   Operation 37 'call' 'call_ln0' <Predicate = true> <Delay = 1.72> <CoreType = "Generic">   --->   Core 0 '' <Latency = 0> <II = 1> <Delay = 1.00> <Generic> <Opcode : >

State 7 <SV = 6> <Delay = 0.00>
ST_7 : Operation 38 [1/1] (0.00ns)   --->   "%output_load = load i24 %output_load_loc"   --->   Operation 38 'load' 'output_load' <Predicate = true> <Delay = 0.00>
ST_7 : Operation 39 [1/1] (0.00ns)   --->   "%output_1_load = load i24 %output_1_load_loc"   --->   Operation 39 'load' 'output_1_load' <Predicate = true> <Delay = 0.00>
ST_7 : Operation 40 [1/1] (0.00ns)   --->   "%output_2_load = load i24 %output_2_load_loc"   --->   Operation 40 'load' 'output_2_load' <Predicate = true> <Delay = 0.00>
ST_7 : Operation 41 [1/1] (0.00ns)   --->   "%output_3_load = load i24 %output_3_load_loc"   --->   Operation 41 'load' 'output_3_load' <Predicate = true> <Delay = 0.00>
ST_7 : Operation 42 [1/1] (0.00ns)   --->   "%zext_ln157 = zext i24 %output_load" [../layer.h:157]   --->   Operation 42 'zext' 'zext_ln157' <Predicate = true> <Delay = 0.00>
ST_7 : Operation 43 [1/1] (0.00ns)   --->   "%zext_ln157_1 = zext i24 %output_1_load" [../layer.h:157]   --->   Operation 43 'zext' 'zext_ln157_1' <Predicate = true> <Delay = 0.00>
ST_7 : Operation 44 [1/1] (0.00ns)   --->   "%zext_ln157_2 = zext i24 %output_2_load" [../layer.h:157]   --->   Operation 44 'zext' 'zext_ln157_2' <Predicate = true> <Delay = 0.00>
ST_7 : Operation 45 [1/1] (0.00ns)   --->   "%zext_ln170 = zext i24 %output_3_load" [../layer.h:170]   --->   Operation 45 'zext' 'zext_ln170' <Predicate = true> <Delay = 0.00>
ST_7 : Operation 46 [1/1] (0.00ns)   --->   "%mrv = insertvalue i100 <undef>, i25 %zext_ln157" [../layer.h:170]   --->   Operation 46 'insertvalue' 'mrv' <Predicate = true> <Delay = 0.00>
ST_7 : Operation 47 [1/1] (0.00ns)   --->   "%mrv_1 = insertvalue i100 %mrv, i25 %zext_ln157_1" [../layer.h:170]   --->   Operation 47 'insertvalue' 'mrv_1' <Predicate = true> <Delay = 0.00>
ST_7 : Operation 48 [1/1] (0.00ns)   --->   "%mrv_2 = insertvalue i100 %mrv_1, i25 %zext_ln157_2" [../layer.h:170]   --->   Operation 48 'insertvalue' 'mrv_2' <Predicate = true> <Delay = 0.00>
ST_7 : Operation 49 [1/1] (0.00ns)   --->   "%mrv_3 = insertvalue i100 %mrv_2, i25 %zext_ln170" [../layer.h:170]   --->   Operation 49 'insertvalue' 'mrv_3' <Predicate = true> <Delay = 0.00>
ST_7 : Operation 50 [1/1] (0.00ns)   --->   "%ret_ln170 = ret i100 %mrv_3" [../layer.h:170]   --->   Operation 50 'ret' 'ret_ln170' <Predicate = true> <Delay = 0.00>


============================================================
+ Verbose Summary: Binding
============================================================
STG Binding: 
---------------- STG Properties BEGIN ----------------
- Is combinational: 0
- Is one-state seq: 0
- Is datapath-only: 0
- Is pipelined: 0
- Is top level: 0
Port [ Return ] is wired: 1; IO mode=ap_ctrl_hs:ce=0
Port [ input_0]:  wired=1; compound=1; hidden=0; nouse=0; global=0; static=0; extern=0; dir=0; type=1; pingpong=0; private_global=0; MemPort=[13]; IO mode=ap_memory:ce=0
Port [ weights_0]:  wired=1; compound=1; hidden=0; nouse=0; global=0; static=0; extern=0; dir=0; type=1; pingpong=0; private_global=0; MemPort=[13]; IO mode=ap_memory:ce=0
Port [ weights_1]:  wired=1; compound=1; hidden=0; nouse=0; global=0; static=0; extern=0; dir=0; type=1; pingpong=0; private_global=0; MemPort=[13]; IO mode=ap_memory:ce=0
Port [ weights_2]:  wired=1; compound=1; hidden=0; nouse=0; global=0; static=0; extern=0; dir=0; type=1; pingpong=0; private_global=0; MemPort=[13]; IO mode=ap_memory:ce=0
Port [ weights_3]:  wired=1; compound=1; hidden=0; nouse=0; global=0; static=0; extern=0; dir=0; type=1; pingpong=0; private_global=0; MemPort=[13]; IO mode=ap_memory:ce=0
Port [ weights_4]:  wired=1; compound=1; hidden=0; nouse=0; global=0; static=0; extern=0; dir=0; type=1; pingpong=0; private_global=0; MemPort=[13]; IO mode=ap_memory:ce=0
Port [ weights_5]:  wired=1; compound=1; hidden=0; nouse=0; global=0; static=0; extern=0; dir=0; type=1; pingpong=0; private_global=0; MemPort=[13]; IO mode=ap_memory:ce=0
Port [ weights_6]:  wired=1; compound=1; hidden=0; nouse=0; global=0; static=0; extern=0; dir=0; type=1; pingpong=0; private_global=0; MemPort=[13]; IO mode=ap_memory:ce=0
Port [ weights_7]:  wired=1; compound=1; hidden=0; nouse=0; global=0; static=0; extern=0; dir=0; type=1; pingpong=0; private_global=0; MemPort=[13]; IO mode=ap_memory:ce=0
Port [ p_read4]:  wired=1; compound=0; hidden=0; nouse=0; global=0; static=0; extern=0; dir=0; type=0; pingpong=0; private_global=0; IO mode=ap_none:ce=0
Port [ p_read11]:  wired=1; compound=0; hidden=0; nouse=0; global=0; static=0; extern=0; dir=0; type=0; pingpong=0; private_global=0; IO mode=ap_none:ce=0
Port [ p_read12]:  wired=1; compound=0; hidden=0; nouse=0; global=0; static=0; extern=0; dir=0; type=0; pingpong=0; private_global=0; IO mode=ap_none:ce=0
Port [ p_read13]:  wired=1; compound=0; hidden=0; nouse=0; global=0; static=0; extern=0; dir=0; type=0; pingpong=0; private_global=0; IO mode=ap_none:ce=0
---------------- STG Properties END ------------------

---------------- Datapath Model BEGIN ----------------

<LifeTime>
<method=bitvector/>
output_3_load_loc (alloca     ) [ 00111111]
output_2_load_loc (alloca     ) [ 00111111]
output_1_load_loc (alloca     ) [ 00111111]
output_load_loc   (alloca     ) [ 00111111]
net_3_load_loc    (alloca     ) [ 00111100]
net_2_load_loc    (alloca     ) [ 00111100]
net_1_load_loc    (alloca     ) [ 00111100]
net_load_loc      (alloca     ) [ 00111100]
C_load_loc        (alloca     ) [ 01110000]
C_12_load_loc     (alloca     ) [ 01110000]
C_14_load_loc     (alloca     ) [ 01110000]
C_16_load_loc     (alloca     ) [ 01110000]
call_ln0          (call       ) [ 00000000]
p_read            (read       ) [ 00001000]
p_read_140        (read       ) [ 00001000]
p_read_141        (read       ) [ 00001000]
p_read469         (read       ) [ 00001000]
C_16_load         (load       ) [ 00001000]
C_14_load         (load       ) [ 00001000]
C_12_load         (load       ) [ 00001000]
C_load            (load       ) [ 00001000]
call_ln0          (call       ) [ 00000000]
net_load          (load       ) [ 00000010]
net_1_load        (load       ) [ 00000010]
net_2_load        (load       ) [ 00000010]
net_3_load        (load       ) [ 00000010]
call_ln0          (call       ) [ 00000000]
output_load       (load       ) [ 00000000]
output_1_load     (load       ) [ 00000000]
output_2_load     (load       ) [ 00000000]
output_3_load     (load       ) [ 00000000]
zext_ln157        (zext       ) [ 00000000]
zext_ln157_1      (zext       ) [ 00000000]
zext_ln157_2      (zext       ) [ 00000000]
zext_ln170        (zext       ) [ 00000000]
mrv               (insertvalue) [ 00000000]
mrv_1             (insertvalue) [ 00000000]
mrv_2             (insertvalue) [ 00000000]
mrv_3             (insertvalue) [ 00000000]
ret_ln170         (ret        ) [ 00000000]
</LifeTime>

<model>

<comp_list>
<comp id="0" class="1000" name="input_0">
<pin_list>
<pin id="1" dir="1" index="0" bw="1" slack="0"/>
</pin_list>
<bind>
<StgValue><ssdm name="input_0"/><MemPortTyVec>1 3 </MemPortTyVec>
</StgValue>
</bind>
</comp>

<comp id="2" class="1000" name="weights_0">
<pin_list>
<pin id="3" dir="1" index="0" bw="1" slack="0"/>
</pin_list>
<bind>
<StgValue><ssdm name="weights_0"/><MemPortTyVec>1 3 </MemPortTyVec>
</StgValue>
</bind>
</comp>

<comp id="4" class="1000" name="weights_1">
<pin_list>
<pin id="5" dir="1" index="0" bw="1" slack="0"/>
</pin_list>
<bind>
<StgValue><ssdm name="weights_1"/><MemPortTyVec>1 3 </MemPortTyVec>
</StgValue>
</bind>
</comp>

<comp id="6" class="1000" name="weights_2">
<pin_list>
<pin id="7" dir="1" index="0" bw="1" slack="0"/>
</pin_list>
<bind>
<StgValue><ssdm name="weights_2"/><MemPortTyVec>1 3 </MemPortTyVec>
</StgValue>
</bind>
</comp>

<comp id="8" class="1000" name="weights_3">
<pin_list>
<pin id="9" dir="1" index="0" bw="1" slack="0"/>
</pin_list>
<bind>
<StgValue><ssdm name="weights_3"/><MemPortTyVec>1 3 </MemPortTyVec>
</StgValue>
</bind>
</comp>

<comp id="10" class="1000" name="weights_4">
<pin_list>
<pin id="11" dir="1" index="0" bw="1" slack="0"/>
</pin_list>
<bind>
<StgValue><ssdm name="weights_4"/><MemPortTyVec>1 3 </MemPortTyVec>
</StgValue>
</bind>
</comp>

<comp id="12" class="1000" name="weights_5">
<pin_list>
<pin id="13" dir="1" index="0" bw="1" slack="0"/>
</pin_list>
<bind>
<StgValue><ssdm name="weights_5"/><MemPortTyVec>1 3 </MemPortTyVec>
</StgValue>
</bind>
</comp>

<comp id="14" class="1000" name="weights_6">
<pin_list>
<pin id="15" dir="1" index="0" bw="1" slack="0"/>
</pin_list>
<bind>
<StgValue><ssdm name="weights_6"/><MemPortTyVec>1 3 </MemPortTyVec>
</StgValue>
</bind>
</comp>

<comp id="16" class="1000" name="weights_7">
<pin_list>
<pin id="17" dir="1" index="0" bw="1" slack="0"/>
</pin_list>
<bind>
<StgValue><ssdm name="weights_7"/><MemPortTyVec>1 3 </MemPortTyVec>
</StgValue>
</bind>
</comp>

<comp id="18" class="1000" name="p_read4">
<pin_list>
<pin id="19" dir="1" index="0" bw="1" slack="0"/>
</pin_list>
<bind>
<StgValue><ssdm name="p_read4"/></StgValue>
</bind>
</comp>

<comp id="20" class="1000" name="p_read11">
<pin_list>
<pin id="21" dir="1" index="0" bw="1" slack="0"/>
</pin_list>
<bind>
<StgValue><ssdm name="p_read11"/></StgValue>
</bind>
</comp>

<comp id="22" class="1000" name="p_read12">
<pin_list>
<pin id="23" dir="1" index="0" bw="1" slack="0"/>
</pin_list>
<bind>
<StgValue><ssdm name="p_read12"/></StgValue>
</bind>
</comp>

<comp id="24" class="1000" name="p_read13">
<pin_list>
<pin id="25" dir="1" index="0" bw="1" slack="0"/>
</pin_list>
<bind>
<StgValue><ssdm name="p_read13"/></StgValue>
</bind>
</comp>

<comp id="26" class="1001" name="const_26">
<pin_list>
<pin id="27" dir="1" index="0" bw="1" slack="0"/>
</pin_list>
<bind>
<StgValue><ssdm name=""/></StgValue>
</bind>
</comp>

<comp id="28" class="1001" name="const_28">
<pin_list>
<pin id="29" dir="1" index="0" bw="1" slack="0"/>
</pin_list>
<bind>
<StgValue><ssdm name="forwardPropagation<8, 4>_Pipeline_VITIS_LOOP_71_1_VITIS_LOOP_74_3"/></StgValue>
</bind>
</comp>

<comp id="30" class="1001" name="const_30">
<pin_list>
<pin id="31" dir="1" index="0" bw="1" slack="0"/>
</pin_list>
<bind>
<StgValue><ssdm name="_ssdm_op_Read.ap_auto.i25"/></StgValue>
</bind>
</comp>

<comp id="32" class="1001" name="const_32">
<pin_list>
<pin id="33" dir="1" index="0" bw="1" slack="0"/>
</pin_list>
<bind>
<StgValue><ssdm name="forwardPropagation<8, 4>_Pipeline_VITIS_LOOP_145_1"/></StgValue>
</bind>
</comp>

<comp id="34" class="1001" name="const_34">
<pin_list>
<pin id="35" dir="1" index="0" bw="1" slack="0"/>
</pin_list>
<bind>
<StgValue><ssdm name="forwardPropagation<8, 4>_Pipeline_VITIS_LOOP_21_1"/></StgValue>
</bind>
</comp>

<comp id="36" class="1001" name="const_36">
<pin_list>
<pin id="37" dir="1" index="0" bw="1" slack="0"/>
</pin_list>
<bind>
<StgValue><ssdm name=""/></StgValue>
</bind>
</comp>

<comp id="38" class="1004" name="output_3_load_loc_fu_38">
<pin_list>
<pin id="39" dir="0" index="0" bw="1" slack="0"/>
<pin id="40" dir="1" index="1" bw="24" slack="4"/>
</pin_list>
<bind>
<opcode="alloca(26) " fcode="alloca"/>
<opset="output_3_load_loc/1 "/>
</bind>
</comp>

<comp id="42" class="1004" name="output_2_load_loc_fu_42">
<pin_list>
<pin id="43" dir="0" index="0" bw="1" slack="0"/>
<pin id="44" dir="1" index="1" bw="24" slack="4"/>
</pin_list>
<bind>
<opcode="alloca(26) " fcode="alloca"/>
<opset="output_2_load_loc/1 "/>
</bind>
</comp>

<comp id="46" class="1004" name="output_1_load_loc_fu_46">
<pin_list>
<pin id="47" dir="0" index="0" bw="1" slack="0"/>
<pin id="48" dir="1" index="1" bw="24" slack="4"/>
</pin_list>
<bind>
<opcode="alloca(26) " fcode="alloca"/>
<opset="output_1_load_loc/1 "/>
</bind>
</comp>

<comp id="50" class="1004" name="output_load_loc_fu_50">
<pin_list>
<pin id="51" dir="0" index="0" bw="1" slack="0"/>
<pin id="52" dir="1" index="1" bw="24" slack="4"/>
</pin_list>
<bind>
<opcode="alloca(26) " fcode="alloca"/>
<opset="output_load_loc/1 "/>
</bind>
</comp>

<comp id="54" class="1004" name="net_3_load_loc_fu_54">
<pin_list>
<pin id="55" dir="0" index="0" bw="1" slack="0"/>
<pin id="56" dir="1" index="1" bw="25" slack="2"/>
</pin_list>
<bind>
<opcode="alloca(26) " fcode="alloca"/>
<opset="net_3_load_loc/1 "/>
</bind>
</comp>

<comp id="58" class="1004" name="net_2_load_loc_fu_58">
<pin_list>
<pin id="59" dir="0" index="0" bw="1" slack="0"/>
<pin id="60" dir="1" index="1" bw="25" slack="2"/>
</pin_list>
<bind>
<opcode="alloca(26) " fcode="alloca"/>
<opset="net_2_load_loc/1 "/>
</bind>
</comp>

<comp id="62" class="1004" name="net_1_load_loc_fu_62">
<pin_list>
<pin id="63" dir="0" index="0" bw="1" slack="0"/>
<pin id="64" dir="1" index="1" bw="25" slack="2"/>
</pin_list>
<bind>
<opcode="alloca(26) " fcode="alloca"/>
<opset="net_1_load_loc/1 "/>
</bind>
</comp>

<comp id="66" class="1004" name="net_load_loc_fu_66">
<pin_list>
<pin id="67" dir="0" index="0" bw="1" slack="0"/>
<pin id="68" dir="1" index="1" bw="25" slack="2"/>
</pin_list>
<bind>
<opcode="alloca(26) " fcode="alloca"/>
<opset="net_load_loc/1 "/>
</bind>
</comp>

<comp id="70" class="1004" name="C_load_loc_fu_70">
<pin_list>
<pin id="71" dir="0" index="0" bw="1" slack="0"/>
<pin id="72" dir="1" index="1" bw="25" slack="0"/>
</pin_list>
<bind>
<opcode="alloca(26) " fcode="alloca"/>
<opset="C_load_loc/1 "/>
</bind>
</comp>

<comp id="74" class="1004" name="C_12_load_loc_fu_74">
<pin_list>
<pin id="75" dir="0" index="0" bw="1" slack="0"/>
<pin id="76" dir="1" index="1" bw="25" slack="0"/>
</pin_list>
<bind>
<opcode="alloca(26) " fcode="alloca"/>
<opset="C_12_load_loc/1 "/>
</bind>
</comp>

<comp id="78" class="1004" name="C_14_load_loc_fu_78">
<pin_list>
<pin id="79" dir="0" index="0" bw="1" slack="0"/>
<pin id="80" dir="1" index="1" bw="25" slack="0"/>
</pin_list>
<bind>
<opcode="alloca(26) " fcode="alloca"/>
<opset="C_14_load_loc/1 "/>
</bind>
</comp>

<comp id="82" class="1004" name="C_16_load_loc_fu_82">
<pin_list>
<pin id="83" dir="0" index="0" bw="1" slack="0"/>
<pin id="84" dir="1" index="1" bw="25" slack="0"/>
</pin_list>
<bind>
<opcode="alloca(26) " fcode="alloca"/>
<opset="C_16_load_loc/1 "/>
</bind>
</comp>

<comp id="86" class="1004" name="p_read_read_fu_86">
<pin_list>
<pin id="87" dir="0" index="0" bw="25" slack="0"/>
<pin id="88" dir="0" index="1" bw="25" slack="0"/>
<pin id="89" dir="1" index="2" bw="25" slack="0"/>
</pin_list>
<bind>
<opcode="read(1150) " fcode="read"/>
<opset="p_read/3 "/>
</bind>
</comp>

<comp id="92" class="1004" name="p_read_140_read_fu_92">
<pin_list>
<pin id="93" dir="0" index="0" bw="25" slack="0"/>
<pin id="94" dir="0" index="1" bw="25" slack="0"/>
<pin id="95" dir="1" index="2" bw="25" slack="0"/>
</pin_list>
<bind>
<opcode="read(1150) " fcode="read"/>
<opset="p_read_140/3 "/>
</bind>
</comp>

<comp id="98" class="1004" name="p_read_141_read_fu_98">
<pin_list>
<pin id="99" dir="0" index="0" bw="25" slack="0"/>
<pin id="100" dir="0" index="1" bw="25" slack="0"/>
<pin id="101" dir="1" index="2" bw="25" slack="0"/>
</pin_list>
<bind>
<opcode="read(1150) " fcode="read"/>
<opset="p_read_141/3 "/>
</bind>
</comp>

<comp id="104" class="1004" name="p_read469_read_fu_104">
<pin_list>
<pin id="105" dir="0" index="0" bw="25" slack="0"/>
<pin id="106" dir="0" index="1" bw="25" slack="0"/>
<pin id="107" dir="1" index="2" bw="25" slack="0"/>
</pin_list>
<bind>
<opcode="read(1150) " fcode="read"/>
<opset="p_read469/3 "/>
</bind>
</comp>

<comp id="110" class="1004" name="grp_forwardPropagation_8_4_Pipeline_VITIS_LOOP_71_1_VITIS_LOOP_74_3_fu_110">
<pin_list>
<pin id="111" dir="0" index="0" bw="0" slack="0"/>
<pin id="112" dir="0" index="1" bw="25" slack="0"/>
<pin id="113" dir="0" index="2" bw="25" slack="0"/>
<pin id="114" dir="0" index="3" bw="25" slack="0"/>
<pin id="115" dir="0" index="4" bw="25" slack="0"/>
<pin id="116" dir="0" index="5" bw="25" slack="0"/>
<pin id="117" dir="0" index="6" bw="25" slack="0"/>
<pin id="118" dir="0" index="7" bw="25" slack="0"/>
<pin id="119" dir="0" index="8" bw="25" slack="0"/>
<pin id="120" dir="0" index="9" bw="24" slack="0"/>
<pin id="121" dir="0" index="10" bw="25" slack="0"/>
<pin id="122" dir="0" index="11" bw="25" slack="0"/>
<pin id="123" dir="0" index="12" bw="25" slack="0"/>
<pin id="124" dir="0" index="13" bw="25" slack="0"/>
<pin id="125" dir="1" index="14" bw="0" slack="2147483647"/>
</pin_list>
<bind>
<opcode="call(48) " fcode="call"/>
<opset="call_ln0/1 "/>
</bind>
</comp>

<comp id="136" class="1004" name="grp_forwardPropagation_8_4_Pipeline_VITIS_LOOP_145_1_fu_136">
<pin_list>
<pin id="137" dir="0" index="0" bw="0" slack="0"/>
<pin id="138" dir="0" index="1" bw="25" slack="0"/>
<pin id="139" dir="0" index="2" bw="25" slack="0"/>
<pin id="140" dir="0" index="3" bw="25" slack="0"/>
<pin id="141" dir="0" index="4" bw="25" slack="0"/>
<pin id="142" dir="0" index="5" bw="25" slack="0"/>
<pin id="143" dir="0" index="6" bw="25" slack="0"/>
<pin id="144" dir="0" index="7" bw="25" slack="0"/>
<pin id="145" dir="0" index="8" bw="25" slack="0"/>
<pin id="146" dir="0" index="9" bw="25" slack="2"/>
<pin id="147" dir="0" index="10" bw="25" slack="2"/>
<pin id="148" dir="0" index="11" bw="25" slack="2"/>
<pin id="149" dir="0" index="12" bw="25" slack="2"/>
<pin id="150" dir="1" index="13" bw="0" slack="2147483647"/>
</pin_list>
<bind>
<opcode="call(48) " fcode="call"/>
<opset="call_ln0/3 "/>
</bind>
</comp>

<comp id="156" class="1004" name="grp_forwardPropagation_8_4_Pipeline_VITIS_LOOP_21_1_fu_156">
<pin_list>
<pin id="157" dir="0" index="0" bw="0" slack="0"/>
<pin id="158" dir="0" index="1" bw="25" slack="0"/>
<pin id="159" dir="0" index="2" bw="25" slack="0"/>
<pin id="160" dir="0" index="3" bw="25" slack="0"/>
<pin id="161" dir="0" index="4" bw="25" slack="0"/>
<pin id="162" dir="0" index="5" bw="24" slack="4"/>
<pin id="163" dir="0" index="6" bw="24" slack="4"/>
<pin id="164" dir="0" index="7" bw="24" slack="4"/>
<pin id="165" dir="0" index="8" bw="24" slack="4"/>
<pin id="166" dir="1" index="9" bw="0" slack="2147483647"/>
</pin_list>
<bind>
<opcode="call(48) " fcode="call"/>
<opset="call_ln0/5 "/>
</bind>
</comp>

<comp id="168" class="1004" name="C_16_load_load_fu_168">
<pin_list>
<pin id="169" dir="0" index="0" bw="25" slack="2"/>
<pin id="170" dir="1" index="1" bw="25" slack="0"/>
</pin_list>
<bind>
<opcode="load(27) " fcode="load"/>
<opset="C_16_load/3 "/>
</bind>
</comp>

<comp id="172" class="1004" name="C_14_load_load_fu_172">
<pin_list>
<pin id="173" dir="0" index="0" bw="25" slack="2"/>
<pin id="174" dir="1" index="1" bw="25" slack="0"/>
</pin_list>
<bind>
<opcode="load(27) " fcode="load"/>
<opset="C_14_load/3 "/>
</bind>
</comp>

<comp id="176" class="1004" name="C_12_load_load_fu_176">
<pin_list>
<pin id="177" dir="0" index="0" bw="25" slack="2"/>
<pin id="178" dir="1" index="1" bw="25" slack="0"/>
</pin_list>
<bind>
<opcode="load(27) " fcode="load"/>
<opset="C_12_load/3 "/>
</bind>
</comp>

<comp id="180" class="1004" name="C_load_load_fu_180">
<pin_list>
<pin id="181" dir="0" index="0" bw="25" slack="2"/>
<pin id="182" dir="1" index="1" bw="25" slack="0"/>
</pin_list>
<bind>
<opcode="load(27) " fcode="load"/>
<opset="C_load/3 "/>
</bind>
</comp>

<comp id="184" class="1004" name="net_load_load_fu_184">
<pin_list>
<pin id="185" dir="0" index="0" bw="25" slack="4"/>
<pin id="186" dir="1" index="1" bw="25" slack="0"/>
</pin_list>
<bind>
<opcode="load(27) " fcode="load"/>
<opset="net_load/5 "/>
</bind>
</comp>

<comp id="188" class="1004" name="net_1_load_load_fu_188">
<pin_list>
<pin id="189" dir="0" index="0" bw="25" slack="4"/>
<pin id="190" dir="1" index="1" bw="25" slack="0"/>
</pin_list>
<bind>
<opcode="load(27) " fcode="load"/>
<opset="net_1_load/5 "/>
</bind>
</comp>

<comp id="192" class="1004" name="net_2_load_load_fu_192">
<pin_list>
<pin id="193" dir="0" index="0" bw="25" slack="4"/>
<pin id="194" dir="1" index="1" bw="25" slack="0"/>
</pin_list>
<bind>
<opcode="load(27) " fcode="load"/>
<opset="net_2_load/5 "/>
</bind>
</comp>

<comp id="196" class="1004" name="net_3_load_load_fu_196">
<pin_list>
<pin id="197" dir="0" index="0" bw="25" slack="4"/>
<pin id="198" dir="1" index="1" bw="25" slack="0"/>
</pin_list>
<bind>
<opcode="load(27) " fcode="load"/>
<opset="net_3_load/5 "/>
</bind>
</comp>

<comp id="200" class="1004" name="output_load_load_fu_200">
<pin_list>
<pin id="201" dir="0" index="0" bw="24" slack="6"/>
<pin id="202" dir="1" index="1" bw="24" slack="0"/>
</pin_list>
<bind>
<opcode="load(27) " fcode="load"/>
<opset="output_load/7 "/>
</bind>
</comp>

<comp id="203" class="1004" name="output_1_load_load_fu_203">
<pin_list>
<pin id="204" dir="0" index="0" bw="24" slack="6"/>
<pin id="205" dir="1" index="1" bw="24" slack="0"/>
</pin_list>
<bind>
<opcode="load(27) " fcode="load"/>
<opset="output_1_load/7 "/>
</bind>
</comp>

<comp id="206" class="1004" name="output_2_load_load_fu_206">
<pin_list>
<pin id="207" dir="0" index="0" bw="24" slack="6"/>
<pin id="208" dir="1" index="1" bw="24" slack="0"/>
</pin_list>
<bind>
<opcode="load(27) " fcode="load"/>
<opset="output_2_load/7 "/>
</bind>
</comp>

<comp id="209" class="1004" name="output_3_load_load_fu_209">
<pin_list>
<pin id="210" dir="0" index="0" bw="24" slack="6"/>
<pin id="211" dir="1" index="1" bw="24" slack="0"/>
</pin_list>
<bind>
<opcode="load(27) " fcode="load"/>
<opset="output_3_load/7 "/>
</bind>
</comp>

<comp id="212" class="1004" name="zext_ln157_fu_212">
<pin_list>
<pin id="213" dir="0" index="0" bw="24" slack="0"/>
<pin id="214" dir="1" index="1" bw="25" slack="0"/>
</pin_list>
<bind>
<opcode="zext(34) " fcode="zext"/>
<opset="zext_ln157/7 "/>
</bind>
</comp>

<comp id="216" class="1004" name="zext_ln157_1_fu_216">
<pin_list>
<pin id="217" dir="0" index="0" bw="24" slack="0"/>
<pin id="218" dir="1" index="1" bw="25" slack="0"/>
</pin_list>
<bind>
<opcode="zext(34) " fcode="zext"/>
<opset="zext_ln157_1/7 "/>
</bind>
</comp>

<comp id="220" class="1004" name="zext_ln157_2_fu_220">
<pin_list>
<pin id="221" dir="0" index="0" bw="24" slack="0"/>
<pin id="222" dir="1" index="1" bw="25" slack="0"/>
</pin_list>
<bind>
<opcode="zext(34) " fcode="zext"/>
<opset="zext_ln157_2/7 "/>
</bind>
</comp>

<comp id="224" class="1004" name="zext_ln170_fu_224">
<pin_list>
<pin id="225" dir="0" index="0" bw="24" slack="0"/>
<pin id="226" dir="1" index="1" bw="25" slack="0"/>
</pin_list>
<bind>
<opcode="zext(34) " fcode="zext"/>
<opset="zext_ln170/7 "/>
</bind>
</comp>

<comp id="228" class="1004" name="mrv_fu_228">
<pin_list>
<pin id="229" dir="0" index="0" bw="100" slack="0"/>
<pin id="230" dir="0" index="1" bw="24" slack="0"/>
<pin id="231" dir="1" index="2" bw="100" slack="0"/>
</pin_list>
<bind>
<opcode="insertvalue(57) " fcode="insertvalue"/>
<opset="mrv/7 "/>
</bind>
</comp>

<comp id="234" class="1004" name="mrv_1_fu_234">
<pin_list>
<pin id="235" dir="0" index="0" bw="100" slack="0"/>
<pin id="236" dir="0" index="1" bw="24" slack="0"/>
<pin id="237" dir="1" index="2" bw="100" slack="0"/>
</pin_list>
<bind>
<opcode="insertvalue(57) " fcode="insertvalue"/>
<opset="mrv_1/7 "/>
</bind>
</comp>

<comp id="240" class="1004" name="mrv_2_fu_240">
<pin_list>
<pin id="241" dir="0" index="0" bw="100" slack="0"/>
<pin id="242" dir="0" index="1" bw="24" slack="0"/>
<pin id="243" dir="1" index="2" bw="100" slack="0"/>
</pin_list>
<bind>
<opcode="insertvalue(57) " fcode="insertvalue"/>
<opset="mrv_2/7 "/>
</bind>
</comp>

<comp id="246" class="1004" name="mrv_3_fu_246">
<pin_list>
<pin id="247" dir="0" index="0" bw="100" slack="0"/>
<pin id="248" dir="0" index="1" bw="24" slack="0"/>
<pin id="249" dir="1" index="2" bw="100" slack="2147483647"/>
</pin_list>
<bind>
<opcode="insertvalue(57) " fcode="insertvalue"/>
<opset="mrv_3/7 "/>
</bind>
</comp>

<comp id="252" class="1005" name="output_3_load_loc_reg_252">
<pin_list>
<pin id="253" dir="0" index="0" bw="24" slack="4"/>
<pin id="254" dir="1" index="1" bw="24" slack="4"/>
</pin_list>
<bind>
<opset="output_3_load_loc "/>
</bind>
</comp>

<comp id="258" class="1005" name="output_2_load_loc_reg_258">
<pin_list>
<pin id="259" dir="0" index="0" bw="24" slack="4"/>
<pin id="260" dir="1" index="1" bw="24" slack="4"/>
</pin_list>
<bind>
<opset="output_2_load_loc "/>
</bind>
</comp>

<comp id="264" class="1005" name="output_1_load_loc_reg_264">
<pin_list>
<pin id="265" dir="0" index="0" bw="24" slack="4"/>
<pin id="266" dir="1" index="1" bw="24" slack="4"/>
</pin_list>
<bind>
<opset="output_1_load_loc "/>
</bind>
</comp>

<comp id="270" class="1005" name="output_load_loc_reg_270">
<pin_list>
<pin id="271" dir="0" index="0" bw="24" slack="4"/>
<pin id="272" dir="1" index="1" bw="24" slack="4"/>
</pin_list>
<bind>
<opset="output_load_loc "/>
</bind>
</comp>

<comp id="276" class="1005" name="net_3_load_loc_reg_276">
<pin_list>
<pin id="277" dir="0" index="0" bw="25" slack="2"/>
<pin id="278" dir="1" index="1" bw="25" slack="2"/>
</pin_list>
<bind>
<opset="net_3_load_loc "/>
</bind>
</comp>

<comp id="282" class="1005" name="net_2_load_loc_reg_282">
<pin_list>
<pin id="283" dir="0" index="0" bw="25" slack="2"/>
<pin id="284" dir="1" index="1" bw="25" slack="2"/>
</pin_list>
<bind>
<opset="net_2_load_loc "/>
</bind>
</comp>

<comp id="288" class="1005" name="net_1_load_loc_reg_288">
<pin_list>
<pin id="289" dir="0" index="0" bw="25" slack="2"/>
<pin id="290" dir="1" index="1" bw="25" slack="2"/>
</pin_list>
<bind>
<opset="net_1_load_loc "/>
</bind>
</comp>

<comp id="294" class="1005" name="net_load_loc_reg_294">
<pin_list>
<pin id="295" dir="0" index="0" bw="25" slack="2"/>
<pin id="296" dir="1" index="1" bw="25" slack="2"/>
</pin_list>
<bind>
<opset="net_load_loc "/>
</bind>
</comp>

<comp id="300" class="1005" name="C_load_loc_reg_300">
<pin_list>
<pin id="301" dir="0" index="0" bw="25" slack="0"/>
<pin id="302" dir="1" index="1" bw="25" slack="0"/>
</pin_list>
<bind>
<opset="C_load_loc "/>
</bind>
</comp>

<comp id="306" class="1005" name="C_12_load_loc_reg_306">
<pin_list>
<pin id="307" dir="0" index="0" bw="25" slack="0"/>
<pin id="308" dir="1" index="1" bw="25" slack="0"/>
</pin_list>
<bind>
<opset="C_12_load_loc "/>
</bind>
</comp>

<comp id="312" class="1005" name="C_14_load_loc_reg_312">
<pin_list>
<pin id="313" dir="0" index="0" bw="25" slack="0"/>
<pin id="314" dir="1" index="1" bw="25" slack="0"/>
</pin_list>
<bind>
<opset="C_14_load_loc "/>
</bind>
</comp>

<comp id="318" class="1005" name="C_16_load_loc_reg_318">
<pin_list>
<pin id="319" dir="0" index="0" bw="25" slack="0"/>
<pin id="320" dir="1" index="1" bw="25" slack="0"/>
</pin_list>
<bind>
<opset="C_16_load_loc "/>
</bind>
</comp>

<comp id="324" class="1005" name="p_read_reg_324">
<pin_list>
<pin id="325" dir="0" index="0" bw="25" slack="1"/>
<pin id="326" dir="1" index="1" bw="25" slack="1"/>
</pin_list>
<bind>
<opset="p_read "/>
</bind>
</comp>

<comp id="329" class="1005" name="p_read_140_reg_329">
<pin_list>
<pin id="330" dir="0" index="0" bw="25" slack="1"/>
<pin id="331" dir="1" index="1" bw="25" slack="1"/>
</pin_list>
<bind>
<opset="p_read_140 "/>
</bind>
</comp>

<comp id="334" class="1005" name="p_read_141_reg_334">
<pin_list>
<pin id="335" dir="0" index="0" bw="25" slack="1"/>
<pin id="336" dir="1" index="1" bw="25" slack="1"/>
</pin_list>
<bind>
<opset="p_read_141 "/>
</bind>
</comp>

<comp id="339" class="1005" name="p_read469_reg_339">
<pin_list>
<pin id="340" dir="0" index="0" bw="25" slack="1"/>
<pin id="341" dir="1" index="1" bw="25" slack="1"/>
</pin_list>
<bind>
<opset="p_read469 "/>
</bind>
</comp>

</comp_list>

<net_list>
<net id="41"><net_src comp="26" pin="0"/><net_sink comp="38" pin=0"/></net>

<net id="45"><net_src comp="26" pin="0"/><net_sink comp="42" pin=0"/></net>

<net id="49"><net_src comp="26" pin="0"/><net_sink comp="46" pin=0"/></net>

<net id="53"><net_src comp="26" pin="0"/><net_sink comp="50" pin=0"/></net>

<net id="57"><net_src comp="26" pin="0"/><net_sink comp="54" pin=0"/></net>

<net id="61"><net_src comp="26" pin="0"/><net_sink comp="58" pin=0"/></net>

<net id="65"><net_src comp="26" pin="0"/><net_sink comp="62" pin=0"/></net>

<net id="69"><net_src comp="26" pin="0"/><net_sink comp="66" pin=0"/></net>

<net id="73"><net_src comp="26" pin="0"/><net_sink comp="70" pin=0"/></net>

<net id="77"><net_src comp="26" pin="0"/><net_sink comp="74" pin=0"/></net>

<net id="81"><net_src comp="26" pin="0"/><net_sink comp="78" pin=0"/></net>

<net id="85"><net_src comp="26" pin="0"/><net_sink comp="82" pin=0"/></net>

<net id="90"><net_src comp="30" pin="0"/><net_sink comp="86" pin=0"/></net>

<net id="91"><net_src comp="24" pin="0"/><net_sink comp="86" pin=1"/></net>

<net id="96"><net_src comp="30" pin="0"/><net_sink comp="92" pin=0"/></net>

<net id="97"><net_src comp="22" pin="0"/><net_sink comp="92" pin=1"/></net>

<net id="102"><net_src comp="30" pin="0"/><net_sink comp="98" pin=0"/></net>

<net id="103"><net_src comp="20" pin="0"/><net_sink comp="98" pin=1"/></net>

<net id="108"><net_src comp="30" pin="0"/><net_sink comp="104" pin=0"/></net>

<net id="109"><net_src comp="18" pin="0"/><net_sink comp="104" pin=1"/></net>

<net id="126"><net_src comp="28" pin="0"/><net_sink comp="110" pin=0"/></net>

<net id="127"><net_src comp="2" pin="0"/><net_sink comp="110" pin=1"/></net>

<net id="128"><net_src comp="4" pin="0"/><net_sink comp="110" pin=2"/></net>

<net id="129"><net_src comp="6" pin="0"/><net_sink comp="110" pin=3"/></net>

<net id="130"><net_src comp="8" pin="0"/><net_sink comp="110" pin=4"/></net>

<net id="131"><net_src comp="10" pin="0"/><net_sink comp="110" pin=5"/></net>

<net id="132"><net_src comp="12" pin="0"/><net_sink comp="110" pin=6"/></net>

<net id="133"><net_src comp="14" pin="0"/><net_sink comp="110" pin=7"/></net>

<net id="134"><net_src comp="16" pin="0"/><net_sink comp="110" pin=8"/></net>

<net id="135"><net_src comp="0" pin="0"/><net_sink comp="110" pin=9"/></net>

<net id="151"><net_src comp="32" pin="0"/><net_sink comp="136" pin=0"/></net>

<net id="152"><net_src comp="104" pin="2"/><net_sink comp="136" pin=5"/></net>

<net id="153"><net_src comp="98" pin="2"/><net_sink comp="136" pin=6"/></net>

<net id="154"><net_src comp="92" pin="2"/><net_sink comp="136" pin=7"/></net>

<net id="155"><net_src comp="86" pin="2"/><net_sink comp="136" pin=8"/></net>

<net id="167"><net_src comp="34" pin="0"/><net_sink comp="156" pin=0"/></net>

<net id="171"><net_src comp="168" pin="1"/><net_sink comp="136" pin=4"/></net>

<net id="175"><net_src comp="172" pin="1"/><net_sink comp="136" pin=3"/></net>

<net id="179"><net_src comp="176" pin="1"/><net_sink comp="136" pin=2"/></net>

<net id="183"><net_src comp="180" pin="1"/><net_sink comp="136" pin=1"/></net>

<net id="187"><net_src comp="184" pin="1"/><net_sink comp="156" pin=1"/></net>

<net id="191"><net_src comp="188" pin="1"/><net_sink comp="156" pin=2"/></net>

<net id="195"><net_src comp="192" pin="1"/><net_sink comp="156" pin=3"/></net>

<net id="199"><net_src comp="196" pin="1"/><net_sink comp="156" pin=4"/></net>

<net id="215"><net_src comp="200" pin="1"/><net_sink comp="212" pin=0"/></net>

<net id="219"><net_src comp="203" pin="1"/><net_sink comp="216" pin=0"/></net>

<net id="223"><net_src comp="206" pin="1"/><net_sink comp="220" pin=0"/></net>

<net id="227"><net_src comp="209" pin="1"/><net_sink comp="224" pin=0"/></net>

<net id="232"><net_src comp="36" pin="0"/><net_sink comp="228" pin=0"/></net>

<net id="233"><net_src comp="212" pin="1"/><net_sink comp="228" pin=1"/></net>

<net id="238"><net_src comp="228" pin="2"/><net_sink comp="234" pin=0"/></net>

<net id="239"><net_src comp="216" pin="1"/><net_sink comp="234" pin=1"/></net>

<net id="244"><net_src comp="234" pin="2"/><net_sink comp="240" pin=0"/></net>

<net id="245"><net_src comp="220" pin="1"/><net_sink comp="240" pin=1"/></net>

<net id="250"><net_src comp="240" pin="2"/><net_sink comp="246" pin=0"/></net>

<net id="251"><net_src comp="224" pin="1"/><net_sink comp="246" pin=1"/></net>

<net id="255"><net_src comp="38" pin="1"/><net_sink comp="252" pin=0"/></net>

<net id="256"><net_src comp="252" pin="1"/><net_sink comp="156" pin=8"/></net>

<net id="257"><net_src comp="252" pin="1"/><net_sink comp="209" pin=0"/></net>

<net id="261"><net_src comp="42" pin="1"/><net_sink comp="258" pin=0"/></net>

<net id="262"><net_src comp="258" pin="1"/><net_sink comp="156" pin=7"/></net>

<net id="263"><net_src comp="258" pin="1"/><net_sink comp="206" pin=0"/></net>

<net id="267"><net_src comp="46" pin="1"/><net_sink comp="264" pin=0"/></net>

<net id="268"><net_src comp="264" pin="1"/><net_sink comp="156" pin=6"/></net>

<net id="269"><net_src comp="264" pin="1"/><net_sink comp="203" pin=0"/></net>

<net id="273"><net_src comp="50" pin="1"/><net_sink comp="270" pin=0"/></net>

<net id="274"><net_src comp="270" pin="1"/><net_sink comp="156" pin=5"/></net>

<net id="275"><net_src comp="270" pin="1"/><net_sink comp="200" pin=0"/></net>

<net id="279"><net_src comp="54" pin="1"/><net_sink comp="276" pin=0"/></net>

<net id="280"><net_src comp="276" pin="1"/><net_sink comp="136" pin=12"/></net>

<net id="281"><net_src comp="276" pin="1"/><net_sink comp="196" pin=0"/></net>

<net id="285"><net_src comp="58" pin="1"/><net_sink comp="282" pin=0"/></net>

<net id="286"><net_src comp="282" pin="1"/><net_sink comp="136" pin=11"/></net>

<net id="287"><net_src comp="282" pin="1"/><net_sink comp="192" pin=0"/></net>

<net id="291"><net_src comp="62" pin="1"/><net_sink comp="288" pin=0"/></net>

<net id="292"><net_src comp="288" pin="1"/><net_sink comp="136" pin=10"/></net>

<net id="293"><net_src comp="288" pin="1"/><net_sink comp="188" pin=0"/></net>

<net id="297"><net_src comp="66" pin="1"/><net_sink comp="294" pin=0"/></net>

<net id="298"><net_src comp="294" pin="1"/><net_sink comp="136" pin=9"/></net>

<net id="299"><net_src comp="294" pin="1"/><net_sink comp="184" pin=0"/></net>

<net id="303"><net_src comp="70" pin="1"/><net_sink comp="300" pin=0"/></net>

<net id="304"><net_src comp="300" pin="1"/><net_sink comp="110" pin=13"/></net>

<net id="305"><net_src comp="300" pin="1"/><net_sink comp="180" pin=0"/></net>

<net id="309"><net_src comp="74" pin="1"/><net_sink comp="306" pin=0"/></net>

<net id="310"><net_src comp="306" pin="1"/><net_sink comp="110" pin=12"/></net>

<net id="311"><net_src comp="306" pin="1"/><net_sink comp="176" pin=0"/></net>

<net id="315"><net_src comp="78" pin="1"/><net_sink comp="312" pin=0"/></net>

<net id="316"><net_src comp="312" pin="1"/><net_sink comp="110" pin=11"/></net>

<net id="317"><net_src comp="312" pin="1"/><net_sink comp="172" pin=0"/></net>

<net id="321"><net_src comp="82" pin="1"/><net_sink comp="318" pin=0"/></net>

<net id="322"><net_src comp="318" pin="1"/><net_sink comp="110" pin=10"/></net>

<net id="323"><net_src comp="318" pin="1"/><net_sink comp="168" pin=0"/></net>

<net id="327"><net_src comp="86" pin="2"/><net_sink comp="324" pin=0"/></net>

<net id="328"><net_src comp="324" pin="1"/><net_sink comp="136" pin=8"/></net>

<net id="332"><net_src comp="92" pin="2"/><net_sink comp="329" pin=0"/></net>

<net id="333"><net_src comp="329" pin="1"/><net_sink comp="136" pin=7"/></net>

<net id="337"><net_src comp="98" pin="2"/><net_sink comp="334" pin=0"/></net>

<net id="338"><net_src comp="334" pin="1"/><net_sink comp="136" pin=6"/></net>

<net id="342"><net_src comp="104" pin="2"/><net_sink comp="339" pin=0"/></net>

<net id="343"><net_src comp="339" pin="1"/><net_sink comp="136" pin=5"/></net>

</net_list>

</model> 
---------------- Datapath Model END ------------------

* FSMD analyzer results:
  - Output states:
 - Input state : 
	Port: forwardPropagation<8, 4> : input_0 | {1 2 }
	Port: forwardPropagation<8, 4> : weights_0 | {1 2 }
	Port: forwardPropagation<8, 4> : weights_1 | {1 2 }
	Port: forwardPropagation<8, 4> : weights_2 | {1 2 }
	Port: forwardPropagation<8, 4> : weights_3 | {1 2 }
	Port: forwardPropagation<8, 4> : weights_4 | {1 2 }
	Port: forwardPropagation<8, 4> : weights_5 | {1 2 }
	Port: forwardPropagation<8, 4> : weights_6 | {1 2 }
	Port: forwardPropagation<8, 4> : weights_7 | {1 2 }
	Port: forwardPropagation<8, 4> : p_read4 | {3 }
	Port: forwardPropagation<8, 4> : p_read11 | {3 }
	Port: forwardPropagation<8, 4> : p_read12 | {3 }
	Port: forwardPropagation<8, 4> : p_read13 | {3 }
  - Chain level:
	State 1
		call_ln0 : 1
	State 2
	State 3
		call_ln0 : 1
	State 4
	State 5
		call_ln0 : 1
	State 6
	State 7
		zext_ln157 : 1
		zext_ln157_1 : 1
		zext_ln157_2 : 1
		zext_ln170 : 1
		mrv : 2
		mrv_1 : 3
		mrv_2 : 4
		mrv_3 : 5
		ret_ln170 : 6


============================================================
+ Verbose Summary: Datapath Resource usage 
============================================================

* Functional unit list:
|----------|----------------------------------------------------------------------------|---------|---------|---------|---------|
| Operation|                               Functional Unit                              |   DSP   |  Delay  |    FF   |   LUT   |
|----------|----------------------------------------------------------------------------|---------|---------|---------|---------|
|          | grp_forwardPropagation_8_4_Pipeline_VITIS_LOOP_71_1_VITIS_LOOP_74_3_fu_110 |    3    |  4.401  |   176   |   253   |
|   call   |         grp_forwardPropagation_8_4_Pipeline_VITIS_LOOP_145_1_fu_136        |    0    |    0    |   103   |    92   |
|          |         grp_forwardPropagation_8_4_Pipeline_VITIS_LOOP_21_1_fu_156         |    0    |    0    |    99   |    96   |
|----------|----------------------------------------------------------------------------|---------|---------|---------|---------|
|          |                              p_read_read_fu_86                             |    0    |    0    |    0    |    0    |
|   read   |                            p_read_140_read_fu_92                           |    0    |    0    |    0    |    0    |
|          |                            p_read_141_read_fu_98                           |    0    |    0    |    0    |    0    |
|          |                            p_read469_read_fu_104                           |    0    |    0    |    0    |    0    |
|----------|----------------------------------------------------------------------------|---------|---------|---------|---------|
|          |                              zext_ln157_fu_212                             |    0    |    0    |    0    |    0    |
|   zext   |                             zext_ln157_1_fu_216                            |    0    |    0    |    0    |    0    |
|          |                             zext_ln157_2_fu_220                            |    0    |    0    |    0    |    0    |
|          |                              zext_ln170_fu_224                             |    0    |    0    |    0    |    0    |
|----------|----------------------------------------------------------------------------|---------|---------|---------|---------|
|          |                                 mrv_fu_228                                 |    0    |    0    |    0    |    0    |
|insertvalue|                                mrv_1_fu_234                                |    0    |    0    |    0    |    0    |
|          |                                mrv_2_fu_240                                |    0    |    0    |    0    |    0    |
|          |                                mrv_3_fu_246                                |    0    |    0    |    0    |    0    |
|----------|----------------------------------------------------------------------------|---------|---------|---------|---------|
|   Total  |                                                                            |    3    |  4.401  |   378   |   441   |
|----------|----------------------------------------------------------------------------|---------|---------|---------|---------|

Memories:
N/A

* Register list:
+-------------------------+--------+
|                         |   FF   |
+-------------------------+--------+
|  C_12_load_loc_reg_306  |   25   |
|  C_14_load_loc_reg_312  |   25   |
|  C_16_load_loc_reg_318  |   25   |
|    C_load_loc_reg_300   |   25   |
|  net_1_load_loc_reg_288 |   25   |
|  net_2_load_loc_reg_282 |   25   |
|  net_3_load_loc_reg_276 |   25   |
|   net_load_loc_reg_294  |   25   |
|output_1_load_loc_reg_264|   24   |
|output_2_load_loc_reg_258|   24   |
|output_3_load_loc_reg_252|   24   |
| output_load_loc_reg_270 |   24   |
|    p_read469_reg_339    |   25   |
|    p_read_140_reg_329   |   25   |
|    p_read_141_reg_334   |   25   |
|      p_read_reg_324     |   25   |
+-------------------------+--------+
|          Total          |   396  |
+-------------------------+--------+

* Multiplexer (MUX) list: 
|-------------------------------------------------------------|------|------|------|--------||---------||---------||---------|
|                             Comp                            |  Pin | Size |  BW  | S x BW ||  Delay  ||    FF   ||   LUT   |
|-------------------------------------------------------------|------|------|------|--------||---------||---------||---------|
| grp_forwardPropagation_8_4_Pipeline_VITIS_LOOP_145_1_fu_136 |  p5  |   2  |  25  |   50   ||    0    ||    9    |
| grp_forwardPropagation_8_4_Pipeline_VITIS_LOOP_145_1_fu_136 |  p6  |   2  |  25  |   50   ||    0    ||    9    |
| grp_forwardPropagation_8_4_Pipeline_VITIS_LOOP_145_1_fu_136 |  p7  |   2  |  25  |   50   ||    0    ||    9    |
| grp_forwardPropagation_8_4_Pipeline_VITIS_LOOP_145_1_fu_136 |  p8  |   2  |  25  |   50   ||    0    ||    9    |
|-------------------------------------------------------------|------|------|------|--------||---------||---------||---------|
|                            Total                            |      |      |      |   200  ||  1.956  ||    0    ||    36   |
|-------------------------------------------------------------|------|------|------|--------||---------||---------||---------|



* Summary:
+-----------+--------+--------+--------+--------+
|           |   DSP  |  Delay |   FF   |   LUT  |
+-----------+--------+--------+--------+--------+
|  Function |    3   |    4   |   378  |   441  |
|   Memory  |    -   |    -   |    -   |    -   |
|Multiplexer|    -   |    1   |    0   |   36   |
|  Register |    -   |    -   |   396  |    -   |
+-----------+--------+--------+--------+--------+
|   Total   |    3   |    6   |   774  |   477  |
+-----------+--------+--------+--------+--------+
