

================================================================
== Vitis HLS Report for 'top_Pipeline_3'
================================================================
* Date:           Sat Apr 12 12:18:24 2025

* Version:        2024.1 (Build 5069499 on May 21 2024)
* Project:        top
* Solution:       hls (Vivado IP Flow Target)
* Product family: zynquplus
* Target device:  xczu3eg-sfvc784-1-e


================================================================
== Performance Estimates
================================================================
+ Timing: 
    * Summary: 
    +--------+----------+----------+------------+
    |  Clock |  Target  | Estimated| Uncertainty|
    +--------+----------+----------+------------+
    |ap_clk  |  10.00 ns|  2.147 ns|     2.00 ns|
    +--------+----------+----------+------------+

+ Latency: 
    * Summary: 
    +---------+---------+----------+----------+-----+-----+-----------------------------------------------+
    |  Latency (cycles) |  Latency (absolute) |  Interval |                    Pipeline                   |
    |   min   |   max   |    min   |    max   | min | max |                      Type                     |
    +---------+---------+----------+----------+-----+-----+-----------------------------------------------+
    |       12|       12|  0.120 us|  0.120 us|   11|   11|  loop auto-rewind stp(delay=0 clock cycles(s))|
    +---------+---------+----------+----------+-----+-----+-----------------------------------------------+

    + Detail: 
        * Instance: 
        N/A

        * Loop: 
        +----------+---------+---------+----------+-----------+-----------+------+----------+
        |          |  Latency (cycles) | Iteration|  Initiation Interval  | Trip |          |
        | Loop Name|   min   |   max   |  Latency |  achieved |   target  | Count| Pipelined|
        +----------+---------+---------+----------+-----------+-----------+------+----------+
        |- Loop 1  |       10|       10|         1|          1|          1|    10|       yes|
        +----------+---------+---------+----------+-----------+-----------+------+----------+

============================================================
+ Verbose Summary: Synthesis Manager
============================================================
InlineROM: 1
ExposeGlobal: 0
============================================================
+ Verbose Summary: CDFG Model
============================================================
IsTopModel: 0
ResetActiveHigh: 1
IsCombinational: 0
IsDatapathOnly: 0
HasWiredReturn: 1
HasMFsm: 2
HasVarLatency: 1
IsPipeline: 0
IsRtlPipelined: 0
IsInstanceOverlapped: 0
IsDontTouch: 0
HasImplIP: 0
IsGatedGlobalClock: 0

+ Individual pipeline summary: 
  * Pipeline-0: initiation interval (II) = 1, depth = 1


============================================================
+ Verbose Summary: Schedule
============================================================
* Number of FSM states : 1
* Pipeline : 1
  Pipeline-0 : II = 1, D = 1, States = { 1 }
* Dataflow Pipeline: 0

* FSM state transitions: 
1 --> 

* FSM state operations: 

State 1 <SV = 0> <Delay = 2.14>
ST_1 : Operation 4 [1/1] (0.00ns)   --->   "%idx1494 = alloca i32 1"   --->   Operation 4 'alloca' 'idx1494' <Predicate = true> <Delay = 0.00>
ST_1 : Operation 5 [1/1] (0.48ns)   --->   "%store_ln0 = store i4 0, i4 %idx1494"   --->   Operation 5 'store' 'store_ln0' <Predicate = true> <Delay = 0.48>
ST_1 : Operation 6 [1/1] (0.00ns)   --->   "%br_ln0 = br void %for.inc.i.i.i605"   --->   Operation 6 'br' 'br_ln0' <Predicate = true> <Delay = 0.00>
ST_1 : Operation 7 [1/1] (0.00ns)   --->   "%idx1494_load = load i4 %idx1494" [C:/Xilinx/Vitis_HLS/2024.1/tps/mingw/8.3.0/win64.o/nt\lib\gcc\x86_64-w64-mingw32\8.3.0\include\c++\bits/stl_algobase.h:740->C:/Xilinx/Vitis_HLS/2024.1/tps/mingw/8.3.0/win64.o/nt\lib\gcc\x86_64-w64-mingw32\8.3.0\include\c++\bits/stl_algobase.h:789->C:/Xilinx/Vitis_HLS/2024.1/tps/mingw/8.3.0/win64.o/nt\lib\gcc\x86_64-w64-mingw32\8.3.0\include\c++\array:117->../top.cpp:73]   --->   Operation 7 'load' 'idx1494_load' <Predicate = true> <Delay = 0.00>
ST_1 : Operation 8 [1/1] (0.86ns)   --->   "%icmp_ln741 = icmp_eq  i4 %idx1494_load, i4 10" [C:/Xilinx/Vitis_HLS/2024.1/tps/mingw/8.3.0/win64.o/nt\lib\gcc\x86_64-w64-mingw32\8.3.0\include\c++\bits/stl_algobase.h:741->C:/Xilinx/Vitis_HLS/2024.1/tps/mingw/8.3.0/win64.o/nt\lib\gcc\x86_64-w64-mingw32\8.3.0\include\c++\bits/stl_algobase.h:789->C:/Xilinx/Vitis_HLS/2024.1/tps/mingw/8.3.0/win64.o/nt\lib\gcc\x86_64-w64-mingw32\8.3.0\include\c++\array:117->../top.cpp:73]   --->   Operation 8 'icmp' 'icmp_ln741' <Predicate = true> <Delay = 0.86> <CoreInst = "Cmp">   --->   Core 9 'Cmp' <Latency = 0> <II = 1> <Delay = 0.86> <FuncUnit> <Opcode : 'seteq' 'setne' 'setle' 'setge' 'setlt' 'setgt'> <InPorts = 2> <OutPorts = 1>
ST_1 : Operation 9 [1/1] (0.00ns)   --->   "%speclooptripcount_ln0 = speclooptripcount void @_ssdm_op_SpecLoopTripCount, i64 10, i64 10, i64 10"   --->   Operation 9 'speclooptripcount' 'speclooptripcount_ln0' <Predicate = true> <Delay = 0.00>
ST_1 : Operation 10 [1/1] (0.86ns)   --->   "%add_ln740 = add i4 %idx1494_load, i4 1" [C:/Xilinx/Vitis_HLS/2024.1/tps/mingw/8.3.0/win64.o/nt\lib\gcc\x86_64-w64-mingw32\8.3.0\include\c++\bits/stl_algobase.h:740->C:/Xilinx/Vitis_HLS/2024.1/tps/mingw/8.3.0/win64.o/nt\lib\gcc\x86_64-w64-mingw32\8.3.0\include\c++\bits/stl_algobase.h:789->C:/Xilinx/Vitis_HLS/2024.1/tps/mingw/8.3.0/win64.o/nt\lib\gcc\x86_64-w64-mingw32\8.3.0\include\c++\array:117->../top.cpp:73]   --->   Operation 10 'add' 'add_ln740' <Predicate = true> <Delay = 0.86> <CoreInst = "Adder">   --->   Core 1 'Adder' <Latency = 0> <II = 1> <Delay = 0.86> <FuncUnit> <Opcode : 'add' 'sub'> <InPorts = 2> <OutPorts = 1>
ST_1 : Operation 11 [1/1] (0.00ns)   --->   "%br_ln740 = br i1 %icmp_ln741, void %for.inc.i.i.i605.split, void %for.inc.preheader.exitStub" [C:/Xilinx/Vitis_HLS/2024.1/tps/mingw/8.3.0/win64.o/nt\lib\gcc\x86_64-w64-mingw32\8.3.0\include\c++\bits/stl_algobase.h:740->C:/Xilinx/Vitis_HLS/2024.1/tps/mingw/8.3.0/win64.o/nt\lib\gcc\x86_64-w64-mingw32\8.3.0\include\c++\bits/stl_algobase.h:789->C:/Xilinx/Vitis_HLS/2024.1/tps/mingw/8.3.0/win64.o/nt\lib\gcc\x86_64-w64-mingw32\8.3.0\include\c++\array:117->../top.cpp:73]   --->   Operation 11 'br' 'br_ln740' <Predicate = true> <Delay = 0.00>
ST_1 : Operation 12 [1/1] (0.00ns)   --->   "%zext_ln741 = zext i4 %idx1494_load" [C:/Xilinx/Vitis_HLS/2024.1/tps/mingw/8.3.0/win64.o/nt\lib\gcc\x86_64-w64-mingw32\8.3.0\include\c++\bits/stl_algobase.h:741->C:/Xilinx/Vitis_HLS/2024.1/tps/mingw/8.3.0/win64.o/nt\lib\gcc\x86_64-w64-mingw32\8.3.0\include\c++\bits/stl_algobase.h:789->C:/Xilinx/Vitis_HLS/2024.1/tps/mingw/8.3.0/win64.o/nt\lib\gcc\x86_64-w64-mingw32\8.3.0\include\c++\array:117->../top.cpp:73]   --->   Operation 12 'zext' 'zext_ln741' <Predicate = (!icmp_ln741)> <Delay = 0.00>
ST_1 : Operation 13 [1/1] (0.00ns)   --->   "%specpipeline_ln742 = specpipeline void @_ssdm_op_SpecPipeline, i32 4294967295, i32 0, i32 0, i32 0, void @empty_75" [C:/Xilinx/Vitis_HLS/2024.1/tps/mingw/8.3.0/win64.o/nt\lib\gcc\x86_64-w64-mingw32\8.3.0\include\c++\bits/stl_algobase.h:742->C:/Xilinx/Vitis_HLS/2024.1/tps/mingw/8.3.0/win64.o/nt\lib\gcc\x86_64-w64-mingw32\8.3.0\include\c++\bits/stl_algobase.h:789->C:/Xilinx/Vitis_HLS/2024.1/tps/mingw/8.3.0/win64.o/nt\lib\gcc\x86_64-w64-mingw32\8.3.0\include\c++\array:117->../top.cpp:73]   --->   Operation 13 'specpipeline' 'specpipeline_ln742' <Predicate = (!icmp_ln741)> <Delay = 0.00>
ST_1 : Operation 14 [1/1] (0.00ns)   --->   "%biases_l3_addr = getelementptr i25 %biases_l3, i64 0, i64 %zext_ln741" [C:/Xilinx/Vitis_HLS/2024.1/tps/mingw/8.3.0/win64.o/nt\lib\gcc\x86_64-w64-mingw32\8.3.0\include\c++\bits/stl_algobase.h:742->C:/Xilinx/Vitis_HLS/2024.1/tps/mingw/8.3.0/win64.o/nt\lib\gcc\x86_64-w64-mingw32\8.3.0\include\c++\bits/stl_algobase.h:789->C:/Xilinx/Vitis_HLS/2024.1/tps/mingw/8.3.0/win64.o/nt\lib\gcc\x86_64-w64-mingw32\8.3.0\include\c++\array:117->../top.cpp:73]   --->   Operation 14 'getelementptr' 'biases_l3_addr' <Predicate = (!icmp_ln741)> <Delay = 0.00>
ST_1 : Operation 15 [1/1] (0.79ns)   --->   "%store_ln742 = store i25 0, i4 %biases_l3_addr" [C:/Xilinx/Vitis_HLS/2024.1/tps/mingw/8.3.0/win64.o/nt\lib\gcc\x86_64-w64-mingw32\8.3.0\include\c++\bits/stl_algobase.h:742->C:/Xilinx/Vitis_HLS/2024.1/tps/mingw/8.3.0/win64.o/nt\lib\gcc\x86_64-w64-mingw32\8.3.0\include\c++\bits/stl_algobase.h:789->C:/Xilinx/Vitis_HLS/2024.1/tps/mingw/8.3.0/win64.o/nt\lib\gcc\x86_64-w64-mingw32\8.3.0\include\c++\array:117->../top.cpp:73]   --->   Operation 15 'store' 'store_ln742' <Predicate = (!icmp_ln741)> <Delay = 0.79> <CoreInst = "RAM">   --->   Core 82 'RAM' <Latency = 1> <II = 1> <Delay = 0.79> <Storage> <Opcode : 'load' 'store'> <Ports = 2> <Width = 25> <Depth = 10> <RAM>
ST_1 : Operation 16 [1/1] (0.48ns)   --->   "%store_ln740 = store i4 %add_ln740, i4 %idx1494" [C:/Xilinx/Vitis_HLS/2024.1/tps/mingw/8.3.0/win64.o/nt\lib\gcc\x86_64-w64-mingw32\8.3.0\include\c++\bits/stl_algobase.h:740->C:/Xilinx/Vitis_HLS/2024.1/tps/mingw/8.3.0/win64.o/nt\lib\gcc\x86_64-w64-mingw32\8.3.0\include\c++\bits/stl_algobase.h:789->C:/Xilinx/Vitis_HLS/2024.1/tps/mingw/8.3.0/win64.o/nt\lib\gcc\x86_64-w64-mingw32\8.3.0\include\c++\array:117->../top.cpp:73]   --->   Operation 16 'store' 'store_ln740' <Predicate = (!icmp_ln741)> <Delay = 0.48>
ST_1 : Operation 17 [1/1] (0.00ns)   --->   "%br_ln740 = br void %for.inc.i.i.i605" [C:/Xilinx/Vitis_HLS/2024.1/tps/mingw/8.3.0/win64.o/nt\lib\gcc\x86_64-w64-mingw32\8.3.0\include\c++\bits/stl_algobase.h:740->C:/Xilinx/Vitis_HLS/2024.1/tps/mingw/8.3.0/win64.o/nt\lib\gcc\x86_64-w64-mingw32\8.3.0\include\c++\bits/stl_algobase.h:789->C:/Xilinx/Vitis_HLS/2024.1/tps/mingw/8.3.0/win64.o/nt\lib\gcc\x86_64-w64-mingw32\8.3.0\include\c++\array:117->../top.cpp:73]   --->   Operation 17 'br' 'br_ln740' <Predicate = (!icmp_ln741)> <Delay = 0.00>
ST_1 : Operation 18 [1/1] (0.48ns)   --->   "%ret_ln0 = ret"   --->   Operation 18 'ret' 'ret_ln0' <Predicate = (icmp_ln741)> <Delay = 0.48>


============================================================
+ Verbose Summary: Timing violations
============================================================
Target clock period: 10.000ns, clock uncertainty: 2.000ns.

 <State 1>: 2.147ns
The critical path consists of the following:
	'store' operation 0 bit ('store_ln0') of constant 0 on local variable 'idx1494' [3]  (0.489 ns)
	'load' operation 4 bit ('idx1494_load', C:/Xilinx/Vitis_HLS/2024.1/tps/mingw/8.3.0/win64.o/nt\lib\gcc\x86_64-w64-mingw32\8.3.0\include\c++\bits/stl_algobase.h:740->C:/Xilinx/Vitis_HLS/2024.1/tps/mingw/8.3.0/win64.o/nt\lib\gcc\x86_64-w64-mingw32\8.3.0\include\c++\bits/stl_algobase.h:789->C:/Xilinx/Vitis_HLS/2024.1/tps/mingw/8.3.0/win64.o/nt\lib\gcc\x86_64-w64-mingw32\8.3.0\include\c++\array:117->../top.cpp:73) on local variable 'idx1494' [6]  (0.000 ns)
	'icmp' operation 1 bit ('icmp_ln741', C:/Xilinx/Vitis_HLS/2024.1/tps/mingw/8.3.0/win64.o/nt\lib\gcc\x86_64-w64-mingw32\8.3.0\include\c++\bits/stl_algobase.h:741->C:/Xilinx/Vitis_HLS/2024.1/tps/mingw/8.3.0/win64.o/nt\lib\gcc\x86_64-w64-mingw32\8.3.0\include\c++\bits/stl_algobase.h:789->C:/Xilinx/Vitis_HLS/2024.1/tps/mingw/8.3.0/win64.o/nt\lib\gcc\x86_64-w64-mingw32\8.3.0\include\c++\array:117->../top.cpp:73) [7]  (0.868 ns)
	'store' operation 0 bit ('store_ln742', C:/Xilinx/Vitis_HLS/2024.1/tps/mingw/8.3.0/win64.o/nt\lib\gcc\x86_64-w64-mingw32\8.3.0\include\c++\bits/stl_algobase.h:742->C:/Xilinx/Vitis_HLS/2024.1/tps/mingw/8.3.0/win64.o/nt\lib\gcc\x86_64-w64-mingw32\8.3.0\include\c++\bits/stl_algobase.h:789->C:/Xilinx/Vitis_HLS/2024.1/tps/mingw/8.3.0/win64.o/nt\lib\gcc\x86_64-w64-mingw32\8.3.0\include\c++\array:117->../top.cpp:73) of constant 0 on array 'biases_l3' [15]  (0.790 ns)


============================================================
+ Verbose Summary: Binding
============================================================
N/A
* FSMD analyzer results:
  - Output states:
 - Input state : 
  - Chain level:
	State 1


============================================================
+ Verbose Summary: Datapath Resource usage 
============================================================
N/A
