

================================================================
== Vitis HLS Report for 'backProp_64_64_8_Pipeline_VITIS_LOOP_22_1'
================================================================
* Date:           Fri Mar 21 12:05:03 2025

* Version:        2024.1 (Build 5069499 on May 21 2024)
* Project:        accelerator
* Solution:       hls (Vivado IP Flow Target)
* Product family: zynquplus
* Target device:  xczu3eg-sfvc784-1-e


================================================================
== Performance Estimates
================================================================
+ Timing: 
    * Summary: 
    +--------+----------+----------+------------+
    |  Clock |  Target  | Estimated| Uncertainty|
    +--------+----------+----------+------------+
    |ap_clk  |  10.00 ns|  7.098 ns|     2.00 ns|
    +--------+----------+----------+------------+

+ Latency: 
    * Summary: 
    +---------+---------+----------+----------+-----+-----+-----------------------------------------------+
    |  Latency (cycles) |  Latency (absolute) |  Interval |                    Pipeline                   |
    |   min   |   max   |    min   |    max   | min | max |                      Type                     |
    +---------+---------+----------+----------+-----+-----+-----------------------------------------------+
    |       72|       72|  0.720 us|  0.720 us|   65|   65|  loop auto-rewind stp(delay=0 clock cycles(s))|
    +---------+---------+----------+----------+-----+-----+-----------------------------------------------+

    + Detail: 
        * Instance: 
        N/A

        * Loop: 
        +-------------------+---------+---------+----------+-----------+-----------+------+----------+
        |                   |  Latency (cycles) | Iteration|  Initiation Interval  | Trip |          |
        |     Loop Name     |   min   |   max   |  Latency |  achieved |   target  | Count| Pipelined|
        +-------------------+---------+---------+----------+-----------+-----------+------+----------+
        |- VITIS_LOOP_22_1  |       70|       70|         8|          1|          1|    64|       yes|
        +-------------------+---------+---------+----------+-----------+-----------+------+----------+



================================================================
== Utilization Estimates
================================================================
* Summary: 
+-----------------+---------+-----+--------+-------+-----+
|       Name      | BRAM_18K| DSP |   FF   |  LUT  | URAM|
+-----------------+---------+-----+--------+-------+-----+
|DSP              |        -|    -|       -|      -|    -|
|Expression       |        -|    -|       0|    112|    -|
|FIFO             |        -|    -|       -|      -|    -|
|Instance         |        -|    -|       -|      -|    -|
|Memory           |        -|    -|       -|      -|    -|
|Multiplexer      |        -|    -|       0|     36|    -|
|Register         |        -|    -|     160|     32|    -|
+-----------------+---------+-----+--------+-------+-----+
|Total            |        0|    0|     160|    180|    0|
+-----------------+---------+-----+--------+-------+-----+
|Available        |      432|  360|  141120|  70560|    0|
+-----------------+---------+-----+--------+-------+-----+
|Utilization (%)  |        0|    0|      ~0|     ~0|    0|
+-----------------+---------+-----+--------+-------+-----+

+ Detail: 
    * Instance: 
    N/A

    * DSP: 
    N/A

    * Memory: 
    N/A

    * FIFO: 
    N/A

    * Expression: 
    +-----------------------+----------+----+---+----+------------+------------+
    |     Variable Name     | Operation| DSP| FF| LUT| Bitwidth P0| Bitwidth P1|
    +-----------------------+----------+----+---+----+------------+------------+
    |i_36_fu_95_p2          |         +|   0|  0|  14|           7|           1|
    |and_ln23_fu_145_p2     |       and|   0|  0|   2|           1|           1|
    |icmp_ln22_fu_89_p2     |      icmp|   0|  0|  15|           7|           8|
    |icmp_ln23_3_fu_135_p2  |      icmp|   0|  0|  59|          52|           1|
    |icmp_ln23_fu_129_p2    |      icmp|   0|  0|  18|          11|           2|
    |or_ln23_fu_141_p2      |        or|   0|  0|   2|           1|           1|
    |ap_enable_pp0          |       xor|   0|  0|   2|           1|           2|
    +-----------------------+----------+----+---+----+------------+------------+
    |Total                  |          |   0|  0| 112|          80|          16|
    +-----------------------+----------+----+---+----+------------+------------+

    * Multiplexer: 
    +-------------------------+----+-----------+-----+-----------+
    |           Name          | LUT| Input Size| Bits| Total Bits|
    +-------------------------+----+-----------+-----+-----------+
    |ap_done_int              |   9|          2|    1|          2|
    |ap_enable_reg_pp0_iter1  |   9|          2|    1|          2|
    |ap_sig_allocacmp_i_35    |   9|          2|    7|         14|
    |i_fu_42                  |   9|          2|    7|         14|
    +-------------------------+----+-----------+-----+-----------+
    |Total                    |  36|          8|   16|         32|
    +-------------------------+----+-----------+-----+-----------+

    * Register: 
    +----------------------------------+----+----+-----+-----------+
    |               Name               | FF | LUT| Bits| Const Bits|
    +----------------------------------+----+----+-----+-----------+
    |and_ln23_reg_191                  |   1|   0|    1|          0|
    |ap_CS_fsm                         |   1|   0|    1|          0|
    |ap_done_reg                       |   1|   0|    1|          0|
    |ap_enable_reg_pp0_iter1           |   1|   0|    1|          0|
    |ap_enable_reg_pp0_iter2           |   1|   0|    1|          0|
    |ap_enable_reg_pp0_iter3           |   1|   0|    1|          0|
    |ap_enable_reg_pp0_iter4           |   1|   0|    1|          0|
    |ap_enable_reg_pp0_iter5           |   1|   0|    1|          0|
    |ap_enable_reg_pp0_iter6           |   1|   0|    1|          0|
    |ap_enable_reg_pp0_iter7           |   1|   0|    1|          0|
    |ap_loop_exit_ready_pp0_iter1_reg  |   1|   0|    1|          0|
    |ap_loop_exit_ready_pp0_iter2_reg  |   1|   0|    1|          0|
    |ap_loop_exit_ready_pp0_iter3_reg  |   1|   0|    1|          0|
    |ap_loop_exit_ready_pp0_iter4_reg  |   1|   0|    1|          0|
    |ap_loop_exit_ready_pp0_iter5_reg  |   1|   0|    1|          0|
    |ap_loop_exit_ready_pp0_iter6_reg  |   1|   0|    1|          0|
    |conv_i_reg_201                    |  64|   0|   64|          0|
    |i_fu_42                           |   7|   0|    7|          0|
    |icmp_ln23_3_reg_186               |   1|   0|    1|          0|
    |icmp_ln23_reg_181                 |   1|   0|    1|          0|
    |zext_ln22_reg_166                 |   7|   0|   64|         57|
    |zext_ln22_reg_166                 |  64|  32|   64|         57|
    +----------------------------------+----+----+-----+-----------+
    |Total                             | 160|  32|  217|        114|
    +----------------------------------+----+----+-----+-----------+



================================================================
== Interface
================================================================
* Summary: 
+-------------------------+-----+-----+------------+----------------------------------------------+--------------+
|        RTL Ports        | Dir | Bits|  Protocol  |                 Source Object                |    C Type    |
+-------------------------+-----+-----+------------+----------------------------------------------+--------------+
|ap_clk                   |   in|    1|  ap_ctrl_hs|  backProp<64, 64, 8>_Pipeline_VITIS_LOOP_22_1|  return value|
|ap_rst                   |   in|    1|  ap_ctrl_hs|  backProp<64, 64, 8>_Pipeline_VITIS_LOOP_22_1|  return value|
|ap_start                 |   in|    1|  ap_ctrl_hs|  backProp<64, 64, 8>_Pipeline_VITIS_LOOP_22_1|  return value|
|ap_done                  |  out|    1|  ap_ctrl_hs|  backProp<64, 64, 8>_Pipeline_VITIS_LOOP_22_1|  return value|
|ap_idle                  |  out|    1|  ap_ctrl_hs|  backProp<64, 64, 8>_Pipeline_VITIS_LOOP_22_1|  return value|
|ap_ready                 |  out|    1|  ap_ctrl_hs|  backProp<64, 64, 8>_Pipeline_VITIS_LOOP_22_1|  return value|
|grp_fu_11628_p_din0      |  out|   64|  ap_ctrl_hs|  backProp<64, 64, 8>_Pipeline_VITIS_LOOP_22_1|  return value|
|grp_fu_11628_p_din1      |  out|   64|  ap_ctrl_hs|  backProp<64, 64, 8>_Pipeline_VITIS_LOOP_22_1|  return value|
|grp_fu_11628_p_opcode    |  out|    5|  ap_ctrl_hs|  backProp<64, 64, 8>_Pipeline_VITIS_LOOP_22_1|  return value|
|grp_fu_11628_p_dout0     |   in|    1|  ap_ctrl_hs|  backProp<64, 64, 8>_Pipeline_VITIS_LOOP_22_1|  return value|
|grp_fu_11628_p_ce        |  out|    1|  ap_ctrl_hs|  backProp<64, 64, 8>_Pipeline_VITIS_LOOP_22_1|  return value|
|grp_fu_11632_p_din0      |  out|   32|  ap_ctrl_hs|  backProp<64, 64, 8>_Pipeline_VITIS_LOOP_22_1|  return value|
|grp_fu_11632_p_dout0     |   in|   64|  ap_ctrl_hs|  backProp<64, 64, 8>_Pipeline_VITIS_LOOP_22_1|  return value|
|grp_fu_11632_p_ce        |  out|    1|  ap_ctrl_hs|  backProp<64, 64, 8>_Pipeline_VITIS_LOOP_22_1|  return value|
|net_0_address0           |  out|    6|   ap_memory|                                         net_0|         array|
|net_0_ce0                |  out|    1|   ap_memory|                                         net_0|         array|
|net_0_q0                 |   in|   64|   ap_memory|                                         net_0|         array|
|d_activation_0_address0  |  out|    6|   ap_memory|                                d_activation_0|         array|
|d_activation_0_ce0       |  out|    1|   ap_memory|                                d_activation_0|         array|
|d_activation_0_we0       |  out|    1|   ap_memory|                                d_activation_0|         array|
|d_activation_0_d0        |  out|   64|   ap_memory|                                d_activation_0|         array|
+-------------------------+-----+-----+------------+----------------------------------------------+--------------+

============================================================
+ Verbose Summary: Synthesis Manager
============================================================
InlineROM: 1
ExposeGlobal: 0
============================================================
+ Verbose Summary: CDFG Model
============================================================
IsTopModel: 0
ResetActiveHigh: 1
IsCombinational: 2
IsDatapathOnly: 2
HasWiredReturn: 1
HasMFsm: 2
HasVarLatency: 1
IsPipeline: 0
IsRtlPipelined: 0
IsInstanceOverlapped: 0
IsDontTouch: 0
HasImplIP: 0
IsGatedGlobalClock: 0

+ Individual pipeline summary: 
  * Pipeline-0: initiation interval (II) = 1, depth = 8


============================================================
+ Verbose Summary: Schedule
============================================================
* Number of FSM states : 8
* Pipeline : 1
  Pipeline-0 : II = 1, D = 8, States = { 1 2 3 4 5 6 7 8 }
* Dataflow Pipeline: 0

* FSM state transitions: 
1 --> 2 
2 --> 3 
3 --> 4 
4 --> 5 
5 --> 6 
6 --> 7 
7 --> 8 
8 --> 

* FSM state operations: 

State 1 <SV = 0> <Delay = 1.87>
ST_1 : Operation 11 [1/1] (0.00ns)   --->   "%i = alloca i32 1" [../activation.cpp:22->../layer.h:274]   --->   Operation 11 'alloca' 'i' <Predicate = true> <Delay = 0.00>
ST_1 : Operation 12 [1/1] (0.48ns)   --->   "%store_ln22 = store i7 0, i7 %i" [../activation.cpp:22->../layer.h:274]   --->   Operation 12 'store' 'store_ln22' <Predicate = true> <Delay = 0.48>
ST_1 : Operation 13 [1/1] (0.00ns)   --->   "%br_ln0 = br void %for.inc.i16"   --->   Operation 13 'br' 'br_ln0' <Predicate = true> <Delay = 0.00>
ST_1 : Operation 14 [1/1] (0.00ns)   --->   "%i_35 = load i7 %i" [../activation.cpp:22->../layer.h:274]   --->   Operation 14 'load' 'i_35' <Predicate = true> <Delay = 0.00>
ST_1 : Operation 15 [1/1] (0.89ns)   --->   "%icmp_ln22 = icmp_eq  i7 %i_35, i7 64" [../activation.cpp:22->../layer.h:274]   --->   Operation 15 'icmp' 'icmp_ln22' <Predicate = true> <Delay = 0.89> <CoreInst = "Cmp">   --->   Core 9 'Cmp' <Latency = 0> <II = 1> <Delay = 0.90> <FuncUnit> <Opcode : 'seteq' 'setne' 'setle' 'setge' 'setlt' 'setgt'> <InPorts = 2> <OutPorts = 1>
ST_1 : Operation 16 [1/1] (0.89ns)   --->   "%i_36 = add i7 %i_35, i7 1" [../activation.cpp:22->../layer.h:274]   --->   Operation 16 'add' 'i_36' <Predicate = true> <Delay = 0.89> <CoreInst = "Adder">   --->   Core 1 'Adder' <Latency = 0> <II = 1> <Delay = 0.89> <FuncUnit> <Opcode : 'add' 'sub'> <InPorts = 2> <OutPorts = 1>
ST_1 : Operation 17 [1/1] (0.00ns)   --->   "%br_ln22 = br i1 %icmp_ln22, void %for.inc.i16.split, void %VITIS_LOOP_285_4.preheader.exitStub" [../activation.cpp:22->../layer.h:274]   --->   Operation 17 'br' 'br_ln22' <Predicate = true> <Delay = 0.00>
ST_1 : Operation 18 [1/1] (0.00ns)   --->   "%zext_ln22 = zext i7 %i_35" [../activation.cpp:22->../layer.h:274]   --->   Operation 18 'zext' 'zext_ln22' <Predicate = (!icmp_ln22)> <Delay = 0.00>
ST_1 : Operation 19 [1/1] (0.00ns)   --->   "%net_0_addr = getelementptr i64 %net_0, i64 0, i64 %zext_ln22" [C:/Xilinx/Vitis_HLS/2024.1/tps/mingw/8.3.0/win64.o/nt\lib\gcc\x86_64-w64-mingw32\8.3.0\include\c++\array:56->C:/Xilinx/Vitis_HLS/2024.1/tps/mingw/8.3.0/win64.o/nt\lib\gcc\x86_64-w64-mingw32\8.3.0\include\c++\array:186->../activation.cpp:23->../layer.h:274]   --->   Operation 19 'getelementptr' 'net_0_addr' <Predicate = (!icmp_ln22)> <Delay = 0.00>
ST_1 : Operation 20 [2/2] (1.35ns)   --->   "%net_0_load = load i6 %net_0_addr" [../activation.cpp:23->../layer.h:274]   --->   Operation 20 'load' 'net_0_load' <Predicate = (!icmp_ln22)> <Delay = 1.35> <CoreInst = "RAM">   --->   Core 82 'RAM' <Latency = 1> <II = 1> <Delay = 1.35> <Storage> <Opcode : 'load' 'store'> <Ports = 2> <Width = 64> <Depth = 64> <RAM>
ST_1 : Operation 21 [1/1] (0.48ns)   --->   "%store_ln22 = store i7 %i_36, i7 %i" [../activation.cpp:22->../layer.h:274]   --->   Operation 21 'store' 'store_ln22' <Predicate = (!icmp_ln22)> <Delay = 0.48>

State 2 <SV = 1> <Delay = 4.96>
ST_2 : Operation 22 [1/2] (1.35ns)   --->   "%net_0_load = load i6 %net_0_addr" [../activation.cpp:23->../layer.h:274]   --->   Operation 22 'load' 'net_0_load' <Predicate = true> <Delay = 1.35> <CoreInst = "RAM">   --->   Core 82 'RAM' <Latency = 1> <II = 1> <Delay = 1.35> <Storage> <Opcode : 'load' 'store'> <Ports = 2> <Width = 64> <Depth = 64> <RAM>
ST_2 : Operation 23 [1/1] (0.00ns)   --->   "%bitcast_ln23 = bitcast i64 %net_0_load" [../activation.cpp:23->../layer.h:274]   --->   Operation 23 'bitcast' 'bitcast_ln23' <Predicate = true> <Delay = 0.00>
ST_2 : Operation 24 [1/1] (0.00ns)   --->   "%tmp = partselect i11 @_ssdm_op_PartSelect.i11.i64.i32.i32, i64 %bitcast_ln23, i32 52, i32 62" [../activation.cpp:23->../layer.h:274]   --->   Operation 24 'partselect' 'tmp' <Predicate = true> <Delay = 0.00>
ST_2 : Operation 25 [1/1] (0.00ns)   --->   "%trunc_ln23 = trunc i64 %bitcast_ln23" [../activation.cpp:23->../layer.h:274]   --->   Operation 25 'trunc' 'trunc_ln23' <Predicate = true> <Delay = 0.00>
ST_2 : Operation 26 [1/1] (0.94ns)   --->   "%icmp_ln23 = icmp_ne  i11 %tmp, i11 2047" [../activation.cpp:23->../layer.h:274]   --->   Operation 26 'icmp' 'icmp_ln23' <Predicate = true> <Delay = 0.94> <CoreInst = "Cmp">   --->   Core 9 'Cmp' <Latency = 0> <II = 1> <Delay = 0.94> <FuncUnit> <Opcode : 'seteq' 'setne' 'setle' 'setge' 'setlt' 'setgt'> <InPorts = 2> <OutPorts = 1>
ST_2 : Operation 27 [1/1] (1.30ns)   --->   "%icmp_ln23_3 = icmp_eq  i52 %trunc_ln23, i52 0" [../activation.cpp:23->../layer.h:274]   --->   Operation 27 'icmp' 'icmp_ln23_3' <Predicate = true> <Delay = 1.30> <CoreInst = "Cmp">   --->   Core 9 'Cmp' <Latency = 0> <II = 1> <Delay = 1.30> <FuncUnit> <Opcode : 'seteq' 'setne' 'setle' 'setge' 'setlt' 'setgt'> <InPorts = 2> <OutPorts = 1>
ST_2 : Operation 28 [2/2] (3.61ns)   --->   "%tmp_s = fcmp_ogt  i64 %net_0_load, i64 0" [../activation.cpp:23->../layer.h:274]   --->   Operation 28 'dcmp' 'tmp_s' <Predicate = true> <Delay = 3.61> <CoreInst = "DCompare">   --->   Core 38 'DCompare' <Latency = 1> <II = 1> <Delay = 3.61> <FuncUnit> <Opcode : 'dcmp'> <InPorts = 2> <OutPorts = 1>

State 3 <SV = 2> <Delay = 3.94>
ST_3 : Operation 29 [1/1] (0.00ns) (grouped into LUT with out node and_ln23)   --->   "%or_ln23 = or i1 %icmp_ln23_3, i1 %icmp_ln23" [../activation.cpp:23->../layer.h:274]   --->   Operation 29 'or' 'or_ln23' <Predicate = true> <Delay = 0.00> <CoreInst = "LogicGate">   --->   Core 74 'LogicGate' <Latency = 0> <II = 1> <Delay = 0.33> <FuncUnit> <Opcode : 'and' 'or' 'xor'> <InPorts = 2> <OutPorts = 1>
ST_3 : Operation 30 [1/2] (3.61ns)   --->   "%tmp_s = fcmp_ogt  i64 %net_0_load, i64 0" [../activation.cpp:23->../layer.h:274]   --->   Operation 30 'dcmp' 'tmp_s' <Predicate = true> <Delay = 3.61> <CoreInst = "DCompare">   --->   Core 38 'DCompare' <Latency = 1> <II = 1> <Delay = 3.61> <FuncUnit> <Opcode : 'dcmp'> <InPorts = 2> <OutPorts = 1>
ST_3 : Operation 31 [1/1] (0.33ns) (out node of the LUT)   --->   "%and_ln23 = and i1 %or_ln23, i1 %tmp_s" [../activation.cpp:23->../layer.h:274]   --->   Operation 31 'and' 'and_ln23' <Predicate = true> <Delay = 0.33> <CoreInst = "LogicGate">   --->   Core 74 'LogicGate' <Latency = 0> <II = 1> <Delay = 0.33> <FuncUnit> <Opcode : 'and' 'or' 'xor'> <InPorts = 2> <OutPorts = 1>

State 4 <SV = 3> <Delay = 7.09>
ST_4 : Operation 32 [1/1] (0.00ns)   --->   "%zext_ln23 = zext i1 %and_ln23" [../activation.cpp:23->../layer.h:274]   --->   Operation 32 'zext' 'zext_ln23' <Predicate = true> <Delay = 0.00>
ST_4 : Operation 33 [4/4] (7.09ns)   --->   "%conv_i = sitodp i32 %zext_ln23" [../activation.cpp:23->../layer.h:274]   --->   Operation 33 'sitodp' 'conv_i' <Predicate = true> <Delay = 7.09> <CoreInst = "Int2Double">   --->   Core 66 'Int2Double' <Latency = 3> <II = 1> <Delay = 7.09> <FuncUnit> <Opcode : 'uitodp' 'sitodp'> <InPorts = 1> <OutPorts = 1>

State 5 <SV = 4> <Delay = 7.09>
ST_5 : Operation 34 [3/4] (7.09ns)   --->   "%conv_i = sitodp i32 %zext_ln23" [../activation.cpp:23->../layer.h:274]   --->   Operation 34 'sitodp' 'conv_i' <Predicate = true> <Delay = 7.09> <CoreInst = "Int2Double">   --->   Core 66 'Int2Double' <Latency = 3> <II = 1> <Delay = 7.09> <FuncUnit> <Opcode : 'uitodp' 'sitodp'> <InPorts = 1> <OutPorts = 1>

State 6 <SV = 5> <Delay = 7.09>
ST_6 : Operation 35 [2/4] (7.09ns)   --->   "%conv_i = sitodp i32 %zext_ln23" [../activation.cpp:23->../layer.h:274]   --->   Operation 35 'sitodp' 'conv_i' <Predicate = true> <Delay = 7.09> <CoreInst = "Int2Double">   --->   Core 66 'Int2Double' <Latency = 3> <II = 1> <Delay = 7.09> <FuncUnit> <Opcode : 'uitodp' 'sitodp'> <InPorts = 1> <OutPorts = 1>

State 7 <SV = 6> <Delay = 7.09>
ST_7 : Operation 36 [1/4] (7.09ns)   --->   "%conv_i = sitodp i32 %zext_ln23" [../activation.cpp:23->../layer.h:274]   --->   Operation 36 'sitodp' 'conv_i' <Predicate = true> <Delay = 7.09> <CoreInst = "Int2Double">   --->   Core 66 'Int2Double' <Latency = 3> <II = 1> <Delay = 7.09> <FuncUnit> <Opcode : 'uitodp' 'sitodp'> <InPorts = 1> <OutPorts = 1>
ST_7 : Operation 43 [1/1] (0.48ns)   --->   "%ret_ln0 = ret"   --->   Operation 43 'ret' 'ret_ln0' <Predicate = (icmp_ln22)> <Delay = 0.48>

State 8 <SV = 7> <Delay = 1.35>
ST_8 : Operation 37 [1/1] (0.00ns)   --->   "%specpipeline_ln22 = specpipeline void @_ssdm_op_SpecPipeline, i32 4294967295, i32 0, i32 0, i32 0, void @empty_0" [../activation.cpp:22->../layer.h:274]   --->   Operation 37 'specpipeline' 'specpipeline_ln22' <Predicate = true> <Delay = 0.00>
ST_8 : Operation 38 [1/1] (0.00ns)   --->   "%speclooptripcount_ln22 = speclooptripcount void @_ssdm_op_SpecLoopTripCount, i64 64, i64 64, i64 64" [../activation.cpp:22->../layer.h:274]   --->   Operation 38 'speclooptripcount' 'speclooptripcount_ln22' <Predicate = true> <Delay = 0.00>
ST_8 : Operation 39 [1/1] (0.00ns)   --->   "%specloopname_ln22 = specloopname void @_ssdm_op_SpecLoopName, void @empty_14" [../activation.cpp:22->../layer.h:274]   --->   Operation 39 'specloopname' 'specloopname_ln22' <Predicate = true> <Delay = 0.00>
ST_8 : Operation 40 [1/1] (0.00ns)   --->   "%d_activation_0_addr = getelementptr i64 %d_activation_0, i64 0, i64 %zext_ln22" [C:/Xilinx/Vitis_HLS/2024.1/tps/mingw/8.3.0/win64.o/nt\lib\gcc\x86_64-w64-mingw32\8.3.0\include\c++\array:56->C:/Xilinx/Vitis_HLS/2024.1/tps/mingw/8.3.0/win64.o/nt\lib\gcc\x86_64-w64-mingw32\8.3.0\include\c++\array:186->../activation.cpp:23->../layer.h:274]   --->   Operation 40 'getelementptr' 'd_activation_0_addr' <Predicate = true> <Delay = 0.00>
ST_8 : Operation 41 [1/1] (1.35ns)   --->   "%store_ln23 = store i64 %conv_i, i6 %d_activation_0_addr" [../activation.cpp:23->../layer.h:274]   --->   Operation 41 'store' 'store_ln23' <Predicate = true> <Delay = 1.35> <CoreInst = "RAM">   --->   Core 82 'RAM' <Latency = 1> <II = 1> <Delay = 1.35> <Storage> <Opcode : 'load' 'store'> <Ports = 2> <Width = 64> <Depth = 64> <RAM>
ST_8 : Operation 42 [1/1] (0.00ns)   --->   "%br_ln22 = br void %for.inc.i16" [../activation.cpp:22->../layer.h:274]   --->   Operation 42 'br' 'br_ln22' <Predicate = true> <Delay = 0.00>


============================================================
+ Verbose Summary: Binding
============================================================
STG Binding: 
---------------- STG Properties BEGIN ----------------
- Is combinational: 0
- Is one-state seq: 0
- Is datapath-only: 0
- Is pipelined: 0
- Is top level: 0
Port [ Return ] is wired: 1; IO mode=ap_ctrl_hs:ce=0
Port [ net_0]:  wired=1; compound=1; hidden=0; nouse=0; global=0; static=0; extern=0; dir=0; type=1; pingpong=0; private_global=0; MemPort=[13]; IO mode=ap_memory:ce=0
Port [ d_activation_0]:  wired=1; compound=1; hidden=0; nouse=0; global=0; static=0; extern=0; dir=1; type=1; pingpong=0; private_global=0; MemPort=[03]; IO mode=ap_memory:ce=0
---------------- STG Properties END ------------------

---------------- Datapath Model BEGIN ----------------

<LifeTime>
<method=bitvector/>
i                      (alloca           ) [ 010000000]
store_ln22             (store            ) [ 000000000]
br_ln0                 (br               ) [ 000000000]
i_35                   (load             ) [ 000000000]
icmp_ln22              (icmp             ) [ 011111110]
i_36                   (add              ) [ 000000000]
br_ln22                (br               ) [ 000000000]
zext_ln22              (zext             ) [ 011111111]
net_0_addr             (getelementptr    ) [ 011000000]
store_ln22             (store            ) [ 000000000]
net_0_load             (load             ) [ 010100000]
bitcast_ln23           (bitcast          ) [ 000000000]
tmp                    (partselect       ) [ 000000000]
trunc_ln23             (trunc            ) [ 000000000]
icmp_ln23              (icmp             ) [ 010100000]
icmp_ln23_3            (icmp             ) [ 010100000]
or_ln23                (or               ) [ 000000000]
tmp_s                  (dcmp             ) [ 000000000]
and_ln23               (and              ) [ 010010000]
zext_ln23              (zext             ) [ 010001110]
conv_i                 (sitodp           ) [ 010000001]
specpipeline_ln22      (specpipeline     ) [ 000000000]
speclooptripcount_ln22 (speclooptripcount) [ 000000000]
specloopname_ln22      (specloopname     ) [ 000000000]
d_activation_0_addr    (getelementptr    ) [ 000000000]
store_ln23             (store            ) [ 000000000]
br_ln22                (br               ) [ 000000000]
ret_ln0                (ret              ) [ 000000000]
</LifeTime>

<model>

<comp_list>
<comp id="0" class="1000" name="net_0">
<pin_list>
<pin id="1" dir="1" index="0" bw="1" slack="0"/>
</pin_list>
<bind>
<StgValue><ssdm name="net_0"/><MemPortTyVec>1 3 </MemPortTyVec>
</StgValue>
</bind>
</comp>

<comp id="2" class="1000" name="d_activation_0">
<pin_list>
<pin id="3" dir="1" index="0" bw="1" slack="0"/>
</pin_list>
<bind>
<StgValue><ssdm name="d_activation_0"/><MemPortTyVec>0 3 </MemPortTyVec>
</StgValue>
</bind>
</comp>

<comp id="4" class="1001" name="const_4">
<pin_list>
<pin id="5" dir="1" index="0" bw="1" slack="0"/>
</pin_list>
<bind>
<StgValue><ssdm name=""/></StgValue>
</bind>
</comp>

<comp id="6" class="1001" name="const_6">
<pin_list>
<pin id="7" dir="1" index="0" bw="1" slack="0"/>
</pin_list>
<bind>
<StgValue><ssdm name=""/></StgValue>
</bind>
</comp>

<comp id="8" class="1001" name="const_8">
<pin_list>
<pin id="9" dir="1" index="0" bw="1" slack="0"/>
</pin_list>
<bind>
<StgValue><ssdm name=""/></StgValue>
</bind>
</comp>

<comp id="10" class="1001" name="const_10">
<pin_list>
<pin id="11" dir="1" index="0" bw="1" slack="0"/>
</pin_list>
<bind>
<StgValue><ssdm name=""/></StgValue>
</bind>
</comp>

<comp id="12" class="1001" name="const_12">
<pin_list>
<pin id="13" dir="1" index="0" bw="1" slack="0"/>
</pin_list>
<bind>
<StgValue><ssdm name=""/></StgValue>
</bind>
</comp>

<comp id="14" class="1001" name="const_14">
<pin_list>
<pin id="15" dir="1" index="0" bw="1" slack="0"/>
</pin_list>
<bind>
<StgValue><ssdm name="_ssdm_op_PartSelect.i11.i64.i32.i32"/></StgValue>
</bind>
</comp>

<comp id="16" class="1001" name="const_16">
<pin_list>
<pin id="17" dir="1" index="0" bw="1" slack="0"/>
</pin_list>
<bind>
<StgValue><ssdm name=""/></StgValue>
</bind>
</comp>

<comp id="18" class="1001" name="const_18">
<pin_list>
<pin id="19" dir="1" index="0" bw="1" slack="0"/>
</pin_list>
<bind>
<StgValue><ssdm name=""/></StgValue>
</bind>
</comp>

<comp id="20" class="1001" name="const_20">
<pin_list>
<pin id="21" dir="1" index="0" bw="1" slack="0"/>
</pin_list>
<bind>
<StgValue><ssdm name=""/></StgValue>
</bind>
</comp>

<comp id="22" class="1001" name="const_22">
<pin_list>
<pin id="23" dir="1" index="0" bw="1" slack="0"/>
</pin_list>
<bind>
<StgValue><ssdm name=""/></StgValue>
</bind>
</comp>

<comp id="24" class="1001" name="const_24">
<pin_list>
<pin id="25" dir="1" index="0" bw="1" slack="0"/>
</pin_list>
<bind>
<StgValue><ssdm name=""/></StgValue>
</bind>
</comp>

<comp id="26" class="1001" name="const_26">
<pin_list>
<pin id="27" dir="1" index="0" bw="1" slack="2147483647"/>
</pin_list>
<bind>
<StgValue><ssdm name="_ssdm_op_SpecPipeline"/></StgValue>
</bind>
</comp>

<comp id="28" class="1001" name="const_28">
<pin_list>
<pin id="29" dir="1" index="0" bw="1" slack="2147483647"/>
</pin_list>
<bind>
<StgValue><ssdm name=""/></StgValue>
</bind>
</comp>

<comp id="30" class="1001" name="const_30">
<pin_list>
<pin id="31" dir="1" index="0" bw="1" slack="2147483647"/>
</pin_list>
<bind>
<StgValue><ssdm name=""/></StgValue>
</bind>
</comp>

<comp id="32" class="1001" name="const_32">
<pin_list>
<pin id="33" dir="1" index="0" bw="1" slack="2147483647"/>
</pin_list>
<bind>
<StgValue><ssdm name="empty_0"/></StgValue>
</bind>
</comp>

<comp id="34" class="1001" name="const_34">
<pin_list>
<pin id="35" dir="1" index="0" bw="1" slack="2147483647"/>
</pin_list>
<bind>
<StgValue><ssdm name="_ssdm_op_SpecLoopTripCount"/></StgValue>
</bind>
</comp>

<comp id="36" class="1001" name="const_36">
<pin_list>
<pin id="37" dir="1" index="0" bw="1" slack="2147483647"/>
</pin_list>
<bind>
<StgValue><ssdm name=""/></StgValue>
</bind>
</comp>

<comp id="38" class="1001" name="const_38">
<pin_list>
<pin id="39" dir="1" index="0" bw="1" slack="2147483647"/>
</pin_list>
<bind>
<StgValue><ssdm name="_ssdm_op_SpecLoopName"/></StgValue>
</bind>
</comp>

<comp id="40" class="1001" name="const_40">
<pin_list>
<pin id="41" dir="1" index="0" bw="1" slack="2147483647"/>
</pin_list>
<bind>
<StgValue><ssdm name="empty_14"/></StgValue>
</bind>
</comp>

<comp id="42" class="1004" name="i_fu_42">
<pin_list>
<pin id="43" dir="0" index="0" bw="1" slack="0"/>
<pin id="44" dir="1" index="1" bw="7" slack="0"/>
</pin_list>
<bind>
<opcode="alloca(26) " fcode="alloca"/>
<opset="i/1 "/>
</bind>
</comp>

<comp id="46" class="1004" name="net_0_addr_gep_fu_46">
<pin_list>
<pin id="47" dir="0" index="0" bw="64" slack="0"/>
<pin id="48" dir="0" index="1" bw="1" slack="0"/>
<pin id="49" dir="0" index="2" bw="7" slack="0"/>
<pin id="50" dir="1" index="3" bw="6" slack="0"/>
</pin_list>
<bind>
<opcode="getelementptr(29) " fcode="getelementptr"/>
<opset="net_0_addr/1 "/>
</bind>
</comp>

<comp id="53" class="1004" name="grp_access_fu_53">
<pin_list>
<pin id="54" dir="0" index="0" bw="6" slack="0"/>
<pin id="55" dir="0" index="1" bw="64" slack="2147483647"/>
<pin id="56" dir="0" index="2" bw="0" slack="2147483647"/>
<pin id="57" dir="1" index="3" bw="64" slack="0"/>
</pin_list>
<bind>
<opcode="load(27) " fcode="load"/>
<opset="net_0_load/1 "/>
</bind>
</comp>

<comp id="59" class="1004" name="d_activation_0_addr_gep_fu_59">
<pin_list>
<pin id="60" dir="0" index="0" bw="64" slack="0"/>
<pin id="61" dir="0" index="1" bw="1" slack="0"/>
<pin id="62" dir="0" index="2" bw="7" slack="7"/>
<pin id="63" dir="1" index="3" bw="6" slack="0"/>
</pin_list>
<bind>
<opcode="getelementptr(29) " fcode="getelementptr"/>
<opset="d_activation_0_addr/8 "/>
</bind>
</comp>

<comp id="66" class="1004" name="store_ln23_access_fu_66">
<pin_list>
<pin id="67" dir="0" index="0" bw="6" slack="0"/>
<pin id="68" dir="0" index="1" bw="64" slack="1"/>
<pin id="69" dir="0" index="2" bw="0" slack="2147483647"/>
<pin id="70" dir="1" index="3" bw="64" slack="2147483647"/>
</pin_list>
<bind>
<opcode="store(28) " fcode="store"/>
<opset="store_ln23/8 "/>
</bind>
</comp>

<comp id="72" class="1004" name="grp_fu_72">
<pin_list>
<pin id="73" dir="0" index="0" bw="64" slack="0"/>
<pin id="74" dir="0" index="1" bw="64" slack="0"/>
<pin id="75" dir="1" index="2" bw="1" slack="0"/>
</pin_list>
<bind>
<opcode="dcmp(513) " fcode="dcmp"/>
<opset="tmp_s/2 "/>
</bind>
</comp>

<comp id="78" class="1004" name="grp_fu_78">
<pin_list>
<pin id="79" dir="0" index="0" bw="1" slack="0"/>
<pin id="80" dir="1" index="1" bw="64" slack="1"/>
</pin_list>
<bind>
<opcode="sitodp(517) " fcode="sitodp"/>
<opset="conv_i/4 "/>
</bind>
</comp>

<comp id="81" class="1004" name="store_ln22_store_fu_81">
<pin_list>
<pin id="82" dir="0" index="0" bw="1" slack="0"/>
<pin id="83" dir="0" index="1" bw="7" slack="0"/>
<pin id="84" dir="1" index="2" bw="0" slack="2147483647"/>
</pin_list>
<bind>
<opcode="store(28) " fcode="store"/>
<opset="store_ln22/1 "/>
</bind>
</comp>

<comp id="86" class="1004" name="i_35_load_fu_86">
<pin_list>
<pin id="87" dir="0" index="0" bw="7" slack="0"/>
<pin id="88" dir="1" index="1" bw="7" slack="0"/>
</pin_list>
<bind>
<opcode="load(27) " fcode="load"/>
<opset="i_35/1 "/>
</bind>
</comp>

<comp id="89" class="1004" name="icmp_ln22_fu_89">
<pin_list>
<pin id="90" dir="0" index="0" bw="7" slack="0"/>
<pin id="91" dir="0" index="1" bw="7" slack="0"/>
<pin id="92" dir="1" index="2" bw="1" slack="6"/>
</pin_list>
<bind>
<opcode="icmp(45) " fcode="icmp"/>
<opset="icmp_ln22/1 "/>
</bind>
</comp>

<comp id="95" class="1004" name="i_36_fu_95">
<pin_list>
<pin id="96" dir="0" index="0" bw="7" slack="0"/>
<pin id="97" dir="0" index="1" bw="1" slack="0"/>
<pin id="98" dir="1" index="2" bw="7" slack="0"/>
</pin_list>
<bind>
<opcode="add(8) " fcode="add"/>
<opset="i_36/1 "/>
</bind>
</comp>

<comp id="101" class="1004" name="zext_ln22_fu_101">
<pin_list>
<pin id="102" dir="0" index="0" bw="7" slack="0"/>
<pin id="103" dir="1" index="1" bw="64" slack="0"/>
</pin_list>
<bind>
<opcode="zext(34) " fcode="zext"/>
<opset="zext_ln22/1 "/>
</bind>
</comp>

<comp id="106" class="1004" name="store_ln22_store_fu_106">
<pin_list>
<pin id="107" dir="0" index="0" bw="7" slack="0"/>
<pin id="108" dir="0" index="1" bw="7" slack="0"/>
<pin id="109" dir="1" index="2" bw="0" slack="2147483647"/>
</pin_list>
<bind>
<opcode="store(28) " fcode="store"/>
<opset="store_ln22/1 "/>
</bind>
</comp>

<comp id="111" class="1004" name="bitcast_ln23_fu_111">
<pin_list>
<pin id="112" dir="0" index="0" bw="64" slack="0"/>
<pin id="113" dir="1" index="1" bw="64" slack="0"/>
</pin_list>
<bind>
<opcode="bitcast(44) " fcode="bitcast"/>
<opset="bitcast_ln23/2 "/>
</bind>
</comp>

<comp id="115" class="1004" name="tmp_fu_115">
<pin_list>
<pin id="116" dir="0" index="0" bw="11" slack="0"/>
<pin id="117" dir="0" index="1" bw="64" slack="0"/>
<pin id="118" dir="0" index="2" bw="7" slack="0"/>
<pin id="119" dir="0" index="3" bw="7" slack="0"/>
<pin id="120" dir="1" index="4" bw="11" slack="0"/>
</pin_list>
<bind>
<opcode="partselect(1002) " fcode="partselect"/>
<opset="tmp/2 "/>
</bind>
</comp>

<comp id="125" class="1004" name="trunc_ln23_fu_125">
<pin_list>
<pin id="126" dir="0" index="0" bw="64" slack="0"/>
<pin id="127" dir="1" index="1" bw="52" slack="0"/>
</pin_list>
<bind>
<opcode="trunc(33) " fcode="trunc"/>
<opset="trunc_ln23/2 "/>
</bind>
</comp>

<comp id="129" class="1004" name="icmp_ln23_fu_129">
<pin_list>
<pin id="130" dir="0" index="0" bw="11" slack="0"/>
<pin id="131" dir="0" index="1" bw="11" slack="0"/>
<pin id="132" dir="1" index="2" bw="1" slack="1"/>
</pin_list>
<bind>
<opcode="icmp(45) " fcode="icmp"/>
<opset="icmp_ln23/2 "/>
</bind>
</comp>

<comp id="135" class="1004" name="icmp_ln23_3_fu_135">
<pin_list>
<pin id="136" dir="0" index="0" bw="52" slack="0"/>
<pin id="137" dir="0" index="1" bw="52" slack="0"/>
<pin id="138" dir="1" index="2" bw="1" slack="1"/>
</pin_list>
<bind>
<opcode="icmp(45) " fcode="icmp"/>
<opset="icmp_ln23_3/2 "/>
</bind>
</comp>

<comp id="141" class="1004" name="or_ln23_fu_141">
<pin_list>
<pin id="142" dir="0" index="0" bw="1" slack="1"/>
<pin id="143" dir="0" index="1" bw="1" slack="1"/>
<pin id="144" dir="1" index="2" bw="1" slack="0"/>
</pin_list>
<bind>
<opcode="or(24) " fcode="or"/>
<opset="or_ln23/3 "/>
</bind>
</comp>

<comp id="145" class="1004" name="and_ln23_fu_145">
<pin_list>
<pin id="146" dir="0" index="0" bw="1" slack="0"/>
<pin id="147" dir="0" index="1" bw="1" slack="0"/>
<pin id="148" dir="1" index="2" bw="1" slack="1"/>
</pin_list>
<bind>
<opcode="and(23) " fcode="and"/>
<opset="and_ln23/3 "/>
</bind>
</comp>

<comp id="151" class="1004" name="zext_ln23_fu_151">
<pin_list>
<pin id="152" dir="0" index="0" bw="1" slack="1"/>
<pin id="153" dir="1" index="1" bw="32" slack="0"/>
</pin_list>
<bind>
<opcode="zext(34) " fcode="zext"/>
<opset="zext_ln23/4 "/>
</bind>
</comp>

<comp id="155" class="1005" name="i_reg_155">
<pin_list>
<pin id="156" dir="0" index="0" bw="7" slack="0"/>
<pin id="157" dir="1" index="1" bw="7" slack="0"/>
</pin_list>
<bind>
<opset="i "/>
</bind>
</comp>

<comp id="162" class="1005" name="icmp_ln22_reg_162">
<pin_list>
<pin id="163" dir="0" index="0" bw="1" slack="6"/>
<pin id="164" dir="1" index="1" bw="1" slack="2147483647"/>
</pin_list>
<bind>
<opset="icmp_ln22 "/>
</bind>
</comp>

<comp id="166" class="1005" name="zext_ln22_reg_166">
<pin_list>
<pin id="167" dir="0" index="0" bw="64" slack="7"/>
<pin id="168" dir="1" index="1" bw="64" slack="7"/>
</pin_list>
<bind>
<opset="zext_ln22 "/>
</bind>
</comp>

<comp id="171" class="1005" name="net_0_addr_reg_171">
<pin_list>
<pin id="172" dir="0" index="0" bw="6" slack="1"/>
<pin id="173" dir="1" index="1" bw="6" slack="1"/>
</pin_list>
<bind>
<opset="net_0_addr "/>
</bind>
</comp>

<comp id="176" class="1005" name="net_0_load_reg_176">
<pin_list>
<pin id="177" dir="0" index="0" bw="64" slack="1"/>
<pin id="178" dir="1" index="1" bw="64" slack="1"/>
</pin_list>
<bind>
<opset="net_0_load "/>
</bind>
</comp>

<comp id="181" class="1005" name="icmp_ln23_reg_181">
<pin_list>
<pin id="182" dir="0" index="0" bw="1" slack="1"/>
<pin id="183" dir="1" index="1" bw="1" slack="1"/>
</pin_list>
<bind>
<opset="icmp_ln23 "/>
</bind>
</comp>

<comp id="186" class="1005" name="icmp_ln23_3_reg_186">
<pin_list>
<pin id="187" dir="0" index="0" bw="1" slack="1"/>
<pin id="188" dir="1" index="1" bw="1" slack="1"/>
</pin_list>
<bind>
<opset="icmp_ln23_3 "/>
</bind>
</comp>

<comp id="191" class="1005" name="and_ln23_reg_191">
<pin_list>
<pin id="192" dir="0" index="0" bw="1" slack="1"/>
<pin id="193" dir="1" index="1" bw="1" slack="1"/>
</pin_list>
<bind>
<opset="and_ln23 "/>
</bind>
</comp>

<comp id="196" class="1005" name="zext_ln23_reg_196">
<pin_list>
<pin id="197" dir="0" index="0" bw="32" slack="1"/>
<pin id="198" dir="1" index="1" bw="32" slack="1"/>
</pin_list>
<bind>
<opset="zext_ln23 "/>
</bind>
</comp>

<comp id="201" class="1005" name="conv_i_reg_201">
<pin_list>
<pin id="202" dir="0" index="0" bw="64" slack="1"/>
<pin id="203" dir="1" index="1" bw="64" slack="1"/>
</pin_list>
<bind>
<opset="conv_i "/>
</bind>
</comp>

</comp_list>

<net_list>
<net id="45"><net_src comp="4" pin="0"/><net_sink comp="42" pin=0"/></net>

<net id="51"><net_src comp="0" pin="0"/><net_sink comp="46" pin=0"/></net>

<net id="52"><net_src comp="12" pin="0"/><net_sink comp="46" pin=1"/></net>

<net id="58"><net_src comp="46" pin="3"/><net_sink comp="53" pin=0"/></net>

<net id="64"><net_src comp="2" pin="0"/><net_sink comp="59" pin=0"/></net>

<net id="65"><net_src comp="12" pin="0"/><net_sink comp="59" pin=1"/></net>

<net id="71"><net_src comp="59" pin="3"/><net_sink comp="66" pin=0"/></net>

<net id="76"><net_src comp="53" pin="3"/><net_sink comp="72" pin=0"/></net>

<net id="77"><net_src comp="24" pin="0"/><net_sink comp="72" pin=1"/></net>

<net id="85"><net_src comp="6" pin="0"/><net_sink comp="81" pin=0"/></net>

<net id="93"><net_src comp="86" pin="1"/><net_sink comp="89" pin=0"/></net>

<net id="94"><net_src comp="8" pin="0"/><net_sink comp="89" pin=1"/></net>

<net id="99"><net_src comp="86" pin="1"/><net_sink comp="95" pin=0"/></net>

<net id="100"><net_src comp="10" pin="0"/><net_sink comp="95" pin=1"/></net>

<net id="104"><net_src comp="86" pin="1"/><net_sink comp="101" pin=0"/></net>

<net id="105"><net_src comp="101" pin="1"/><net_sink comp="46" pin=2"/></net>

<net id="110"><net_src comp="95" pin="2"/><net_sink comp="106" pin=0"/></net>

<net id="114"><net_src comp="53" pin="3"/><net_sink comp="111" pin=0"/></net>

<net id="121"><net_src comp="14" pin="0"/><net_sink comp="115" pin=0"/></net>

<net id="122"><net_src comp="111" pin="1"/><net_sink comp="115" pin=1"/></net>

<net id="123"><net_src comp="16" pin="0"/><net_sink comp="115" pin=2"/></net>

<net id="124"><net_src comp="18" pin="0"/><net_sink comp="115" pin=3"/></net>

<net id="128"><net_src comp="111" pin="1"/><net_sink comp="125" pin=0"/></net>

<net id="133"><net_src comp="115" pin="4"/><net_sink comp="129" pin=0"/></net>

<net id="134"><net_src comp="20" pin="0"/><net_sink comp="129" pin=1"/></net>

<net id="139"><net_src comp="125" pin="1"/><net_sink comp="135" pin=0"/></net>

<net id="140"><net_src comp="22" pin="0"/><net_sink comp="135" pin=1"/></net>

<net id="149"><net_src comp="141" pin="2"/><net_sink comp="145" pin=0"/></net>

<net id="150"><net_src comp="72" pin="2"/><net_sink comp="145" pin=1"/></net>

<net id="154"><net_src comp="151" pin="1"/><net_sink comp="78" pin=0"/></net>

<net id="158"><net_src comp="42" pin="1"/><net_sink comp="155" pin=0"/></net>

<net id="159"><net_src comp="155" pin="1"/><net_sink comp="81" pin=1"/></net>

<net id="160"><net_src comp="155" pin="1"/><net_sink comp="86" pin=0"/></net>

<net id="161"><net_src comp="155" pin="1"/><net_sink comp="106" pin=1"/></net>

<net id="165"><net_src comp="89" pin="2"/><net_sink comp="162" pin=0"/></net>

<net id="169"><net_src comp="101" pin="1"/><net_sink comp="166" pin=0"/></net>

<net id="170"><net_src comp="166" pin="1"/><net_sink comp="59" pin=2"/></net>

<net id="174"><net_src comp="46" pin="3"/><net_sink comp="171" pin=0"/></net>

<net id="175"><net_src comp="171" pin="1"/><net_sink comp="53" pin=0"/></net>

<net id="179"><net_src comp="53" pin="3"/><net_sink comp="176" pin=0"/></net>

<net id="180"><net_src comp="176" pin="1"/><net_sink comp="72" pin=0"/></net>

<net id="184"><net_src comp="129" pin="2"/><net_sink comp="181" pin=0"/></net>

<net id="185"><net_src comp="181" pin="1"/><net_sink comp="141" pin=1"/></net>

<net id="189"><net_src comp="135" pin="2"/><net_sink comp="186" pin=0"/></net>

<net id="190"><net_src comp="186" pin="1"/><net_sink comp="141" pin=0"/></net>

<net id="194"><net_src comp="145" pin="2"/><net_sink comp="191" pin=0"/></net>

<net id="195"><net_src comp="191" pin="1"/><net_sink comp="151" pin=0"/></net>

<net id="199"><net_src comp="151" pin="1"/><net_sink comp="196" pin=0"/></net>

<net id="200"><net_src comp="196" pin="1"/><net_sink comp="78" pin=0"/></net>

<net id="204"><net_src comp="78" pin="1"/><net_sink comp="201" pin=0"/></net>

<net id="205"><net_src comp="201" pin="1"/><net_sink comp="66" pin=1"/></net>

</net_list>

</model> 
---------------- Datapath Model END ------------------

* FSMD analyzer results:
  - Output states:
	Port: d_activation_0 | {8 }
 - Input state : 
	Port: backProp<64, 64, 8>_Pipeline_VITIS_LOOP_22_1 : net_0 | {1 2 }
  - Chain level:
	State 1
		store_ln22 : 1
		i_35 : 1
		icmp_ln22 : 2
		i_36 : 2
		br_ln22 : 3
		zext_ln22 : 2
		net_0_addr : 3
		net_0_load : 4
		store_ln22 : 3
	State 2
		bitcast_ln23 : 1
		tmp : 2
		trunc_ln23 : 2
		icmp_ln23 : 3
		icmp_ln23_3 : 3
		tmp_s : 1
	State 3
		and_ln23 : 1
	State 4
		conv_i : 1
	State 5
	State 6
	State 7
	State 8
		store_ln23 : 1


============================================================
+ Verbose Summary: Datapath Resource usage 
============================================================

* Functional unit list:
|----------|--------------------|---------|---------|
| Operation|   Functional Unit  |    FF   |   LUT   |
|----------|--------------------|---------|---------|
|          |   icmp_ln22_fu_89  |    0    |    14   |
|   icmp   |  icmp_ln23_fu_129  |    0    |    18   |
|          | icmp_ln23_3_fu_135 |    0    |    59   |
|----------|--------------------|---------|---------|
|    add   |     i_36_fu_95     |    0    |    14   |
|----------|--------------------|---------|---------|
|    or    |   or_ln23_fu_141   |    0    |    2    |
|----------|--------------------|---------|---------|
|    and   |   and_ln23_fu_145  |    0    |    2    |
|----------|--------------------|---------|---------|
|   dcmp   |      grp_fu_72     |    0    |    0    |
|----------|--------------------|---------|---------|
|  sitodp  |      grp_fu_78     |    0    |    0    |
|----------|--------------------|---------|---------|
|   zext   |  zext_ln22_fu_101  |    0    |    0    |
|          |  zext_ln23_fu_151  |    0    |    0    |
|----------|--------------------|---------|---------|
|partselect|     tmp_fu_115     |    0    |    0    |
|----------|--------------------|---------|---------|
|   trunc  |  trunc_ln23_fu_125 |    0    |    0    |
|----------|--------------------|---------|---------|
|   Total  |                    |    0    |   109   |
|----------|--------------------|---------|---------|

Memories:
N/A

* Register list:
+-------------------+--------+
|                   |   FF   |
+-------------------+--------+
|  and_ln23_reg_191 |    1   |
|   conv_i_reg_201  |   64   |
|     i_reg_155     |    7   |
| icmp_ln22_reg_162 |    1   |
|icmp_ln23_3_reg_186|    1   |
| icmp_ln23_reg_181 |    1   |
| net_0_addr_reg_171|    6   |
| net_0_load_reg_176|   64   |
| zext_ln22_reg_166 |   64   |
| zext_ln23_reg_196 |   32   |
+-------------------+--------+
|       Total       |   241  |
+-------------------+--------+

* Multiplexer (MUX) list: 
|------------------|------|------|------|--------||---------||---------||---------|
|       Comp       |  Pin | Size |  BW  | S x BW ||  Delay  ||    FF   ||   LUT   |
|------------------|------|------|------|--------||---------||---------||---------|
| grp_access_fu_53 |  p0  |   2  |   6  |   12   ||    0    ||    9    |
|     grp_fu_72    |  p0  |   2  |  64  |   128  ||    0    ||    9    |
|     grp_fu_78    |  p0  |   2  |   1  |    2   ||    0    ||    9    |
|------------------|------|------|------|--------||---------||---------||---------|
|       Total      |      |      |      |   142  ||  1.467  ||    0    ||    27   |
|------------------|------|------|------|--------||---------||---------||---------|



* Summary:
+-----------+--------+--------+--------+
|           |  Delay |   FF   |   LUT  |
+-----------+--------+--------+--------+
|  Function |    -   |    0   |   109  |
|   Memory  |    -   |    -   |    -   |
|Multiplexer|    1   |    0   |   27   |
|  Register |    -   |   241  |    -   |
+-----------+--------+--------+--------+
|   Total   |    1   |   241  |   136  |
+-----------+--------+--------+--------+
