C:\GIM_Repos\GIM_Diabetes\accelerator_diabetes\redo_component\accelerator\hls\.autopilot\db\error_pe.pp.0.cpp:1326:7: warning: Added loop label VITIS_LOOP_1223_1:   [xilinx-label-all-loops]
      for (i = 0; i < __N - 1; ++i) {
      ^~~
      VITIS_LOOP_1223_1: 
C:\GIM_Repos\GIM_Diabetes\accelerator_diabetes\redo_component\accelerator\hls\.autopilot\db\error_pe.pp.0.cpp:1326:7: note: FIX-IT applied suggested code changes
C:\GIM_Repos\GIM_Diabetes\accelerator_diabetes\redo_component\accelerator\hls\.autopilot\db\error_pe.pp.0.cpp:2300:5: warning: Added loop label VITIS_LOOP_676_1:   [xilinx-label-all-loops]
    for (unsigned i = low; i != high; ++i) {
    ^~~
    VITIS_LOOP_676_1: 
C:\GIM_Repos\GIM_Diabetes\accelerator_diabetes\redo_component\accelerator\hls\.autopilot\db\error_pe.pp.0.cpp:2300:5: note: FIX-IT applied suggested code changes
C:\GIM_Repos\GIM_Diabetes\accelerator_diabetes\redo_component\accelerator\hls\.autopilot\db\error_pe.pp.0.cpp:2314:5: warning: Added loop label VITIS_LOOP_690_1:   [xilinx-label-all-loops]
    for (unsigned i = low; i != high; ++i) {
    ^~~
    VITIS_LOOP_690_1: 
C:\GIM_Repos\GIM_Diabetes\accelerator_diabetes\redo_component\accelerator\hls\.autopilot\db\error_pe.pp.0.cpp:2314:5: note: FIX-IT applied suggested code changes
C:\GIM_Repos\GIM_Diabetes\accelerator_diabetes\redo_component\accelerator\hls\.autopilot\db\error_pe.pp.0.cpp:2328:5: warning: Added loop label VITIS_LOOP_704_1:   [xilinx-label-all-loops]
    for (unsigned i = low; i != high; ++i) {
    ^~~
    VITIS_LOOP_704_1: 
C:\GIM_Repos\GIM_Diabetes\accelerator_diabetes\redo_component\accelerator\hls\.autopilot\db\error_pe.pp.0.cpp:2328:5: note: FIX-IT applied suggested code changes
C:\GIM_Repos\GIM_Diabetes\accelerator_diabetes\redo_component\accelerator\hls\.autopilot\db\error_pe.pp.0.cpp:3945:7: warning: Added loop label VITIS_LOOP_1247_1:   [xilinx-label-all-loops]
      for (i = 0; i < __N - 1; ++i) {
      ^~~
      VITIS_LOOP_1247_1: 
C:\GIM_Repos\GIM_Diabetes\accelerator_diabetes\redo_component\accelerator\hls\.autopilot\db\error_pe.pp.0.cpp:3945:7: note: FIX-IT applied suggested code changes
C:\GIM_Repos\GIM_Diabetes\accelerator_diabetes\redo_component\accelerator\hls\.autopilot\db\error_pe.pp.0.cpp:44603:5: warning: Added loop label VITIS_LOOP_99_1:   [xilinx-label-all-loops]
    for (n = 0; n < OUTPUT_SIZE; n++) {
    ^~~
    VITIS_LOOP_99_1: 
C:\GIM_Repos\GIM_Diabetes\accelerator_diabetes\redo_component\accelerator\hls\.autopilot\db\error_pe.pp.0.cpp:44603:5: note: FIX-IT applied suggested code changes
C:\GIM_Repos\GIM_Diabetes\accelerator_diabetes\redo_component\accelerator\hls\.autopilot\db\error_pe.pp.0.cpp:44609:9: warning: Added loop label VITIS_LOOP_105_2:   [xilinx-label-all-loops]
        for (c = 0; c < INPUT_SIZE; c++) {
        ^~~
        VITIS_LOOP_105_2: 
C:\GIM_Repos\GIM_Diabetes\accelerator_diabetes\redo_component\accelerator\hls\.autopilot\db\error_pe.pp.0.cpp:44609:9: note: FIX-IT applied suggested code changes
C:\GIM_Repos\GIM_Diabetes\accelerator_diabetes\redo_component\accelerator\hls\.autopilot\db\error_pe.pp.0.cpp:44627:5: warning: Added loop label VITIS_LOOP_123_3:   [xilinx-label-all-loops]
    for (j = 0; j < INPUT_SIZE; j++) {
    ^~~
    VITIS_LOOP_123_3: 
C:\GIM_Repos\GIM_Diabetes\accelerator_diabetes\redo_component\accelerator\hls\.autopilot\db\error_pe.pp.0.cpp:44627:5: note: FIX-IT applied suggested code changes
