INFO-FLOW: Workspace C:/GIM_Repos/GIM_Diabetes/accelerator_diabetes/hls_component/accelerator/hls opened at Wed Feb 19 15:06:20 -0800 2025
Execute     send_msg_by_id INFO @200-1505@%s%s default  vivado 
INFO: [HLS 200-1505] Using default flow_target 'vivado'
Execute   apply_ini C:/GIM_Repos/GIM_Diabetes/accelerator_diabetes/hls_component/hls_config.cfg 
Execute     send_msg_by_id INFO @200-1465@%s 'syn.file=C:/GIM_Repos/GIM_Diabetes/accelerator_diabetes/accelerator.cpp' from C:/GIM_Repos/GIM_Diabetes/accelerator_diabetes/hls_component/hls_config.cfg(8) 
INFO: [HLS 200-1465] Applying ini 'syn.file=C:/GIM_Repos/GIM_Diabetes/accelerator_diabetes/accelerator.cpp' from C:/GIM_Repos/GIM_Diabetes/accelerator_diabetes/hls_component/hls_config.cfg(8)
Execute     add_files C:/GIM_Repos/GIM_Diabetes/accelerator_diabetes/accelerator.cpp 
INFO: [HLS 200-10] Adding design file 'C:/GIM_Repos/GIM_Diabetes/accelerator_diabetes/accelerator.cpp' to the project
Execute     send_msg_by_id INFO @200-1465@%s 'syn.file=C:/GIM_Repos/GIM_Diabetes/accelerator_diabetes/act_pe.cpp' from C:/GIM_Repos/GIM_Diabetes/accelerator_diabetes/hls_component/hls_config.cfg(9) 
INFO: [HLS 200-1465] Applying ini 'syn.file=C:/GIM_Repos/GIM_Diabetes/accelerator_diabetes/act_pe.cpp' from C:/GIM_Repos/GIM_Diabetes/accelerator_diabetes/hls_component/hls_config.cfg(9)
Execute     add_files C:/GIM_Repos/GIM_Diabetes/accelerator_diabetes/act_pe.cpp 
INFO: [HLS 200-10] Adding design file 'C:/GIM_Repos/GIM_Diabetes/accelerator_diabetes/act_pe.cpp' to the project
Execute     send_msg_by_id INFO @200-1465@%s 'syn.file=C:/GIM_Repos/GIM_Diabetes/accelerator_diabetes/array.cpp' from C:/GIM_Repos/GIM_Diabetes/accelerator_diabetes/hls_component/hls_config.cfg(10) 
INFO: [HLS 200-1465] Applying ini 'syn.file=C:/GIM_Repos/GIM_Diabetes/accelerator_diabetes/array.cpp' from C:/GIM_Repos/GIM_Diabetes/accelerator_diabetes/hls_component/hls_config.cfg(10)
Execute     add_files C:/GIM_Repos/GIM_Diabetes/accelerator_diabetes/array.cpp 
INFO: [HLS 200-10] Adding design file 'C:/GIM_Repos/GIM_Diabetes/accelerator_diabetes/array.cpp' to the project
Execute     send_msg_by_id INFO @200-1465@%s 'syn.file=C:/GIM_Repos/GIM_Diabetes/accelerator_diabetes/bias_pe.cpp' from C:/GIM_Repos/GIM_Diabetes/accelerator_diabetes/hls_component/hls_config.cfg(11) 
INFO: [HLS 200-1465] Applying ini 'syn.file=C:/GIM_Repos/GIM_Diabetes/accelerator_diabetes/bias_pe.cpp' from C:/GIM_Repos/GIM_Diabetes/accelerator_diabetes/hls_component/hls_config.cfg(11)
Execute     add_files C:/GIM_Repos/GIM_Diabetes/accelerator_diabetes/bias_pe.cpp 
INFO: [HLS 200-10] Adding design file 'C:/GIM_Repos/GIM_Diabetes/accelerator_diabetes/bias_pe.cpp' to the project
Execute     send_msg_by_id INFO @200-1465@%s 'syn.file=C:/GIM_Repos/GIM_Diabetes/accelerator_diabetes/csv_import.cpp' from C:/GIM_Repos/GIM_Diabetes/accelerator_diabetes/hls_component/hls_config.cfg(12) 
INFO: [HLS 200-1465] Applying ini 'syn.file=C:/GIM_Repos/GIM_Diabetes/accelerator_diabetes/csv_import.cpp' from C:/GIM_Repos/GIM_Diabetes/accelerator_diabetes/hls_component/hls_config.cfg(12)
Execute     add_files C:/GIM_Repos/GIM_Diabetes/accelerator_diabetes/csv_import.cpp 
INFO: [HLS 200-10] Adding design file 'C:/GIM_Repos/GIM_Diabetes/accelerator_diabetes/csv_import.cpp' to the project
Execute     send_msg_by_id INFO @200-1465@%s 'syn.file=C:/GIM_Repos/GIM_Diabetes/accelerator_diabetes/error_pe.cpp' from C:/GIM_Repos/GIM_Diabetes/accelerator_diabetes/hls_component/hls_config.cfg(13) 
INFO: [HLS 200-1465] Applying ini 'syn.file=C:/GIM_Repos/GIM_Diabetes/accelerator_diabetes/error_pe.cpp' from C:/GIM_Repos/GIM_Diabetes/accelerator_diabetes/hls_component/hls_config.cfg(13)
Execute     add_files C:/GIM_Repos/GIM_Diabetes/accelerator_diabetes/error_pe.cpp 
INFO: [HLS 200-10] Adding design file 'C:/GIM_Repos/GIM_Diabetes/accelerator_diabetes/error_pe.cpp' to the project
Execute     send_msg_by_id INFO @200-1465@%s 'syn.file=C:/GIM_Repos/GIM_Diabetes/accelerator_diabetes/gim_model.h' from C:/GIM_Repos/GIM_Diabetes/accelerator_diabetes/hls_component/hls_config.cfg(14) 
INFO: [HLS 200-1465] Applying ini 'syn.file=C:/GIM_Repos/GIM_Diabetes/accelerator_diabetes/gim_model.h' from C:/GIM_Repos/GIM_Diabetes/accelerator_diabetes/hls_component/hls_config.cfg(14)
Execute     add_files C:/GIM_Repos/GIM_Diabetes/accelerator_diabetes/gim_model.h 
INFO: [HLS 200-10] Adding design file 'C:/GIM_Repos/GIM_Diabetes/accelerator_diabetes/gim_model.h' to the project
Execute     send_msg_by_id INFO @200-1465@%s 'syn.file=C:/GIM_Repos/GIM_Diabetes/accelerator_diabetes/weight_pe.cpp' from C:/GIM_Repos/GIM_Diabetes/accelerator_diabetes/hls_component/hls_config.cfg(15) 
INFO: [HLS 200-1465] Applying ini 'syn.file=C:/GIM_Repos/GIM_Diabetes/accelerator_diabetes/weight_pe.cpp' from C:/GIM_Repos/GIM_Diabetes/accelerator_diabetes/hls_component/hls_config.cfg(15)
Execute     add_files C:/GIM_Repos/GIM_Diabetes/accelerator_diabetes/weight_pe.cpp 
INFO: [HLS 200-10] Adding design file 'C:/GIM_Repos/GIM_Diabetes/accelerator_diabetes/weight_pe.cpp' to the project
Execute     send_msg_by_id INFO @200-1465@%s 'tb.file=C:\GIM_Repos\GIM_Diabetes\accelerator_diabetes\main.cpp' from C:/GIM_Repos/GIM_Diabetes/accelerator_diabetes/hls_component/hls_config.cfg(18) 
INFO: [HLS 200-1465] Applying ini 'tb.file=C:\GIM_Repos\GIM_Diabetes\accelerator_diabetes\main.cpp' from C:/GIM_Repos/GIM_Diabetes/accelerator_diabetes/hls_component/hls_config.cfg(18)
Execute     add_files -tb C:\GIM_Repos\GIM_Diabetes\accelerator_diabetes\main.cpp 
INFO: [HLS 200-10] Adding test bench file 'C:/GIM_Repos/GIM_Diabetes/accelerator_diabetes/main.cpp' to the project
Execute     send_msg_by_id INFO @200-1465@%s 'syn.top=accelerator' from C:/GIM_Repos/GIM_Diabetes/accelerator_diabetes/hls_component/hls_config.cfg(7) 
INFO: [HLS 200-1465] Applying ini 'syn.top=accelerator' from C:/GIM_Repos/GIM_Diabetes/accelerator_diabetes/hls_component/hls_config.cfg(7)
Execute     set_top accelerator 
Execute     send_msg_by_id INFO @200-1465@%s 'flow_target=vivado' from C:/GIM_Repos/GIM_Diabetes/accelerator_diabetes/hls_component/hls_config.cfg(4) 
INFO: [HLS 200-1465] Applying ini 'flow_target=vivado' from C:/GIM_Repos/GIM_Diabetes/accelerator_diabetes/hls_component/hls_config.cfg(4)
Execute     send_msg_by_id INFO @200-1505@%s%s  vivado 
INFO: [HLS 200-1505] Using flow_target 'vivado'
Execute     send_msg_by_id INFO @200-1465@%s 'part=xczu3eg-sfvc784-1-e' from C:/GIM_Repos/GIM_Diabetes/accelerator_diabetes/hls_component/hls_config.cfg(1) 
INFO: [HLS 200-1465] Applying ini 'part=xczu3eg-sfvc784-1-e' from C:/GIM_Repos/GIM_Diabetes/accelerator_diabetes/hls_component/hls_config.cfg(1)
Execute     set_part xczu3eg-sfvc784-1-e 
Execute       create_platform xczu3eg-sfvc784-1-e -board  
DBG:HLSDevice: Trying to load device library: C:/Xilinx\Vitis_HLS\2024.1\lib\win64.o\xv_hlsvwrap.dll
DBG:HLSDevice: first parts/arch.xml in RDI_DATADIR: C:/Xilinx/Vivado/2024.1/data/parts/arch.xml
DBG:HLSDevice: init success
INFO: [HLS 200-1611] Setting target device to 'xczu3eg-sfvc784-1-e'
Command       create_platform done; 4.15 sec.
Execute       source C:/Xilinx/Vitis_HLS/2024.1/common/technology/xilinx/common/xilinx.gen 
Execute         source C:/Xilinx/Vitis_HLS/2024.1/common/technology/xilinx/interface/plb46.gen 
Execute         source C:/Xilinx/Vitis_HLS/2024.1/common/technology/xilinx/interface/axi4.gen 
Execute         source C:/Xilinx/Vitis_HLS/2024.1/common/technology/xilinx/interface/nativeAXI4.gen 
Execute           source C:/Xilinx/Vitis_HLS/2024.1/common/technology/xilinx/interface/saxilite.gen 
Execute         source C:/Xilinx/Vitis_HLS/2024.1/common/technology/xilinx/scripts/xilinxcoregen.gen 
Execute         source C:/Xilinx/Vitis_HLS/2024.1/common/technology/xilinx/interface/XilEDKCoreGen.gen 
Execute         source C:/Xilinx/Vitis_HLS/2024.1/common/technology/xilinx/ip/dds_compiler.gen 
Execute         source C:/Xilinx/Vitis_HLS/2024.1/common/technology/xilinx/ip/util.gen 
Execute         source C:/Xilinx/Vitis_HLS/2024.1/common/technology/xilinx/ip/xfft.gen 
Command         ap_source done; 0.138 sec.
Execute         source C:/Xilinx/Vitis_HLS/2024.1/common/technology/xilinx/ip/xfir.gen 
Execute         source C:/Xilinx/Vitis_HLS/2024.1/common/technology/xilinx/DSP48/dsp48.gen 
Command       ap_source done; 0.18 sec.
Execute       ap_part_info -name xczu3eg-sfvc784-1-e -data info 
Command       ap_part_info done; 0.105 sec.
Execute       config_compile -quiet -complex-mul-dsp=0 
Command     set_part done; 4.454 sec.
Execute     send_msg_by_id INFO @200-1465@%s 'clock=10ns' from C:/GIM_Repos/GIM_Diabetes/accelerator_diabetes/hls_component/hls_config.cfg(16) 
INFO: [HLS 200-1465] Applying ini 'clock=10ns' from C:/GIM_Repos/GIM_Diabetes/accelerator_diabetes/hls_component/hls_config.cfg(16)
Execute     create_clock -period 10ns 
Execute       ap_set_clock -name default -period 10 -unit ns -default=false 
INFO: [SYN 201-201] Setting up clock 'default' with a period of 10ns.
Execute     send_msg_by_id INFO @200-1465@%s 'clock_uncertainty=2ns' from C:/GIM_Repos/GIM_Diabetes/accelerator_diabetes/hls_component/hls_config.cfg(17) 
INFO: [HLS 200-1465] Applying ini 'clock_uncertainty=2ns' from C:/GIM_Repos/GIM_Diabetes/accelerator_diabetes/hls_component/hls_config.cfg(17)
Execute     set_clock_uncertainty 2ns 
Execute       ap_set_clock -name default -uncertainty 2 -unit ns 
INFO: [SYN 201-201] Setting up clock 'default' with an uncertainty of 2ns.
Execute     send_msg_by_id INFO @200-1465@%s 'package.output.format=ip_catalog' from C:/GIM_Repos/GIM_Diabetes/accelerator_diabetes/hls_component/hls_config.cfg(5) 
INFO: [HLS 200-1465] Applying ini 'package.output.format=ip_catalog' from C:/GIM_Repos/GIM_Diabetes/accelerator_diabetes/hls_component/hls_config.cfg(5)
Execute     config_export -format=ip_catalog 
Command   apply_ini done; 4.592 sec.
Execute   apply_ini C:/GIM_Repos/GIM_Diabetes/accelerator_diabetes/hls_component/accelerator/hls/config.cmdline 
Execute   csim_design 
Execute     AP::app_get_file_relativeroot [AP::app_get_root] {}
Execute     AP::app_get_file_relativeroot [AP::app_get_root] {}
Execute     AP::app_get_file_relativeroot [AP::app_get_root] {}
INFO-FLOW: Running SLX 'csim' proc: ::SLX::run_csim
INFO: [SIM 211-2] *************** CSIM start ***************
INFO: [SIM 211-4] CSIM will launch CLANG as the compiler.
Execute     send_msg_by_id INFO @200-2036@%s debug 
INFO: [HLS 200-2036] Building debug C Simulation binaries
Execute     source C:/Xilinx/Vitis_HLS/2024.1/tps/tcl/tcllib1.11.1/yaml/huddle.tcl 
Execute     source C:/Xilinx/Vitis_HLS/2024.1/tps/tcl/tcllib1.11.1/yaml/json2huddle.tcl 
Execute     ap_part_info -name xczu3eg-sfvc784-1-e -data info 
Execute     source run_sim.tcl 
Command     ap_source done; 2.007 sec.
INFO: [SIM 211-1] CSim done with 0 errors.
INFO: [SIM 211-3] *************** CSIM finish ***************
Command   csim_design done; 62.588 sec.
Execute   close_project 
Execute     close_solution 
Execute       cleanup_all 
Execute       cleanup_all 
INFO-FLOW: Workspace C:/GIM_Repos/GIM_Diabetes/accelerator_diabetes/hls_component/accelerator/hls opened at Wed Feb 19 15:07:43 -0800 2025
Execute     send_msg_by_id INFO @200-1505@%s%s default  vivado 
INFO: [HLS 200-1505] Using default flow_target 'vivado'
Execute   apply_ini C:/GIM_Repos/GIM_Diabetes/accelerator_diabetes/hls_component/hls_config.cfg 
Execute     send_msg_by_id INFO @200-1465@%s 'syn.file=C:/GIM_Repos/GIM_Diabetes/accelerator_diabetes/accelerator.cpp' from C:/GIM_Repos/GIM_Diabetes/accelerator_diabetes/hls_component/hls_config.cfg(8) 
INFO: [HLS 200-1465] Applying ini 'syn.file=C:/GIM_Repos/GIM_Diabetes/accelerator_diabetes/accelerator.cpp' from C:/GIM_Repos/GIM_Diabetes/accelerator_diabetes/hls_component/hls_config.cfg(8)
Execute     add_files C:/GIM_Repos/GIM_Diabetes/accelerator_diabetes/accelerator.cpp 
INFO: [HLS 200-10] Adding design file 'C:/GIM_Repos/GIM_Diabetes/accelerator_diabetes/accelerator.cpp' to the project
Execute     send_msg_by_id INFO @200-1465@%s 'syn.file=C:/GIM_Repos/GIM_Diabetes/accelerator_diabetes/act_pe.cpp' from C:/GIM_Repos/GIM_Diabetes/accelerator_diabetes/hls_component/hls_config.cfg(9) 
INFO: [HLS 200-1465] Applying ini 'syn.file=C:/GIM_Repos/GIM_Diabetes/accelerator_diabetes/act_pe.cpp' from C:/GIM_Repos/GIM_Diabetes/accelerator_diabetes/hls_component/hls_config.cfg(9)
Execute     add_files C:/GIM_Repos/GIM_Diabetes/accelerator_diabetes/act_pe.cpp 
INFO: [HLS 200-10] Adding design file 'C:/GIM_Repos/GIM_Diabetes/accelerator_diabetes/act_pe.cpp' to the project
Execute     send_msg_by_id INFO @200-1465@%s 'syn.file=C:/GIM_Repos/GIM_Diabetes/accelerator_diabetes/array.cpp' from C:/GIM_Repos/GIM_Diabetes/accelerator_diabetes/hls_component/hls_config.cfg(10) 
INFO: [HLS 200-1465] Applying ini 'syn.file=C:/GIM_Repos/GIM_Diabetes/accelerator_diabetes/array.cpp' from C:/GIM_Repos/GIM_Diabetes/accelerator_diabetes/hls_component/hls_config.cfg(10)
Execute     add_files C:/GIM_Repos/GIM_Diabetes/accelerator_diabetes/array.cpp 
INFO: [HLS 200-10] Adding design file 'C:/GIM_Repos/GIM_Diabetes/accelerator_diabetes/array.cpp' to the project
Execute     send_msg_by_id INFO @200-1465@%s 'syn.file=C:/GIM_Repos/GIM_Diabetes/accelerator_diabetes/bias_pe.cpp' from C:/GIM_Repos/GIM_Diabetes/accelerator_diabetes/hls_component/hls_config.cfg(11) 
INFO: [HLS 200-1465] Applying ini 'syn.file=C:/GIM_Repos/GIM_Diabetes/accelerator_diabetes/bias_pe.cpp' from C:/GIM_Repos/GIM_Diabetes/accelerator_diabetes/hls_component/hls_config.cfg(11)
Execute     add_files C:/GIM_Repos/GIM_Diabetes/accelerator_diabetes/bias_pe.cpp 
INFO: [HLS 200-10] Adding design file 'C:/GIM_Repos/GIM_Diabetes/accelerator_diabetes/bias_pe.cpp' to the project
Execute     send_msg_by_id INFO @200-1465@%s 'syn.file=C:/GIM_Repos/GIM_Diabetes/accelerator_diabetes/csv_import.cpp' from C:/GIM_Repos/GIM_Diabetes/accelerator_diabetes/hls_component/hls_config.cfg(12) 
INFO: [HLS 200-1465] Applying ini 'syn.file=C:/GIM_Repos/GIM_Diabetes/accelerator_diabetes/csv_import.cpp' from C:/GIM_Repos/GIM_Diabetes/accelerator_diabetes/hls_component/hls_config.cfg(12)
Execute     add_files C:/GIM_Repos/GIM_Diabetes/accelerator_diabetes/csv_import.cpp 
INFO: [HLS 200-10] Adding design file 'C:/GIM_Repos/GIM_Diabetes/accelerator_diabetes/csv_import.cpp' to the project
Execute     send_msg_by_id INFO @200-1465@%s 'syn.file=C:/GIM_Repos/GIM_Diabetes/accelerator_diabetes/error_pe.cpp' from C:/GIM_Repos/GIM_Diabetes/accelerator_diabetes/hls_component/hls_config.cfg(13) 
INFO: [HLS 200-1465] Applying ini 'syn.file=C:/GIM_Repos/GIM_Diabetes/accelerator_diabetes/error_pe.cpp' from C:/GIM_Repos/GIM_Diabetes/accelerator_diabetes/hls_component/hls_config.cfg(13)
Execute     add_files C:/GIM_Repos/GIM_Diabetes/accelerator_diabetes/error_pe.cpp 
INFO: [HLS 200-10] Adding design file 'C:/GIM_Repos/GIM_Diabetes/accelerator_diabetes/error_pe.cpp' to the project
Execute     send_msg_by_id INFO @200-1465@%s 'syn.file=C:/GIM_Repos/GIM_Diabetes/accelerator_diabetes/gim_model.h' from C:/GIM_Repos/GIM_Diabetes/accelerator_diabetes/hls_component/hls_config.cfg(14) 
INFO: [HLS 200-1465] Applying ini 'syn.file=C:/GIM_Repos/GIM_Diabetes/accelerator_diabetes/gim_model.h' from C:/GIM_Repos/GIM_Diabetes/accelerator_diabetes/hls_component/hls_config.cfg(14)
Execute     add_files C:/GIM_Repos/GIM_Diabetes/accelerator_diabetes/gim_model.h 
INFO: [HLS 200-10] Adding design file 'C:/GIM_Repos/GIM_Diabetes/accelerator_diabetes/gim_model.h' to the project
Execute     send_msg_by_id INFO @200-1465@%s 'syn.file=C:/GIM_Repos/GIM_Diabetes/accelerator_diabetes/weight_pe.cpp' from C:/GIM_Repos/GIM_Diabetes/accelerator_diabetes/hls_component/hls_config.cfg(15) 
INFO: [HLS 200-1465] Applying ini 'syn.file=C:/GIM_Repos/GIM_Diabetes/accelerator_diabetes/weight_pe.cpp' from C:/GIM_Repos/GIM_Diabetes/accelerator_diabetes/hls_component/hls_config.cfg(15)
Execute     add_files C:/GIM_Repos/GIM_Diabetes/accelerator_diabetes/weight_pe.cpp 
INFO: [HLS 200-10] Adding design file 'C:/GIM_Repos/GIM_Diabetes/accelerator_diabetes/weight_pe.cpp' to the project
Execute     send_msg_by_id INFO @200-1465@%s 'tb.file=C:\GIM_Repos\GIM_Diabetes\accelerator_diabetes\main.cpp' from C:/GIM_Repos/GIM_Diabetes/accelerator_diabetes/hls_component/hls_config.cfg(18) 
INFO: [HLS 200-1465] Applying ini 'tb.file=C:\GIM_Repos\GIM_Diabetes\accelerator_diabetes\main.cpp' from C:/GIM_Repos/GIM_Diabetes/accelerator_diabetes/hls_component/hls_config.cfg(18)
Execute     add_files -tb C:\GIM_Repos\GIM_Diabetes\accelerator_diabetes\main.cpp 
INFO: [HLS 200-10] Adding test bench file 'C:/GIM_Repos/GIM_Diabetes/accelerator_diabetes/main.cpp' to the project
Execute     send_msg_by_id INFO @200-1465@%s 'syn.top=accelerator' from C:/GIM_Repos/GIM_Diabetes/accelerator_diabetes/hls_component/hls_config.cfg(7) 
INFO: [HLS 200-1465] Applying ini 'syn.top=accelerator' from C:/GIM_Repos/GIM_Diabetes/accelerator_diabetes/hls_component/hls_config.cfg(7)
Execute     set_top accelerator 
Execute     send_msg_by_id INFO @200-1465@%s 'flow_target=vivado' from C:/GIM_Repos/GIM_Diabetes/accelerator_diabetes/hls_component/hls_config.cfg(4) 
INFO: [HLS 200-1465] Applying ini 'flow_target=vivado' from C:/GIM_Repos/GIM_Diabetes/accelerator_diabetes/hls_component/hls_config.cfg(4)
Execute     send_msg_by_id INFO @200-1505@%s%s  vivado 
INFO: [HLS 200-1505] Using flow_target 'vivado'
Execute     send_msg_by_id INFO @200-1465@%s 'part=xczu3eg-sfvc784-1-e' from C:/GIM_Repos/GIM_Diabetes/accelerator_diabetes/hls_component/hls_config.cfg(1) 
INFO: [HLS 200-1465] Applying ini 'part=xczu3eg-sfvc784-1-e' from C:/GIM_Repos/GIM_Diabetes/accelerator_diabetes/hls_component/hls_config.cfg(1)
Execute     set_part xczu3eg-sfvc784-1-e 
Execute       create_platform xczu3eg-sfvc784-1-e -board  
DBG:HLSDevice: Trying to load device library: C:/Xilinx\Vitis_HLS\2024.1\lib\win64.o\xv_hlsvwrap.dll
DBG:HLSDevice: first parts/arch.xml in RDI_DATADIR: C:/Xilinx/Vivado/2024.1/data/parts/arch.xml
DBG:HLSDevice: init success
INFO: [HLS 200-1611] Setting target device to 'xczu3eg-sfvc784-1-e'
Command       create_platform done; 3.596 sec.
Execute       source C:/Xilinx/Vitis_HLS/2024.1/common/technology/xilinx/common/xilinx.gen 
Execute         source C:/Xilinx/Vitis_HLS/2024.1/common/technology/xilinx/interface/plb46.gen 
Execute         source C:/Xilinx/Vitis_HLS/2024.1/common/technology/xilinx/interface/axi4.gen 
Execute         source C:/Xilinx/Vitis_HLS/2024.1/common/technology/xilinx/interface/nativeAXI4.gen 
Execute           source C:/Xilinx/Vitis_HLS/2024.1/common/technology/xilinx/interface/saxilite.gen 
Execute         source C:/Xilinx/Vitis_HLS/2024.1/common/technology/xilinx/scripts/xilinxcoregen.gen 
Execute         source C:/Xilinx/Vitis_HLS/2024.1/common/technology/xilinx/interface/XilEDKCoreGen.gen 
Execute         source C:/Xilinx/Vitis_HLS/2024.1/common/technology/xilinx/ip/dds_compiler.gen 
Execute         source C:/Xilinx/Vitis_HLS/2024.1/common/technology/xilinx/ip/util.gen 
Execute         source C:/Xilinx/Vitis_HLS/2024.1/common/technology/xilinx/ip/xfft.gen 
Command         ap_source done; 0.128 sec.
Execute         source C:/Xilinx/Vitis_HLS/2024.1/common/technology/xilinx/ip/xfir.gen 
Execute         source C:/Xilinx/Vitis_HLS/2024.1/common/technology/xilinx/DSP48/dsp48.gen 
Command       ap_source done; 0.166 sec.
Execute       ap_part_info -name xczu3eg-sfvc784-1-e -data info 
Execute       config_compile -quiet -complex-mul-dsp=0 
Command     set_part done; 3.864 sec.
Execute     send_msg_by_id INFO @200-1465@%s 'clock=10ns' from C:/GIM_Repos/GIM_Diabetes/accelerator_diabetes/hls_component/hls_config.cfg(16) 
INFO: [HLS 200-1465] Applying ini 'clock=10ns' from C:/GIM_Repos/GIM_Diabetes/accelerator_diabetes/hls_component/hls_config.cfg(16)
Execute     create_clock -period 10ns 
Execute       ap_set_clock -name default -period 10 -unit ns -default=false 
INFO: [SYN 201-201] Setting up clock 'default' with a period of 10ns.
Execute     send_msg_by_id INFO @200-1465@%s 'clock_uncertainty=2ns' from C:/GIM_Repos/GIM_Diabetes/accelerator_diabetes/hls_component/hls_config.cfg(17) 
INFO: [HLS 200-1465] Applying ini 'clock_uncertainty=2ns' from C:/GIM_Repos/GIM_Diabetes/accelerator_diabetes/hls_component/hls_config.cfg(17)
Execute     set_clock_uncertainty 2ns 
Execute       ap_set_clock -name default -uncertainty 2 -unit ns 
INFO: [SYN 201-201] Setting up clock 'default' with an uncertainty of 2ns.
Execute     send_msg_by_id INFO @200-1465@%s 'package.output.format=ip_catalog' from C:/GIM_Repos/GIM_Diabetes/accelerator_diabetes/hls_component/hls_config.cfg(5) 
INFO: [HLS 200-1465] Applying ini 'package.output.format=ip_catalog' from C:/GIM_Repos/GIM_Diabetes/accelerator_diabetes/hls_component/hls_config.cfg(5)
Execute     config_export -format=ip_catalog 
Command   apply_ini done; 4.01 sec.
Execute   apply_ini C:/GIM_Repos/GIM_Diabetes/accelerator_diabetes/hls_component/accelerator/hls/config.cmdline 
Execute   csim_design 
Execute     AP::app_get_file_relativeroot [AP::app_get_root] {}
Execute     AP::app_get_file_relativeroot [AP::app_get_root] {}
Execute     AP::app_get_file_relativeroot [AP::app_get_root] {}
INFO-FLOW: Running SLX 'csim' proc: ::SLX::run_csim
INFO: [SIM 211-2] *************** CSIM start ***************
INFO: [SIM 211-4] CSIM will launch CLANG as the compiler.
Execute     source csim/.lst_opt.tcl 
Execute     send_msg_by_id INFO @200-2036@%s debug 
INFO: [HLS 200-2036] Building debug C Simulation binaries
Execute     source C:/Xilinx/Vitis_HLS/2024.1/tps/tcl/tcllib1.11.1/yaml/huddle.tcl 
Execute     source C:/Xilinx/Vitis_HLS/2024.1/tps/tcl/tcllib1.11.1/yaml/json2huddle.tcl 
Execute     ap_part_info -name xczu3eg-sfvc784-1-e -data info 
Command     ap_part_info done; 0.116 sec.
Execute     source run_sim.tcl 
Command     ap_source done; 0.601 sec.
INFO: [SIM 211-1] CSim done with 0 errors.
INFO: [SIM 211-3] *************** CSIM finish ***************
Command   csim_design done; 6.757 sec.
Execute   close_project 
Execute     close_solution 
Execute       cleanup_all 
Execute       cleanup_all 
INFO-FLOW: Workspace C:/GIM_Repos/GIM_Diabetes/accelerator_diabetes/hls_component/accelerator/hls opened at Wed Feb 19 15:09:04 -0800 2025
Execute     send_msg_by_id INFO @200-1505@%s%s default  vivado 
INFO: [HLS 200-1505] Using default flow_target 'vivado'
Execute   apply_ini C:/GIM_Repos/GIM_Diabetes/accelerator_diabetes/hls_component/hls_config.cfg 
Execute     send_msg_by_id INFO @200-1465@%s 'syn.file=C:/GIM_Repos/GIM_Diabetes/accelerator_diabetes/accelerator.cpp' from C:/GIM_Repos/GIM_Diabetes/accelerator_diabetes/hls_component/hls_config.cfg(11) 
INFO: [HLS 200-1465] Applying ini 'syn.file=C:/GIM_Repos/GIM_Diabetes/accelerator_diabetes/accelerator.cpp' from C:/GIM_Repos/GIM_Diabetes/accelerator_diabetes/hls_component/hls_config.cfg(11)
Execute     add_files C:/GIM_Repos/GIM_Diabetes/accelerator_diabetes/accelerator.cpp 
INFO: [HLS 200-10] Adding design file 'C:/GIM_Repos/GIM_Diabetes/accelerator_diabetes/accelerator.cpp' to the project
Execute     send_msg_by_id INFO @200-1465@%s 'syn.file=C:/GIM_Repos/GIM_Diabetes/accelerator_diabetes/act_pe.cpp' from C:/GIM_Repos/GIM_Diabetes/accelerator_diabetes/hls_component/hls_config.cfg(12) 
INFO: [HLS 200-1465] Applying ini 'syn.file=C:/GIM_Repos/GIM_Diabetes/accelerator_diabetes/act_pe.cpp' from C:/GIM_Repos/GIM_Diabetes/accelerator_diabetes/hls_component/hls_config.cfg(12)
Execute     add_files C:/GIM_Repos/GIM_Diabetes/accelerator_diabetes/act_pe.cpp 
INFO: [HLS 200-10] Adding design file 'C:/GIM_Repos/GIM_Diabetes/accelerator_diabetes/act_pe.cpp' to the project
Execute     send_msg_by_id INFO @200-1465@%s 'syn.file=C:/GIM_Repos/GIM_Diabetes/accelerator_diabetes/array.cpp' from C:/GIM_Repos/GIM_Diabetes/accelerator_diabetes/hls_component/hls_config.cfg(13) 
INFO: [HLS 200-1465] Applying ini 'syn.file=C:/GIM_Repos/GIM_Diabetes/accelerator_diabetes/array.cpp' from C:/GIM_Repos/GIM_Diabetes/accelerator_diabetes/hls_component/hls_config.cfg(13)
Execute     add_files C:/GIM_Repos/GIM_Diabetes/accelerator_diabetes/array.cpp 
INFO: [HLS 200-10] Adding design file 'C:/GIM_Repos/GIM_Diabetes/accelerator_diabetes/array.cpp' to the project
Execute     send_msg_by_id INFO @200-1465@%s 'syn.file=C:/GIM_Repos/GIM_Diabetes/accelerator_diabetes/bias_pe.cpp' from C:/GIM_Repos/GIM_Diabetes/accelerator_diabetes/hls_component/hls_config.cfg(14) 
INFO: [HLS 200-1465] Applying ini 'syn.file=C:/GIM_Repos/GIM_Diabetes/accelerator_diabetes/bias_pe.cpp' from C:/GIM_Repos/GIM_Diabetes/accelerator_diabetes/hls_component/hls_config.cfg(14)
Execute     add_files C:/GIM_Repos/GIM_Diabetes/accelerator_diabetes/bias_pe.cpp 
INFO: [HLS 200-10] Adding design file 'C:/GIM_Repos/GIM_Diabetes/accelerator_diabetes/bias_pe.cpp' to the project
Execute     send_msg_by_id INFO @200-1465@%s 'syn.file=C:/GIM_Repos/GIM_Diabetes/accelerator_diabetes/csv_import.cpp' from C:/GIM_Repos/GIM_Diabetes/accelerator_diabetes/hls_component/hls_config.cfg(15) 
INFO: [HLS 200-1465] Applying ini 'syn.file=C:/GIM_Repos/GIM_Diabetes/accelerator_diabetes/csv_import.cpp' from C:/GIM_Repos/GIM_Diabetes/accelerator_diabetes/hls_component/hls_config.cfg(15)
Execute     add_files C:/GIM_Repos/GIM_Diabetes/accelerator_diabetes/csv_import.cpp 
INFO: [HLS 200-10] Adding design file 'C:/GIM_Repos/GIM_Diabetes/accelerator_diabetes/csv_import.cpp' to the project
Execute     send_msg_by_id INFO @200-1465@%s 'syn.file=C:/GIM_Repos/GIM_Diabetes/accelerator_diabetes/error_pe.cpp' from C:/GIM_Repos/GIM_Diabetes/accelerator_diabetes/hls_component/hls_config.cfg(16) 
INFO: [HLS 200-1465] Applying ini 'syn.file=C:/GIM_Repos/GIM_Diabetes/accelerator_diabetes/error_pe.cpp' from C:/GIM_Repos/GIM_Diabetes/accelerator_diabetes/hls_component/hls_config.cfg(16)
Execute     add_files C:/GIM_Repos/GIM_Diabetes/accelerator_diabetes/error_pe.cpp 
INFO: [HLS 200-10] Adding design file 'C:/GIM_Repos/GIM_Diabetes/accelerator_diabetes/error_pe.cpp' to the project
Execute     send_msg_by_id INFO @200-1465@%s 'syn.file=C:/GIM_Repos/GIM_Diabetes/accelerator_diabetes/gim_model.h' from C:/GIM_Repos/GIM_Diabetes/accelerator_diabetes/hls_component/hls_config.cfg(17) 
INFO: [HLS 200-1465] Applying ini 'syn.file=C:/GIM_Repos/GIM_Diabetes/accelerator_diabetes/gim_model.h' from C:/GIM_Repos/GIM_Diabetes/accelerator_diabetes/hls_component/hls_config.cfg(17)
Execute     add_files C:/GIM_Repos/GIM_Diabetes/accelerator_diabetes/gim_model.h 
INFO: [HLS 200-10] Adding design file 'C:/GIM_Repos/GIM_Diabetes/accelerator_diabetes/gim_model.h' to the project
Execute     send_msg_by_id INFO @200-1465@%s 'syn.file=C:/GIM_Repos/GIM_Diabetes/accelerator_diabetes/weight_pe.cpp' from C:/GIM_Repos/GIM_Diabetes/accelerator_diabetes/hls_component/hls_config.cfg(18) 
INFO: [HLS 200-1465] Applying ini 'syn.file=C:/GIM_Repos/GIM_Diabetes/accelerator_diabetes/weight_pe.cpp' from C:/GIM_Repos/GIM_Diabetes/accelerator_diabetes/hls_component/hls_config.cfg(18)
Execute     add_files C:/GIM_Repos/GIM_Diabetes/accelerator_diabetes/weight_pe.cpp 
INFO: [HLS 200-10] Adding design file 'C:/GIM_Repos/GIM_Diabetes/accelerator_diabetes/weight_pe.cpp' to the project
Execute     send_msg_by_id INFO @200-1465@%s 'syn.file=C:\GIM_Repos\GIM_Diabetes\accelerator_diabetes\X_test.csv' from C:/GIM_Repos/GIM_Diabetes/accelerator_diabetes/hls_component/hls_config.cfg(19) 
INFO: [HLS 200-1465] Applying ini 'syn.file=C:\GIM_Repos\GIM_Diabetes\accelerator_diabetes\X_test.csv' from C:/GIM_Repos/GIM_Diabetes/accelerator_diabetes/hls_component/hls_config.cfg(19)
Execute     add_files C:\GIM_Repos\GIM_Diabetes\accelerator_diabetes\X_test.csv 
INFO: [HLS 200-10] Adding design file 'C:/GIM_Repos/GIM_Diabetes/accelerator_diabetes/X_test.csv' to the project
Execute     send_msg_by_id INFO @200-1465@%s 'syn.file=C:\GIM_Repos\GIM_Diabetes\accelerator_diabetes\X_train.csv' from C:/GIM_Repos/GIM_Diabetes/accelerator_diabetes/hls_component/hls_config.cfg(20) 
INFO: [HLS 200-1465] Applying ini 'syn.file=C:\GIM_Repos\GIM_Diabetes\accelerator_diabetes\X_train.csv' from C:/GIM_Repos/GIM_Diabetes/accelerator_diabetes/hls_component/hls_config.cfg(20)
Execute     add_files C:\GIM_Repos\GIM_Diabetes\accelerator_diabetes\X_train.csv 
INFO: [HLS 200-10] Adding design file 'C:/GIM_Repos/GIM_Diabetes/accelerator_diabetes/X_train.csv' to the project
Execute     send_msg_by_id INFO @200-1465@%s 'syn.file=C:\GIM_Repos\GIM_Diabetes\accelerator_diabetes\Y_test.csv' from C:/GIM_Repos/GIM_Diabetes/accelerator_diabetes/hls_component/hls_config.cfg(21) 
INFO: [HLS 200-1465] Applying ini 'syn.file=C:\GIM_Repos\GIM_Diabetes\accelerator_diabetes\Y_test.csv' from C:/GIM_Repos/GIM_Diabetes/accelerator_diabetes/hls_component/hls_config.cfg(21)
Execute     add_files C:\GIM_Repos\GIM_Diabetes\accelerator_diabetes\Y_test.csv 
INFO: [HLS 200-10] Adding design file 'C:/GIM_Repos/GIM_Diabetes/accelerator_diabetes/Y_test.csv' to the project
Execute     send_msg_by_id INFO @200-1465@%s 'syn.file=C:\GIM_Repos\GIM_Diabetes\accelerator_diabetes\Y_train.csv' from C:/GIM_Repos/GIM_Diabetes/accelerator_diabetes/hls_component/hls_config.cfg(22) 
INFO: [HLS 200-1465] Applying ini 'syn.file=C:\GIM_Repos\GIM_Diabetes\accelerator_diabetes\Y_train.csv' from C:/GIM_Repos/GIM_Diabetes/accelerator_diabetes/hls_component/hls_config.cfg(22)
Command     send_msg_by_id done; 1.416 sec.
Execute     add_files C:\GIM_Repos\GIM_Diabetes\accelerator_diabetes\Y_train.csv 
INFO: [HLS 200-10] Adding design file 'C:/GIM_Repos/GIM_Diabetes/accelerator_diabetes/Y_train.csv' to the project
Execute     send_msg_by_id INFO @200-1465@%s 'tb.file=C:\GIM_Repos\GIM_Diabetes\accelerator_diabetes\main.cpp' from C:/GIM_Repos/GIM_Diabetes/accelerator_diabetes/hls_component/hls_config.cfg(10) 
INFO: [HLS 200-1465] Applying ini 'tb.file=C:\GIM_Repos\GIM_Diabetes\accelerator_diabetes\main.cpp' from C:/GIM_Repos/GIM_Diabetes/accelerator_diabetes/hls_component/hls_config.cfg(10)
Execute     add_files -tb C:\GIM_Repos\GIM_Diabetes\accelerator_diabetes\main.cpp 
INFO: [HLS 200-10] Adding test bench file 'C:/GIM_Repos/GIM_Diabetes/accelerator_diabetes/main.cpp' to the project
Execute     send_msg_by_id INFO @200-1465@%s 'syn.top=accelerator' from C:/GIM_Repos/GIM_Diabetes/accelerator_diabetes/hls_component/hls_config.cfg(7) 
INFO: [HLS 200-1465] Applying ini 'syn.top=accelerator' from C:/GIM_Repos/GIM_Diabetes/accelerator_diabetes/hls_component/hls_config.cfg(7)
Execute     set_top accelerator 
Execute     send_msg_by_id INFO @200-1465@%s 'flow_target=vivado' from C:/GIM_Repos/GIM_Diabetes/accelerator_diabetes/hls_component/hls_config.cfg(4) 
INFO: [HLS 200-1465] Applying ini 'flow_target=vivado' from C:/GIM_Repos/GIM_Diabetes/accelerator_diabetes/hls_component/hls_config.cfg(4)
Execute     send_msg_by_id INFO @200-1505@%s%s  vivado 
INFO: [HLS 200-1505] Using flow_target 'vivado'
Execute     send_msg_by_id INFO @200-1465@%s 'part=xczu3eg-sfvc784-1-e' from C:/GIM_Repos/GIM_Diabetes/accelerator_diabetes/hls_component/hls_config.cfg(1) 
INFO: [HLS 200-1465] Applying ini 'part=xczu3eg-sfvc784-1-e' from C:/GIM_Repos/GIM_Diabetes/accelerator_diabetes/hls_component/hls_config.cfg(1)
Execute     set_part xczu3eg-sfvc784-1-e 
Execute       create_platform xczu3eg-sfvc784-1-e -board  
DBG:HLSDevice: Trying to load device library: C:/Xilinx\Vitis_HLS\2024.1\lib\win64.o\xv_hlsvwrap.dll
DBG:HLSDevice: first parts/arch.xml in RDI_DATADIR: C:/Xilinx/Vivado/2024.1/data/parts/arch.xml
DBG:HLSDevice: init success
INFO: [HLS 200-1611] Setting target device to 'xczu3eg-sfvc784-1-e'
Command       create_platform done; 5.036 sec.
Execute       source C:/Xilinx/Vitis_HLS/2024.1/common/technology/xilinx/common/xilinx.gen 
Execute         source C:/Xilinx/Vitis_HLS/2024.1/common/technology/xilinx/interface/plb46.gen 
Execute         source C:/Xilinx/Vitis_HLS/2024.1/common/technology/xilinx/interface/axi4.gen 
Execute         source C:/Xilinx/Vitis_HLS/2024.1/common/technology/xilinx/interface/nativeAXI4.gen 
Execute           source C:/Xilinx/Vitis_HLS/2024.1/common/technology/xilinx/interface/saxilite.gen 
Execute         source C:/Xilinx/Vitis_HLS/2024.1/common/technology/xilinx/scripts/xilinxcoregen.gen 
Execute         source C:/Xilinx/Vitis_HLS/2024.1/common/technology/xilinx/interface/XilEDKCoreGen.gen 
Execute         source C:/Xilinx/Vitis_HLS/2024.1/common/technology/xilinx/ip/dds_compiler.gen 
Execute         source C:/Xilinx/Vitis_HLS/2024.1/common/technology/xilinx/ip/util.gen 
Execute         source C:/Xilinx/Vitis_HLS/2024.1/common/technology/xilinx/ip/xfft.gen 
Command         ap_source done; 0.176 sec.
Execute         source C:/Xilinx/Vitis_HLS/2024.1/common/technology/xilinx/ip/xfir.gen 
Execute         source C:/Xilinx/Vitis_HLS/2024.1/common/technology/xilinx/DSP48/dsp48.gen 
Command       ap_source done; 0.223 sec.
Execute       ap_part_info -name xczu3eg-sfvc784-1-e -data info 
Command       ap_part_info done; 0.122 sec.
Execute       config_compile -quiet -complex-mul-dsp=0 
Command     set_part done; 5.388 sec.
Execute     send_msg_by_id INFO @200-1465@%s 'clock=10ns' from C:/GIM_Repos/GIM_Diabetes/accelerator_diabetes/hls_component/hls_config.cfg(8) 
INFO: [HLS 200-1465] Applying ini 'clock=10ns' from C:/GIM_Repos/GIM_Diabetes/accelerator_diabetes/hls_component/hls_config.cfg(8)
Execute     create_clock -period 10ns 
Execute       ap_set_clock -name default -period 10 -unit ns -default=false 
INFO: [SYN 201-201] Setting up clock 'default' with a period of 10ns.
Execute     send_msg_by_id INFO @200-1465@%s 'clock_uncertainty=2ns' from C:/GIM_Repos/GIM_Diabetes/accelerator_diabetes/hls_component/hls_config.cfg(9) 
INFO: [HLS 200-1465] Applying ini 'clock_uncertainty=2ns' from C:/GIM_Repos/GIM_Diabetes/accelerator_diabetes/hls_component/hls_config.cfg(9)
Execute     set_clock_uncertainty 2ns 
Execute       ap_set_clock -name default -uncertainty 2 -unit ns 
INFO: [SYN 201-201] Setting up clock 'default' with an uncertainty of 2ns.
Execute     send_msg_by_id INFO @200-1465@%s 'package.output.format=ip_catalog' from C:/GIM_Repos/GIM_Diabetes/accelerator_diabetes/hls_component/hls_config.cfg(5) 
INFO: [HLS 200-1465] Applying ini 'package.output.format=ip_catalog' from C:/GIM_Repos/GIM_Diabetes/accelerator_diabetes/hls_component/hls_config.cfg(5)
Execute     config_export -format=ip_catalog 
Command   apply_ini done; 7.045 sec.
Execute   apply_ini C:/GIM_Repos/GIM_Diabetes/accelerator_diabetes/hls_component/accelerator/hls/config.cmdline 
Execute   csim_design 
Execute     AP::app_get_file_relativeroot [AP::app_get_root] {}
Execute     AP::app_get_file_relativeroot [AP::app_get_root] {}
Execute     AP::app_get_file_relativeroot [AP::app_get_root] {}
INFO-FLOW: Running SLX 'csim' proc: ::SLX::run_csim
INFO: [SIM 211-2] *************** CSIM start ***************
INFO: [SIM 211-4] CSIM will launch CLANG as the compiler.
Execute     source csim/.lst_opt.tcl 
Execute     send_msg_by_id INFO @200-2036@%s debug 
INFO: [HLS 200-2036] Building debug C Simulation binaries
Execute     source C:/Xilinx/Vitis_HLS/2024.1/tps/tcl/tcllib1.11.1/yaml/huddle.tcl 
Execute     source C:/Xilinx/Vitis_HLS/2024.1/tps/tcl/tcllib1.11.1/yaml/json2huddle.tcl 
Execute     ap_part_info -name xczu3eg-sfvc784-1-e -data info 
Command     ap_part_info done; 0.106 sec.
Execute     source run_sim.tcl 
Command     ap_source done; 1.383 sec.
INFO: [SIM 211-1] CSim done with 0 errors.
INFO: [SIM 211-3] *************** CSIM finish ***************
Command   csim_design done; 9.022 sec.
Execute   close_project 
Execute     close_solution 
Execute       cleanup_all 
Execute       cleanup_all 
INFO-FLOW: Workspace C:/GIM_Repos/GIM_Diabetes/accelerator_diabetes/hls_component/accelerator/hls opened at Wed Feb 19 15:09:58 -0800 2025
Execute     send_msg_by_id INFO @200-1505@%s%s default  vivado 
INFO: [HLS 200-1505] Using default flow_target 'vivado'
Execute   apply_ini C:/GIM_Repos/GIM_Diabetes/accelerator_diabetes/hls_component/hls_config.cfg 
Execute     send_msg_by_id INFO @200-1465@%s 'syn.file=C:/GIM_Repos/GIM_Diabetes/accelerator_diabetes/accelerator.cpp' from C:/GIM_Repos/GIM_Diabetes/accelerator_diabetes/hls_component/hls_config.cfg(11) 
INFO: [HLS 200-1465] Applying ini 'syn.file=C:/GIM_Repos/GIM_Diabetes/accelerator_diabetes/accelerator.cpp' from C:/GIM_Repos/GIM_Diabetes/accelerator_diabetes/hls_component/hls_config.cfg(11)
Execute     add_files C:/GIM_Repos/GIM_Diabetes/accelerator_diabetes/accelerator.cpp 
INFO: [HLS 200-10] Adding design file 'C:/GIM_Repos/GIM_Diabetes/accelerator_diabetes/accelerator.cpp' to the project
Execute     send_msg_by_id INFO @200-1465@%s 'syn.file=C:/GIM_Repos/GIM_Diabetes/accelerator_diabetes/act_pe.cpp' from C:/GIM_Repos/GIM_Diabetes/accelerator_diabetes/hls_component/hls_config.cfg(12) 
INFO: [HLS 200-1465] Applying ini 'syn.file=C:/GIM_Repos/GIM_Diabetes/accelerator_diabetes/act_pe.cpp' from C:/GIM_Repos/GIM_Diabetes/accelerator_diabetes/hls_component/hls_config.cfg(12)
Execute     add_files C:/GIM_Repos/GIM_Diabetes/accelerator_diabetes/act_pe.cpp 
INFO: [HLS 200-10] Adding design file 'C:/GIM_Repos/GIM_Diabetes/accelerator_diabetes/act_pe.cpp' to the project
Execute     send_msg_by_id INFO @200-1465@%s 'syn.file=C:/GIM_Repos/GIM_Diabetes/accelerator_diabetes/array.cpp' from C:/GIM_Repos/GIM_Diabetes/accelerator_diabetes/hls_component/hls_config.cfg(13) 
INFO: [HLS 200-1465] Applying ini 'syn.file=C:/GIM_Repos/GIM_Diabetes/accelerator_diabetes/array.cpp' from C:/GIM_Repos/GIM_Diabetes/accelerator_diabetes/hls_component/hls_config.cfg(13)
Execute     add_files C:/GIM_Repos/GIM_Diabetes/accelerator_diabetes/array.cpp 
INFO: [HLS 200-10] Adding design file 'C:/GIM_Repos/GIM_Diabetes/accelerator_diabetes/array.cpp' to the project
Execute     send_msg_by_id INFO @200-1465@%s 'syn.file=C:/GIM_Repos/GIM_Diabetes/accelerator_diabetes/bias_pe.cpp' from C:/GIM_Repos/GIM_Diabetes/accelerator_diabetes/hls_component/hls_config.cfg(14) 
INFO: [HLS 200-1465] Applying ini 'syn.file=C:/GIM_Repos/GIM_Diabetes/accelerator_diabetes/bias_pe.cpp' from C:/GIM_Repos/GIM_Diabetes/accelerator_diabetes/hls_component/hls_config.cfg(14)
Execute     add_files C:/GIM_Repos/GIM_Diabetes/accelerator_diabetes/bias_pe.cpp 
INFO: [HLS 200-10] Adding design file 'C:/GIM_Repos/GIM_Diabetes/accelerator_diabetes/bias_pe.cpp' to the project
Execute     send_msg_by_id INFO @200-1465@%s 'syn.file=C:/GIM_Repos/GIM_Diabetes/accelerator_diabetes/csv_import.cpp' from C:/GIM_Repos/GIM_Diabetes/accelerator_diabetes/hls_component/hls_config.cfg(15) 
INFO: [HLS 200-1465] Applying ini 'syn.file=C:/GIM_Repos/GIM_Diabetes/accelerator_diabetes/csv_import.cpp' from C:/GIM_Repos/GIM_Diabetes/accelerator_diabetes/hls_component/hls_config.cfg(15)
Execute     add_files C:/GIM_Repos/GIM_Diabetes/accelerator_diabetes/csv_import.cpp 
INFO: [HLS 200-10] Adding design file 'C:/GIM_Repos/GIM_Diabetes/accelerator_diabetes/csv_import.cpp' to the project
Execute     send_msg_by_id INFO @200-1465@%s 'syn.file=C:/GIM_Repos/GIM_Diabetes/accelerator_diabetes/error_pe.cpp' from C:/GIM_Repos/GIM_Diabetes/accelerator_diabetes/hls_component/hls_config.cfg(16) 
INFO: [HLS 200-1465] Applying ini 'syn.file=C:/GIM_Repos/GIM_Diabetes/accelerator_diabetes/error_pe.cpp' from C:/GIM_Repos/GIM_Diabetes/accelerator_diabetes/hls_component/hls_config.cfg(16)
Execute     add_files C:/GIM_Repos/GIM_Diabetes/accelerator_diabetes/error_pe.cpp 
INFO: [HLS 200-10] Adding design file 'C:/GIM_Repos/GIM_Diabetes/accelerator_diabetes/error_pe.cpp' to the project
Execute     send_msg_by_id INFO @200-1465@%s 'syn.file=C:/GIM_Repos/GIM_Diabetes/accelerator_diabetes/gim_model.h' from C:/GIM_Repos/GIM_Diabetes/accelerator_diabetes/hls_component/hls_config.cfg(17) 
INFO: [HLS 200-1465] Applying ini 'syn.file=C:/GIM_Repos/GIM_Diabetes/accelerator_diabetes/gim_model.h' from C:/GIM_Repos/GIM_Diabetes/accelerator_diabetes/hls_component/hls_config.cfg(17)
Execute     add_files C:/GIM_Repos/GIM_Diabetes/accelerator_diabetes/gim_model.h 
INFO: [HLS 200-10] Adding design file 'C:/GIM_Repos/GIM_Diabetes/accelerator_diabetes/gim_model.h' to the project
Execute     send_msg_by_id INFO @200-1465@%s 'syn.file=C:/GIM_Repos/GIM_Diabetes/accelerator_diabetes/weight_pe.cpp' from C:/GIM_Repos/GIM_Diabetes/accelerator_diabetes/hls_component/hls_config.cfg(18) 
INFO: [HLS 200-1465] Applying ini 'syn.file=C:/GIM_Repos/GIM_Diabetes/accelerator_diabetes/weight_pe.cpp' from C:/GIM_Repos/GIM_Diabetes/accelerator_diabetes/hls_component/hls_config.cfg(18)
Execute     add_files C:/GIM_Repos/GIM_Diabetes/accelerator_diabetes/weight_pe.cpp 
INFO: [HLS 200-10] Adding design file 'C:/GIM_Repos/GIM_Diabetes/accelerator_diabetes/weight_pe.cpp' to the project
Execute     send_msg_by_id INFO @200-1465@%s 'syn.file=C:\GIM_Repos\GIM_Diabetes\accelerator_diabetes\X_test.csv' from C:/GIM_Repos/GIM_Diabetes/accelerator_diabetes/hls_component/hls_config.cfg(19) 
INFO: [HLS 200-1465] Applying ini 'syn.file=C:\GIM_Repos\GIM_Diabetes\accelerator_diabetes\X_test.csv' from C:/GIM_Repos/GIM_Diabetes/accelerator_diabetes/hls_component/hls_config.cfg(19)
Execute     add_files C:\GIM_Repos\GIM_Diabetes\accelerator_diabetes\X_test.csv 
INFO: [HLS 200-10] Adding design file 'C:/GIM_Repos/GIM_Diabetes/accelerator_diabetes/X_test.csv' to the project
Execute     send_msg_by_id INFO @200-1465@%s 'syn.file=C:\GIM_Repos\GIM_Diabetes\accelerator_diabetes\X_train.csv' from C:/GIM_Repos/GIM_Diabetes/accelerator_diabetes/hls_component/hls_config.cfg(20) 
INFO: [HLS 200-1465] Applying ini 'syn.file=C:\GIM_Repos\GIM_Diabetes\accelerator_diabetes\X_train.csv' from C:/GIM_Repos/GIM_Diabetes/accelerator_diabetes/hls_component/hls_config.cfg(20)
Execute     add_files C:\GIM_Repos\GIM_Diabetes\accelerator_diabetes\X_train.csv 
INFO: [HLS 200-10] Adding design file 'C:/GIM_Repos/GIM_Diabetes/accelerator_diabetes/X_train.csv' to the project
Execute     send_msg_by_id INFO @200-1465@%s 'syn.file=C:\GIM_Repos\GIM_Diabetes\accelerator_diabetes\Y_test.csv' from C:/GIM_Repos/GIM_Diabetes/accelerator_diabetes/hls_component/hls_config.cfg(21) 
INFO: [HLS 200-1465] Applying ini 'syn.file=C:\GIM_Repos\GIM_Diabetes\accelerator_diabetes\Y_test.csv' from C:/GIM_Repos/GIM_Diabetes/accelerator_diabetes/hls_component/hls_config.cfg(21)
Execute     add_files C:\GIM_Repos\GIM_Diabetes\accelerator_diabetes\Y_test.csv 
INFO: [HLS 200-10] Adding design file 'C:/GIM_Repos/GIM_Diabetes/accelerator_diabetes/Y_test.csv' to the project
Execute     send_msg_by_id INFO @200-1465@%s 'syn.file=C:\GIM_Repos\GIM_Diabetes\accelerator_diabetes\Y_train.csv' from C:/GIM_Repos/GIM_Diabetes/accelerator_diabetes/hls_component/hls_config.cfg(22) 
INFO: [HLS 200-1465] Applying ini 'syn.file=C:\GIM_Repos\GIM_Diabetes\accelerator_diabetes\Y_train.csv' from C:/GIM_Repos/GIM_Diabetes/accelerator_diabetes/hls_component/hls_config.cfg(22)
Command     send_msg_by_id done; 0.915 sec.
Execute     add_files C:\GIM_Repos\GIM_Diabetes\accelerator_diabetes\Y_train.csv 
INFO: [HLS 200-10] Adding design file 'C:/GIM_Repos/GIM_Diabetes/accelerator_diabetes/Y_train.csv' to the project
Execute     send_msg_by_id INFO @200-1465@%s 'tb.file=C:\GIM_Repos\GIM_Diabetes\accelerator_diabetes\main.cpp' from C:/GIM_Repos/GIM_Diabetes/accelerator_diabetes/hls_component/hls_config.cfg(10) 
INFO: [HLS 200-1465] Applying ini 'tb.file=C:\GIM_Repos\GIM_Diabetes\accelerator_diabetes\main.cpp' from C:/GIM_Repos/GIM_Diabetes/accelerator_diabetes/hls_component/hls_config.cfg(10)
Execute     add_files -tb C:\GIM_Repos\GIM_Diabetes\accelerator_diabetes\main.cpp 
INFO: [HLS 200-10] Adding test bench file 'C:/GIM_Repos/GIM_Diabetes/accelerator_diabetes/main.cpp' to the project
Execute     send_msg_by_id INFO @200-1465@%s 'syn.top=accelerator' from C:/GIM_Repos/GIM_Diabetes/accelerator_diabetes/hls_component/hls_config.cfg(7) 
INFO: [HLS 200-1465] Applying ini 'syn.top=accelerator' from C:/GIM_Repos/GIM_Diabetes/accelerator_diabetes/hls_component/hls_config.cfg(7)
Execute     set_top accelerator 
Execute     send_msg_by_id INFO @200-1465@%s 'flow_target=vivado' from C:/GIM_Repos/GIM_Diabetes/accelerator_diabetes/hls_component/hls_config.cfg(4) 
INFO: [HLS 200-1465] Applying ini 'flow_target=vivado' from C:/GIM_Repos/GIM_Diabetes/accelerator_diabetes/hls_component/hls_config.cfg(4)
Execute     send_msg_by_id INFO @200-1505@%s%s  vivado 
INFO: [HLS 200-1505] Using flow_target 'vivado'
Execute     send_msg_by_id INFO @200-1465@%s 'part=xczu3eg-sfvc784-1-e' from C:/GIM_Repos/GIM_Diabetes/accelerator_diabetes/hls_component/hls_config.cfg(1) 
INFO: [HLS 200-1465] Applying ini 'part=xczu3eg-sfvc784-1-e' from C:/GIM_Repos/GIM_Diabetes/accelerator_diabetes/hls_component/hls_config.cfg(1)
Execute     set_part xczu3eg-sfvc784-1-e 
Execute       create_platform xczu3eg-sfvc784-1-e -board  
DBG:HLSDevice: Trying to load device library: C:/Xilinx\Vitis_HLS\2024.1\lib\win64.o\xv_hlsvwrap.dll
DBG:HLSDevice: first parts/arch.xml in RDI_DATADIR: C:/Xilinx/Vivado/2024.1/data/parts/arch.xml
DBG:HLSDevice: init success
INFO: [HLS 200-1611] Setting target device to 'xczu3eg-sfvc784-1-e'
Command       create_platform done; 4.085 sec.
Execute       source C:/Xilinx/Vitis_HLS/2024.1/common/technology/xilinx/common/xilinx.gen 
Execute         source C:/Xilinx/Vitis_HLS/2024.1/common/technology/xilinx/interface/plb46.gen 
Execute         source C:/Xilinx/Vitis_HLS/2024.1/common/technology/xilinx/interface/axi4.gen 
Execute         source C:/Xilinx/Vitis_HLS/2024.1/common/technology/xilinx/interface/nativeAXI4.gen 
Execute           source C:/Xilinx/Vitis_HLS/2024.1/common/technology/xilinx/interface/saxilite.gen 
Execute         source C:/Xilinx/Vitis_HLS/2024.1/common/technology/xilinx/scripts/xilinxcoregen.gen 
Execute         source C:/Xilinx/Vitis_HLS/2024.1/common/technology/xilinx/interface/XilEDKCoreGen.gen 
Execute         source C:/Xilinx/Vitis_HLS/2024.1/common/technology/xilinx/ip/dds_compiler.gen 
Execute         source C:/Xilinx/Vitis_HLS/2024.1/common/technology/xilinx/ip/util.gen 
Execute         source C:/Xilinx/Vitis_HLS/2024.1/common/technology/xilinx/ip/xfft.gen 
Command         ap_source done; 0.136 sec.
Execute         source C:/Xilinx/Vitis_HLS/2024.1/common/technology/xilinx/ip/xfir.gen 
Execute         source C:/Xilinx/Vitis_HLS/2024.1/common/technology/xilinx/DSP48/dsp48.gen 
Command       ap_source done; 0.173 sec.
Execute       ap_part_info -name xczu3eg-sfvc784-1-e -data info 
Execute       config_compile -quiet -complex-mul-dsp=0 
Command     set_part done; 4.36 sec.
Execute     send_msg_by_id INFO @200-1465@%s 'clock=10ns' from C:/GIM_Repos/GIM_Diabetes/accelerator_diabetes/hls_component/hls_config.cfg(8) 
INFO: [HLS 200-1465] Applying ini 'clock=10ns' from C:/GIM_Repos/GIM_Diabetes/accelerator_diabetes/hls_component/hls_config.cfg(8)
Execute     create_clock -period 10ns 
Execute       ap_set_clock -name default -period 10 -unit ns -default=false 
INFO: [SYN 201-201] Setting up clock 'default' with a period of 10ns.
Execute     send_msg_by_id INFO @200-1465@%s 'clock_uncertainty=2ns' from C:/GIM_Repos/GIM_Diabetes/accelerator_diabetes/hls_component/hls_config.cfg(9) 
INFO: [HLS 200-1465] Applying ini 'clock_uncertainty=2ns' from C:/GIM_Repos/GIM_Diabetes/accelerator_diabetes/hls_component/hls_config.cfg(9)
Execute     set_clock_uncertainty 2ns 
Execute       ap_set_clock -name default -uncertainty 2 -unit ns 
INFO: [SYN 201-201] Setting up clock 'default' with an uncertainty of 2ns.
Execute     send_msg_by_id INFO @200-1465@%s 'package.output.format=ip_catalog' from C:/GIM_Repos/GIM_Diabetes/accelerator_diabetes/hls_component/hls_config.cfg(5) 
INFO: [HLS 200-1465] Applying ini 'package.output.format=ip_catalog' from C:/GIM_Repos/GIM_Diabetes/accelerator_diabetes/hls_component/hls_config.cfg(5)
Execute     config_export -format=ip_catalog 
Command   apply_ini done; 5.48 sec.
Execute   apply_ini C:/GIM_Repos/GIM_Diabetes/accelerator_diabetes/hls_component/accelerator/hls/config.cmdline 
Execute   csim_design 
Execute     AP::app_get_file_relativeroot [AP::app_get_root] {}
Execute     AP::app_get_file_relativeroot [AP::app_get_root] {}
Execute     AP::app_get_file_relativeroot [AP::app_get_root] {}
INFO-FLOW: Running SLX 'csim' proc: ::SLX::run_csim
INFO: [SIM 211-2] *************** CSIM start ***************
INFO: [SIM 211-4] CSIM will launch CLANG as the compiler.
Execute     source csim/.lst_opt.tcl 
Execute     send_msg_by_id INFO @200-2036@%s debug 
INFO: [HLS 200-2036] Building debug C Simulation binaries
Execute     source C:/Xilinx/Vitis_HLS/2024.1/tps/tcl/tcllib1.11.1/yaml/huddle.tcl 
Execute     source C:/Xilinx/Vitis_HLS/2024.1/tps/tcl/tcllib1.11.1/yaml/json2huddle.tcl 
Execute     ap_part_info -name xczu3eg-sfvc784-1-e -data info 
Execute     source run_sim.tcl 
Command     ap_source done; 0.94 sec.
INFO: [SIM 211-1] CSim done with 0 errors.
INFO: [SIM 211-3] *************** CSIM finish ***************
Command   csim_design done; 7.03 sec.
Execute   close_project 
Execute     close_solution 
Execute       cleanup_all 
Execute       cleanup_all 
INFO-FLOW: Workspace C:/GIM_Repos/GIM_Diabetes/accelerator_diabetes/hls_component/accelerator/hls opened at Thu Feb 20 18:44:09 -0800 2025
Execute     send_msg_by_id INFO @200-1505@%s%s default  vivado 
INFO: [HLS 200-1505] Using default flow_target 'vivado'
Execute   apply_ini C:/GIM_Repos/GIM_Diabetes/accelerator_diabetes/hls_component/hls_config.cfg 
Execute     send_msg_by_id INFO @200-1465@%s 'syn.file=C:/GIM_Repos/GIM_Diabetes/accelerator_diabetes/accelerator.cpp' from C:/GIM_Repos/GIM_Diabetes/accelerator_diabetes/hls_component/hls_config.cfg(11) 
INFO: [HLS 200-1465] Applying ini 'syn.file=C:/GIM_Repos/GIM_Diabetes/accelerator_diabetes/accelerator.cpp' from C:/GIM_Repos/GIM_Diabetes/accelerator_diabetes/hls_component/hls_config.cfg(11)
Execute     add_files C:/GIM_Repos/GIM_Diabetes/accelerator_diabetes/accelerator.cpp 
INFO: [HLS 200-10] Adding design file 'C:/GIM_Repos/GIM_Diabetes/accelerator_diabetes/accelerator.cpp' to the project
Execute     send_msg_by_id INFO @200-1465@%s 'syn.file=C:/GIM_Repos/GIM_Diabetes/accelerator_diabetes/act_pe.cpp' from C:/GIM_Repos/GIM_Diabetes/accelerator_diabetes/hls_component/hls_config.cfg(12) 
INFO: [HLS 200-1465] Applying ini 'syn.file=C:/GIM_Repos/GIM_Diabetes/accelerator_diabetes/act_pe.cpp' from C:/GIM_Repos/GIM_Diabetes/accelerator_diabetes/hls_component/hls_config.cfg(12)
Execute     add_files C:/GIM_Repos/GIM_Diabetes/accelerator_diabetes/act_pe.cpp 
INFO: [HLS 200-10] Adding design file 'C:/GIM_Repos/GIM_Diabetes/accelerator_diabetes/act_pe.cpp' to the project
Execute     send_msg_by_id INFO @200-1465@%s 'syn.file=C:/GIM_Repos/GIM_Diabetes/accelerator_diabetes/array.cpp' from C:/GIM_Repos/GIM_Diabetes/accelerator_diabetes/hls_component/hls_config.cfg(13) 
INFO: [HLS 200-1465] Applying ini 'syn.file=C:/GIM_Repos/GIM_Diabetes/accelerator_diabetes/array.cpp' from C:/GIM_Repos/GIM_Diabetes/accelerator_diabetes/hls_component/hls_config.cfg(13)
Execute     add_files C:/GIM_Repos/GIM_Diabetes/accelerator_diabetes/array.cpp 
INFO: [HLS 200-10] Adding design file 'C:/GIM_Repos/GIM_Diabetes/accelerator_diabetes/array.cpp' to the project
Execute     send_msg_by_id INFO @200-1465@%s 'syn.file=C:/GIM_Repos/GIM_Diabetes/accelerator_diabetes/bias_pe.cpp' from C:/GIM_Repos/GIM_Diabetes/accelerator_diabetes/hls_component/hls_config.cfg(14) 
INFO: [HLS 200-1465] Applying ini 'syn.file=C:/GIM_Repos/GIM_Diabetes/accelerator_diabetes/bias_pe.cpp' from C:/GIM_Repos/GIM_Diabetes/accelerator_diabetes/hls_component/hls_config.cfg(14)
Execute     add_files C:/GIM_Repos/GIM_Diabetes/accelerator_diabetes/bias_pe.cpp 
INFO: [HLS 200-10] Adding design file 'C:/GIM_Repos/GIM_Diabetes/accelerator_diabetes/bias_pe.cpp' to the project
Execute     send_msg_by_id INFO @200-1465@%s 'syn.file=C:/GIM_Repos/GIM_Diabetes/accelerator_diabetes/csv_import.cpp' from C:/GIM_Repos/GIM_Diabetes/accelerator_diabetes/hls_component/hls_config.cfg(15) 
INFO: [HLS 200-1465] Applying ini 'syn.file=C:/GIM_Repos/GIM_Diabetes/accelerator_diabetes/csv_import.cpp' from C:/GIM_Repos/GIM_Diabetes/accelerator_diabetes/hls_component/hls_config.cfg(15)
Execute     add_files C:/GIM_Repos/GIM_Diabetes/accelerator_diabetes/csv_import.cpp 
INFO: [HLS 200-10] Adding design file 'C:/GIM_Repos/GIM_Diabetes/accelerator_diabetes/csv_import.cpp' to the project
Execute     send_msg_by_id INFO @200-1465@%s 'syn.file=C:/GIM_Repos/GIM_Diabetes/accelerator_diabetes/error_pe.cpp' from C:/GIM_Repos/GIM_Diabetes/accelerator_diabetes/hls_component/hls_config.cfg(16) 
INFO: [HLS 200-1465] Applying ini 'syn.file=C:/GIM_Repos/GIM_Diabetes/accelerator_diabetes/error_pe.cpp' from C:/GIM_Repos/GIM_Diabetes/accelerator_diabetes/hls_component/hls_config.cfg(16)
Execute     add_files C:/GIM_Repos/GIM_Diabetes/accelerator_diabetes/error_pe.cpp 
INFO: [HLS 200-10] Adding design file 'C:/GIM_Repos/GIM_Diabetes/accelerator_diabetes/error_pe.cpp' to the project
Execute     send_msg_by_id INFO @200-1465@%s 'syn.file=C:/GIM_Repos/GIM_Diabetes/accelerator_diabetes/gim_model.h' from C:/GIM_Repos/GIM_Diabetes/accelerator_diabetes/hls_component/hls_config.cfg(17) 
INFO: [HLS 200-1465] Applying ini 'syn.file=C:/GIM_Repos/GIM_Diabetes/accelerator_diabetes/gim_model.h' from C:/GIM_Repos/GIM_Diabetes/accelerator_diabetes/hls_component/hls_config.cfg(17)
Execute     add_files C:/GIM_Repos/GIM_Diabetes/accelerator_diabetes/gim_model.h 
INFO: [HLS 200-10] Adding design file 'C:/GIM_Repos/GIM_Diabetes/accelerator_diabetes/gim_model.h' to the project
Execute     send_msg_by_id INFO @200-1465@%s 'syn.file=C:/GIM_Repos/GIM_Diabetes/accelerator_diabetes/weight_pe.cpp' from C:/GIM_Repos/GIM_Diabetes/accelerator_diabetes/hls_component/hls_config.cfg(18) 
INFO: [HLS 200-1465] Applying ini 'syn.file=C:/GIM_Repos/GIM_Diabetes/accelerator_diabetes/weight_pe.cpp' from C:/GIM_Repos/GIM_Diabetes/accelerator_diabetes/hls_component/hls_config.cfg(18)
Execute     add_files C:/GIM_Repos/GIM_Diabetes/accelerator_diabetes/weight_pe.cpp 
INFO: [HLS 200-10] Adding design file 'C:/GIM_Repos/GIM_Diabetes/accelerator_diabetes/weight_pe.cpp' to the project
Execute     send_msg_by_id INFO @200-1465@%s 'syn.file=C:\GIM_Repos\GIM_Diabetes\accelerator_diabetes\X_test.csv' from C:/GIM_Repos/GIM_Diabetes/accelerator_diabetes/hls_component/hls_config.cfg(19) 
INFO: [HLS 200-1465] Applying ini 'syn.file=C:\GIM_Repos\GIM_Diabetes\accelerator_diabetes\X_test.csv' from C:/GIM_Repos/GIM_Diabetes/accelerator_diabetes/hls_component/hls_config.cfg(19)
Execute     add_files C:\GIM_Repos\GIM_Diabetes\accelerator_diabetes\X_test.csv 
INFO: [HLS 200-10] Adding design file 'C:/GIM_Repos/GIM_Diabetes/accelerator_diabetes/X_test.csv' to the project
Execute     send_msg_by_id INFO @200-1465@%s 'syn.file=C:\GIM_Repos\GIM_Diabetes\accelerator_diabetes\X_train.csv' from C:/GIM_Repos/GIM_Diabetes/accelerator_diabetes/hls_component/hls_config.cfg(20) 
INFO: [HLS 200-1465] Applying ini 'syn.file=C:\GIM_Repos\GIM_Diabetes\accelerator_diabetes\X_train.csv' from C:/GIM_Repos/GIM_Diabetes/accelerator_diabetes/hls_component/hls_config.cfg(20)
Execute     add_files C:\GIM_Repos\GIM_Diabetes\accelerator_diabetes\X_train.csv 
INFO: [HLS 200-10] Adding design file 'C:/GIM_Repos/GIM_Diabetes/accelerator_diabetes/X_train.csv' to the project
Execute     send_msg_by_id INFO @200-1465@%s 'syn.file=C:\GIM_Repos\GIM_Diabetes\accelerator_diabetes\Y_test.csv' from C:/GIM_Repos/GIM_Diabetes/accelerator_diabetes/hls_component/hls_config.cfg(21) 
INFO: [HLS 200-1465] Applying ini 'syn.file=C:\GIM_Repos\GIM_Diabetes\accelerator_diabetes\Y_test.csv' from C:/GIM_Repos/GIM_Diabetes/accelerator_diabetes/hls_component/hls_config.cfg(21)
Execute     add_files C:\GIM_Repos\GIM_Diabetes\accelerator_diabetes\Y_test.csv 
INFO: [HLS 200-10] Adding design file 'C:/GIM_Repos/GIM_Diabetes/accelerator_diabetes/Y_test.csv' to the project
Execute     send_msg_by_id INFO @200-1465@%s 'syn.file=C:\GIM_Repos\GIM_Diabetes\accelerator_diabetes\Y_train.csv' from C:/GIM_Repos/GIM_Diabetes/accelerator_diabetes/hls_component/hls_config.cfg(22) 
INFO: [HLS 200-1465] Applying ini 'syn.file=C:\GIM_Repos\GIM_Diabetes\accelerator_diabetes\Y_train.csv' from C:/GIM_Repos/GIM_Diabetes/accelerator_diabetes/hls_component/hls_config.cfg(22)
Execute     add_files C:\GIM_Repos\GIM_Diabetes\accelerator_diabetes\Y_train.csv 
INFO: [HLS 200-10] Adding design file 'C:/GIM_Repos/GIM_Diabetes/accelerator_diabetes/Y_train.csv' to the project
Execute     send_msg_by_id INFO @200-1465@%s 'tb.file=C:\GIM_Repos\GIM_Diabetes\accelerator_diabetes\main.cpp' from C:/GIM_Repos/GIM_Diabetes/accelerator_diabetes/hls_component/hls_config.cfg(10) 
INFO: [HLS 200-1465] Applying ini 'tb.file=C:\GIM_Repos\GIM_Diabetes\accelerator_diabetes\main.cpp' from C:/GIM_Repos/GIM_Diabetes/accelerator_diabetes/hls_component/hls_config.cfg(10)
Execute     add_files -tb C:\GIM_Repos\GIM_Diabetes\accelerator_diabetes\main.cpp 
INFO: [HLS 200-10] Adding test bench file 'C:/GIM_Repos/GIM_Diabetes/accelerator_diabetes/main.cpp' to the project
Execute     send_msg_by_id INFO @200-1465@%s 'syn.top=accelerator' from C:/GIM_Repos/GIM_Diabetes/accelerator_diabetes/hls_component/hls_config.cfg(7) 
INFO: [HLS 200-1465] Applying ini 'syn.top=accelerator' from C:/GIM_Repos/GIM_Diabetes/accelerator_diabetes/hls_component/hls_config.cfg(7)
Command     send_msg_by_id done; 1.597 sec.
Execute     set_top accelerator 
Execute     send_msg_by_id INFO @200-1465@%s 'flow_target=vivado' from C:/GIM_Repos/GIM_Diabetes/accelerator_diabetes/hls_component/hls_config.cfg(4) 
INFO: [HLS 200-1465] Applying ini 'flow_target=vivado' from C:/GIM_Repos/GIM_Diabetes/accelerator_diabetes/hls_component/hls_config.cfg(4)
Execute     send_msg_by_id INFO @200-1505@%s%s  vivado 
INFO: [HLS 200-1505] Using flow_target 'vivado'
Execute     send_msg_by_id INFO @200-1465@%s 'part=xczu3eg-sfvc784-1-e' from C:/GIM_Repos/GIM_Diabetes/accelerator_diabetes/hls_component/hls_config.cfg(1) 
INFO: [HLS 200-1465] Applying ini 'part=xczu3eg-sfvc784-1-e' from C:/GIM_Repos/GIM_Diabetes/accelerator_diabetes/hls_component/hls_config.cfg(1)
Execute     set_part xczu3eg-sfvc784-1-e 
Execute       create_platform xczu3eg-sfvc784-1-e -board  
DBG:HLSDevice: Trying to load device library: C:/Xilinx\Vitis_HLS\2024.1\lib\win64.o\xv_hlsvwrap.dll
DBG:HLSDevice: first parts/arch.xml in RDI_DATADIR: C:/Xilinx/Vivado/2024.1/data/parts/arch.xml
DBG:HLSDevice: init success
INFO: [HLS 200-1611] Setting target device to 'xczu3eg-sfvc784-1-e'
Command       create_platform done; 6.165 sec.
Execute       source C:/Xilinx/Vitis_HLS/2024.1/common/technology/xilinx/common/xilinx.gen 
Execute         source C:/Xilinx/Vitis_HLS/2024.1/common/technology/xilinx/interface/plb46.gen 
Execute         source C:/Xilinx/Vitis_HLS/2024.1/common/technology/xilinx/interface/axi4.gen 
Execute         source C:/Xilinx/Vitis_HLS/2024.1/common/technology/xilinx/interface/nativeAXI4.gen 
Execute           source C:/Xilinx/Vitis_HLS/2024.1/common/technology/xilinx/interface/saxilite.gen 
Execute         source C:/Xilinx/Vitis_HLS/2024.1/common/technology/xilinx/scripts/xilinxcoregen.gen 
Execute         source C:/Xilinx/Vitis_HLS/2024.1/common/technology/xilinx/interface/XilEDKCoreGen.gen 
Execute         source C:/Xilinx/Vitis_HLS/2024.1/common/technology/xilinx/ip/dds_compiler.gen 
Execute         source C:/Xilinx/Vitis_HLS/2024.1/common/technology/xilinx/ip/util.gen 
Execute         source C:/Xilinx/Vitis_HLS/2024.1/common/technology/xilinx/ip/xfft.gen 
Command         ap_source done; 0.225 sec.
Execute         source C:/Xilinx/Vitis_HLS/2024.1/common/technology/xilinx/ip/xfir.gen 
Execute         source C:/Xilinx/Vitis_HLS/2024.1/common/technology/xilinx/DSP48/dsp48.gen 
Command       ap_source done; 0.549 sec.
Execute       ap_part_info -name xczu3eg-sfvc784-1-e -data info 
Command       ap_part_info done; 0.186 sec.
Execute       config_compile -quiet -complex-mul-dsp=0 
Command     set_part done; 6.935 sec.
Execute     send_msg_by_id INFO @200-1465@%s 'clock=10ns' from C:/GIM_Repos/GIM_Diabetes/accelerator_diabetes/hls_component/hls_config.cfg(8) 
INFO: [HLS 200-1465] Applying ini 'clock=10ns' from C:/GIM_Repos/GIM_Diabetes/accelerator_diabetes/hls_component/hls_config.cfg(8)
Execute     create_clock -period 10ns 
Execute       ap_set_clock -name default -period 10 -unit ns -default=false 
INFO: [SYN 201-201] Setting up clock 'default' with a period of 10ns.
Execute     send_msg_by_id INFO @200-1465@%s 'clock_uncertainty=2ns' from C:/GIM_Repos/GIM_Diabetes/accelerator_diabetes/hls_component/hls_config.cfg(9) 
INFO: [HLS 200-1465] Applying ini 'clock_uncertainty=2ns' from C:/GIM_Repos/GIM_Diabetes/accelerator_diabetes/hls_component/hls_config.cfg(9)
Execute     set_clock_uncertainty 2ns 
Execute       ap_set_clock -name default -uncertainty 2 -unit ns 
INFO: [SYN 201-201] Setting up clock 'default' with an uncertainty of 2ns.
Execute     send_msg_by_id INFO @200-1465@%s 'package.output.format=ip_catalog' from C:/GIM_Repos/GIM_Diabetes/accelerator_diabetes/hls_component/hls_config.cfg(5) 
INFO: [HLS 200-1465] Applying ini 'package.output.format=ip_catalog' from C:/GIM_Repos/GIM_Diabetes/accelerator_diabetes/hls_component/hls_config.cfg(5)
Execute     config_export -format=ip_catalog 
Command   apply_ini done; 9.035 sec.
Execute   apply_ini C:/GIM_Repos/GIM_Diabetes/accelerator_diabetes/hls_component/accelerator/hls/config.cmdline 
Execute   csim_design 
Execute     AP::app_get_file_relativeroot [AP::app_get_root] {}
Execute     AP::app_get_file_relativeroot [AP::app_get_root] {}
Execute     AP::app_get_file_relativeroot [AP::app_get_root] {}
INFO-FLOW: Running SLX 'csim' proc: ::SLX::run_csim
INFO: [SIM 211-2] *************** CSIM start ***************
INFO: [SIM 211-4] CSIM will launch CLANG as the compiler.
Execute     source csim/.lst_opt.tcl 
Execute     send_msg_by_id INFO @200-2036@%s debug 
INFO: [HLS 200-2036] Building debug C Simulation binaries
Execute     source C:/Xilinx/Vitis_HLS/2024.1/tps/tcl/tcllib1.11.1/yaml/huddle.tcl 
Execute     source C:/Xilinx/Vitis_HLS/2024.1/tps/tcl/tcllib1.11.1/yaml/json2huddle.tcl 
Execute     ap_part_info -name xczu3eg-sfvc784-1-e -data info 
Command     ap_part_info done; 0.193 sec.
INFO-FLOW: AESL_CSIM::c_sim errorInfo:

    while executing
"::AESL_CSIM::c_sim "$argn" "
ERROR: [SIM 211-100] 'csim_design' failed: compilation error(s).
INFO: [SIM 211-3] *************** CSIM finish ***************
INFO-FLOW: AESL_CSIM::csim_cmd_wrap errorInfo:
4
    while executing
"::AESL_CSIM::csim_cmd_wrap $args"
INFO-FLOW: Caught error in csim_design: 4
    while executing
"ap_internal_csim_design "
Command   csim_design done; error code: 2; 15.498 sec.
Execute   close_project 
Execute     close_solution 
Execute       cleanup_all 
Execute       cleanup_all 
INFO-FLOW: Workspace C:/GIM_Repos/GIM_Diabetes/accelerator_diabetes/hls_component/accelerator/hls opened at Thu Feb 20 19:01:32 -0800 2025
Execute     send_msg_by_id INFO @200-1505@%s%s default  vivado 
INFO: [HLS 200-1505] Using default flow_target 'vivado'
Execute   apply_ini C:/GIM_Repos/GIM_Diabetes/accelerator_diabetes/hls_component/hls_config.cfg 
Execute     send_msg_by_id INFO @200-1465@%s 'syn.file=C:/GIM_Repos/GIM_Diabetes/accelerator_diabetes/accelerator.cpp' from C:/GIM_Repos/GIM_Diabetes/accelerator_diabetes/hls_component/hls_config.cfg(11) 
INFO: [HLS 200-1465] Applying ini 'syn.file=C:/GIM_Repos/GIM_Diabetes/accelerator_diabetes/accelerator.cpp' from C:/GIM_Repos/GIM_Diabetes/accelerator_diabetes/hls_component/hls_config.cfg(11)
Execute     add_files C:/GIM_Repos/GIM_Diabetes/accelerator_diabetes/accelerator.cpp 
INFO: [HLS 200-10] Adding design file 'C:/GIM_Repos/GIM_Diabetes/accelerator_diabetes/accelerator.cpp' to the project
Execute     send_msg_by_id INFO @200-1465@%s 'syn.file=C:/GIM_Repos/GIM_Diabetes/accelerator_diabetes/act_pe.cpp' from C:/GIM_Repos/GIM_Diabetes/accelerator_diabetes/hls_component/hls_config.cfg(12) 
INFO: [HLS 200-1465] Applying ini 'syn.file=C:/GIM_Repos/GIM_Diabetes/accelerator_diabetes/act_pe.cpp' from C:/GIM_Repos/GIM_Diabetes/accelerator_diabetes/hls_component/hls_config.cfg(12)
Execute     add_files C:/GIM_Repos/GIM_Diabetes/accelerator_diabetes/act_pe.cpp 
INFO: [HLS 200-10] Adding design file 'C:/GIM_Repos/GIM_Diabetes/accelerator_diabetes/act_pe.cpp' to the project
Execute     send_msg_by_id INFO @200-1465@%s 'syn.file=C:/GIM_Repos/GIM_Diabetes/accelerator_diabetes/array.cpp' from C:/GIM_Repos/GIM_Diabetes/accelerator_diabetes/hls_component/hls_config.cfg(13) 
INFO: [HLS 200-1465] Applying ini 'syn.file=C:/GIM_Repos/GIM_Diabetes/accelerator_diabetes/array.cpp' from C:/GIM_Repos/GIM_Diabetes/accelerator_diabetes/hls_component/hls_config.cfg(13)
Execute     add_files C:/GIM_Repos/GIM_Diabetes/accelerator_diabetes/array.cpp 
INFO: [HLS 200-10] Adding design file 'C:/GIM_Repos/GIM_Diabetes/accelerator_diabetes/array.cpp' to the project
Execute     send_msg_by_id INFO @200-1465@%s 'syn.file=C:/GIM_Repos/GIM_Diabetes/accelerator_diabetes/bias_pe.cpp' from C:/GIM_Repos/GIM_Diabetes/accelerator_diabetes/hls_component/hls_config.cfg(14) 
INFO: [HLS 200-1465] Applying ini 'syn.file=C:/GIM_Repos/GIM_Diabetes/accelerator_diabetes/bias_pe.cpp' from C:/GIM_Repos/GIM_Diabetes/accelerator_diabetes/hls_component/hls_config.cfg(14)
Execute     add_files C:/GIM_Repos/GIM_Diabetes/accelerator_diabetes/bias_pe.cpp 
INFO: [HLS 200-10] Adding design file 'C:/GIM_Repos/GIM_Diabetes/accelerator_diabetes/bias_pe.cpp' to the project
Execute     send_msg_by_id INFO @200-1465@%s 'syn.file=C:/GIM_Repos/GIM_Diabetes/accelerator_diabetes/csv_import.cpp' from C:/GIM_Repos/GIM_Diabetes/accelerator_diabetes/hls_component/hls_config.cfg(15) 
INFO: [HLS 200-1465] Applying ini 'syn.file=C:/GIM_Repos/GIM_Diabetes/accelerator_diabetes/csv_import.cpp' from C:/GIM_Repos/GIM_Diabetes/accelerator_diabetes/hls_component/hls_config.cfg(15)
Execute     add_files C:/GIM_Repos/GIM_Diabetes/accelerator_diabetes/csv_import.cpp 
INFO: [HLS 200-10] Adding design file 'C:/GIM_Repos/GIM_Diabetes/accelerator_diabetes/csv_import.cpp' to the project
Execute     send_msg_by_id INFO @200-1465@%s 'syn.file=C:/GIM_Repos/GIM_Diabetes/accelerator_diabetes/error_pe.cpp' from C:/GIM_Repos/GIM_Diabetes/accelerator_diabetes/hls_component/hls_config.cfg(16) 
INFO: [HLS 200-1465] Applying ini 'syn.file=C:/GIM_Repos/GIM_Diabetes/accelerator_diabetes/error_pe.cpp' from C:/GIM_Repos/GIM_Diabetes/accelerator_diabetes/hls_component/hls_config.cfg(16)
Execute     add_files C:/GIM_Repos/GIM_Diabetes/accelerator_diabetes/error_pe.cpp 
INFO: [HLS 200-10] Adding design file 'C:/GIM_Repos/GIM_Diabetes/accelerator_diabetes/error_pe.cpp' to the project
Execute     send_msg_by_id INFO @200-1465@%s 'syn.file=C:/GIM_Repos/GIM_Diabetes/accelerator_diabetes/gim_model.h' from C:/GIM_Repos/GIM_Diabetes/accelerator_diabetes/hls_component/hls_config.cfg(17) 
INFO: [HLS 200-1465] Applying ini 'syn.file=C:/GIM_Repos/GIM_Diabetes/accelerator_diabetes/gim_model.h' from C:/GIM_Repos/GIM_Diabetes/accelerator_diabetes/hls_component/hls_config.cfg(17)
Execute     add_files C:/GIM_Repos/GIM_Diabetes/accelerator_diabetes/gim_model.h 
INFO: [HLS 200-10] Adding design file 'C:/GIM_Repos/GIM_Diabetes/accelerator_diabetes/gim_model.h' to the project
Execute     send_msg_by_id INFO @200-1465@%s 'syn.file=C:/GIM_Repos/GIM_Diabetes/accelerator_diabetes/weight_pe.cpp' from C:/GIM_Repos/GIM_Diabetes/accelerator_diabetes/hls_component/hls_config.cfg(18) 
INFO: [HLS 200-1465] Applying ini 'syn.file=C:/GIM_Repos/GIM_Diabetes/accelerator_diabetes/weight_pe.cpp' from C:/GIM_Repos/GIM_Diabetes/accelerator_diabetes/hls_component/hls_config.cfg(18)
Execute     add_files C:/GIM_Repos/GIM_Diabetes/accelerator_diabetes/weight_pe.cpp 
INFO: [HLS 200-10] Adding design file 'C:/GIM_Repos/GIM_Diabetes/accelerator_diabetes/weight_pe.cpp' to the project
Execute     send_msg_by_id INFO @200-1465@%s 'syn.file=C:\GIM_Repos\GIM_Diabetes\accelerator_diabetes\X_test.csv' from C:/GIM_Repos/GIM_Diabetes/accelerator_diabetes/hls_component/hls_config.cfg(19) 
INFO: [HLS 200-1465] Applying ini 'syn.file=C:\GIM_Repos\GIM_Diabetes\accelerator_diabetes\X_test.csv' from C:/GIM_Repos/GIM_Diabetes/accelerator_diabetes/hls_component/hls_config.cfg(19)
Execute     add_files C:\GIM_Repos\GIM_Diabetes\accelerator_diabetes\X_test.csv 
INFO: [HLS 200-10] Adding design file 'C:/GIM_Repos/GIM_Diabetes/accelerator_diabetes/X_test.csv' to the project
Execute     send_msg_by_id INFO @200-1465@%s 'syn.file=C:\GIM_Repos\GIM_Diabetes\accelerator_diabetes\X_train.csv' from C:/GIM_Repos/GIM_Diabetes/accelerator_diabetes/hls_component/hls_config.cfg(20) 
INFO: [HLS 200-1465] Applying ini 'syn.file=C:\GIM_Repos\GIM_Diabetes\accelerator_diabetes\X_train.csv' from C:/GIM_Repos/GIM_Diabetes/accelerator_diabetes/hls_component/hls_config.cfg(20)
Execute     add_files C:\GIM_Repos\GIM_Diabetes\accelerator_diabetes\X_train.csv 
INFO: [HLS 200-10] Adding design file 'C:/GIM_Repos/GIM_Diabetes/accelerator_diabetes/X_train.csv' to the project
Execute     send_msg_by_id INFO @200-1465@%s 'syn.file=C:\GIM_Repos\GIM_Diabetes\accelerator_diabetes\Y_test.csv' from C:/GIM_Repos/GIM_Diabetes/accelerator_diabetes/hls_component/hls_config.cfg(21) 
INFO: [HLS 200-1465] Applying ini 'syn.file=C:\GIM_Repos\GIM_Diabetes\accelerator_diabetes\Y_test.csv' from C:/GIM_Repos/GIM_Diabetes/accelerator_diabetes/hls_component/hls_config.cfg(21)
Execute     add_files C:\GIM_Repos\GIM_Diabetes\accelerator_diabetes\Y_test.csv 
INFO: [HLS 200-10] Adding design file 'C:/GIM_Repos/GIM_Diabetes/accelerator_diabetes/Y_test.csv' to the project
Execute     send_msg_by_id INFO @200-1465@%s 'syn.file=C:\GIM_Repos\GIM_Diabetes\accelerator_diabetes\Y_train.csv' from C:/GIM_Repos/GIM_Diabetes/accelerator_diabetes/hls_component/hls_config.cfg(22) 
INFO: [HLS 200-1465] Applying ini 'syn.file=C:\GIM_Repos\GIM_Diabetes\accelerator_diabetes\Y_train.csv' from C:/GIM_Repos/GIM_Diabetes/accelerator_diabetes/hls_component/hls_config.cfg(22)
Command     send_msg_by_id done; 0.102 sec.
Execute     add_files C:\GIM_Repos\GIM_Diabetes\accelerator_diabetes\Y_train.csv 
INFO: [HLS 200-10] Adding design file 'C:/GIM_Repos/GIM_Diabetes/accelerator_diabetes/Y_train.csv' to the project
Execute     send_msg_by_id INFO @200-1465@%s 'tb.file=C:\GIM_Repos\GIM_Diabetes\accelerator_diabetes\main.cpp' from C:/GIM_Repos/GIM_Diabetes/accelerator_diabetes/hls_component/hls_config.cfg(10) 
INFO: [HLS 200-1465] Applying ini 'tb.file=C:\GIM_Repos\GIM_Diabetes\accelerator_diabetes\main.cpp' from C:/GIM_Repos/GIM_Diabetes/accelerator_diabetes/hls_component/hls_config.cfg(10)
Execute     add_files -tb C:\GIM_Repos\GIM_Diabetes\accelerator_diabetes\main.cpp 
INFO: [HLS 200-10] Adding test bench file 'C:/GIM_Repos/GIM_Diabetes/accelerator_diabetes/main.cpp' to the project
Execute     send_msg_by_id INFO @200-1465@%s 'syn.top=accelerator' from C:/GIM_Repos/GIM_Diabetes/accelerator_diabetes/hls_component/hls_config.cfg(7) 
INFO: [HLS 200-1465] Applying ini 'syn.top=accelerator' from C:/GIM_Repos/GIM_Diabetes/accelerator_diabetes/hls_component/hls_config.cfg(7)
Execute     set_top accelerator 
Execute     send_msg_by_id INFO @200-1465@%s 'flow_target=vivado' from C:/GIM_Repos/GIM_Diabetes/accelerator_diabetes/hls_component/hls_config.cfg(4) 
INFO: [HLS 200-1465] Applying ini 'flow_target=vivado' from C:/GIM_Repos/GIM_Diabetes/accelerator_diabetes/hls_component/hls_config.cfg(4)
Execute     send_msg_by_id INFO @200-1505@%s%s  vivado 
INFO: [HLS 200-1505] Using flow_target 'vivado'
Execute     send_msg_by_id INFO @200-1465@%s 'part=xczu3eg-sfvc784-1-e' from C:/GIM_Repos/GIM_Diabetes/accelerator_diabetes/hls_component/hls_config.cfg(1) 
INFO: [HLS 200-1465] Applying ini 'part=xczu3eg-sfvc784-1-e' from C:/GIM_Repos/GIM_Diabetes/accelerator_diabetes/hls_component/hls_config.cfg(1)
Execute     set_part xczu3eg-sfvc784-1-e 
Execute       create_platform xczu3eg-sfvc784-1-e -board  
DBG:HLSDevice: Trying to load device library: C:/Xilinx\Vitis_HLS\2024.1\lib\win64.o\xv_hlsvwrap.dll
DBG:HLSDevice: first parts/arch.xml in RDI_DATADIR: C:/Xilinx/Vivado/2024.1/data/parts/arch.xml
DBG:HLSDevice: init success
INFO: [HLS 200-1611] Setting target device to 'xczu3eg-sfvc784-1-e'
Command       create_platform done; 6.199 sec.
Execute       source C:/Xilinx/Vitis_HLS/2024.1/common/technology/xilinx/common/xilinx.gen 
Execute         source C:/Xilinx/Vitis_HLS/2024.1/common/technology/xilinx/interface/plb46.gen 
Execute         source C:/Xilinx/Vitis_HLS/2024.1/common/technology/xilinx/interface/axi4.gen 
Execute         source C:/Xilinx/Vitis_HLS/2024.1/common/technology/xilinx/interface/nativeAXI4.gen 
Execute           source C:/Xilinx/Vitis_HLS/2024.1/common/technology/xilinx/interface/saxilite.gen 
Execute         source C:/Xilinx/Vitis_HLS/2024.1/common/technology/xilinx/scripts/xilinxcoregen.gen 
Execute         source C:/Xilinx/Vitis_HLS/2024.1/common/technology/xilinx/interface/XilEDKCoreGen.gen 
Execute         source C:/Xilinx/Vitis_HLS/2024.1/common/technology/xilinx/ip/dds_compiler.gen 
Execute         source C:/Xilinx/Vitis_HLS/2024.1/common/technology/xilinx/ip/util.gen 
Execute         source C:/Xilinx/Vitis_HLS/2024.1/common/technology/xilinx/ip/xfft.gen 
Command         ap_source done; 0.185 sec.
Execute         source C:/Xilinx/Vitis_HLS/2024.1/common/technology/xilinx/ip/xfir.gen 
Execute         source C:/Xilinx/Vitis_HLS/2024.1/common/technology/xilinx/DSP48/dsp48.gen 
Command       ap_source done; 0.251 sec.
Execute       ap_part_info -name xczu3eg-sfvc784-1-e -data info 
Command       ap_part_info done; 0.188 sec.
Execute       config_compile -quiet -complex-mul-dsp=0 
Command     set_part done; 6.653 sec.
Execute     send_msg_by_id INFO @200-1465@%s 'clock=10ns' from C:/GIM_Repos/GIM_Diabetes/accelerator_diabetes/hls_component/hls_config.cfg(8) 
INFO: [HLS 200-1465] Applying ini 'clock=10ns' from C:/GIM_Repos/GIM_Diabetes/accelerator_diabetes/hls_component/hls_config.cfg(8)
Execute     create_clock -period 10ns 
Execute       ap_set_clock -name default -period 10 -unit ns -default=false 
INFO: [SYN 201-201] Setting up clock 'default' with a period of 10ns.
Execute     send_msg_by_id INFO @200-1465@%s 'clock_uncertainty=2ns' from C:/GIM_Repos/GIM_Diabetes/accelerator_diabetes/hls_component/hls_config.cfg(9) 
INFO: [HLS 200-1465] Applying ini 'clock_uncertainty=2ns' from C:/GIM_Repos/GIM_Diabetes/accelerator_diabetes/hls_component/hls_config.cfg(9)
Execute     set_clock_uncertainty 2ns 
Execute       ap_set_clock -name default -uncertainty 2 -unit ns 
INFO: [SYN 201-201] Setting up clock 'default' with an uncertainty of 2ns.
Execute     send_msg_by_id INFO @200-1465@%s 'package.output.format=ip_catalog' from C:/GIM_Repos/GIM_Diabetes/accelerator_diabetes/hls_component/hls_config.cfg(5) 
INFO: [HLS 200-1465] Applying ini 'package.output.format=ip_catalog' from C:/GIM_Repos/GIM_Diabetes/accelerator_diabetes/hls_component/hls_config.cfg(5)
Execute     config_export -format=ip_catalog 
Command   apply_ini done; 7.093 sec.
Execute   apply_ini C:/GIM_Repos/GIM_Diabetes/accelerator_diabetes/hls_component/accelerator/hls/config.cmdline 
Execute   csim_design 
Execute     AP::app_get_file_relativeroot [AP::app_get_root] {}
Execute     AP::app_get_file_relativeroot [AP::app_get_root] {}
Execute     AP::app_get_file_relativeroot [AP::app_get_root] {}
INFO-FLOW: Running SLX 'csim' proc: ::SLX::run_csim
INFO: [SIM 211-2] *************** CSIM start ***************
INFO: [SIM 211-4] CSIM will launch CLANG as the compiler.
Execute     source csim/.lst_opt.tcl 
Execute     send_msg_by_id INFO @200-2036@%s debug 
INFO: [HLS 200-2036] Building debug C Simulation binaries
Execute     source C:/Xilinx/Vitis_HLS/2024.1/tps/tcl/tcllib1.11.1/yaml/huddle.tcl 
Execute     source C:/Xilinx/Vitis_HLS/2024.1/tps/tcl/tcllib1.11.1/yaml/json2huddle.tcl 
Execute     ap_part_info -name xczu3eg-sfvc784-1-e -data info 
Command     ap_part_info done; 0.186 sec.
INFO-FLOW: AESL_CSIM::c_sim errorInfo:

    while executing
"::AESL_CSIM::c_sim "$argn" "
ERROR: [SIM 211-100] 'csim_design' failed: compilation error(s).
INFO: [SIM 211-3] *************** CSIM finish ***************
INFO-FLOW: AESL_CSIM::csim_cmd_wrap errorInfo:
4
    while executing
"::AESL_CSIM::csim_cmd_wrap $args"
INFO-FLOW: Caught error in csim_design: 4
    while executing
"ap_internal_csim_design "
Command   csim_design done; error code: 2; 8.644 sec.
Execute   close_project 
Execute     close_solution 
Execute       cleanup_all 
Execute       cleanup_all 
INFO-FLOW: Workspace C:/GIM_Repos/GIM_Diabetes/accelerator_diabetes/hls_component/accelerator/hls opened at Thu Feb 20 19:16:27 -0800 2025
Execute     send_msg_by_id INFO @200-1505@%s%s default  vivado 
INFO: [HLS 200-1505] Using default flow_target 'vivado'
Command   open_solution done; 0.112 sec.
Execute   apply_ini C:/GIM_Repos/GIM_Diabetes/accelerator_diabetes/hls_component/hls_config.cfg 
Execute     send_msg_by_id INFO @200-1465@%s 'syn.file=C:/GIM_Repos/GIM_Diabetes/accelerator_diabetes/accelerator.cpp' from C:/GIM_Repos/GIM_Diabetes/accelerator_diabetes/hls_component/hls_config.cfg(11) 
INFO: [HLS 200-1465] Applying ini 'syn.file=C:/GIM_Repos/GIM_Diabetes/accelerator_diabetes/accelerator.cpp' from C:/GIM_Repos/GIM_Diabetes/accelerator_diabetes/hls_component/hls_config.cfg(11)
Execute     add_files C:/GIM_Repos/GIM_Diabetes/accelerator_diabetes/accelerator.cpp 
INFO: [HLS 200-10] Adding design file 'C:/GIM_Repos/GIM_Diabetes/accelerator_diabetes/accelerator.cpp' to the project
Execute     send_msg_by_id INFO @200-1465@%s 'syn.file=C:/GIM_Repos/GIM_Diabetes/accelerator_diabetes/act_pe.cpp' from C:/GIM_Repos/GIM_Diabetes/accelerator_diabetes/hls_component/hls_config.cfg(12) 
INFO: [HLS 200-1465] Applying ini 'syn.file=C:/GIM_Repos/GIM_Diabetes/accelerator_diabetes/act_pe.cpp' from C:/GIM_Repos/GIM_Diabetes/accelerator_diabetes/hls_component/hls_config.cfg(12)
Execute     add_files C:/GIM_Repos/GIM_Diabetes/accelerator_diabetes/act_pe.cpp 
INFO: [HLS 200-10] Adding design file 'C:/GIM_Repos/GIM_Diabetes/accelerator_diabetes/act_pe.cpp' to the project
Execute     send_msg_by_id INFO @200-1465@%s 'syn.file=C:/GIM_Repos/GIM_Diabetes/accelerator_diabetes/array.cpp' from C:/GIM_Repos/GIM_Diabetes/accelerator_diabetes/hls_component/hls_config.cfg(13) 
INFO: [HLS 200-1465] Applying ini 'syn.file=C:/GIM_Repos/GIM_Diabetes/accelerator_diabetes/array.cpp' from C:/GIM_Repos/GIM_Diabetes/accelerator_diabetes/hls_component/hls_config.cfg(13)
Execute     add_files C:/GIM_Repos/GIM_Diabetes/accelerator_diabetes/array.cpp 
INFO: [HLS 200-10] Adding design file 'C:/GIM_Repos/GIM_Diabetes/accelerator_diabetes/array.cpp' to the project
Execute     send_msg_by_id INFO @200-1465@%s 'syn.file=C:/GIM_Repos/GIM_Diabetes/accelerator_diabetes/bias_pe.cpp' from C:/GIM_Repos/GIM_Diabetes/accelerator_diabetes/hls_component/hls_config.cfg(14) 
INFO: [HLS 200-1465] Applying ini 'syn.file=C:/GIM_Repos/GIM_Diabetes/accelerator_diabetes/bias_pe.cpp' from C:/GIM_Repos/GIM_Diabetes/accelerator_diabetes/hls_component/hls_config.cfg(14)
Execute     add_files C:/GIM_Repos/GIM_Diabetes/accelerator_diabetes/bias_pe.cpp 
INFO: [HLS 200-10] Adding design file 'C:/GIM_Repos/GIM_Diabetes/accelerator_diabetes/bias_pe.cpp' to the project
Execute     send_msg_by_id INFO @200-1465@%s 'syn.file=C:/GIM_Repos/GIM_Diabetes/accelerator_diabetes/csv_import.cpp' from C:/GIM_Repos/GIM_Diabetes/accelerator_diabetes/hls_component/hls_config.cfg(15) 
INFO: [HLS 200-1465] Applying ini 'syn.file=C:/GIM_Repos/GIM_Diabetes/accelerator_diabetes/csv_import.cpp' from C:/GIM_Repos/GIM_Diabetes/accelerator_diabetes/hls_component/hls_config.cfg(15)
Execute     add_files C:/GIM_Repos/GIM_Diabetes/accelerator_diabetes/csv_import.cpp 
INFO: [HLS 200-10] Adding design file 'C:/GIM_Repos/GIM_Diabetes/accelerator_diabetes/csv_import.cpp' to the project
Execute     send_msg_by_id INFO @200-1465@%s 'syn.file=C:/GIM_Repos/GIM_Diabetes/accelerator_diabetes/error_pe.cpp' from C:/GIM_Repos/GIM_Diabetes/accelerator_diabetes/hls_component/hls_config.cfg(16) 
INFO: [HLS 200-1465] Applying ini 'syn.file=C:/GIM_Repos/GIM_Diabetes/accelerator_diabetes/error_pe.cpp' from C:/GIM_Repos/GIM_Diabetes/accelerator_diabetes/hls_component/hls_config.cfg(16)
Execute     add_files C:/GIM_Repos/GIM_Diabetes/accelerator_diabetes/error_pe.cpp 
INFO: [HLS 200-10] Adding design file 'C:/GIM_Repos/GIM_Diabetes/accelerator_diabetes/error_pe.cpp' to the project
Execute     send_msg_by_id INFO @200-1465@%s 'syn.file=C:/GIM_Repos/GIM_Diabetes/accelerator_diabetes/gim_model.h' from C:/GIM_Repos/GIM_Diabetes/accelerator_diabetes/hls_component/hls_config.cfg(17) 
INFO: [HLS 200-1465] Applying ini 'syn.file=C:/GIM_Repos/GIM_Diabetes/accelerator_diabetes/gim_model.h' from C:/GIM_Repos/GIM_Diabetes/accelerator_diabetes/hls_component/hls_config.cfg(17)
Execute     add_files C:/GIM_Repos/GIM_Diabetes/accelerator_diabetes/gim_model.h 
INFO: [HLS 200-10] Adding design file 'C:/GIM_Repos/GIM_Diabetes/accelerator_diabetes/gim_model.h' to the project
Execute     send_msg_by_id INFO @200-1465@%s 'syn.file=C:/GIM_Repos/GIM_Diabetes/accelerator_diabetes/weight_pe.cpp' from C:/GIM_Repos/GIM_Diabetes/accelerator_diabetes/hls_component/hls_config.cfg(18) 
INFO: [HLS 200-1465] Applying ini 'syn.file=C:/GIM_Repos/GIM_Diabetes/accelerator_diabetes/weight_pe.cpp' from C:/GIM_Repos/GIM_Diabetes/accelerator_diabetes/hls_component/hls_config.cfg(18)
Execute     add_files C:/GIM_Repos/GIM_Diabetes/accelerator_diabetes/weight_pe.cpp 
INFO: [HLS 200-10] Adding design file 'C:/GIM_Repos/GIM_Diabetes/accelerator_diabetes/weight_pe.cpp' to the project
Execute     send_msg_by_id INFO @200-1465@%s 'syn.file=C:\GIM_Repos\GIM_Diabetes\accelerator_diabetes\X_test.csv' from C:/GIM_Repos/GIM_Diabetes/accelerator_diabetes/hls_component/hls_config.cfg(19) 
INFO: [HLS 200-1465] Applying ini 'syn.file=C:\GIM_Repos\GIM_Diabetes\accelerator_diabetes\X_test.csv' from C:/GIM_Repos/GIM_Diabetes/accelerator_diabetes/hls_component/hls_config.cfg(19)
Execute     add_files C:\GIM_Repos\GIM_Diabetes\accelerator_diabetes\X_test.csv 
INFO: [HLS 200-10] Adding design file 'C:/GIM_Repos/GIM_Diabetes/accelerator_diabetes/X_test.csv' to the project
Execute     send_msg_by_id INFO @200-1465@%s 'syn.file=C:\GIM_Repos\GIM_Diabetes\accelerator_diabetes\X_train.csv' from C:/GIM_Repos/GIM_Diabetes/accelerator_diabetes/hls_component/hls_config.cfg(20) 
INFO: [HLS 200-1465] Applying ini 'syn.file=C:\GIM_Repos\GIM_Diabetes\accelerator_diabetes\X_train.csv' from C:/GIM_Repos/GIM_Diabetes/accelerator_diabetes/hls_component/hls_config.cfg(20)
Execute     add_files C:\GIM_Repos\GIM_Diabetes\accelerator_diabetes\X_train.csv 
INFO: [HLS 200-10] Adding design file 'C:/GIM_Repos/GIM_Diabetes/accelerator_diabetes/X_train.csv' to the project
Execute     send_msg_by_id INFO @200-1465@%s 'syn.file=C:\GIM_Repos\GIM_Diabetes\accelerator_diabetes\Y_test.csv' from C:/GIM_Repos/GIM_Diabetes/accelerator_diabetes/hls_component/hls_config.cfg(21) 
INFO: [HLS 200-1465] Applying ini 'syn.file=C:\GIM_Repos\GIM_Diabetes\accelerator_diabetes\Y_test.csv' from C:/GIM_Repos/GIM_Diabetes/accelerator_diabetes/hls_component/hls_config.cfg(21)
Execute     add_files C:\GIM_Repos\GIM_Diabetes\accelerator_diabetes\Y_test.csv 
INFO: [HLS 200-10] Adding design file 'C:/GIM_Repos/GIM_Diabetes/accelerator_diabetes/Y_test.csv' to the project
Execute     send_msg_by_id INFO @200-1465@%s 'syn.file=C:\GIM_Repos\GIM_Diabetes\accelerator_diabetes\Y_train.csv' from C:/GIM_Repos/GIM_Diabetes/accelerator_diabetes/hls_component/hls_config.cfg(22) 
INFO: [HLS 200-1465] Applying ini 'syn.file=C:\GIM_Repos\GIM_Diabetes\accelerator_diabetes\Y_train.csv' from C:/GIM_Repos/GIM_Diabetes/accelerator_diabetes/hls_component/hls_config.cfg(22)
Execute     add_files C:\GIM_Repos\GIM_Diabetes\accelerator_diabetes\Y_train.csv 
INFO: [HLS 200-10] Adding design file 'C:/GIM_Repos/GIM_Diabetes/accelerator_diabetes/Y_train.csv' to the project
Execute     send_msg_by_id INFO @200-1465@%s 'tb.file=C:\GIM_Repos\GIM_Diabetes\accelerator_diabetes\main.cpp' from C:/GIM_Repos/GIM_Diabetes/accelerator_diabetes/hls_component/hls_config.cfg(10) 
INFO: [HLS 200-1465] Applying ini 'tb.file=C:\GIM_Repos\GIM_Diabetes\accelerator_diabetes\main.cpp' from C:/GIM_Repos/GIM_Diabetes/accelerator_diabetes/hls_component/hls_config.cfg(10)
Command     send_msg_by_id done; 1.276 sec.
Execute     add_files -tb C:\GIM_Repos\GIM_Diabetes\accelerator_diabetes\main.cpp 
INFO: [HLS 200-10] Adding test bench file 'C:/GIM_Repos/GIM_Diabetes/accelerator_diabetes/main.cpp' to the project
Execute     send_msg_by_id INFO @200-1465@%s 'syn.top=accelerator' from C:/GIM_Repos/GIM_Diabetes/accelerator_diabetes/hls_component/hls_config.cfg(7) 
INFO: [HLS 200-1465] Applying ini 'syn.top=accelerator' from C:/GIM_Repos/GIM_Diabetes/accelerator_diabetes/hls_component/hls_config.cfg(7)
Execute     set_top accelerator 
Execute     send_msg_by_id INFO @200-1465@%s 'flow_target=vivado' from C:/GIM_Repos/GIM_Diabetes/accelerator_diabetes/hls_component/hls_config.cfg(4) 
INFO: [HLS 200-1465] Applying ini 'flow_target=vivado' from C:/GIM_Repos/GIM_Diabetes/accelerator_diabetes/hls_component/hls_config.cfg(4)
Execute     send_msg_by_id INFO @200-1505@%s%s  vivado 
INFO: [HLS 200-1505] Using flow_target 'vivado'
Execute     send_msg_by_id INFO @200-1465@%s 'part=xczu3eg-sfvc784-1-e' from C:/GIM_Repos/GIM_Diabetes/accelerator_diabetes/hls_component/hls_config.cfg(1) 
INFO: [HLS 200-1465] Applying ini 'part=xczu3eg-sfvc784-1-e' from C:/GIM_Repos/GIM_Diabetes/accelerator_diabetes/hls_component/hls_config.cfg(1)
Execute     set_part xczu3eg-sfvc784-1-e 
Execute       create_platform xczu3eg-sfvc784-1-e -board  
DBG:HLSDevice: Trying to load device library: C:/Xilinx\Vitis_HLS\2024.1\lib\win64.o\xv_hlsvwrap.dll
DBG:HLSDevice: first parts/arch.xml in RDI_DATADIR: C:/Xilinx/Vivado/2024.1/data/parts/arch.xml
DBG:HLSDevice: init success
INFO: [HLS 200-1611] Setting target device to 'xczu3eg-sfvc784-1-e'
Command       create_platform done; 17.367 sec.
Execute       source C:/Xilinx/Vitis_HLS/2024.1/common/technology/xilinx/common/xilinx.gen 
Execute         source C:/Xilinx/Vitis_HLS/2024.1/common/technology/xilinx/interface/plb46.gen 
Execute         source C:/Xilinx/Vitis_HLS/2024.1/common/technology/xilinx/interface/axi4.gen 
Execute         source C:/Xilinx/Vitis_HLS/2024.1/common/technology/xilinx/interface/nativeAXI4.gen 
Execute           source C:/Xilinx/Vitis_HLS/2024.1/common/technology/xilinx/interface/saxilite.gen 
Execute         source C:/Xilinx/Vitis_HLS/2024.1/common/technology/xilinx/scripts/xilinxcoregen.gen 
Execute         source C:/Xilinx/Vitis_HLS/2024.1/common/technology/xilinx/interface/XilEDKCoreGen.gen 
Execute         source C:/Xilinx/Vitis_HLS/2024.1/common/technology/xilinx/ip/dds_compiler.gen 
Execute         source C:/Xilinx/Vitis_HLS/2024.1/common/technology/xilinx/ip/util.gen 
Execute         source C:/Xilinx/Vitis_HLS/2024.1/common/technology/xilinx/ip/xfft.gen 
Command         ap_source done; 0.341 sec.
Execute         source C:/Xilinx/Vitis_HLS/2024.1/common/technology/xilinx/ip/xfir.gen 
Execute         source C:/Xilinx/Vitis_HLS/2024.1/common/technology/xilinx/DSP48/dsp48.gen 
Command       ap_source done; 0.48 sec.
Execute       ap_part_info -name xczu3eg-sfvc784-1-e -data info 
Command       ap_part_info done; 0.404 sec.
Execute       config_compile -quiet -complex-mul-dsp=0 
Command     set_part done; 18.278 sec.
Execute     send_msg_by_id INFO @200-1465@%s 'clock=10ns' from C:/GIM_Repos/GIM_Diabetes/accelerator_diabetes/hls_component/hls_config.cfg(8) 
INFO: [HLS 200-1465] Applying ini 'clock=10ns' from C:/GIM_Repos/GIM_Diabetes/accelerator_diabetes/hls_component/hls_config.cfg(8)
Execute     create_clock -period 10ns 
Execute       ap_set_clock -name default -period 10 -unit ns -default=false 
INFO: [SYN 201-201] Setting up clock 'default' with a period of 10ns.
Execute     send_msg_by_id INFO @200-1465@%s 'clock_uncertainty=2ns' from C:/GIM_Repos/GIM_Diabetes/accelerator_diabetes/hls_component/hls_config.cfg(9) 
INFO: [HLS 200-1465] Applying ini 'clock_uncertainty=2ns' from C:/GIM_Repos/GIM_Diabetes/accelerator_diabetes/hls_component/hls_config.cfg(9)
Execute     set_clock_uncertainty 2ns 
Execute       ap_set_clock -name default -uncertainty 2 -unit ns 
INFO: [SYN 201-201] Setting up clock 'default' with an uncertainty of 2ns.
Execute     send_msg_by_id INFO @200-1465@%s 'package.output.format=ip_catalog' from C:/GIM_Repos/GIM_Diabetes/accelerator_diabetes/hls_component/hls_config.cfg(5) 
INFO: [HLS 200-1465] Applying ini 'package.output.format=ip_catalog' from C:/GIM_Repos/GIM_Diabetes/accelerator_diabetes/hls_component/hls_config.cfg(5)
Execute     config_export -format=ip_catalog 
Command   apply_ini done; 20.134 sec.
Execute   apply_ini C:/GIM_Repos/GIM_Diabetes/accelerator_diabetes/hls_component/accelerator/hls/config.cmdline 
Execute   csim_design 
Execute     AP::app_get_file_relativeroot [AP::app_get_root] {}
Execute     AP::app_get_file_relativeroot [AP::app_get_root] {}
Execute     AP::app_get_file_relativeroot [AP::app_get_root] {}
INFO-FLOW: Running SLX 'csim' proc: ::SLX::run_csim
INFO: [SIM 211-2] *************** CSIM start ***************
INFO: [SIM 211-4] CSIM will launch CLANG as the compiler.
Execute     source csim/.lst_opt.tcl 
Execute     send_msg_by_id INFO @200-2036@%s debug 
INFO: [HLS 200-2036] Building debug C Simulation binaries
Execute     source C:/Xilinx/Vitis_HLS/2024.1/tps/tcl/tcllib1.11.1/yaml/huddle.tcl 
Execute     source C:/Xilinx/Vitis_HLS/2024.1/tps/tcl/tcllib1.11.1/yaml/json2huddle.tcl 
Execute     ap_part_info -name xczu3eg-sfvc784-1-e -data info 
Command     ap_part_info done; 0.367 sec.
INFO-FLOW: AESL_CSIM::c_sim errorInfo:

    while executing
"::AESL_CSIM::c_sim "$argn" "
ERROR: [SIM 211-100] 'csim_design' failed: compilation error(s).
INFO: [SIM 211-3] *************** CSIM finish ***************
INFO-FLOW: AESL_CSIM::csim_cmd_wrap errorInfo:
4
    while executing
"::AESL_CSIM::csim_cmd_wrap $args"
INFO-FLOW: Caught error in csim_design: 4
    while executing
"ap_internal_csim_design "
Command   csim_design done; error code: 2; 98.267 sec.
Execute   close_project 
Execute     close_solution 
Execute       cleanup_all 
Execute       cleanup_all 
