

================================================================
== Vitis HLS Report for 'backProp_64_64_8_Pipeline_VITIS_LOOP_266_1'
================================================================
* Date:           Fri Mar 21 12:03:56 2025

* Version:        2024.1 (Build 5069499 on May 21 2024)
* Project:        accelerator
* Solution:       hls (Vivado IP Flow Target)
* Product family: zynquplus
* Target device:  xczu3eg-sfvc784-1-e


================================================================
== Performance Estimates
================================================================
+ Timing: 
    * Summary: 
    +--------+----------+----------+------------+
    |  Clock |  Target  | Estimated| Uncertainty|
    +--------+----------+----------+------------+
    |ap_clk  |  10.00 ns|  6.919 ns|     2.00 ns|
    +--------+----------+----------+------------+

+ Latency: 
    * Summary: 
    +---------+---------+----------+----------+-----+-----+-----------------------------------------------+
    |  Latency (cycles) |  Latency (absolute) |  Interval |                    Pipeline                   |
    |   min   |   max   |    min   |    max   | min | max |                      Type                     |
    +---------+---------+----------+----------+-----+-----+-----------------------------------------------+
    |       72|       72|  0.720 us|  0.720 us|   65|   65|  loop auto-rewind stp(delay=0 clock cycles(s))|
    +---------+---------+----------+----------+-----+-----+-----------------------------------------------+

    + Detail: 
        * Instance: 
        N/A

        * Loop: 
        +--------------------+---------+---------+----------+-----------+-----------+------+----------+
        |                    |  Latency (cycles) | Iteration|  Initiation Interval  | Trip |          |
        |      Loop Name     |   min   |   max   |  Latency |  achieved |   target  | Count| Pipelined|
        +--------------------+---------+---------+----------+-----------+-----------+------+----------+
        |- VITIS_LOOP_266_1  |       70|       70|         8|          1|          1|    64|       yes|
        +--------------------+---------+---------+----------+-----------+-----------+------+----------+

============================================================
+ Verbose Summary: Synthesis Manager
============================================================
InlineROM: 1
ExposeGlobal: 0
============================================================
+ Verbose Summary: CDFG Model
============================================================
IsTopModel: 0
ResetActiveHigh: 1
IsCombinational: 0
IsDatapathOnly: 0
HasWiredReturn: 1
HasMFsm: 2
HasVarLatency: 1
IsPipeline: 0
IsRtlPipelined: 0
IsInstanceOverlapped: 0
IsDontTouch: 0
HasImplIP: 0
IsGatedGlobalClock: 0

+ Individual pipeline summary: 
  * Pipeline-0: initiation interval (II) = 1, depth = 8


============================================================
+ Verbose Summary: Schedule
============================================================
* Number of FSM states : 8
* Pipeline : 1
  Pipeline-0 : II = 1, D = 8, States = { 1 2 3 4 5 6 7 8 }
* Dataflow Pipeline: 0

* FSM state transitions: 
1 --> 2 
2 --> 3 
3 --> 4 
4 --> 5 
5 --> 6 
6 --> 7 
7 --> 8 
8 --> 

* FSM state operations: 

State 1 <SV = 0> <Delay = 2.62>
ST_1 : Operation 11 [1/1] (0.00ns)   --->   "%i_37 = alloca i32 1" [C:/Xilinx/Vitis_HLS/2024.1/tps/mingw/8.3.0/win64.o/nt\lib\gcc\x86_64-w64-mingw32\8.3.0\include\c++\array:55->C:/Xilinx/Vitis_HLS/2024.1/tps/mingw/8.3.0/win64.o/nt\lib\gcc\x86_64-w64-mingw32\8.3.0\include\c++\array:190->../layer.h:268]   --->   Operation 11 'alloca' 'i_37' <Predicate = true> <Delay = 0.00>
ST_1 : Operation 12 [1/1] (0.00ns)   --->   "%biases_val_read = read i4096 @_ssdm_op_Read.ap_auto.i4096, i4096 %biases_val"   --->   Operation 12 'read' 'biases_val_read' <Predicate = true> <Delay = 0.00>
ST_1 : Operation 13 [1/1] (0.48ns)   --->   "%store_ln55 = store i7 0, i7 %i_37" [C:/Xilinx/Vitis_HLS/2024.1/tps/mingw/8.3.0/win64.o/nt\lib\gcc\x86_64-w64-mingw32\8.3.0\include\c++\array:55->C:/Xilinx/Vitis_HLS/2024.1/tps/mingw/8.3.0/win64.o/nt\lib\gcc\x86_64-w64-mingw32\8.3.0\include\c++\array:190->../layer.h:268]   --->   Operation 13 'store' 'store_ln55' <Predicate = true> <Delay = 0.48>
ST_1 : Operation 14 [1/1] (0.00ns)   --->   "%br_ln0 = br void %VITIS_LOOP_267_2"   --->   Operation 14 'br' 'br_ln0' <Predicate = true> <Delay = 0.00>
ST_1 : Operation 15 [1/1] (0.00ns)   --->   "%i = load i7 %i_37" [C:/Xilinx/Vitis_HLS/2024.1/tps/mingw/8.3.0/win64.o/nt\lib\gcc\x86_64-w64-mingw32\8.3.0\include\c++\array:56->C:/Xilinx/Vitis_HLS/2024.1/tps/mingw/8.3.0/win64.o/nt\lib\gcc\x86_64-w64-mingw32\8.3.0\include\c++\array:190->../layer.h:268]   --->   Operation 15 'load' 'i' <Predicate = true> <Delay = 0.00>
ST_1 : Operation 16 [1/1] (0.89ns)   --->   "%icmp_ln266 = icmp_eq  i7 %i, i7 64" [../layer.h:266]   --->   Operation 16 'icmp' 'icmp_ln266' <Predicate = true> <Delay = 0.89> <CoreInst = "Cmp">   --->   Core 9 'Cmp' <Latency = 0> <II = 1> <Delay = 0.89> <FuncUnit> <Opcode : 'seteq' 'setne' 'setle' 'setge' 'setlt' 'setgt'> <InPorts = 2> <OutPorts = 1>
ST_1 : Operation 17 [1/1] (0.89ns)   --->   "%i_34 = add i7 %i, i7 1" [../layer.h:266]   --->   Operation 17 'add' 'i_34' <Predicate = true> <Delay = 0.89> <CoreInst = "Adder">   --->   Core 1 'Adder' <Latency = 0> <II = 1> <Delay = 0.89> <FuncUnit> <Opcode : 'add' 'sub'> <InPorts = 2> <OutPorts = 1>
ST_1 : Operation 18 [1/1] (0.00ns)   --->   "%br_ln266 = br i1 %icmp_ln266, void %VITIS_LOOP_267_2.split, void %for.inc.i16.preheader.exitStub" [../layer.h:266]   --->   Operation 18 'br' 'br_ln266' <Predicate = true> <Delay = 0.00>
ST_1 : Operation 19 [1/1] (0.00ns)   --->   "%zext_ln266 = zext i7 %i" [../layer.h:266]   --->   Operation 19 'zext' 'zext_ln266' <Predicate = (!icmp_ln266)> <Delay = 0.00>
ST_1 : Operation 20 [1/1] (0.00ns)   --->   "%trunc_ln56 = trunc i7 %i" [C:/Xilinx/Vitis_HLS/2024.1/tps/mingw/8.3.0/win64.o/nt\lib\gcc\x86_64-w64-mingw32\8.3.0\include\c++\array:56->C:/Xilinx/Vitis_HLS/2024.1/tps/mingw/8.3.0/win64.o/nt\lib\gcc\x86_64-w64-mingw32\8.3.0\include\c++\array:190->../layer.h:268]   --->   Operation 20 'trunc' 'trunc_ln56' <Predicate = (!icmp_ln266)> <Delay = 0.00>
ST_1 : Operation 21 [1/1] (0.00ns)   --->   "%shl_ln = bitconcatenate i12 @_ssdm_op_BitConcatenate.i12.i6.i6, i6 %trunc_ln56, i6 0" [C:/Xilinx/Vitis_HLS/2024.1/tps/mingw/8.3.0/win64.o/nt\lib\gcc\x86_64-w64-mingw32\8.3.0\include\c++\array:56->C:/Xilinx/Vitis_HLS/2024.1/tps/mingw/8.3.0/win64.o/nt\lib\gcc\x86_64-w64-mingw32\8.3.0\include\c++\array:190->../layer.h:268]   --->   Operation 21 'bitconcatenate' 'shl_ln' <Predicate = (!icmp_ln266)> <Delay = 0.00>
ST_1 : Operation 22 [1/1] (0.00ns)   --->   "%mid_0_addr = getelementptr i64 %mid_0, i64 0, i64 %zext_ln266" [C:/Xilinx/Vitis_HLS/2024.1/tps/mingw/8.3.0/win64.o/nt\lib\gcc\x86_64-w64-mingw32\8.3.0\include\c++\array:56->C:/Xilinx/Vitis_HLS/2024.1/tps/mingw/8.3.0/win64.o/nt\lib\gcc\x86_64-w64-mingw32\8.3.0\include\c++\array:186->../layer.h:268]   --->   Operation 22 'getelementptr' 'mid_0_addr' <Predicate = (!icmp_ln266)> <Delay = 0.00>
ST_1 : Operation 23 [2/2] (1.35ns)   --->   "%mid_0_load = load i6 %mid_0_addr" [../layer.h:268]   --->   Operation 23 'load' 'mid_0_load' <Predicate = (!icmp_ln266)> <Delay = 1.35> <CoreInst = "RAM">   --->   Core 82 'RAM' <Latency = 1> <II = 1> <Delay = 1.35> <Storage> <Opcode : 'load' 'store'> <Ports = 2> <Width = 64> <Depth = 64> <RAM>
ST_1 : Operation 24 [1/1] (0.00ns)   --->   "%zext_ln268 = zext i12 %shl_ln" [../layer.h:268]   --->   Operation 24 'zext' 'zext_ln268' <Predicate = (!icmp_ln266)> <Delay = 0.00>
ST_1 : Operation 25 [1/1] (2.13ns)   --->   "%lshr_ln268 = lshr i4096 %biases_val_read, i4096 %zext_ln268" [../layer.h:268]   --->   Operation 25 'lshr' 'lshr_ln268' <Predicate = (!icmp_ln266)> <Delay = 2.13> <CoreInst = "Shifter">   --->   Core 75 'Shifter' <Latency = 0> <II = 1> <Delay = 2.13> <FuncUnit> <Opcode : 'shl' 'lshr' 'ashr'> <InPorts = 2> <OutPorts = 1>
ST_1 : Operation 26 [1/1] (0.00ns)   --->   "%trunc_ln268 = trunc i4096 %lshr_ln268" [../layer.h:268]   --->   Operation 26 'trunc' 'trunc_ln268' <Predicate = (!icmp_ln266)> <Delay = 0.00>
ST_1 : Operation 27 [1/1] (0.48ns)   --->   "%store_ln55 = store i7 %i_34, i7 %i_37" [C:/Xilinx/Vitis_HLS/2024.1/tps/mingw/8.3.0/win64.o/nt\lib\gcc\x86_64-w64-mingw32\8.3.0\include\c++\array:55->C:/Xilinx/Vitis_HLS/2024.1/tps/mingw/8.3.0/win64.o/nt\lib\gcc\x86_64-w64-mingw32\8.3.0\include\c++\array:190->../layer.h:268]   --->   Operation 27 'store' 'store_ln55' <Predicate = (!icmp_ln266)> <Delay = 0.48>

State 2 <SV = 1> <Delay = 1.35>
ST_2 : Operation 28 [1/2] (1.35ns)   --->   "%mid_0_load = load i6 %mid_0_addr" [../layer.h:268]   --->   Operation 28 'load' 'mid_0_load' <Predicate = true> <Delay = 1.35> <CoreInst = "RAM">   --->   Core 82 'RAM' <Latency = 1> <II = 1> <Delay = 1.35> <Storage> <Opcode : 'load' 'store'> <Ports = 2> <Width = 64> <Depth = 64> <RAM>

State 3 <SV = 2> <Delay = 6.91>
ST_3 : Operation 29 [1/1] (0.00ns)   --->   "%bitcast_ln268 = bitcast i64 %trunc_ln268" [../layer.h:268]   --->   Operation 29 'bitcast' 'bitcast_ln268' <Predicate = true> <Delay = 0.00>
ST_3 : Operation 30 [5/5] (6.91ns)   --->   "%add = dadd i64 %mid_0_load, i64 %bitcast_ln268" [../layer.h:268]   --->   Operation 30 'dadd' 'add' <Predicate = true> <Delay = 6.91> <CoreInst = "DAddSub_fulldsp">   --->   Core 37 'DAddSub_fulldsp' <Latency = 4> <II = 1> <Delay = 6.91> <FuncUnit> <Opcode : 'dadd' 'dsub'> <InPorts = 2> <OutPorts = 1>

State 4 <SV = 3> <Delay = 6.91>
ST_4 : Operation 31 [4/5] (6.91ns)   --->   "%add = dadd i64 %mid_0_load, i64 %bitcast_ln268" [../layer.h:268]   --->   Operation 31 'dadd' 'add' <Predicate = true> <Delay = 6.91> <CoreInst = "DAddSub_fulldsp">   --->   Core 37 'DAddSub_fulldsp' <Latency = 4> <II = 1> <Delay = 6.91> <FuncUnit> <Opcode : 'dadd' 'dsub'> <InPorts = 2> <OutPorts = 1>

State 5 <SV = 4> <Delay = 6.91>
ST_5 : Operation 32 [3/5] (6.91ns)   --->   "%add = dadd i64 %mid_0_load, i64 %bitcast_ln268" [../layer.h:268]   --->   Operation 32 'dadd' 'add' <Predicate = true> <Delay = 6.91> <CoreInst = "DAddSub_fulldsp">   --->   Core 37 'DAddSub_fulldsp' <Latency = 4> <II = 1> <Delay = 6.91> <FuncUnit> <Opcode : 'dadd' 'dsub'> <InPorts = 2> <OutPorts = 1>

State 6 <SV = 5> <Delay = 6.91>
ST_6 : Operation 33 [2/5] (6.91ns)   --->   "%add = dadd i64 %mid_0_load, i64 %bitcast_ln268" [../layer.h:268]   --->   Operation 33 'dadd' 'add' <Predicate = true> <Delay = 6.91> <CoreInst = "DAddSub_fulldsp">   --->   Core 37 'DAddSub_fulldsp' <Latency = 4> <II = 1> <Delay = 6.91> <FuncUnit> <Opcode : 'dadd' 'dsub'> <InPorts = 2> <OutPorts = 1>

State 7 <SV = 6> <Delay = 6.91>
ST_7 : Operation 34 [1/5] (6.91ns)   --->   "%add = dadd i64 %mid_0_load, i64 %bitcast_ln268" [../layer.h:268]   --->   Operation 34 'dadd' 'add' <Predicate = true> <Delay = 6.91> <CoreInst = "DAddSub_fulldsp">   --->   Core 37 'DAddSub_fulldsp' <Latency = 4> <II = 1> <Delay = 6.91> <FuncUnit> <Opcode : 'dadd' 'dsub'> <InPorts = 2> <OutPorts = 1>
ST_7 : Operation 41 [1/1] (0.48ns)   --->   "%ret_ln0 = ret"   --->   Operation 41 'ret' 'ret_ln0' <Predicate = (icmp_ln266)> <Delay = 0.48>

State 8 <SV = 7> <Delay = 1.35>
ST_8 : Operation 35 [1/1] (0.00ns)   --->   "%specpipeline_ln266 = specpipeline void @_ssdm_op_SpecPipeline, i32 4294967295, i32 0, i32 0, i32 0, void @empty_0" [../layer.h:266]   --->   Operation 35 'specpipeline' 'specpipeline_ln266' <Predicate = true> <Delay = 0.00>
ST_8 : Operation 36 [1/1] (0.00ns)   --->   "%speclooptripcount_ln266 = speclooptripcount void @_ssdm_op_SpecLoopTripCount, i64 64, i64 64, i64 64" [../layer.h:266]   --->   Operation 36 'speclooptripcount' 'speclooptripcount_ln266' <Predicate = true> <Delay = 0.00>
ST_8 : Operation 37 [1/1] (0.00ns)   --->   "%specloopname_ln266 = specloopname void @_ssdm_op_SpecLoopName, void @empty_15" [../layer.h:266]   --->   Operation 37 'specloopname' 'specloopname_ln266' <Predicate = true> <Delay = 0.00>
ST_8 : Operation 38 [1/1] (0.00ns)   --->   "%net_0_addr = getelementptr i64 %net_0, i64 0, i64 %zext_ln266" [C:/Xilinx/Vitis_HLS/2024.1/tps/mingw/8.3.0/win64.o/nt\lib\gcc\x86_64-w64-mingw32\8.3.0\include\c++\array:56->C:/Xilinx/Vitis_HLS/2024.1/tps/mingw/8.3.0/win64.o/nt\lib\gcc\x86_64-w64-mingw32\8.3.0\include\c++\array:186->../layer.h:268]   --->   Operation 38 'getelementptr' 'net_0_addr' <Predicate = true> <Delay = 0.00>
ST_8 : Operation 39 [1/1] (1.35ns)   --->   "%store_ln268 = store i64 %add, i6 %net_0_addr" [../layer.h:268]   --->   Operation 39 'store' 'store_ln268' <Predicate = true> <Delay = 1.35> <CoreInst = "RAM">   --->   Core 82 'RAM' <Latency = 1> <II = 1> <Delay = 1.35> <Storage> <Opcode : 'load' 'store'> <Ports = 2> <Width = 64> <Depth = 64> <RAM>
ST_8 : Operation 40 [1/1] (0.00ns)   --->   "%br_ln266 = br void %VITIS_LOOP_267_2" [../layer.h:266]   --->   Operation 40 'br' 'br_ln266' <Predicate = true> <Delay = 0.00>


============================================================
+ Verbose Summary: Timing violations
============================================================
Target clock period: 10.000ns, clock uncertainty: 2.000ns.

 <State 1>: 2.622ns
The critical path consists of the following:
	'store' operation 0 bit ('store_ln55', C:/Xilinx/Vitis_HLS/2024.1/tps/mingw/8.3.0/win64.o/nt\lib\gcc\x86_64-w64-mingw32\8.3.0\include\c++\array:55->C:/Xilinx/Vitis_HLS/2024.1/tps/mingw/8.3.0/win64.o/nt\lib\gcc\x86_64-w64-mingw32\8.3.0\include\c++\array:190->../layer.h:268) of constant 0 on local variable '__n', C:/Xilinx/Vitis_HLS/2024.1/tps/mingw/8.3.0/win64.o/nt\lib\gcc\x86_64-w64-mingw32\8.3.0\include\c++\array:55->C:/Xilinx/Vitis_HLS/2024.1/tps/mingw/8.3.0/win64.o/nt\lib\gcc\x86_64-w64-mingw32\8.3.0\include\c++\array:190->../layer.h:268 [6]  (0.489 ns)
	'load' operation 7 bit ('i', C:/Xilinx/Vitis_HLS/2024.1/tps/mingw/8.3.0/win64.o/nt\lib\gcc\x86_64-w64-mingw32\8.3.0\include\c++\array:56->C:/Xilinx/Vitis_HLS/2024.1/tps/mingw/8.3.0/win64.o/nt\lib\gcc\x86_64-w64-mingw32\8.3.0\include\c++\array:190->../layer.h:268) on local variable '__n', C:/Xilinx/Vitis_HLS/2024.1/tps/mingw/8.3.0/win64.o/nt\lib\gcc\x86_64-w64-mingw32\8.3.0\include\c++\array:55->C:/Xilinx/Vitis_HLS/2024.1/tps/mingw/8.3.0/win64.o/nt\lib\gcc\x86_64-w64-mingw32\8.3.0\include\c++\array:190->../layer.h:268 [9]  (0.000 ns)
	'lshr' operation 4096 bit ('lshr_ln268', ../layer.h:268) [23]  (2.133 ns)

 <State 2>: 1.352ns
The critical path consists of the following:
	'load' operation 64 bit ('mid_0_load', ../layer.h:268) on array 'mid_0' [21]  (1.352 ns)

 <State 3>: 6.919ns
The critical path consists of the following:
	'dadd' operation 64 bit ('add', ../layer.h:268) [26]  (6.919 ns)

 <State 4>: 6.919ns
The critical path consists of the following:
	'dadd' operation 64 bit ('add', ../layer.h:268) [26]  (6.919 ns)

 <State 5>: 6.919ns
The critical path consists of the following:
	'dadd' operation 64 bit ('add', ../layer.h:268) [26]  (6.919 ns)

 <State 6>: 6.919ns
The critical path consists of the following:
	'dadd' operation 64 bit ('add', ../layer.h:268) [26]  (6.919 ns)

 <State 7>: 6.919ns
The critical path consists of the following:
	'dadd' operation 64 bit ('add', ../layer.h:268) [26]  (6.919 ns)

 <State 8>: 1.352ns
The critical path consists of the following:
	'getelementptr' operation 6 bit ('net_0_addr', C:/Xilinx/Vitis_HLS/2024.1/tps/mingw/8.3.0/win64.o/nt\lib\gcc\x86_64-w64-mingw32\8.3.0\include\c++\array:56->C:/Xilinx/Vitis_HLS/2024.1/tps/mingw/8.3.0/win64.o/nt\lib\gcc\x86_64-w64-mingw32\8.3.0\include\c++\array:186->../layer.h:268) [27]  (0.000 ns)
	'store' operation 0 bit ('store_ln268', ../layer.h:268) of variable 'add', ../layer.h:268 on array 'net_0' [28]  (1.352 ns)


============================================================
+ Verbose Summary: Binding
============================================================
N/A
* FSMD analyzer results:
  - Output states:
 - Input state : 
  - Chain level:
	State 1
	State 2
	State 3
	State 4
	State 5
	State 6
	State 7
	State 8


============================================================
+ Verbose Summary: Datapath Resource usage 
============================================================
N/A
