

================================================================
== Vitis HLS Report for 'backProp_8_8_10_s'
================================================================
* Date:           Fri Mar 21 12:04:47 2025

* Version:        2024.1 (Build 5069499 on May 21 2024)
* Project:        accelerator
* Solution:       hls (Vivado IP Flow Target)
* Product family: zynquplus
* Target device:  xczu3eg-sfvc784-1-e


================================================================
== Performance Estimates
================================================================
+ Timing: 
    * Summary: 
    +--------+----------+----------+------------+
    |  Clock |  Target  | Estimated| Uncertainty|
    +--------+----------+----------+------------+
    |ap_clk  |  10.00 ns|  8.221 ns|     2.00 ns|
    +--------+----------+----------+------------+

+ Latency: 
    * Summary: 
    +---------+---------+----------+----------+-----+-----+---------+
    |  Latency (cycles) |  Latency (absolute) |  Interval | Pipeline|
    |   min   |   max   |    min   |    max   | min | max |   Type  |
    +---------+---------+----------+----------+-----+-----+---------+
    |      532|      532|  5.320 us|  5.320 us|  532|  532|       no|
    +---------+---------+----------+----------+-----+-----+---------+

    + Detail: 
        * Instance: 
        +-------------------------------------------------------+-------------------------------------------+---------+---------+----------+----------+-----+-----+-----------------------------------------------+
        |                                                       |                                           |  Latency (cycles) |  Latency (absolute) |  Interval |                    Pipeline                   |
        |                        Instance                       |                   Module                  |   min   |   max   |    min   |    max   | min | max |                      Type                     |
        +-------------------------------------------------------+-------------------------------------------+---------+---------+----------+----------+-----+-----+-----------------------------------------------+
        |grp_backProp_8_8_10_Pipeline_VITIS_LOOP_40_1_fu_864    |backProp_8_8_10_Pipeline_VITIS_LOOP_40_1   |       12|       12|  0.120 us|  0.120 us|   11|   11|  loop auto-rewind stp(delay=0 clock cycles(s))|
        |grp_backProp_8_8_10_Pipeline_VITIS_LOOP_81_12_fu_950   |backProp_8_8_10_Pipeline_VITIS_LOOP_81_12  |       55|       55|  0.550 us|  0.550 us|    9|    9|  loop auto-rewind stp(delay=0 clock cycles(s))|
        |grp_backProp_8_8_10_Pipeline_VITIS_LOOP_81_1_fu_973    |backProp_8_8_10_Pipeline_VITIS_LOOP_81_1   |      407|      407|  4.070 us|  4.070 us|  406|  406|  loop auto-rewind stp(delay=0 clock cycles(s))|
        |grp_backProp_8_8_10_Pipeline_VITIS_LOOP_266_1_fu_1093  |backProp_8_8_10_Pipeline_VITIS_LOOP_266_1  |       14|       14|  0.140 us|  0.140 us|    9|    9|  loop auto-rewind stp(delay=0 clock cycles(s))|
        |grp_backProp_8_8_10_Pipeline_VITIS_LOOP_22_1_fu_1101   |backProp_8_8_10_Pipeline_VITIS_LOOP_22_1   |       15|       15|  0.150 us|  0.150 us|    9|    9|  loop auto-rewind stp(delay=0 clock cycles(s))|
        |grp_backProp_8_8_10_Pipeline_VITIS_LOOP_284_3_fu_1107  |backProp_8_8_10_Pipeline_VITIS_LOOP_284_3  |       43|       43|  0.430 us|  0.430 us|   42|   42|  loop auto-rewind stp(delay=0 clock cycles(s))|
        +-------------------------------------------------------+-------------------------------------------+---------+---------+----------+----------+-----+-----+-----------------------------------------------+

        * Loop: 
        N/A



================================================================
== Utilization Estimates
================================================================
* Summary: 
+-----------------+---------+-----+--------+-------+-----+
|       Name      | BRAM_18K| DSP |   FF   |  LUT  | URAM|
+-----------------+---------+-----+--------+-------+-----+
|DSP              |        -|    -|       -|      -|    -|
|Expression       |        -|    -|       0|      4|    -|
|FIFO             |        -|    -|       -|      -|    -|
|Instance         |        -|    -|   10489|  21510|    -|
|Memory           |        0|    -|     320|     24|    0|
|Multiplexer      |        -|    -|       0|    623|    -|
|Register         |        -|    -|      19|      -|    -|
+-----------------+---------+-----+--------+-------+-----+
|Total            |        0|    0|   10828|  22161|    0|
+-----------------+---------+-----+--------+-------+-----+
|Available        |      432|  360|  141120|  70560|    0|
+-----------------+---------+-----+--------+-------+-----+
|Utilization (%)  |        0|    0|       7|     31|    0|
+-----------------+---------+-----+--------+-------+-----+

+ Detail: 
    * Instance: 
    +-------------------------------------------------------+-------------------------------------------+---------+----+------+-------+-----+
    |                        Instance                       |                   Module                  | BRAM_18K| DSP|  FF  |  LUT  | URAM|
    +-------------------------------------------------------+-------------------------------------------+---------+----+------+-------+-----+
    |grp_backProp_8_8_10_Pipeline_VITIS_LOOP_22_1_fu_1101   |backProp_8_8_10_Pipeline_VITIS_LOOP_22_1   |        0|   0|    88|    175|    0|
    |grp_backProp_8_8_10_Pipeline_VITIS_LOOP_266_1_fu_1093  |backProp_8_8_10_Pipeline_VITIS_LOOP_266_1  |        0|   0|   147|   2265|    0|
    |grp_backProp_8_8_10_Pipeline_VITIS_LOOP_284_3_fu_1107  |backProp_8_8_10_Pipeline_VITIS_LOOP_284_3  |        0|   0|  1048|    370|    0|
    |grp_backProp_8_8_10_Pipeline_VITIS_LOOP_40_1_fu_864    |backProp_8_8_10_Pipeline_VITIS_LOOP_40_1   |        0|   0|  5131|     62|    0|
    |grp_backProp_8_8_10_Pipeline_VITIS_LOOP_81_1_fu_973    |backProp_8_8_10_Pipeline_VITIS_LOOP_81_1   |        0|   0|  2308|   1112|    0|
    |grp_backProp_8_8_10_Pipeline_VITIS_LOOP_81_12_fu_950   |backProp_8_8_10_Pipeline_VITIS_LOOP_81_12  |        0|   0|  1767|  17526|    0|
    +-------------------------------------------------------+-------------------------------------------+---------+----+------+-------+-----+
    |Total                                                  |                                           |        0|   0| 10489|  21510|    0|
    +-------------------------------------------------------+-------------------------------------------+---------+----+------+-------+-----+

    * DSP: 
    N/A

    * Memory: 
    +------------------+------------------------------------------------+---------+-----+----+-----+------+-----+------+-------------+
    |      Memory      |                     Module                     | BRAM_18K|  FF | LUT| URAM| Words| Bits| Banks| W*Bits*Banks|
    +------------------+------------------------------------------------+---------+-----+----+-----+------+-----+------+-------------+
    |d_activation_0_U  |backProp_8_8_10_s_d_activation_0_RAM_AUTO_1R1W  |        0|   64|   8|    0|     8|   64|     1|          512|
    |C_0_U             |forwardPropagation_64_8_s_C_0_RAM_AUTO_1R1W     |        0|  128|   8|    0|     8|   64|     1|          512|
    |net_0_U           |forwardPropagation_64_8_s_net_0_RAM_AUTO_1R1W   |        0|  128|   8|    0|     8|   64|     1|          512|
    +------------------+------------------------------------------------+---------+-----+----+-----+------+-----+------+-------------+
    |Total             |                                                |        0|  320|  24|    0|    24|  192|     3|         1536|
    +------------------+------------------------------------------------+---------+-----+----+-----+------+-----+------+-------------+

    * FIFO: 
    N/A

    * Expression: 
    +---------------------------------+----------+----+---+----+------------+------------+
    |          Variable Name          | Operation| DSP| FF| LUT| Bitwidth P0| Bitwidth P1|
    +---------------------------------+----------+----+---+----+------------+------------+
    |ap_block_state6_on_subcall_done  |        or|   0|  0|   2|           1|           1|
    |ap_block_state8_on_subcall_done  |        or|   0|  0|   2|           1|           1|
    +---------------------------------+----------+----+---+----+------------+------------+
    |Total                            |          |   0|  0|   4|           2|           2|
    +---------------------------------+----------+----+---+----+------------+------------+

    * Multiplexer: 
    +-------------------------+----+-----------+-----+-----------+
    |           Name          | LUT| Input Size| Bits| Total Bits|
    +-------------------------+----+-----------+-----+-----------+
    |C_0_address0             |  14|          3|    3|          9|
    |C_0_address0_local       |  26|          5|    3|         15|
    |C_0_address1             |   9|          2|    3|          6|
    |C_0_address1_local       |  26|          5|    3|         15|
    |C_0_ce0                  |  14|          3|    1|          3|
    |C_0_ce1                  |   9|          2|    1|          2|
    |C_0_d0                   |   9|          2|   64|        128|
    |C_0_we0                  |   9|          2|    1|          2|
    |ap_NS_fsm                |  65|         14|    1|         14|
    |d_activation_0_address0  |  14|          3|    3|          9|
    |d_activation_0_ce0       |  14|          3|    1|          3|
    |d_activation_0_we0       |   9|          2|    1|          2|
    |grp_fu_2564_ce           |  14|          3|    1|          3|
    |grp_fu_2564_opcode       |  14|          3|    2|          6|
    |grp_fu_2564_p0           |  14|          3|   64|        192|
    |grp_fu_2564_p1           |  14|          3|   64|        192|
    |grp_fu_2568_ce           |  20|          4|    1|          4|
    |grp_fu_2568_p0           |  20|          4|   64|        256|
    |grp_fu_2568_p1           |  20|          4|   64|        256|
    |grp_fu_2572_ce           |  14|          3|    1|          3|
    |grp_fu_2572_opcode       |  14|          3|    2|          6|
    |grp_fu_2572_p0           |  14|          3|   64|        192|
    |grp_fu_2572_p1           |  14|          3|   64|        192|
    |grp_fu_2576_ce           |   9|          2|    1|          2|
    |grp_fu_2580_ce           |   9|          2|    1|          2|
    |grp_fu_2584_ce           |   9|          2|    1|          2|
    |grp_fu_2588_ce           |   9|          2|    1|          2|
    |grp_fu_2592_ce           |   9|          2|    1|          2|
    |grp_fu_2596_ce           |   9|          2|    1|          2|
    |grp_fu_2600_ce           |   9|          2|    1|          2|
    |grp_fu_2604_ce           |   9|          2|    1|          2|
    |grp_fu_2608_ce           |   9|          2|    1|          2|
    |grp_fu_2612_ce           |   9|          2|    1|          2|
    |grp_fu_2616_ce           |   9|          2|    1|          2|
    |grp_fu_2620_ce           |   9|          2|    1|          2|
    |grp_fu_2624_ce           |   9|          2|    1|          2|
    |grp_fu_2628_ce           |   9|          2|    1|          2|
    |grp_fu_2632_ce           |   9|          2|    1|          2|
    |net_0_address0           |  14|          3|    3|          9|
    |net_0_address0_local     |  26|          5|    3|         15|
    |net_0_address1_local     |  26|          5|    3|         15|
    |net_0_ce0                |  14|          3|    1|          3|
    |net_0_d0                 |   9|          2|   64|        128|
    |net_0_we0                |   9|          2|    1|          2|
    +-------------------------+----+-----------+-----+-----------+
    |Total                    | 623|        132|  566|       1712|
    +-------------------------+----+-----------+-----+-----------+

    * Register: 
    +--------------------------------------------------------------------+----+----+-----+-----------+
    |                                Name                                | FF | LUT| Bits| Const Bits|
    +--------------------------------------------------------------------+----+----+-----+-----------+
    |ap_CS_fsm                                                           |  13|   0|   13|          0|
    |grp_backProp_8_8_10_Pipeline_VITIS_LOOP_22_1_fu_1101_ap_start_reg   |   1|   0|    1|          0|
    |grp_backProp_8_8_10_Pipeline_VITIS_LOOP_266_1_fu_1093_ap_start_reg  |   1|   0|    1|          0|
    |grp_backProp_8_8_10_Pipeline_VITIS_LOOP_284_3_fu_1107_ap_start_reg  |   1|   0|    1|          0|
    |grp_backProp_8_8_10_Pipeline_VITIS_LOOP_40_1_fu_864_ap_start_reg    |   1|   0|    1|          0|
    |grp_backProp_8_8_10_Pipeline_VITIS_LOOP_81_12_fu_950_ap_start_reg   |   1|   0|    1|          0|
    |grp_backProp_8_8_10_Pipeline_VITIS_LOOP_81_1_fu_973_ap_start_reg    |   1|   0|    1|          0|
    +--------------------------------------------------------------------+----+----+-----+-----------+
    |Total                                                               |  19|   0|   19|          0|
    +--------------------------------------------------------------------+----+----+-----+-----------+



================================================================
== Interface
================================================================
* Summary: 
+-----------------------+-----+------+------------+--------------------+--------------+
|       RTL Ports       | Dir | Bits |  Protocol  |    Source Object   |    C Type    |
+-----------------------+-----+------+------------+--------------------+--------------+
|ap_clk                 |   in|     1|  ap_ctrl_hs|  backProp<8, 8, 10>|  return value|
|ap_rst                 |   in|     1|  ap_ctrl_hs|  backProp<8, 8, 10>|  return value|
|ap_start               |   in|     1|  ap_ctrl_hs|  backProp<8, 8, 10>|  return value|
|ap_done                |  out|     1|  ap_ctrl_hs|  backProp<8, 8, 10>|  return value|
|ap_idle                |  out|     1|  ap_ctrl_hs|  backProp<8, 8, 10>|  return value|
|ap_ready               |  out|     1|  ap_ctrl_hs|  backProp<8, 8, 10>|  return value|
|grp_fu_8493_p_din0     |  out|    64|  ap_ctrl_hs|  backProp<8, 8, 10>|  return value|
|grp_fu_8493_p_din1     |  out|    64|  ap_ctrl_hs|  backProp<8, 8, 10>|  return value|
|grp_fu_8493_p_opcode   |  out|     1|  ap_ctrl_hs|  backProp<8, 8, 10>|  return value|
|grp_fu_8493_p_dout0    |   in|    64|  ap_ctrl_hs|  backProp<8, 8, 10>|  return value|
|grp_fu_8493_p_ce       |  out|     1|  ap_ctrl_hs|  backProp<8, 8, 10>|  return value|
|grp_fu_8581_p_din0     |  out|    64|  ap_ctrl_hs|  backProp<8, 8, 10>|  return value|
|grp_fu_8581_p_din1     |  out|    64|  ap_ctrl_hs|  backProp<8, 8, 10>|  return value|
|grp_fu_8581_p_dout0    |   in|    64|  ap_ctrl_hs|  backProp<8, 8, 10>|  return value|
|grp_fu_8581_p_ce       |  out|     1|  ap_ctrl_hs|  backProp<8, 8, 10>|  return value|
|grp_fu_8485_p_din0     |  out|    64|  ap_ctrl_hs|  backProp<8, 8, 10>|  return value|
|grp_fu_8485_p_din1     |  out|    64|  ap_ctrl_hs|  backProp<8, 8, 10>|  return value|
|grp_fu_8485_p_opcode   |  out|     1|  ap_ctrl_hs|  backProp<8, 8, 10>|  return value|
|grp_fu_8485_p_dout0    |   in|    64|  ap_ctrl_hs|  backProp<8, 8, 10>|  return value|
|grp_fu_8485_p_ce       |  out|     1|  ap_ctrl_hs|  backProp<8, 8, 10>|  return value|
|grp_fu_8497_p_din0     |  out|    64|  ap_ctrl_hs|  backProp<8, 8, 10>|  return value|
|grp_fu_8497_p_din1     |  out|    64|  ap_ctrl_hs|  backProp<8, 8, 10>|  return value|
|grp_fu_8497_p_opcode   |  out|     1|  ap_ctrl_hs|  backProp<8, 8, 10>|  return value|
|grp_fu_8497_p_dout0    |   in|    64|  ap_ctrl_hs|  backProp<8, 8, 10>|  return value|
|grp_fu_8497_p_ce       |  out|     1|  ap_ctrl_hs|  backProp<8, 8, 10>|  return value|
|grp_fu_8501_p_din0     |  out|    64|  ap_ctrl_hs|  backProp<8, 8, 10>|  return value|
|grp_fu_8501_p_din1     |  out|    64|  ap_ctrl_hs|  backProp<8, 8, 10>|  return value|
|grp_fu_8501_p_opcode   |  out|     1|  ap_ctrl_hs|  backProp<8, 8, 10>|  return value|
|grp_fu_8501_p_dout0    |   in|    64|  ap_ctrl_hs|  backProp<8, 8, 10>|  return value|
|grp_fu_8501_p_ce       |  out|     1|  ap_ctrl_hs|  backProp<8, 8, 10>|  return value|
|grp_fu_8505_p_din0     |  out|    64|  ap_ctrl_hs|  backProp<8, 8, 10>|  return value|
|grp_fu_8505_p_din1     |  out|    64|  ap_ctrl_hs|  backProp<8, 8, 10>|  return value|
|grp_fu_8505_p_opcode   |  out|     1|  ap_ctrl_hs|  backProp<8, 8, 10>|  return value|
|grp_fu_8505_p_dout0    |   in|    64|  ap_ctrl_hs|  backProp<8, 8, 10>|  return value|
|grp_fu_8505_p_ce       |  out|     1|  ap_ctrl_hs|  backProp<8, 8, 10>|  return value|
|grp_fu_8509_p_din0     |  out|    64|  ap_ctrl_hs|  backProp<8, 8, 10>|  return value|
|grp_fu_8509_p_din1     |  out|    64|  ap_ctrl_hs|  backProp<8, 8, 10>|  return value|
|grp_fu_8509_p_opcode   |  out|     1|  ap_ctrl_hs|  backProp<8, 8, 10>|  return value|
|grp_fu_8509_p_dout0    |   in|    64|  ap_ctrl_hs|  backProp<8, 8, 10>|  return value|
|grp_fu_8509_p_ce       |  out|     1|  ap_ctrl_hs|  backProp<8, 8, 10>|  return value|
|grp_fu_8513_p_din0     |  out|    64|  ap_ctrl_hs|  backProp<8, 8, 10>|  return value|
|grp_fu_8513_p_din1     |  out|    64|  ap_ctrl_hs|  backProp<8, 8, 10>|  return value|
|grp_fu_8513_p_opcode   |  out|     1|  ap_ctrl_hs|  backProp<8, 8, 10>|  return value|
|grp_fu_8513_p_dout0    |   in|    64|  ap_ctrl_hs|  backProp<8, 8, 10>|  return value|
|grp_fu_8513_p_ce       |  out|     1|  ap_ctrl_hs|  backProp<8, 8, 10>|  return value|
|grp_fu_8517_p_din0     |  out|    64|  ap_ctrl_hs|  backProp<8, 8, 10>|  return value|
|grp_fu_8517_p_din1     |  out|    64|  ap_ctrl_hs|  backProp<8, 8, 10>|  return value|
|grp_fu_8517_p_opcode   |  out|     1|  ap_ctrl_hs|  backProp<8, 8, 10>|  return value|
|grp_fu_8517_p_dout0    |   in|    64|  ap_ctrl_hs|  backProp<8, 8, 10>|  return value|
|grp_fu_8517_p_ce       |  out|     1|  ap_ctrl_hs|  backProp<8, 8, 10>|  return value|
|grp_fu_8585_p_din0     |  out|    64|  ap_ctrl_hs|  backProp<8, 8, 10>|  return value|
|grp_fu_8585_p_din1     |  out|    64|  ap_ctrl_hs|  backProp<8, 8, 10>|  return value|
|grp_fu_8585_p_dout0    |   in|    64|  ap_ctrl_hs|  backProp<8, 8, 10>|  return value|
|grp_fu_8585_p_ce       |  out|     1|  ap_ctrl_hs|  backProp<8, 8, 10>|  return value|
|grp_fu_8589_p_din0     |  out|    64|  ap_ctrl_hs|  backProp<8, 8, 10>|  return value|
|grp_fu_8589_p_din1     |  out|    64|  ap_ctrl_hs|  backProp<8, 8, 10>|  return value|
|grp_fu_8589_p_dout0    |   in|    64|  ap_ctrl_hs|  backProp<8, 8, 10>|  return value|
|grp_fu_8589_p_ce       |  out|     1|  ap_ctrl_hs|  backProp<8, 8, 10>|  return value|
|grp_fu_8593_p_din0     |  out|    64|  ap_ctrl_hs|  backProp<8, 8, 10>|  return value|
|grp_fu_8593_p_din1     |  out|    64|  ap_ctrl_hs|  backProp<8, 8, 10>|  return value|
|grp_fu_8593_p_dout0    |   in|    64|  ap_ctrl_hs|  backProp<8, 8, 10>|  return value|
|grp_fu_8593_p_ce       |  out|     1|  ap_ctrl_hs|  backProp<8, 8, 10>|  return value|
|grp_fu_8597_p_din0     |  out|    64|  ap_ctrl_hs|  backProp<8, 8, 10>|  return value|
|grp_fu_8597_p_din1     |  out|    64|  ap_ctrl_hs|  backProp<8, 8, 10>|  return value|
|grp_fu_8597_p_dout0    |   in|    64|  ap_ctrl_hs|  backProp<8, 8, 10>|  return value|
|grp_fu_8597_p_ce       |  out|     1|  ap_ctrl_hs|  backProp<8, 8, 10>|  return value|
|grp_fu_8601_p_din0     |  out|    64|  ap_ctrl_hs|  backProp<8, 8, 10>|  return value|
|grp_fu_8601_p_din1     |  out|    64|  ap_ctrl_hs|  backProp<8, 8, 10>|  return value|
|grp_fu_8601_p_dout0    |   in|    64|  ap_ctrl_hs|  backProp<8, 8, 10>|  return value|
|grp_fu_8601_p_ce       |  out|     1|  ap_ctrl_hs|  backProp<8, 8, 10>|  return value|
|grp_fu_8605_p_din0     |  out|    64|  ap_ctrl_hs|  backProp<8, 8, 10>|  return value|
|grp_fu_8605_p_din1     |  out|    64|  ap_ctrl_hs|  backProp<8, 8, 10>|  return value|
|grp_fu_8605_p_dout0    |   in|    64|  ap_ctrl_hs|  backProp<8, 8, 10>|  return value|
|grp_fu_8605_p_ce       |  out|     1|  ap_ctrl_hs|  backProp<8, 8, 10>|  return value|
|grp_fu_8609_p_din0     |  out|    64|  ap_ctrl_hs|  backProp<8, 8, 10>|  return value|
|grp_fu_8609_p_din1     |  out|    64|  ap_ctrl_hs|  backProp<8, 8, 10>|  return value|
|grp_fu_8609_p_dout0    |   in|    64|  ap_ctrl_hs|  backProp<8, 8, 10>|  return value|
|grp_fu_8609_p_ce       |  out|     1|  ap_ctrl_hs|  backProp<8, 8, 10>|  return value|
|grp_fu_8489_p_din0     |  out|    64|  ap_ctrl_hs|  backProp<8, 8, 10>|  return value|
|grp_fu_8489_p_din1     |  out|    64|  ap_ctrl_hs|  backProp<8, 8, 10>|  return value|
|grp_fu_8489_p_opcode   |  out|     5|  ap_ctrl_hs|  backProp<8, 8, 10>|  return value|
|grp_fu_8489_p_dout0    |   in|     1|  ap_ctrl_hs|  backProp<8, 8, 10>|  return value|
|grp_fu_8489_p_ce       |  out|     1|  ap_ctrl_hs|  backProp<8, 8, 10>|  return value|
|grp_fu_9001_p_din0     |  out|    32|  ap_ctrl_hs|  backProp<8, 8, 10>|  return value|
|grp_fu_9001_p_dout0    |   in|    64|  ap_ctrl_hs|  backProp<8, 8, 10>|  return value|
|grp_fu_9001_p_ce       |  out|     1|  ap_ctrl_hs|  backProp<8, 8, 10>|  return value|
|agg_result_0_0         |  out|    64|      ap_vld|      agg_result_0_0|       pointer|
|agg_result_0_0_ap_vld  |  out|     1|      ap_vld|      agg_result_0_0|       pointer|
|agg_result_1_0         |  out|    64|      ap_vld|      agg_result_1_0|       pointer|
|agg_result_1_0_ap_vld  |  out|     1|      ap_vld|      agg_result_1_0|       pointer|
|agg_result_2_0         |  out|    64|      ap_vld|      agg_result_2_0|       pointer|
|agg_result_2_0_ap_vld  |  out|     1|      ap_vld|      agg_result_2_0|       pointer|
|agg_result_3_0         |  out|    64|      ap_vld|      agg_result_3_0|       pointer|
|agg_result_3_0_ap_vld  |  out|     1|      ap_vld|      agg_result_3_0|       pointer|
|agg_result_4_0         |  out|    64|      ap_vld|      agg_result_4_0|       pointer|
|agg_result_4_0_ap_vld  |  out|     1|      ap_vld|      agg_result_4_0|       pointer|
|agg_result_5_0         |  out|    64|      ap_vld|      agg_result_5_0|       pointer|
|agg_result_5_0_ap_vld  |  out|     1|      ap_vld|      agg_result_5_0|       pointer|
|agg_result_6_0         |  out|    64|      ap_vld|      agg_result_6_0|       pointer|
|agg_result_6_0_ap_vld  |  out|     1|      ap_vld|      agg_result_6_0|       pointer|
|agg_result_7_0         |  out|    64|      ap_vld|      agg_result_7_0|       pointer|
|agg_result_7_0_ap_vld  |  out|     1|      ap_vld|      agg_result_7_0|       pointer|
|weights_l3_address0    |  out|     4|   ap_memory|          weights_l3|         array|
|weights_l3_ce0         |  out|     1|   ap_memory|          weights_l3|         array|
|weights_l3_q0          |   in|   512|   ap_memory|          weights_l3|         array|
|p_read                 |   in|    64|     ap_none|              p_read|        scalar|
|p_read1                |   in|    64|     ap_none|             p_read1|        scalar|
|p_read2                |   in|    64|     ap_none|             p_read2|        scalar|
|p_read3                |   in|    64|     ap_none|             p_read3|        scalar|
|p_read4                |   in|    64|     ap_none|             p_read4|        scalar|
|p_read5                |   in|    64|     ap_none|             p_read5|        scalar|
|p_read6                |   in|    64|     ap_none|             p_read6|        scalar|
|p_read7                |   in|    64|     ap_none|             p_read7|        scalar|
|p_read8                |   in|    64|     ap_none|             p_read8|        scalar|
|p_read9                |   in|    64|     ap_none|             p_read9|        scalar|
|p_read10               |   in|    64|     ap_none|            p_read10|        scalar|
|p_read11               |   in|    64|     ap_none|            p_read11|        scalar|
|p_read12               |   in|    64|     ap_none|            p_read12|        scalar|
|p_read13               |   in|    64|     ap_none|            p_read13|        scalar|
|p_read14               |   in|    64|     ap_none|            p_read14|        scalar|
|p_read15               |   in|    64|     ap_none|            p_read15|        scalar|
|p_read16               |   in|    64|     ap_none|            p_read16|        scalar|
|p_read17               |   in|    64|     ap_none|            p_read17|        scalar|
|weights_val            |   in|  4096|     ap_none|         weights_val|        scalar|
|biases_val             |   in|   512|     ap_none|          biases_val|        scalar|
+-----------------------+-----+------+------------+--------------------+--------------+

