

================================================================
== Vitis HLS Report for 'backProp_64_64_8_s'
================================================================
* Date:           Fri Mar 21 12:05:04 2025

* Version:        2024.1 (Build 5069499 on May 21 2024)
* Project:        accelerator
* Solution:       hls (Vivado IP Flow Target)
* Product family: zynquplus
* Target device:  xczu3eg-sfvc784-1-e


================================================================
== Performance Estimates
================================================================
+ Timing: 
    * Summary: 
    +--------+----------+----------+------------+
    |  Clock |  Target  | Estimated| Uncertainty|
    +--------+----------+----------+------------+
    |ap_clk  |  10.00 ns|  7.954 ns|     2.00 ns|
    +--------+----------+----------+------------+

+ Latency: 
    * Summary: 
    +---------+---------+----------+----------+-----+-----+---------+
    |  Latency (cycles) |  Latency (absolute) |  Interval | Pipeline|
    |   min   |   max   |    min   |    max   | min | max |   Type  |
    +---------+---------+----------+----------+-----+-----+---------+
    |      750|      750|  7.500 us|  7.500 us|  750|  750|       no|
    +---------+---------+----------+----------+-----+-----+---------+

    + Detail: 
        * Instance: 
        +--------------------------------------------------------+--------------------------------------------+---------+---------+----------+----------+-----+-----+-----------------------------------------------+
        |                                                        |                                            |  Latency (cycles) |  Latency (absolute) |  Interval |                    Pipeline                   |
        |                        Instance                        |                   Module                   |   min   |   max   |    min   |    max   | min | max |                      Type                     |
        +--------------------------------------------------------+--------------------------------------------+---------+---------+----------+----------+-----+-----+-----------------------------------------------+
        |grp_backProp_64_64_8_Pipeline_VITIS_LOOP_40_1_fu_3331   |backProp_64_64_8_Pipeline_VITIS_LOOP_40_1   |       10|       10|  0.100 us|  0.100 us|    9|    9|  loop auto-rewind stp(delay=0 clock cycles(s))|
        |grp_matmul_64ul_64ul_1ul_s_fu_3849                      |matmul_64ul_64ul_1ul_s                      |      425|      425|  4.250 us|  4.250 us|  425|  425|                                             no|
        |grp_matmul_64ul_8ul_1ul_s_fu_3984                       |matmul_64ul_8ul_1ul_s                       |      145|      145|  1.450 us|  1.450 us|  145|  145|                                             no|
        |grp_backProp_64_64_8_Pipeline_VITIS_LOOP_266_1_fu_4518  |backProp_64_64_8_Pipeline_VITIS_LOOP_266_1  |       72|       72|  0.720 us|  0.720 us|   65|   65|  loop auto-rewind stp(delay=0 clock cycles(s))|
        |grp_backProp_64_64_8_Pipeline_VITIS_LOOP_22_1_fu_4526   |backProp_64_64_8_Pipeline_VITIS_LOOP_22_1   |       72|       72|  0.720 us|  0.720 us|   65|   65|  loop auto-rewind stp(delay=0 clock cycles(s))|
        |grp_backProp_64_64_8_Pipeline_VITIS_LOOP_284_3_fu_4532  |backProp_64_64_8_Pipeline_VITIS_LOOP_284_3  |       71|       71|  0.710 us|  0.710 us|   65|   65|  loop auto-rewind stp(delay=0 clock cycles(s))|
        +--------------------------------------------------------+--------------------------------------------+---------+---------+----------+----------+-----+-----+-----------------------------------------------+

        * Loop: 
        N/A



================================================================
== Utilization Estimates
================================================================
* Summary: 
+-----------------+---------+-----+--------+-------+-----+
|       Name      | BRAM_18K| DSP |   FF   |  LUT  | URAM|
+-----------------+---------+-----+--------+-------+-----+
|DSP              |        -|    -|       -|      -|    -|
|Expression       |        -|    -|       0|      4|    -|
|FIFO             |        -|    -|       -|      -|    -|
|Instance         |        -|  896|   97455|  71707|    -|
|Memory           |       10|    -|       0|      0|    0|
|Multiplexer      |        -|    -|       0|    912|    -|
|Register         |        -|    -|      44|      -|    -|
+-----------------+---------+-----+--------+-------+-----+
|Total            |       10|  896|   97499|  72623|    0|
+-----------------+---------+-----+--------+-------+-----+
|Available        |      432|  360|  141120|  70560|    0|
+-----------------+---------+-----+--------+-------+-----+
|Utilization (%)  |        2|  248|      69|    102|    0|
+-----------------+---------+-----+--------+-------+-----+

+ Detail: 
    * Instance: 
    +--------------------------------------------------------+--------------------------------------------+---------+-----+-------+-------+-----+
    |                        Instance                        |                   Module                   | BRAM_18K| DSP |   FF  |  LUT  | URAM|
    +--------------------------------------------------------+--------------------------------------------+---------+-----+-------+-------+-----+
    |grp_backProp_64_64_8_Pipeline_VITIS_LOOP_22_1_fu_4526   |backProp_64_64_8_Pipeline_VITIS_LOOP_22_1   |        0|    0|    160|    180|    0|
    |grp_backProp_64_64_8_Pipeline_VITIS_LOOP_266_1_fu_4518  |backProp_64_64_8_Pipeline_VITIS_LOOP_266_1  |        0|    0|    349|   2270|    0|
    |grp_backProp_64_64_8_Pipeline_VITIS_LOOP_284_3_fu_4532  |backProp_64_64_8_Pipeline_VITIS_LOOP_284_3  |        0|    0|     90|     99|    0|
    |grp_backProp_64_64_8_Pipeline_VITIS_LOOP_40_1_fu_3331   |backProp_64_64_8_Pipeline_VITIS_LOOP_40_1   |        0|    0|  32778|     62|    0|
    |grp_matmul_64ul_64ul_1ul_s_fu_3849                      |matmul_64ul_64ul_1ul_s                      |        0|  896|  61823|  65928|    0|
    |grp_matmul_64ul_8ul_1ul_s_fu_3984                       |matmul_64ul_8ul_1ul_s                       |        0|    0|   2255|   3168|    0|
    +--------------------------------------------------------+--------------------------------------------+---------+-----+-------+-------+-----+
    |Total                                                   |                                            |        0|  896|  97455|  71707|    0|
    +--------------------------------------------------------+--------------------------------------------+---------+-----+-------+-------+-----+

    * DSP: 
    N/A

    * Memory: 
    +------------------+-------------------------------------------------+---------+---+----+-----+------+-----+------+-------------+
    |      Memory      |                      Module                     | BRAM_18K| FF| LUT| URAM| Words| Bits| Banks| W*Bits*Banks|
    +------------------+-------------------------------------------------+---------+---+----+-----+------+-----+------+-------------+
    |d_activation_0_U  |backProp_64_64_8_s_d_activation_0_RAM_AUTO_1R1W  |        2|  0|   0|    0|    64|   64|     1|         4096|
    |mid_0_U           |backProp_64_64_8_s_mid_0_RAM_AUTO_1R1W           |        4|  0|   0|    0|    64|   64|     1|         4096|
    |net_0_U           |forwardPropagation_64_64_s_net_0_RAM_AUTO_1R1W   |        4|  0|   0|    0|    64|   64|     1|         4096|
    +------------------+-------------------------------------------------+---------+---+----+-----+------+-----+------+-------------+
    |Total             |                                                 |       10|  0|   0|    0|   192|  192|     3|        12288|
    +------------------+-------------------------------------------------+---------+---+----+-----+------+-----+------+-------------+

    * FIFO: 
    N/A

    * Expression: 
    +----------------------------------+----------+----+---+----+------------+------------+
    |           Variable Name          | Operation| DSP| FF| LUT| Bitwidth P0| Bitwidth P1|
    +----------------------------------+----------+----+---+----+------------+------------+
    |ap_block_state32_on_subcall_done  |        or|   0|  0|   2|           1|           1|
    |ap_block_state34_on_subcall_done  |        or|   0|  0|   2|           1|           1|
    +----------------------------------+----------+----+---+----+------------+------------+
    |Total                             |          |   0|  0|   4|           2|           2|
    +----------------------------------+----------+----+---+----+------------+------------+

    * Multiplexer: 
    +-------------------------+-----+-----------+-----+-----------+
    |           Name          | LUT | Input Size| Bits| Total Bits|
    +-------------------------+-----+-----------+-----+-----------+
    |agg_result_0_address0    |   14|          3|    6|         18|
    |agg_result_0_address1    |   14|          3|    6|         18|
    |agg_result_0_ce0         |   14|          3|    1|          3|
    |agg_result_0_ce1         |   14|          3|    1|          3|
    |agg_result_0_d0          |   14|          3|   64|        192|
    |agg_result_0_we0         |   14|          3|    1|          3|
    |agg_result_0_we1         |    9|          2|    1|          2|
    |ap_NS_fsm                |  173|         39|    1|         39|
    |d_activation_0_address0  |   14|          3|    6|         18|
    |d_activation_0_ce0       |   14|          3|    1|          3|
    |d_activation_0_we0       |    9|          2|    1|          2|
    |grp_fu_11560_ce          |    9|          2|    1|          2|
    |grp_fu_11564_ce          |    9|          2|    1|          2|
    |grp_fu_11568_ce          |    9|          2|    1|          2|
    |grp_fu_11572_ce          |    9|          2|    1|          2|
    |grp_fu_11576_ce          |    9|          2|    1|          2|
    |grp_fu_11580_ce          |    9|          2|    1|          2|
    |grp_fu_11584_ce          |    9|          2|    1|          2|
    |grp_fu_11588_ce          |    9|          2|    1|          2|
    |grp_fu_11592_ce          |   14|          3|    1|          3|
    |grp_fu_11592_p0          |   14|          3|   64|        192|
    |grp_fu_11592_p1          |   14|          3|   64|        192|
    |grp_fu_11596_ce          |    9|          2|    1|          2|
    |grp_fu_11600_ce          |    9|          2|    1|          2|
    |grp_fu_11604_ce          |    9|          2|    1|          2|
    |grp_fu_11608_ce          |    9|          2|    1|          2|
    |grp_fu_11612_ce          |    9|          2|    1|          2|
    |grp_fu_11616_ce          |    9|          2|    1|          2|
    |grp_fu_11620_ce          |    9|          2|    1|          2|
    |grp_fu_11624_ce          |    9|          2|    1|          2|
    |grp_fu_11628_ce          |    9|          2|    1|          2|
    |grp_fu_11632_ce          |    9|          2|    1|          2|
    |mid_0_address0           |   14|          3|    6|         18|
    |mid_0_ce0                |   14|          3|    1|          3|
    |mid_0_ce1                |    9|          2|    1|          2|
    |mid_0_we0                |    9|          2|    1|          2|
    |mid_0_we1                |    9|          2|    1|          2|
    |net_0_address0           |   14|          3|    6|         18|
    |net_0_address0_local     |  152|         33|    6|        198|
    |net_0_address1_local     |  152|         33|    6|        198|
    |net_0_ce0                |   14|          3|    1|          3|
    |net_0_d0                 |    9|          2|   64|        128|
    |net_0_we0                |    9|          2|    1|          2|
    +-------------------------+-----+-----------+-----+-----------+
    |Total                    |  912|        200|  330|       1298|
    +-------------------------+-----+-----------+-----+-----------+

    * Register: 
    +---------------------------------------------------------------------+----+----+-----+-----------+
    |                                 Name                                | FF | LUT| Bits| Const Bits|
    +---------------------------------------------------------------------+----+----+-----+-----------+
    |ap_CS_fsm                                                            |  38|   0|   38|          0|
    |grp_backProp_64_64_8_Pipeline_VITIS_LOOP_22_1_fu_4526_ap_start_reg   |   1|   0|    1|          0|
    |grp_backProp_64_64_8_Pipeline_VITIS_LOOP_266_1_fu_4518_ap_start_reg  |   1|   0|    1|          0|
    |grp_backProp_64_64_8_Pipeline_VITIS_LOOP_284_3_fu_4532_ap_start_reg  |   1|   0|    1|          0|
    |grp_backProp_64_64_8_Pipeline_VITIS_LOOP_40_1_fu_3331_ap_start_reg   |   1|   0|    1|          0|
    |grp_matmul_64ul_64ul_1ul_s_fu_3849_ap_start_reg                      |   1|   0|    1|          0|
    |grp_matmul_64ul_8ul_1ul_s_fu_3984_ap_start_reg                       |   1|   0|    1|          0|
    +---------------------------------------------------------------------+----+----+-----+-----------+
    |Total                                                                |  44|   0|   44|          0|
    +---------------------------------------------------------------------+----+----+-----+-----------+



================================================================
== Interface
================================================================
* Summary: 
+-----------------------+-----+------+------------+---------------------+--------------+
|       RTL Ports       | Dir | Bits |  Protocol  |    Source Object    |    C Type    |
+-----------------------+-----+------+------------+---------------------+--------------+
|ap_clk                 |   in|     1|  ap_ctrl_hs|  backProp<64, 64, 8>|  return value|
|ap_rst                 |   in|     1|  ap_ctrl_hs|  backProp<64, 64, 8>|  return value|
|ap_start               |   in|     1|  ap_ctrl_hs|  backProp<64, 64, 8>|  return value|
|ap_done                |  out|     1|  ap_ctrl_hs|  backProp<64, 64, 8>|  return value|
|ap_idle                |  out|     1|  ap_ctrl_hs|  backProp<64, 64, 8>|  return value|
|ap_ready               |  out|     1|  ap_ctrl_hs|  backProp<64, 64, 8>|  return value|
|grp_fu_8497_p_din0     |  out|    64|  ap_ctrl_hs|  backProp<64, 64, 8>|  return value|
|grp_fu_8497_p_din1     |  out|    64|  ap_ctrl_hs|  backProp<64, 64, 8>|  return value|
|grp_fu_8497_p_opcode   |  out|     1|  ap_ctrl_hs|  backProp<64, 64, 8>|  return value|
|grp_fu_8497_p_dout0    |   in|    64|  ap_ctrl_hs|  backProp<64, 64, 8>|  return value|
|grp_fu_8497_p_ce       |  out|     1|  ap_ctrl_hs|  backProp<64, 64, 8>|  return value|
|grp_fu_8501_p_din0     |  out|    64|  ap_ctrl_hs|  backProp<64, 64, 8>|  return value|
|grp_fu_8501_p_din1     |  out|    64|  ap_ctrl_hs|  backProp<64, 64, 8>|  return value|
|grp_fu_8501_p_opcode   |  out|     1|  ap_ctrl_hs|  backProp<64, 64, 8>|  return value|
|grp_fu_8501_p_dout0    |   in|    64|  ap_ctrl_hs|  backProp<64, 64, 8>|  return value|
|grp_fu_8501_p_ce       |  out|     1|  ap_ctrl_hs|  backProp<64, 64, 8>|  return value|
|grp_fu_8505_p_din0     |  out|    64|  ap_ctrl_hs|  backProp<64, 64, 8>|  return value|
|grp_fu_8505_p_din1     |  out|    64|  ap_ctrl_hs|  backProp<64, 64, 8>|  return value|
|grp_fu_8505_p_opcode   |  out|     1|  ap_ctrl_hs|  backProp<64, 64, 8>|  return value|
|grp_fu_8505_p_dout0    |   in|    64|  ap_ctrl_hs|  backProp<64, 64, 8>|  return value|
|grp_fu_8505_p_ce       |  out|     1|  ap_ctrl_hs|  backProp<64, 64, 8>|  return value|
|grp_fu_8509_p_din0     |  out|    64|  ap_ctrl_hs|  backProp<64, 64, 8>|  return value|
|grp_fu_8509_p_din1     |  out|    64|  ap_ctrl_hs|  backProp<64, 64, 8>|  return value|
|grp_fu_8509_p_opcode   |  out|     1|  ap_ctrl_hs|  backProp<64, 64, 8>|  return value|
|grp_fu_8509_p_dout0    |   in|    64|  ap_ctrl_hs|  backProp<64, 64, 8>|  return value|
|grp_fu_8509_p_ce       |  out|     1|  ap_ctrl_hs|  backProp<64, 64, 8>|  return value|
|grp_fu_8513_p_din0     |  out|    64|  ap_ctrl_hs|  backProp<64, 64, 8>|  return value|
|grp_fu_8513_p_din1     |  out|    64|  ap_ctrl_hs|  backProp<64, 64, 8>|  return value|
|grp_fu_8513_p_opcode   |  out|     1|  ap_ctrl_hs|  backProp<64, 64, 8>|  return value|
|grp_fu_8513_p_dout0    |   in|    64|  ap_ctrl_hs|  backProp<64, 64, 8>|  return value|
|grp_fu_8513_p_ce       |  out|     1|  ap_ctrl_hs|  backProp<64, 64, 8>|  return value|
|grp_fu_8517_p_din0     |  out|    64|  ap_ctrl_hs|  backProp<64, 64, 8>|  return value|
|grp_fu_8517_p_din1     |  out|    64|  ap_ctrl_hs|  backProp<64, 64, 8>|  return value|
|grp_fu_8517_p_opcode   |  out|     1|  ap_ctrl_hs|  backProp<64, 64, 8>|  return value|
|grp_fu_8517_p_dout0    |   in|    64|  ap_ctrl_hs|  backProp<64, 64, 8>|  return value|
|grp_fu_8517_p_ce       |  out|     1|  ap_ctrl_hs|  backProp<64, 64, 8>|  return value|
|grp_fu_8521_p_din0     |  out|    64|  ap_ctrl_hs|  backProp<64, 64, 8>|  return value|
|grp_fu_8521_p_din1     |  out|    64|  ap_ctrl_hs|  backProp<64, 64, 8>|  return value|
|grp_fu_8521_p_opcode   |  out|     1|  ap_ctrl_hs|  backProp<64, 64, 8>|  return value|
|grp_fu_8521_p_dout0    |   in|    64|  ap_ctrl_hs|  backProp<64, 64, 8>|  return value|
|grp_fu_8521_p_ce       |  out|     1|  ap_ctrl_hs|  backProp<64, 64, 8>|  return value|
|grp_fu_8525_p_din0     |  out|    64|  ap_ctrl_hs|  backProp<64, 64, 8>|  return value|
|grp_fu_8525_p_din1     |  out|    64|  ap_ctrl_hs|  backProp<64, 64, 8>|  return value|
|grp_fu_8525_p_opcode   |  out|     1|  ap_ctrl_hs|  backProp<64, 64, 8>|  return value|
|grp_fu_8525_p_dout0    |   in|    64|  ap_ctrl_hs|  backProp<64, 64, 8>|  return value|
|grp_fu_8525_p_ce       |  out|     1|  ap_ctrl_hs|  backProp<64, 64, 8>|  return value|
|grp_fu_8585_p_din0     |  out|    64|  ap_ctrl_hs|  backProp<64, 64, 8>|  return value|
|grp_fu_8585_p_din1     |  out|    64|  ap_ctrl_hs|  backProp<64, 64, 8>|  return value|
|grp_fu_8585_p_dout0    |   in|    64|  ap_ctrl_hs|  backProp<64, 64, 8>|  return value|
|grp_fu_8585_p_ce       |  out|     1|  ap_ctrl_hs|  backProp<64, 64, 8>|  return value|
|grp_fu_8589_p_din0     |  out|    64|  ap_ctrl_hs|  backProp<64, 64, 8>|  return value|
|grp_fu_8589_p_din1     |  out|    64|  ap_ctrl_hs|  backProp<64, 64, 8>|  return value|
|grp_fu_8589_p_dout0    |   in|    64|  ap_ctrl_hs|  backProp<64, 64, 8>|  return value|
|grp_fu_8589_p_ce       |  out|     1|  ap_ctrl_hs|  backProp<64, 64, 8>|  return value|
|grp_fu_8593_p_din0     |  out|    64|  ap_ctrl_hs|  backProp<64, 64, 8>|  return value|
|grp_fu_8593_p_din1     |  out|    64|  ap_ctrl_hs|  backProp<64, 64, 8>|  return value|
|grp_fu_8593_p_dout0    |   in|    64|  ap_ctrl_hs|  backProp<64, 64, 8>|  return value|
|grp_fu_8593_p_ce       |  out|     1|  ap_ctrl_hs|  backProp<64, 64, 8>|  return value|
|grp_fu_8597_p_din0     |  out|    64|  ap_ctrl_hs|  backProp<64, 64, 8>|  return value|
|grp_fu_8597_p_din1     |  out|    64|  ap_ctrl_hs|  backProp<64, 64, 8>|  return value|
|grp_fu_8597_p_dout0    |   in|    64|  ap_ctrl_hs|  backProp<64, 64, 8>|  return value|
|grp_fu_8597_p_ce       |  out|     1|  ap_ctrl_hs|  backProp<64, 64, 8>|  return value|
|grp_fu_8601_p_din0     |  out|    64|  ap_ctrl_hs|  backProp<64, 64, 8>|  return value|
|grp_fu_8601_p_din1     |  out|    64|  ap_ctrl_hs|  backProp<64, 64, 8>|  return value|
|grp_fu_8601_p_dout0    |   in|    64|  ap_ctrl_hs|  backProp<64, 64, 8>|  return value|
|grp_fu_8601_p_ce       |  out|     1|  ap_ctrl_hs|  backProp<64, 64, 8>|  return value|
|grp_fu_8605_p_din0     |  out|    64|  ap_ctrl_hs|  backProp<64, 64, 8>|  return value|
|grp_fu_8605_p_din1     |  out|    64|  ap_ctrl_hs|  backProp<64, 64, 8>|  return value|
|grp_fu_8605_p_dout0    |   in|    64|  ap_ctrl_hs|  backProp<64, 64, 8>|  return value|
|grp_fu_8605_p_ce       |  out|     1|  ap_ctrl_hs|  backProp<64, 64, 8>|  return value|
|grp_fu_8609_p_din0     |  out|    64|  ap_ctrl_hs|  backProp<64, 64, 8>|  return value|
|grp_fu_8609_p_din1     |  out|    64|  ap_ctrl_hs|  backProp<64, 64, 8>|  return value|
|grp_fu_8609_p_dout0    |   in|    64|  ap_ctrl_hs|  backProp<64, 64, 8>|  return value|
|grp_fu_8609_p_ce       |  out|     1|  ap_ctrl_hs|  backProp<64, 64, 8>|  return value|
|grp_fu_8613_p_din0     |  out|    64|  ap_ctrl_hs|  backProp<64, 64, 8>|  return value|
|grp_fu_8613_p_din1     |  out|    64|  ap_ctrl_hs|  backProp<64, 64, 8>|  return value|
|grp_fu_8613_p_dout0    |   in|    64|  ap_ctrl_hs|  backProp<64, 64, 8>|  return value|
|grp_fu_8613_p_ce       |  out|     1|  ap_ctrl_hs|  backProp<64, 64, 8>|  return value|
|grp_fu_8493_p_din0     |  out|    64|  ap_ctrl_hs|  backProp<64, 64, 8>|  return value|
|grp_fu_8493_p_din1     |  out|    64|  ap_ctrl_hs|  backProp<64, 64, 8>|  return value|
|grp_fu_8493_p_opcode   |  out|     1|  ap_ctrl_hs|  backProp<64, 64, 8>|  return value|
|grp_fu_8493_p_dout0    |   in|    64|  ap_ctrl_hs|  backProp<64, 64, 8>|  return value|
|grp_fu_8493_p_ce       |  out|     1|  ap_ctrl_hs|  backProp<64, 64, 8>|  return value|
|grp_fu_8489_p_din0     |  out|    64|  ap_ctrl_hs|  backProp<64, 64, 8>|  return value|
|grp_fu_8489_p_din1     |  out|    64|  ap_ctrl_hs|  backProp<64, 64, 8>|  return value|
|grp_fu_8489_p_opcode   |  out|     5|  ap_ctrl_hs|  backProp<64, 64, 8>|  return value|
|grp_fu_8489_p_dout0    |   in|     1|  ap_ctrl_hs|  backProp<64, 64, 8>|  return value|
|grp_fu_8489_p_ce       |  out|     1|  ap_ctrl_hs|  backProp<64, 64, 8>|  return value|
|grp_fu_9001_p_din0     |  out|    32|  ap_ctrl_hs|  backProp<64, 64, 8>|  return value|
|grp_fu_9001_p_dout0    |   in|    64|  ap_ctrl_hs|  backProp<64, 64, 8>|  return value|
|grp_fu_9001_p_ce       |  out|     1|  ap_ctrl_hs|  backProp<64, 64, 8>|  return value|
|agg_result_0_address0  |  out|     6|   ap_memory|         agg_result_0|         array|
|agg_result_0_ce0       |  out|     1|   ap_memory|         agg_result_0|         array|
|agg_result_0_we0       |  out|     1|   ap_memory|         agg_result_0|         array|
|agg_result_0_d0        |  out|    64|   ap_memory|         agg_result_0|         array|
|agg_result_0_address1  |  out|     6|   ap_memory|         agg_result_0|         array|
|agg_result_0_ce1       |  out|     1|   ap_memory|         agg_result_0|         array|
|agg_result_0_we1       |  out|     1|   ap_memory|         agg_result_0|         array|
|agg_result_0_d1        |  out|    64|   ap_memory|         agg_result_0|         array|
|agg_result_0_q1        |   in|    64|   ap_memory|         agg_result_0|         array|
|weights_l1_address0    |  out|     3|   ap_memory|           weights_l1|         array|
|weights_l1_ce0         |  out|     1|   ap_memory|           weights_l1|         array|
|weights_l1_q0          |   in|  4096|   ap_memory|           weights_l1|         array|
|p_read                 |   in|    64|     ap_none|               p_read|        scalar|
|p_read1                |   in|    64|     ap_none|              p_read1|        scalar|
|p_read2                |   in|    64|     ap_none|              p_read2|        scalar|
|p_read3                |   in|    64|     ap_none|              p_read3|        scalar|
|p_read4                |   in|    64|     ap_none|              p_read4|        scalar|
|p_read5                |   in|    64|     ap_none|              p_read5|        scalar|
|p_read6                |   in|    64|     ap_none|              p_read6|        scalar|
|p_read7                |   in|    64|     ap_none|              p_read7|        scalar|
|p_read8                |   in|    64|     ap_none|              p_read8|        scalar|
|p_read9                |   in|    64|     ap_none|              p_read9|        scalar|
|p_read10               |   in|    64|     ap_none|             p_read10|        scalar|
|p_read11               |   in|    64|     ap_none|             p_read11|        scalar|
|p_read12               |   in|    64|     ap_none|             p_read12|        scalar|
|p_read13               |   in|    64|     ap_none|             p_read13|        scalar|
|p_read14               |   in|    64|     ap_none|             p_read14|        scalar|
|p_read15               |   in|    64|     ap_none|             p_read15|        scalar|
|p_read16               |   in|    64|     ap_none|             p_read16|        scalar|
|p_read17               |   in|    64|     ap_none|             p_read17|        scalar|
|p_read18               |   in|    64|     ap_none|             p_read18|        scalar|
|p_read19               |   in|    64|     ap_none|             p_read19|        scalar|
|p_read20               |   in|    64|     ap_none|             p_read20|        scalar|
|p_read21               |   in|    64|     ap_none|             p_read21|        scalar|
|p_read22               |   in|    64|     ap_none|             p_read22|        scalar|
|p_read23               |   in|    64|     ap_none|             p_read23|        scalar|
|p_read24               |   in|    64|     ap_none|             p_read24|        scalar|
|p_read25               |   in|    64|     ap_none|             p_read25|        scalar|
|p_read26               |   in|    64|     ap_none|             p_read26|        scalar|
|p_read27               |   in|    64|     ap_none|             p_read27|        scalar|
|p_read28               |   in|    64|     ap_none|             p_read28|        scalar|
|p_read29               |   in|    64|     ap_none|             p_read29|        scalar|
|p_read30               |   in|    64|     ap_none|             p_read30|        scalar|
|p_read31               |   in|    64|     ap_none|             p_read31|        scalar|
|p_read32               |   in|    64|     ap_none|             p_read32|        scalar|
|p_read33               |   in|    64|     ap_none|             p_read33|        scalar|
|p_read34               |   in|    64|     ap_none|             p_read34|        scalar|
|p_read35               |   in|    64|     ap_none|             p_read35|        scalar|
|p_read36               |   in|    64|     ap_none|             p_read36|        scalar|
|p_read37               |   in|    64|     ap_none|             p_read37|        scalar|
|p_read38               |   in|    64|     ap_none|             p_read38|        scalar|
|p_read39               |   in|    64|     ap_none|             p_read39|        scalar|
|p_read40               |   in|    64|     ap_none|             p_read40|        scalar|
|p_read41               |   in|    64|     ap_none|             p_read41|        scalar|
|p_read42               |   in|    64|     ap_none|             p_read42|        scalar|
|p_read43               |   in|    64|     ap_none|             p_read43|        scalar|
|p_read44               |   in|    64|     ap_none|             p_read44|        scalar|
|p_read45               |   in|    64|     ap_none|             p_read45|        scalar|
|p_read46               |   in|    64|     ap_none|             p_read46|        scalar|
|p_read47               |   in|    64|     ap_none|             p_read47|        scalar|
|p_read48               |   in|    64|     ap_none|             p_read48|        scalar|
|p_read49               |   in|    64|     ap_none|             p_read49|        scalar|
|p_read50               |   in|    64|     ap_none|             p_read50|        scalar|
|p_read51               |   in|    64|     ap_none|             p_read51|        scalar|
|p_read52               |   in|    64|     ap_none|             p_read52|        scalar|
|p_read53               |   in|    64|     ap_none|             p_read53|        scalar|
|p_read54               |   in|    64|     ap_none|             p_read54|        scalar|
|p_read55               |   in|    64|     ap_none|             p_read55|        scalar|
|p_read56               |   in|    64|     ap_none|             p_read56|        scalar|
|p_read57               |   in|    64|     ap_none|             p_read57|        scalar|
|p_read58               |   in|    64|     ap_none|             p_read58|        scalar|
|p_read59               |   in|    64|     ap_none|             p_read59|        scalar|
|p_read60               |   in|    64|     ap_none|             p_read60|        scalar|
|p_read61               |   in|    64|     ap_none|             p_read61|        scalar|
|p_read62               |   in|    64|     ap_none|             p_read62|        scalar|
|p_read63               |   in|    64|     ap_none|             p_read63|        scalar|
|p_read64               |   in|    64|     ap_none|             p_read64|        scalar|
|p_read65               |   in|    64|     ap_none|             p_read65|        scalar|
|p_read66               |   in|    64|     ap_none|             p_read66|        scalar|
|p_read67               |   in|    64|     ap_none|             p_read67|        scalar|
|p_read68               |   in|    64|     ap_none|             p_read68|        scalar|
|p_read69               |   in|    64|     ap_none|             p_read69|        scalar|
|p_read70               |   in|    64|     ap_none|             p_read70|        scalar|
|p_read71               |   in|    64|     ap_none|             p_read71|        scalar|
|weights_l0_address0    |  out|     6|   ap_memory|           weights_l0|         array|
|weights_l0_ce0         |  out|     1|   ap_memory|           weights_l0|         array|
|weights_l0_q0          |   in|  4096|   ap_memory|           weights_l0|         array|
|biases_val             |   in|  4096|     ap_none|           biases_val|        scalar|
+-----------------------+-----+------+------------+---------------------+--------------+

