

================================================================
== Vitis HLS Report for 'forwardPropagation_8_10_s'
================================================================
* Date:           Fri Mar 21 12:04:43 2025

* Version:        2024.1 (Build 5069499 on May 21 2024)
* Project:        accelerator
* Solution:       hls (Vivado IP Flow Target)
* Product family: zynquplus
* Target device:  xczu3eg-sfvc784-1-e


================================================================
== Performance Estimates
================================================================
+ Timing: 
    * Summary: 
    +--------+----------+----------+------------+
    |  Clock |  Target  | Estimated| Uncertainty|
    +--------+----------+----------+------------+
    |ap_clk  |  10.00 ns|  7.954 ns|     2.00 ns|
    +--------+----------+----------+------------+

+ Latency: 
    * Summary: 
    +---------+---------+-----------+-----------+------+------+---------+
    |  Latency (cycles) |   Latency (absolute)  |   Interval  | Pipeline|
    |   min   |   max   |    min    |    max    |  min |  max |   Type  |
    +---------+---------+-----------+-----------+------+------+---------+
    |     2103|     2103|  21.030 us|  21.030 us|  2103|  2103|       no|
    +---------+---------+-----------+-----------+------+------+---------+

    + Detail: 
        * Instance: 
        +--------------------------------------------------------------+---------------------------------------------------+---------+---------+----------+----------+-----+-----+-----------------------------------------------+
        |                                                              |                                                   |  Latency (cycles) |  Latency (absolute) |  Interval |                    Pipeline                   |
        |                           Instance                           |                       Module                      |   min   |   max   |    min   |    max   | min | max |                      Type                     |
        +--------------------------------------------------------------+---------------------------------------------------+---------+---------+----------+----------+-----+-----+-----------------------------------------------+
        |grp_forwardPropagation_8_10_Pipeline_VITIS_LOOP_81_1_fu_633   |forwardPropagation_8_10_Pipeline_VITIS_LOOP_81_1   |       57|       57|  0.570 us|  0.570 us|   11|   11|  loop auto-rewind stp(delay=0 clock cycles(s))|
        |grp_forwardPropagation_8_10_Pipeline_VITIS_LOOP_161_1_fu_656  |forwardPropagation_8_10_Pipeline_VITIS_LOOP_161_1  |       16|       16|  0.160 us|  0.160 us|   11|   11|  loop auto-rewind stp(delay=0 clock cycles(s))|
        |grp_forwardPropagation_8_10_Pipeline_VITIS_LOOP_180_4_fu_664  |forwardPropagation_8_10_Pipeline_VITIS_LOOP_180_4  |       62|       62|  0.620 us|  0.620 us|   61|   61|  loop auto-rewind stp(delay=0 clock cycles(s))|
        |grp_softmax_10_s_fu_680                                       |softmax_10_s                                       |      128|      128|  1.280 us|  1.280 us|  128|  128|                                             no|
        +--------------------------------------------------------------+---------------------------------------------------+---------+---------+----------+----------+-----+-----+-----------------------------------------------+

        * Loop: 
        +--------------------+---------+---------+----------+-----------+-----------+------+----------+
        |                    |  Latency (cycles) | Iteration|  Initiation Interval  | Trip |          |
        |      Loop Name     |   min   |   max   |  Latency |  achieved |   target  | Count| Pipelined|
        +--------------------+---------+---------+----------+-----------+-----------+------+----------+
        |- VITIS_LOOP_177_3  |     2010|     2010|       201|          -|          -|    10|        no|
        +--------------------+---------+---------+----------+-----------+-----------+------+----------+



================================================================
== Utilization Estimates
================================================================
* Summary: 
+-----------------+---------+-----+--------+-------+-----+
|       Name      | BRAM_18K| DSP |   FF   |  LUT  | URAM|
+-----------------+---------+-----+--------+-------+-----+
|DSP              |        -|    -|       -|      -|    -|
|Expression       |        -|    -|       0|     24|    -|
|FIFO             |        -|    -|       -|      -|    -|
|Instance         |        -|   26|    3841|   6358|    -|
|Memory           |        0|    -|     768|     60|    0|
|Multiplexer      |        -|    -|       0|   1060|    -|
|Register         |        -|    -|     687|      -|    -|
+-----------------+---------+-----+--------+-------+-----+
|Total            |        0|   26|    5296|   7502|    0|
+-----------------+---------+-----+--------+-------+-----+
|Available        |      432|  360|  141120|  70560|    0|
+-----------------+---------+-----+--------+-------+-----+
|Utilization (%)  |        0|    7|       3|     10|    0|
+-----------------+---------+-----+--------+-------+-----+

+ Detail: 
    * Instance: 
    +--------------------------------------------------------------+---------------------------------------------------+---------+----+------+------+-----+
    |                           Instance                           |                       Module                      | BRAM_18K| DSP|  FF  |  LUT | URAM|
    +--------------------------------------------------------------+---------------------------------------------------+---------+----+------+------+-----+
    |grp_forwardPropagation_8_10_Pipeline_VITIS_LOOP_161_1_fu_656  |forwardPropagation_8_10_Pipeline_VITIS_LOOP_161_1  |        0|   0|   147|  2265|    0|
    |grp_forwardPropagation_8_10_Pipeline_VITIS_LOOP_180_4_fu_664  |forwardPropagation_8_10_Pipeline_VITIS_LOOP_180_4  |        0|   0|    22|   247|    0|
    |grp_forwardPropagation_8_10_Pipeline_VITIS_LOOP_81_1_fu_633   |forwardPropagation_8_10_Pipeline_VITIS_LOOP_81_1   |        0|   0|  1573|   318|    0|
    |grp_softmax_10_s_fu_680                                       |softmax_10_s                                       |        0|  26|  2099|  3528|    0|
    +--------------------------------------------------------------+---------------------------------------------------+---------+----+------+------+-----+
    |Total                                                         |                                                   |        0|  26|  3841|  6358|    0|
    +--------------------------------------------------------------+---------------------------------------------------+---------+----+------+------+-----+

    * DSP: 
    N/A

    * Memory: 
    +--------------------+-------------------------------------------------------+---------+-----+----+-----+------+-----+------+-------------+
    |       Memory       |                         Module                        | BRAM_18K|  FF | LUT| URAM| Words| Bits| Banks| W*Bits*Banks|
    +--------------------+-------------------------------------------------------+---------+-----+----+-----+------+-----+------+-------------+
    |softmax_input_U     |forwardPropagation_8_10_s_softmax_input_RAM_AUTO_1R1W  |        0|  128|  10|    0|    10|   64|     1|          640|
    |C_0_U               |forwardPropagation_8_10_s_softmax_input_RAM_AUTO_1R1W  |        0|  128|  10|    0|    10|   64|     1|          640|
    |net_0_U             |forwardPropagation_8_10_s_softmax_input_RAM_AUTO_1R1W  |        0|  128|  10|    0|    10|   64|     1|          640|
    |temp_0_U            |forwardPropagation_8_10_s_softmax_input_RAM_AUTO_1R1W  |        0|  128|  10|    0|    10|   64|     1|          640|
    |softmax_result_0_U  |forwardPropagation_8_10_s_softmax_input_RAM_AUTO_1R1W  |        0|  128|  10|    0|    10|   64|     1|          640|
    |transposed_0_U      |forwardPropagation_8_10_s_transposed_0_RAM_AUTO_1R1W   |        0|  128|  10|    0|    10|   64|     1|          640|
    +--------------------+-------------------------------------------------------+---------+-----+----+-----+------+-----+------+-------------+
    |Total               |                                                       |        0|  768|  60|    0|    60|  384|     6|         3840|
    +--------------------+-------------------------------------------------------+---------+-----+----+-----+------+-----+------+-------------+

    * FIFO: 
    N/A

    * Expression: 
    +----------------------+----------+----+---+----+------------+------------+
    |     Variable Name    | Operation| DSP| FF| LUT| Bitwidth P0| Bitwidth P1|
    +----------------------+----------+----+---+----+------------+------------+
    |add_ln177_fu_700_p2   |         +|   0|  0|  12|           4|           1|
    |icmp_ln177_fu_694_p2  |      icmp|   0|  0|  12|           4|           4|
    +----------------------+----------+----+---+----+------------+------------+
    |Total                 |          |   0|  0|  24|           8|           5|
    +----------------------+----------+----+---+----+------------+------------+

    * Multiplexer: 
    +------------------------------+-----+-----------+-----+-----------+
    |             Name             | LUT | Input Size| Bits| Total Bits|
    +------------------------------+-----+-----------+-----+-----------+
    |C_0_address0                  |   14|          3|    4|         12|
    |C_0_address0_local            |   31|          6|    4|         24|
    |C_0_address1                  |    9|          2|    4|          8|
    |C_0_address1_local            |   31|          6|    4|         24|
    |C_0_ce0                       |   14|          3|    1|          3|
    |C_0_ce1                       |    9|          2|    1|          2|
    |C_0_d0                        |    9|          2|   64|        128|
    |C_0_we0                       |    9|          2|    1|          2|
    |agg_result_0_address0_local   |   31|          6|    4|         24|
    |agg_result_0_address1_local   |   31|          6|    4|         24|
    |agg_result_0_d0_local         |   14|          3|   64|        192|
    |agg_result_0_d1_local         |   14|          3|   64|        192|
    |ap_NS_fsm                     |  148|         32|    1|         32|
    |grp_fu_1035_ce                |   20|          4|    1|          4|
    |grp_fu_1035_opcode            |   20|          4|    2|          8|
    |grp_fu_1035_p0                |   20|          4|   64|        256|
    |grp_fu_1035_p1                |   20|          4|   64|        256|
    |grp_fu_1039_ce                |    9|          2|    1|          2|
    |grp_fu_1043_ce                |    9|          2|    1|          2|
    |grp_fu_1047_ce                |    9|          2|    1|          2|
    |grp_fu_1051_ce                |    9|          2|    1|          2|
    |grp_fu_1055_ce                |    9|          2|    1|          2|
    |grp_fu_1059_ce                |    9|          2|    1|          2|
    |grp_fu_1063_ce                |    9|          2|    1|          2|
    |grp_fu_1067_ce                |    9|          2|    1|          2|
    |grp_fu_1071_ce                |    9|          2|    1|          2|
    |grp_fu_1075_ce                |    9|          2|    1|          2|
    |grp_fu_1079_ce                |    9|          2|    1|          2|
    |grp_fu_1083_ce                |    9|          2|    1|          2|
    |grp_fu_1087_ce                |    9|          2|    1|          2|
    |grp_fu_1091_ce                |    9|          2|    1|          2|
    |grp_fu_1095_ce                |    9|          2|    1|          2|
    |grp_fu_1099_ce                |    9|          2|    1|          2|
    |j_fu_82                       |    9|          2|    4|          8|
    |net_0_address0                |    9|          2|    4|          8|
    |net_0_address0_local          |   59|         11|    4|         44|
    |net_0_address1_local          |   59|         11|    4|         44|
    |net_0_ce0                     |    9|          2|    1|          2|
    |net_0_d0                      |    9|          2|   64|        128|
    |net_0_we0                     |    9|          2|    1|          2|
    |softmax_input_address0        |   14|          3|    4|         12|
    |softmax_input_address0_local  |   31|          6|    4|         24|
    |softmax_input_address1        |    9|          2|    4|          8|
    |softmax_input_address1_local  |   31|          6|    4|         24|
    |softmax_input_ce0             |   14|          3|    1|          3|
    |softmax_input_ce1             |    9|          2|    1|          2|
    |softmax_input_d0              |    9|          2|   64|        128|
    |softmax_input_we0             |    9|          2|    1|          2|
    |softmax_result_0_address0     |    9|          2|    4|          8|
    |softmax_result_0_ce0          |    9|          2|    1|          2|
    |softmax_result_0_ce1          |    9|          2|    1|          2|
    |softmax_result_0_we0          |    9|          2|    1|          2|
    |softmax_result_0_we1          |    9|          2|    1|          2|
    |temp_0_address0_local         |   65|         12|    4|         48|
    |temp_0_address1_local         |   59|         11|    4|         44|
    |temp_0_d0_local               |   14|          3|   64|        192|
    +------------------------------+-----+-----------+-----+-----------+
    |Total                         | 1060|        218|  612|       1962|
    +------------------------------+-----+-----------+-----+-----------+

    * Register: 
    +---------------------------------------------------------------------------+----+----+-----+-----------+
    |                                    Name                                   | FF | LUT| Bits| Const Bits|
    +---------------------------------------------------------------------------+----+----+-----+-----------+
    |ap_CS_fsm                                                                  |  31|   0|   31|          0|
    |grp_forwardPropagation_8_10_Pipeline_VITIS_LOOP_161_1_fu_656_ap_start_reg  |   1|   0|    1|          0|
    |grp_forwardPropagation_8_10_Pipeline_VITIS_LOOP_180_4_fu_664_ap_start_reg  |   1|   0|    1|          0|
    |grp_forwardPropagation_8_10_Pipeline_VITIS_LOOP_81_1_fu_633_ap_start_reg   |   1|   0|    1|          0|
    |grp_softmax_10_s_fu_680_ap_start_reg                                       |   1|   0|    1|          0|
    |j_1_reg_1017                                                               |   4|   0|    4|          0|
    |j_fu_82                                                                    |   4|   0|    4|          0|
    |net_0_load_1_reg_832                                                       |  64|   0|   64|          0|
    |net_0_load_2_reg_847                                                       |  64|   0|   64|          0|
    |net_0_load_3_reg_852                                                       |  64|   0|   64|          0|
    |net_0_load_4_reg_867                                                       |  64|   0|   64|          0|
    |net_0_load_5_reg_872                                                       |  64|   0|   64|          0|
    |net_0_load_6_reg_887                                                       |  64|   0|   64|          0|
    |net_0_load_7_reg_892                                                       |  64|   0|   64|          0|
    |net_0_load_8_reg_1007                                                      |  64|   0|   64|          0|
    |net_0_load_9_reg_1012                                                      |  64|   0|   64|          0|
    |net_0_load_reg_827                                                         |  64|   0|   64|          0|
    |zext_ln177_reg_1025                                                        |   4|   0|   64|         60|
    +---------------------------------------------------------------------------+----+----+-----+-----------+
    |Total                                                                      | 687|   0|  747|         60|
    +---------------------------------------------------------------------------+----+----+-----+-----------+



================================================================
== Interface
================================================================
* Summary: 
+-----------------------+-----+-----+------------+---------------------------+--------------+
|       RTL Ports       | Dir | Bits|  Protocol  |       Source Object       |    C Type    |
+-----------------------+-----+-----+------------+---------------------------+--------------+
|ap_clk                 |   in|    1|  ap_ctrl_hs|  forwardPropagation<8, 10>|  return value|
|ap_rst                 |   in|    1|  ap_ctrl_hs|  forwardPropagation<8, 10>|  return value|
|ap_start               |   in|    1|  ap_ctrl_hs|  forwardPropagation<8, 10>|  return value|
|ap_done                |  out|    1|  ap_ctrl_hs|  forwardPropagation<8, 10>|  return value|
|ap_idle                |  out|    1|  ap_ctrl_hs|  forwardPropagation<8, 10>|  return value|
|ap_ready               |  out|    1|  ap_ctrl_hs|  forwardPropagation<8, 10>|  return value|
|grp_fu_8485_p_din0     |  out|   64|  ap_ctrl_hs|  forwardPropagation<8, 10>|  return value|
|grp_fu_8485_p_din1     |  out|   64|  ap_ctrl_hs|  forwardPropagation<8, 10>|  return value|
|grp_fu_8485_p_opcode   |  out|    2|  ap_ctrl_hs|  forwardPropagation<8, 10>|  return value|
|grp_fu_8485_p_dout0    |   in|   64|  ap_ctrl_hs|  forwardPropagation<8, 10>|  return value|
|grp_fu_8485_p_ce       |  out|    1|  ap_ctrl_hs|  forwardPropagation<8, 10>|  return value|
|grp_fu_8493_p_din0     |  out|   64|  ap_ctrl_hs|  forwardPropagation<8, 10>|  return value|
|grp_fu_8493_p_din1     |  out|   64|  ap_ctrl_hs|  forwardPropagation<8, 10>|  return value|
|grp_fu_8493_p_opcode   |  out|    1|  ap_ctrl_hs|  forwardPropagation<8, 10>|  return value|
|grp_fu_8493_p_dout0    |   in|   64|  ap_ctrl_hs|  forwardPropagation<8, 10>|  return value|
|grp_fu_8493_p_ce       |  out|    1|  ap_ctrl_hs|  forwardPropagation<8, 10>|  return value|
|grp_fu_8497_p_din0     |  out|   64|  ap_ctrl_hs|  forwardPropagation<8, 10>|  return value|
|grp_fu_8497_p_din1     |  out|   64|  ap_ctrl_hs|  forwardPropagation<8, 10>|  return value|
|grp_fu_8497_p_opcode   |  out|    1|  ap_ctrl_hs|  forwardPropagation<8, 10>|  return value|
|grp_fu_8497_p_dout0    |   in|   64|  ap_ctrl_hs|  forwardPropagation<8, 10>|  return value|
|grp_fu_8497_p_ce       |  out|    1|  ap_ctrl_hs|  forwardPropagation<8, 10>|  return value|
|grp_fu_8501_p_din0     |  out|   64|  ap_ctrl_hs|  forwardPropagation<8, 10>|  return value|
|grp_fu_8501_p_din1     |  out|   64|  ap_ctrl_hs|  forwardPropagation<8, 10>|  return value|
|grp_fu_8501_p_opcode   |  out|    1|  ap_ctrl_hs|  forwardPropagation<8, 10>|  return value|
|grp_fu_8501_p_dout0    |   in|   64|  ap_ctrl_hs|  forwardPropagation<8, 10>|  return value|
|grp_fu_8501_p_ce       |  out|    1|  ap_ctrl_hs|  forwardPropagation<8, 10>|  return value|
|grp_fu_8505_p_din0     |  out|   64|  ap_ctrl_hs|  forwardPropagation<8, 10>|  return value|
|grp_fu_8505_p_din1     |  out|   64|  ap_ctrl_hs|  forwardPropagation<8, 10>|  return value|
|grp_fu_8505_p_opcode   |  out|    1|  ap_ctrl_hs|  forwardPropagation<8, 10>|  return value|
|grp_fu_8505_p_dout0    |   in|   64|  ap_ctrl_hs|  forwardPropagation<8, 10>|  return value|
|grp_fu_8505_p_ce       |  out|    1|  ap_ctrl_hs|  forwardPropagation<8, 10>|  return value|
|grp_fu_8509_p_din0     |  out|   64|  ap_ctrl_hs|  forwardPropagation<8, 10>|  return value|
|grp_fu_8509_p_din1     |  out|   64|  ap_ctrl_hs|  forwardPropagation<8, 10>|  return value|
|grp_fu_8509_p_opcode   |  out|    1|  ap_ctrl_hs|  forwardPropagation<8, 10>|  return value|
|grp_fu_8509_p_dout0    |   in|   64|  ap_ctrl_hs|  forwardPropagation<8, 10>|  return value|
|grp_fu_8509_p_ce       |  out|    1|  ap_ctrl_hs|  forwardPropagation<8, 10>|  return value|
|grp_fu_8513_p_din0     |  out|   64|  ap_ctrl_hs|  forwardPropagation<8, 10>|  return value|
|grp_fu_8513_p_din1     |  out|   64|  ap_ctrl_hs|  forwardPropagation<8, 10>|  return value|
|grp_fu_8513_p_opcode   |  out|    1|  ap_ctrl_hs|  forwardPropagation<8, 10>|  return value|
|grp_fu_8513_p_dout0    |   in|   64|  ap_ctrl_hs|  forwardPropagation<8, 10>|  return value|
|grp_fu_8513_p_ce       |  out|    1|  ap_ctrl_hs|  forwardPropagation<8, 10>|  return value|
|grp_fu_8517_p_din0     |  out|   64|  ap_ctrl_hs|  forwardPropagation<8, 10>|  return value|
|grp_fu_8517_p_din1     |  out|   64|  ap_ctrl_hs|  forwardPropagation<8, 10>|  return value|
|grp_fu_8517_p_opcode   |  out|    1|  ap_ctrl_hs|  forwardPropagation<8, 10>|  return value|
|grp_fu_8517_p_dout0    |   in|   64|  ap_ctrl_hs|  forwardPropagation<8, 10>|  return value|
|grp_fu_8517_p_ce       |  out|    1|  ap_ctrl_hs|  forwardPropagation<8, 10>|  return value|
|grp_fu_8581_p_din0     |  out|   64|  ap_ctrl_hs|  forwardPropagation<8, 10>|  return value|
|grp_fu_8581_p_din1     |  out|   64|  ap_ctrl_hs|  forwardPropagation<8, 10>|  return value|
|grp_fu_8581_p_dout0    |   in|   64|  ap_ctrl_hs|  forwardPropagation<8, 10>|  return value|
|grp_fu_8581_p_ce       |  out|    1|  ap_ctrl_hs|  forwardPropagation<8, 10>|  return value|
|grp_fu_8585_p_din0     |  out|   64|  ap_ctrl_hs|  forwardPropagation<8, 10>|  return value|
|grp_fu_8585_p_din1     |  out|   64|  ap_ctrl_hs|  forwardPropagation<8, 10>|  return value|
|grp_fu_8585_p_dout0    |   in|   64|  ap_ctrl_hs|  forwardPropagation<8, 10>|  return value|
|grp_fu_8585_p_ce       |  out|    1|  ap_ctrl_hs|  forwardPropagation<8, 10>|  return value|
|grp_fu_8589_p_din0     |  out|   64|  ap_ctrl_hs|  forwardPropagation<8, 10>|  return value|
|grp_fu_8589_p_din1     |  out|   64|  ap_ctrl_hs|  forwardPropagation<8, 10>|  return value|
|grp_fu_8589_p_dout0    |   in|   64|  ap_ctrl_hs|  forwardPropagation<8, 10>|  return value|
|grp_fu_8589_p_ce       |  out|    1|  ap_ctrl_hs|  forwardPropagation<8, 10>|  return value|
|grp_fu_8593_p_din0     |  out|   64|  ap_ctrl_hs|  forwardPropagation<8, 10>|  return value|
|grp_fu_8593_p_din1     |  out|   64|  ap_ctrl_hs|  forwardPropagation<8, 10>|  return value|
|grp_fu_8593_p_dout0    |   in|   64|  ap_ctrl_hs|  forwardPropagation<8, 10>|  return value|
|grp_fu_8593_p_ce       |  out|    1|  ap_ctrl_hs|  forwardPropagation<8, 10>|  return value|
|grp_fu_8597_p_din0     |  out|   64|  ap_ctrl_hs|  forwardPropagation<8, 10>|  return value|
|grp_fu_8597_p_din1     |  out|   64|  ap_ctrl_hs|  forwardPropagation<8, 10>|  return value|
|grp_fu_8597_p_dout0    |   in|   64|  ap_ctrl_hs|  forwardPropagation<8, 10>|  return value|
|grp_fu_8597_p_ce       |  out|    1|  ap_ctrl_hs|  forwardPropagation<8, 10>|  return value|
|grp_fu_8601_p_din0     |  out|   64|  ap_ctrl_hs|  forwardPropagation<8, 10>|  return value|
|grp_fu_8601_p_din1     |  out|   64|  ap_ctrl_hs|  forwardPropagation<8, 10>|  return value|
|grp_fu_8601_p_dout0    |   in|   64|  ap_ctrl_hs|  forwardPropagation<8, 10>|  return value|
|grp_fu_8601_p_ce       |  out|    1|  ap_ctrl_hs|  forwardPropagation<8, 10>|  return value|
|grp_fu_8605_p_din0     |  out|   64|  ap_ctrl_hs|  forwardPropagation<8, 10>|  return value|
|grp_fu_8605_p_din1     |  out|   64|  ap_ctrl_hs|  forwardPropagation<8, 10>|  return value|
|grp_fu_8605_p_dout0    |   in|   64|  ap_ctrl_hs|  forwardPropagation<8, 10>|  return value|
|grp_fu_8605_p_ce       |  out|    1|  ap_ctrl_hs|  forwardPropagation<8, 10>|  return value|
|grp_fu_8609_p_din0     |  out|   64|  ap_ctrl_hs|  forwardPropagation<8, 10>|  return value|
|grp_fu_8609_p_din1     |  out|   64|  ap_ctrl_hs|  forwardPropagation<8, 10>|  return value|
|grp_fu_8609_p_dout0    |   in|   64|  ap_ctrl_hs|  forwardPropagation<8, 10>|  return value|
|grp_fu_8609_p_ce       |  out|    1|  ap_ctrl_hs|  forwardPropagation<8, 10>|  return value|
|grp_fu_8489_p_din0     |  out|   64|  ap_ctrl_hs|  forwardPropagation<8, 10>|  return value|
|grp_fu_8489_p_din1     |  out|   64|  ap_ctrl_hs|  forwardPropagation<8, 10>|  return value|
|grp_fu_8489_p_opcode   |  out|    5|  ap_ctrl_hs|  forwardPropagation<8, 10>|  return value|
|grp_fu_8489_p_dout0    |   in|    1|  ap_ctrl_hs|  forwardPropagation<8, 10>|  return value|
|grp_fu_8489_p_ce       |  out|    1|  ap_ctrl_hs|  forwardPropagation<8, 10>|  return value|
|agg_result_0_address0  |  out|    4|   ap_memory|               agg_result_0|         array|
|agg_result_0_ce0       |  out|    1|   ap_memory|               agg_result_0|         array|
|agg_result_0_we0       |  out|    1|   ap_memory|               agg_result_0|         array|
|agg_result_0_d0        |  out|   64|   ap_memory|               agg_result_0|         array|
|agg_result_0_address1  |  out|    4|   ap_memory|               agg_result_0|         array|
|agg_result_0_ce1       |  out|    1|   ap_memory|               agg_result_0|         array|
|agg_result_0_we1       |  out|    1|   ap_memory|               agg_result_0|         array|
|agg_result_0_d1        |  out|   64|   ap_memory|               agg_result_0|         array|
|p_read                 |   in|   64|     ap_none|                     p_read|        scalar|
|p_read1                |   in|   64|     ap_none|                    p_read1|        scalar|
|p_read2                |   in|   64|     ap_none|                    p_read2|        scalar|
|p_read3                |   in|   64|     ap_none|                    p_read3|        scalar|
|p_read4                |   in|   64|     ap_none|                    p_read4|        scalar|
|p_read5                |   in|   64|     ap_none|                    p_read5|        scalar|
|p_read6                |   in|   64|     ap_none|                    p_read6|        scalar|
|p_read7                |   in|   64|     ap_none|                    p_read7|        scalar|
|weights_l3_address0    |  out|    4|   ap_memory|                 weights_l3|         array|
|weights_l3_ce0         |  out|    1|   ap_memory|                 weights_l3|         array|
|weights_l3_q0          |   in|  512|   ap_memory|                 weights_l3|         array|
|biases_val             |   in|  640|     ap_none|                 biases_val|        scalar|
+-----------------------+-----+-----+------------+---------------------------+--------------+

