

================================================================
== Vitis HLS Report for 'matmul_8ul_1ul_64ul_Pipeline_VITIS_LOOP_81_1_VITIS_LOOP_82_2'
================================================================
* Date:           Fri Mar 21 12:05:09 2025

* Version:        2024.1 (Build 5069499 on May 21 2024)
* Project:        accelerator
* Solution:       hls (Vivado IP Flow Target)
* Product family: zynquplus
* Target device:  xczu3eg-sfvc784-1-e


================================================================
== Performance Estimates
================================================================
+ Timing: 
    * Summary: 
    +--------+----------+----------+------------+
    |  Clock |  Target  | Estimated| Uncertainty|
    +--------+----------+----------+------------+
    |ap_clk  |  10.00 ns|  7.954 ns|     2.00 ns|
    +--------+----------+----------+------------+

+ Latency: 
    * Summary: 
    +---------+---------+----------+----------+-----+-----+-----------------------------------------------+
    |  Latency (cycles) |  Latency (absolute) |  Interval |                    Pipeline                   |
    |   min   |   max   |    min   |    max   | min | max |                      Type                     |
    +---------+---------+----------+----------+-----+-----+-----------------------------------------------+
    |      524|      524|  5.240 us|  5.240 us|  513|  513|  loop auto-rewind stp(delay=0 clock cycles(s))|
    +---------+---------+----------+----------+-----+-----+-----------------------------------------------+

    + Detail: 
        * Instance: 
        N/A

        * Loop: 
        +-----------------------------------+---------+---------+----------+-----------+-----------+------+----------+
        |                                   |  Latency (cycles) | Iteration|  Initiation Interval  | Trip |          |
        |             Loop Name             |   min   |   max   |  Latency |  achieved |   target  | Count| Pipelined|
        +-----------------------------------+---------+---------+----------+-----------+-----------+------+----------+
        |- VITIS_LOOP_81_1_VITIS_LOOP_82_2  |      522|      522|        12|          1|          1|   512|       yes|
        +-----------------------------------+---------+---------+----------+-----------+-----------+------+----------+



================================================================
== Utilization Estimates
================================================================
* Summary: 
+-----------------+---------+-----+--------+-------+-----+
|       Name      | BRAM_18K| DSP |   FF   |  LUT  | URAM|
+-----------------+---------+-----+--------+-------+-----+
|DSP              |        -|    -|       -|      -|    -|
|Expression       |        -|    -|       0|     89|    -|
|FIFO             |        -|    -|       -|      -|    -|
|Instance         |        -|    -|       0|    316|    -|
|Memory           |        -|    -|       -|      -|    -|
|Multiplexer      |        -|    -|       0|     72|    -|
|Register         |        -|    -|    4665|   2112|    -|
+-----------------+---------+-----+--------+-------+-----+
|Total            |        0|    0|    4665|   2589|    0|
+-----------------+---------+-----+--------+-------+-----+
|Available        |      432|  360|  141120|  70560|    0|
+-----------------+---------+-----+--------+-------+-----+
|Utilization (%)  |        0|    0|       3|      3|    0|
+-----------------+---------+-----+--------+-------+-----+

+ Detail: 
    * Instance: 
    +------------------------------+------------------------+---------+----+---+-----+-----+
    |           Instance           |         Module         | BRAM_18K| DSP| FF| LUT | URAM|
    +------------------------------+------------------------+---------+----+---+-----+-----+
    |sparsemux_129_6_64_1_1_U3600  |sparsemux_129_6_64_1_1  |        0|   0|  0|  273|    0|
    |sparsemux_17_3_64_1_1_U3599   |sparsemux_17_3_64_1_1   |        0|   0|  0|   43|    0|
    +------------------------------+------------------------+---------+----+---+-----+-----+
    |Total                         |                        |        0|   0|  0|  316|    0|
    +------------------------------+------------------------+---------+----+---+-----+-----+

    * DSP: 
    N/A

    * Memory: 
    N/A

    * FIFO: 
    N/A

    * Expression: 
    +--------------------------+----------+----+---+----+------------+------------+
    |       Variable Name      | Operation| DSP| FF| LUT| Bitwidth P0| Bitwidth P1|
    +--------------------------+----------+----+---+----+------------+------------+
    |add_ln81_fu_1592_p2       |         +|   0|  0|  17|          10|           1|
    |i_fu_1604_p2              |         +|   0|  0|  12|           4|           1|
    |j_fu_1645_p2              |         +|   0|  0|  14|           7|           1|
    |icmp_ln81_fu_1586_p2      |      icmp|   0|  0|  18|          10|          11|
    |icmp_ln82_fu_1610_p2      |      icmp|   0|  0|  15|           7|           8|
    |select_ln81_2_fu_1624_p3  |    select|   0|  0|   4|           1|           4|
    |select_ln81_fu_1616_p3    |    select|   0|  0|   7|           1|           1|
    |ap_enable_pp0             |       xor|   0|  0|   2|           1|           2|
    +--------------------------+----------+----+---+----+------------+------------+
    |Total                     |          |   0|  0|  89|          41|          29|
    +--------------------------+----------+----+---+----+------------+------------+

    * Multiplexer: 
    +--------------------------------------+----+-----------+-----+-----------+
    |                 Name                 | LUT| Input Size| Bits| Total Bits|
    +--------------------------------------+----+-----------+-----+-----------+
    |ap_done_int                           |   9|          2|    1|          2|
    |ap_enable_reg_pp0_iter1               |   9|          2|    1|          2|
    |ap_sig_allocacmp_i_03_load            |   9|          2|    4|          8|
    |ap_sig_allocacmp_indvar_flatten_load  |   9|          2|   10|         20|
    |ap_sig_allocacmp_j_2_load             |   9|          2|    7|         14|
    |i_03_fu_338                           |   9|          2|    4|          8|
    |indvar_flatten_fu_342                 |   9|          2|   10|         20|
    |j_2_fu_334                            |   9|          2|    7|         14|
    +--------------------------------------+----+-----------+-----+-----------+
    |Total                                 |  72|         16|   44|         88|
    +--------------------------------------+----+-----------+-----+-----------+

    * Register: 
    +-----------------------------------+----+----+-----+-----------+
    |                Name               | FF | LUT| Bits| Const Bits|
    +-----------------------------------+----+----+-----+-----------+
    |agg_result_0_addr_reg_2123         |   3|   0|    3|          0|
    |agg_result_10_addr_reg_2183        |   3|   0|    3|          0|
    |agg_result_11_addr_reg_2189        |   3|   0|    3|          0|
    |agg_result_12_addr_reg_2195        |   3|   0|    3|          0|
    |agg_result_13_addr_reg_2201        |   3|   0|    3|          0|
    |agg_result_14_addr_reg_2207        |   3|   0|    3|          0|
    |agg_result_15_addr_reg_2213        |   3|   0|    3|          0|
    |agg_result_16_addr_reg_2219        |   3|   0|    3|          0|
    |agg_result_17_addr_reg_2225        |   3|   0|    3|          0|
    |agg_result_18_addr_reg_2231        |   3|   0|    3|          0|
    |agg_result_19_addr_reg_2237        |   3|   0|    3|          0|
    |agg_result_1_addr_reg_2129         |   3|   0|    3|          0|
    |agg_result_20_addr_reg_2243        |   3|   0|    3|          0|
    |agg_result_21_addr_reg_2249        |   3|   0|    3|          0|
    |agg_result_22_addr_reg_2255        |   3|   0|    3|          0|
    |agg_result_23_addr_reg_2261        |   3|   0|    3|          0|
    |agg_result_24_addr_reg_2267        |   3|   0|    3|          0|
    |agg_result_25_addr_reg_2273        |   3|   0|    3|          0|
    |agg_result_26_addr_reg_2279        |   3|   0|    3|          0|
    |agg_result_27_addr_reg_2285        |   3|   0|    3|          0|
    |agg_result_28_addr_reg_2291        |   3|   0|    3|          0|
    |agg_result_29_addr_reg_2297        |   3|   0|    3|          0|
    |agg_result_2_addr_reg_2135         |   3|   0|    3|          0|
    |agg_result_30_addr_reg_2303        |   3|   0|    3|          0|
    |agg_result_31_addr_reg_2309        |   3|   0|    3|          0|
    |agg_result_32_addr_reg_2315        |   3|   0|    3|          0|
    |agg_result_33_addr_reg_2321        |   3|   0|    3|          0|
    |agg_result_34_addr_reg_2327        |   3|   0|    3|          0|
    |agg_result_35_addr_reg_2333        |   3|   0|    3|          0|
    |agg_result_36_addr_reg_2339        |   3|   0|    3|          0|
    |agg_result_37_addr_reg_2345        |   3|   0|    3|          0|
    |agg_result_38_addr_reg_2351        |   3|   0|    3|          0|
    |agg_result_39_addr_reg_2357        |   3|   0|    3|          0|
    |agg_result_3_addr_reg_2141         |   3|   0|    3|          0|
    |agg_result_40_addr_reg_2363        |   3|   0|    3|          0|
    |agg_result_41_addr_reg_2369        |   3|   0|    3|          0|
    |agg_result_42_addr_reg_2375        |   3|   0|    3|          0|
    |agg_result_43_addr_reg_2381        |   3|   0|    3|          0|
    |agg_result_44_addr_reg_2387        |   3|   0|    3|          0|
    |agg_result_45_addr_reg_2393        |   3|   0|    3|          0|
    |agg_result_46_addr_reg_2399        |   3|   0|    3|          0|
    |agg_result_47_addr_reg_2405        |   3|   0|    3|          0|
    |agg_result_48_addr_reg_2411        |   3|   0|    3|          0|
    |agg_result_49_addr_reg_2417        |   3|   0|    3|          0|
    |agg_result_4_addr_reg_2147         |   3|   0|    3|          0|
    |agg_result_50_addr_reg_2423        |   3|   0|    3|          0|
    |agg_result_51_addr_reg_2429        |   3|   0|    3|          0|
    |agg_result_52_addr_reg_2435        |   3|   0|    3|          0|
    |agg_result_53_addr_reg_2441        |   3|   0|    3|          0|
    |agg_result_54_addr_reg_2447        |   3|   0|    3|          0|
    |agg_result_55_addr_reg_2453        |   3|   0|    3|          0|
    |agg_result_56_addr_reg_2459        |   3|   0|    3|          0|
    |agg_result_57_addr_reg_2465        |   3|   0|    3|          0|
    |agg_result_58_addr_reg_2471        |   3|   0|    3|          0|
    |agg_result_59_addr_reg_2477        |   3|   0|    3|          0|
    |agg_result_5_addr_reg_2153         |   3|   0|    3|          0|
    |agg_result_60_addr_reg_2483        |   3|   0|    3|          0|
    |agg_result_61_addr_reg_2489        |   3|   0|    3|          0|
    |agg_result_62_addr_reg_2495        |   3|   0|    3|          0|
    |agg_result_63_addr_reg_2501        |   3|   0|    3|          0|
    |agg_result_6_addr_reg_2159         |   3|   0|    3|          0|
    |agg_result_7_addr_reg_2165         |   3|   0|    3|          0|
    |agg_result_8_addr_reg_2171         |   3|   0|    3|          0|
    |agg_result_9_addr_reg_2177         |   3|   0|    3|          0|
    |ap_CS_fsm                          |   1|   0|    1|          0|
    |ap_done_reg                        |   1|   0|    1|          0|
    |ap_enable_reg_pp0_iter1            |   1|   0|    1|          0|
    |ap_enable_reg_pp0_iter10           |   1|   0|    1|          0|
    |ap_enable_reg_pp0_iter11           |   1|   0|    1|          0|
    |ap_enable_reg_pp0_iter2            |   1|   0|    1|          0|
    |ap_enable_reg_pp0_iter3            |   1|   0|    1|          0|
    |ap_enable_reg_pp0_iter4            |   1|   0|    1|          0|
    |ap_enable_reg_pp0_iter5            |   1|   0|    1|          0|
    |ap_enable_reg_pp0_iter6            |   1|   0|    1|          0|
    |ap_enable_reg_pp0_iter7            |   1|   0|    1|          0|
    |ap_enable_reg_pp0_iter8            |   1|   0|    1|          0|
    |ap_enable_reg_pp0_iter9            |   1|   0|    1|          0|
    |ap_loop_exit_ready_pp0_iter10_reg  |   1|   0|    1|          0|
    |ap_loop_exit_ready_pp0_iter1_reg   |   1|   0|    1|          0|
    |ap_loop_exit_ready_pp0_iter2_reg   |   1|   0|    1|          0|
    |ap_loop_exit_ready_pp0_iter3_reg   |   1|   0|    1|          0|
    |ap_loop_exit_ready_pp0_iter4_reg   |   1|   0|    1|          0|
    |ap_loop_exit_ready_pp0_iter5_reg   |   1|   0|    1|          0|
    |ap_loop_exit_ready_pp0_iter6_reg   |   1|   0|    1|          0|
    |ap_loop_exit_ready_pp0_iter7_reg   |   1|   0|    1|          0|
    |ap_loop_exit_ready_pp0_iter8_reg   |   1|   0|    1|          0|
    |ap_loop_exit_ready_pp0_iter9_reg   |   1|   0|    1|          0|
    |ap_predicate_pred1367_state12      |   1|   0|    1|          0|
    |ap_predicate_pred1381_state12      |   1|   0|    1|          0|
    |ap_predicate_pred1393_state12      |   1|   0|    1|          0|
    |ap_predicate_pred1405_state12      |   1|   0|    1|          0|
    |ap_predicate_pred1417_state12      |   1|   0|    1|          0|
    |ap_predicate_pred1429_state12      |   1|   0|    1|          0|
    |ap_predicate_pred1441_state12      |   1|   0|    1|          0|
    |ap_predicate_pred1453_state12      |   1|   0|    1|          0|
    |ap_predicate_pred1465_state12      |   1|   0|    1|          0|
    |ap_predicate_pred1477_state12      |   1|   0|    1|          0|
    |ap_predicate_pred1489_state12      |   1|   0|    1|          0|
    |ap_predicate_pred1501_state12      |   1|   0|    1|          0|
    |ap_predicate_pred1513_state12      |   1|   0|    1|          0|
    |ap_predicate_pred1525_state12      |   1|   0|    1|          0|
    |ap_predicate_pred1537_state12      |   1|   0|    1|          0|
    |ap_predicate_pred1549_state12      |   1|   0|    1|          0|
    |ap_predicate_pred1561_state12      |   1|   0|    1|          0|
    |ap_predicate_pred1573_state12      |   1|   0|    1|          0|
    |ap_predicate_pred1585_state12      |   1|   0|    1|          0|
    |ap_predicate_pred1597_state12      |   1|   0|    1|          0|
    |ap_predicate_pred1609_state12      |   1|   0|    1|          0|
    |ap_predicate_pred1621_state12      |   1|   0|    1|          0|
    |ap_predicate_pred1633_state12      |   1|   0|    1|          0|
    |ap_predicate_pred1645_state12      |   1|   0|    1|          0|
    |ap_predicate_pred1657_state12      |   1|   0|    1|          0|
    |ap_predicate_pred1669_state12      |   1|   0|    1|          0|
    |ap_predicate_pred1681_state12      |   1|   0|    1|          0|
    |ap_predicate_pred1693_state12      |   1|   0|    1|          0|
    |ap_predicate_pred1705_state12      |   1|   0|    1|          0|
    |ap_predicate_pred1717_state12      |   1|   0|    1|          0|
    |ap_predicate_pred1729_state12      |   1|   0|    1|          0|
    |ap_predicate_pred1741_state12      |   1|   0|    1|          0|
    |ap_predicate_pred1753_state12      |   1|   0|    1|          0|
    |ap_predicate_pred1765_state12      |   1|   0|    1|          0|
    |ap_predicate_pred1777_state12      |   1|   0|    1|          0|
    |ap_predicate_pred1789_state12      |   1|   0|    1|          0|
    |ap_predicate_pred1801_state12      |   1|   0|    1|          0|
    |ap_predicate_pred1813_state12      |   1|   0|    1|          0|
    |ap_predicate_pred1825_state12      |   1|   0|    1|          0|
    |ap_predicate_pred1837_state12      |   1|   0|    1|          0|
    |ap_predicate_pred1849_state12      |   1|   0|    1|          0|
    |ap_predicate_pred1861_state12      |   1|   0|    1|          0|
    |ap_predicate_pred1873_state12      |   1|   0|    1|          0|
    |ap_predicate_pred1885_state12      |   1|   0|    1|          0|
    |ap_predicate_pred1897_state12      |   1|   0|    1|          0|
    |ap_predicate_pred1909_state12      |   1|   0|    1|          0|
    |ap_predicate_pred1921_state12      |   1|   0|    1|          0|
    |ap_predicate_pred1933_state12      |   1|   0|    1|          0|
    |ap_predicate_pred1945_state12      |   1|   0|    1|          0|
    |ap_predicate_pred1957_state12      |   1|   0|    1|          0|
    |ap_predicate_pred1969_state12      |   1|   0|    1|          0|
    |ap_predicate_pred1981_state12      |   1|   0|    1|          0|
    |ap_predicate_pred1993_state12      |   1|   0|    1|          0|
    |ap_predicate_pred2005_state12      |   1|   0|    1|          0|
    |ap_predicate_pred2017_state12      |   1|   0|    1|          0|
    |ap_predicate_pred2029_state12      |   1|   0|    1|          0|
    |ap_predicate_pred2041_state12      |   1|   0|    1|          0|
    |ap_predicate_pred2053_state12      |   1|   0|    1|          0|
    |ap_predicate_pred2065_state12      |   1|   0|    1|          0|
    |ap_predicate_pred2077_state12      |   1|   0|    1|          0|
    |ap_predicate_pred2089_state12      |   1|   0|    1|          0|
    |ap_predicate_pred2101_state12      |   1|   0|    1|          0|
    |ap_predicate_pred2113_state12      |   1|   0|    1|          0|
    |ap_predicate_pred2125_state12      |   1|   0|    1|          0|
    |i_03_fu_338                        |   4|   0|    4|          0|
    |indvar_flatten_fu_342              |  10|   0|   10|          0|
    |j_2_fu_334                         |   7|   0|    7|          0|
    |mul_reg_2507                       |  64|   0|   64|          0|
    |select_ln81_2_reg_2093             |   4|   0|    4|          0|
    |tmp_1_reg_2512                     |  64|   0|   64|          0|
    |trunc_ln81_reg_2098                |   3|   0|    3|          0|
    |trunc_ln82_reg_2103                |   6|   0|    6|          0|
    |agg_result_0_addr_reg_2123         |  64|  32|    3|          0|
    |agg_result_10_addr_reg_2183        |  64|  32|    3|          0|
    |agg_result_11_addr_reg_2189        |  64|  32|    3|          0|
    |agg_result_12_addr_reg_2195        |  64|  32|    3|          0|
    |agg_result_13_addr_reg_2201        |  64|  32|    3|          0|
    |agg_result_14_addr_reg_2207        |  64|  32|    3|          0|
    |agg_result_15_addr_reg_2213        |  64|  32|    3|          0|
    |agg_result_16_addr_reg_2219        |  64|  32|    3|          0|
    |agg_result_17_addr_reg_2225        |  64|  32|    3|          0|
    |agg_result_18_addr_reg_2231        |  64|  32|    3|          0|
    |agg_result_19_addr_reg_2237        |  64|  32|    3|          0|
    |agg_result_1_addr_reg_2129         |  64|  32|    3|          0|
    |agg_result_20_addr_reg_2243        |  64|  32|    3|          0|
    |agg_result_21_addr_reg_2249        |  64|  32|    3|          0|
    |agg_result_22_addr_reg_2255        |  64|  32|    3|          0|
    |agg_result_23_addr_reg_2261        |  64|  32|    3|          0|
    |agg_result_24_addr_reg_2267        |  64|  32|    3|          0|
    |agg_result_25_addr_reg_2273        |  64|  32|    3|          0|
    |agg_result_26_addr_reg_2279        |  64|  32|    3|          0|
    |agg_result_27_addr_reg_2285        |  64|  32|    3|          0|
    |agg_result_28_addr_reg_2291        |  64|  32|    3|          0|
    |agg_result_29_addr_reg_2297        |  64|  32|    3|          0|
    |agg_result_2_addr_reg_2135         |  64|  32|    3|          0|
    |agg_result_30_addr_reg_2303        |  64|  32|    3|          0|
    |agg_result_31_addr_reg_2309        |  64|  32|    3|          0|
    |agg_result_32_addr_reg_2315        |  64|  32|    3|          0|
    |agg_result_33_addr_reg_2321        |  64|  32|    3|          0|
    |agg_result_34_addr_reg_2327        |  64|  32|    3|          0|
    |agg_result_35_addr_reg_2333        |  64|  32|    3|          0|
    |agg_result_36_addr_reg_2339        |  64|  32|    3|          0|
    |agg_result_37_addr_reg_2345        |  64|  32|    3|          0|
    |agg_result_38_addr_reg_2351        |  64|  32|    3|          0|
    |agg_result_39_addr_reg_2357        |  64|  32|    3|          0|
    |agg_result_3_addr_reg_2141         |  64|  32|    3|          0|
    |agg_result_40_addr_reg_2363        |  64|  32|    3|          0|
    |agg_result_41_addr_reg_2369        |  64|  32|    3|          0|
    |agg_result_42_addr_reg_2375        |  64|  32|    3|          0|
    |agg_result_43_addr_reg_2381        |  64|  32|    3|          0|
    |agg_result_44_addr_reg_2387        |  64|  32|    3|          0|
    |agg_result_45_addr_reg_2393        |  64|  32|    3|          0|
    |agg_result_46_addr_reg_2399        |  64|  32|    3|          0|
    |agg_result_47_addr_reg_2405        |  64|  32|    3|          0|
    |agg_result_48_addr_reg_2411        |  64|  32|    3|          0|
    |agg_result_49_addr_reg_2417        |  64|  32|    3|          0|
    |agg_result_4_addr_reg_2147         |  64|  32|    3|          0|
    |agg_result_50_addr_reg_2423        |  64|  32|    3|          0|
    |agg_result_51_addr_reg_2429        |  64|  32|    3|          0|
    |agg_result_52_addr_reg_2435        |  64|  32|    3|          0|
    |agg_result_53_addr_reg_2441        |  64|  32|    3|          0|
    |agg_result_54_addr_reg_2447        |  64|  32|    3|          0|
    |agg_result_55_addr_reg_2453        |  64|  32|    3|          0|
    |agg_result_56_addr_reg_2459        |  64|  32|    3|          0|
    |agg_result_57_addr_reg_2465        |  64|  32|    3|          0|
    |agg_result_58_addr_reg_2471        |  64|  32|    3|          0|
    |agg_result_59_addr_reg_2477        |  64|  32|    3|          0|
    |agg_result_5_addr_reg_2153         |  64|  32|    3|          0|
    |agg_result_60_addr_reg_2483        |  64|  32|    3|          0|
    |agg_result_61_addr_reg_2489        |  64|  32|    3|          0|
    |agg_result_62_addr_reg_2495        |  64|  32|    3|          0|
    |agg_result_63_addr_reg_2501        |  64|  32|    3|          0|
    |agg_result_6_addr_reg_2159         |  64|  32|    3|          0|
    |agg_result_7_addr_reg_2165         |  64|  32|    3|          0|
    |agg_result_8_addr_reg_2171         |  64|  32|    3|          0|
    |agg_result_9_addr_reg_2177         |  64|  32|    3|          0|
    |select_ln81_2_reg_2093             |  64|  32|    4|          0|
    |trunc_ln82_reg_2103                |  64|  32|    6|          0|
    +-----------------------------------+----+----+-----+-----------+
    |Total                              |4665|2112|  643|          0|
    +-----------------------------------+----+----+-----+-----------+



================================================================
== Interface
================================================================
* Summary: 
+------------------------+-----+-----+------------+-----------------------------------------------------------------+--------------+
|        RTL Ports       | Dir | Bits|  Protocol  |                          Source Object                          |    C Type    |
+------------------------+-----+-----+------------+-----------------------------------------------------------------+--------------+
|ap_clk                  |   in|    1|  ap_ctrl_hs|  matmul<8ul, 1ul, 64ul>_Pipeline_VITIS_LOOP_81_1_VITIS_LOOP_82_2|  return value|
|ap_rst                  |   in|    1|  ap_ctrl_hs|  matmul<8ul, 1ul, 64ul>_Pipeline_VITIS_LOOP_81_1_VITIS_LOOP_82_2|  return value|
|ap_start                |   in|    1|  ap_ctrl_hs|  matmul<8ul, 1ul, 64ul>_Pipeline_VITIS_LOOP_81_1_VITIS_LOOP_82_2|  return value|
|ap_done                 |  out|    1|  ap_ctrl_hs|  matmul<8ul, 1ul, 64ul>_Pipeline_VITIS_LOOP_81_1_VITIS_LOOP_82_2|  return value|
|ap_idle                 |  out|    1|  ap_ctrl_hs|  matmul<8ul, 1ul, 64ul>_Pipeline_VITIS_LOOP_81_1_VITIS_LOOP_82_2|  return value|
|ap_ready                |  out|    1|  ap_ctrl_hs|  matmul<8ul, 1ul, 64ul>_Pipeline_VITIS_LOOP_81_1_VITIS_LOOP_82_2|  return value|
|grp_fu_5718_p_din0      |  out|   64|  ap_ctrl_hs|  matmul<8ul, 1ul, 64ul>_Pipeline_VITIS_LOOP_81_1_VITIS_LOOP_82_2|  return value|
|grp_fu_5718_p_din1      |  out|   64|  ap_ctrl_hs|  matmul<8ul, 1ul, 64ul>_Pipeline_VITIS_LOOP_81_1_VITIS_LOOP_82_2|  return value|
|grp_fu_5718_p_opcode    |  out|    1|  ap_ctrl_hs|  matmul<8ul, 1ul, 64ul>_Pipeline_VITIS_LOOP_81_1_VITIS_LOOP_82_2|  return value|
|grp_fu_5718_p_dout0     |   in|   64|  ap_ctrl_hs|  matmul<8ul, 1ul, 64ul>_Pipeline_VITIS_LOOP_81_1_VITIS_LOOP_82_2|  return value|
|grp_fu_5718_p_ce        |  out|    1|  ap_ctrl_hs|  matmul<8ul, 1ul, 64ul>_Pipeline_VITIS_LOOP_81_1_VITIS_LOOP_82_2|  return value|
|grp_fu_5722_p_din0      |  out|   64|  ap_ctrl_hs|  matmul<8ul, 1ul, 64ul>_Pipeline_VITIS_LOOP_81_1_VITIS_LOOP_82_2|  return value|
|grp_fu_5722_p_din1      |  out|   64|  ap_ctrl_hs|  matmul<8ul, 1ul, 64ul>_Pipeline_VITIS_LOOP_81_1_VITIS_LOOP_82_2|  return value|
|grp_fu_5722_p_dout0     |   in|   64|  ap_ctrl_hs|  matmul<8ul, 1ul, 64ul>_Pipeline_VITIS_LOOP_81_1_VITIS_LOOP_82_2|  return value|
|grp_fu_5722_p_ce        |  out|    1|  ap_ctrl_hs|  matmul<8ul, 1ul, 64ul>_Pipeline_VITIS_LOOP_81_1_VITIS_LOOP_82_2|  return value|
|A_0_read                |   in|   64|     ap_none|                                                         A_0_read|        scalar|
|A_0_read_22             |   in|   64|     ap_none|                                                      A_0_read_22|        scalar|
|A_0_read_23             |   in|   64|     ap_none|                                                      A_0_read_23|        scalar|
|A_0_read_24             |   in|   64|     ap_none|                                                      A_0_read_24|        scalar|
|A_0_read_25             |   in|   64|     ap_none|                                                      A_0_read_25|        scalar|
|A_0_read_26             |   in|   64|     ap_none|                                                      A_0_read_26|        scalar|
|A_0_read_27             |   in|   64|     ap_none|                                                      A_0_read_27|        scalar|
|A_0_read_28             |   in|   64|     ap_none|                                                      A_0_read_28|        scalar|
|agg_result_0_address0   |  out|    3|   ap_memory|                                                     agg_result_0|         array|
|agg_result_0_ce0        |  out|    1|   ap_memory|                                                     agg_result_0|         array|
|agg_result_0_we0        |  out|    1|   ap_memory|                                                     agg_result_0|         array|
|agg_result_0_d0         |  out|   64|   ap_memory|                                                     agg_result_0|         array|
|agg_result_0_address1   |  out|    3|   ap_memory|                                                     agg_result_0|         array|
|agg_result_0_ce1        |  out|    1|   ap_memory|                                                     agg_result_0|         array|
|agg_result_0_q1         |   in|   64|   ap_memory|                                                     agg_result_0|         array|
|agg_result_1_address0   |  out|    3|   ap_memory|                                                     agg_result_1|         array|
|agg_result_1_ce0        |  out|    1|   ap_memory|                                                     agg_result_1|         array|
|agg_result_1_we0        |  out|    1|   ap_memory|                                                     agg_result_1|         array|
|agg_result_1_d0         |  out|   64|   ap_memory|                                                     agg_result_1|         array|
|agg_result_1_address1   |  out|    3|   ap_memory|                                                     agg_result_1|         array|
|agg_result_1_ce1        |  out|    1|   ap_memory|                                                     agg_result_1|         array|
|agg_result_1_q1         |   in|   64|   ap_memory|                                                     agg_result_1|         array|
|agg_result_2_address0   |  out|    3|   ap_memory|                                                     agg_result_2|         array|
|agg_result_2_ce0        |  out|    1|   ap_memory|                                                     agg_result_2|         array|
|agg_result_2_we0        |  out|    1|   ap_memory|                                                     agg_result_2|         array|
|agg_result_2_d0         |  out|   64|   ap_memory|                                                     agg_result_2|         array|
|agg_result_2_address1   |  out|    3|   ap_memory|                                                     agg_result_2|         array|
|agg_result_2_ce1        |  out|    1|   ap_memory|                                                     agg_result_2|         array|
|agg_result_2_q1         |   in|   64|   ap_memory|                                                     agg_result_2|         array|
|agg_result_3_address0   |  out|    3|   ap_memory|                                                     agg_result_3|         array|
|agg_result_3_ce0        |  out|    1|   ap_memory|                                                     agg_result_3|         array|
|agg_result_3_we0        |  out|    1|   ap_memory|                                                     agg_result_3|         array|
|agg_result_3_d0         |  out|   64|   ap_memory|                                                     agg_result_3|         array|
|agg_result_3_address1   |  out|    3|   ap_memory|                                                     agg_result_3|         array|
|agg_result_3_ce1        |  out|    1|   ap_memory|                                                     agg_result_3|         array|
|agg_result_3_q1         |   in|   64|   ap_memory|                                                     agg_result_3|         array|
|agg_result_4_address0   |  out|    3|   ap_memory|                                                     agg_result_4|         array|
|agg_result_4_ce0        |  out|    1|   ap_memory|                                                     agg_result_4|         array|
|agg_result_4_we0        |  out|    1|   ap_memory|                                                     agg_result_4|         array|
|agg_result_4_d0         |  out|   64|   ap_memory|                                                     agg_result_4|         array|
|agg_result_4_address1   |  out|    3|   ap_memory|                                                     agg_result_4|         array|
|agg_result_4_ce1        |  out|    1|   ap_memory|                                                     agg_result_4|         array|
|agg_result_4_q1         |   in|   64|   ap_memory|                                                     agg_result_4|         array|
|agg_result_5_address0   |  out|    3|   ap_memory|                                                     agg_result_5|         array|
|agg_result_5_ce0        |  out|    1|   ap_memory|                                                     agg_result_5|         array|
|agg_result_5_we0        |  out|    1|   ap_memory|                                                     agg_result_5|         array|
|agg_result_5_d0         |  out|   64|   ap_memory|                                                     agg_result_5|         array|
|agg_result_5_address1   |  out|    3|   ap_memory|                                                     agg_result_5|         array|
|agg_result_5_ce1        |  out|    1|   ap_memory|                                                     agg_result_5|         array|
|agg_result_5_q1         |   in|   64|   ap_memory|                                                     agg_result_5|         array|
|agg_result_6_address0   |  out|    3|   ap_memory|                                                     agg_result_6|         array|
|agg_result_6_ce0        |  out|    1|   ap_memory|                                                     agg_result_6|         array|
|agg_result_6_we0        |  out|    1|   ap_memory|                                                     agg_result_6|         array|
|agg_result_6_d0         |  out|   64|   ap_memory|                                                     agg_result_6|         array|
|agg_result_6_address1   |  out|    3|   ap_memory|                                                     agg_result_6|         array|
|agg_result_6_ce1        |  out|    1|   ap_memory|                                                     agg_result_6|         array|
|agg_result_6_q1         |   in|   64|   ap_memory|                                                     agg_result_6|         array|
|agg_result_7_address0   |  out|    3|   ap_memory|                                                     agg_result_7|         array|
|agg_result_7_ce0        |  out|    1|   ap_memory|                                                     agg_result_7|         array|
|agg_result_7_we0        |  out|    1|   ap_memory|                                                     agg_result_7|         array|
|agg_result_7_d0         |  out|   64|   ap_memory|                                                     agg_result_7|         array|
|agg_result_7_address1   |  out|    3|   ap_memory|                                                     agg_result_7|         array|
|agg_result_7_ce1        |  out|    1|   ap_memory|                                                     agg_result_7|         array|
|agg_result_7_q1         |   in|   64|   ap_memory|                                                     agg_result_7|         array|
|agg_result_8_address0   |  out|    3|   ap_memory|                                                     agg_result_8|         array|
|agg_result_8_ce0        |  out|    1|   ap_memory|                                                     agg_result_8|         array|
|agg_result_8_we0        |  out|    1|   ap_memory|                                                     agg_result_8|         array|
|agg_result_8_d0         |  out|   64|   ap_memory|                                                     agg_result_8|         array|
|agg_result_8_address1   |  out|    3|   ap_memory|                                                     agg_result_8|         array|
|agg_result_8_ce1        |  out|    1|   ap_memory|                                                     agg_result_8|         array|
|agg_result_8_q1         |   in|   64|   ap_memory|                                                     agg_result_8|         array|
|agg_result_9_address0   |  out|    3|   ap_memory|                                                     agg_result_9|         array|
|agg_result_9_ce0        |  out|    1|   ap_memory|                                                     agg_result_9|         array|
|agg_result_9_we0        |  out|    1|   ap_memory|                                                     agg_result_9|         array|
|agg_result_9_d0         |  out|   64|   ap_memory|                                                     agg_result_9|         array|
|agg_result_9_address1   |  out|    3|   ap_memory|                                                     agg_result_9|         array|
|agg_result_9_ce1        |  out|    1|   ap_memory|                                                     agg_result_9|         array|
|agg_result_9_q1         |   in|   64|   ap_memory|                                                     agg_result_9|         array|
|agg_result_10_address0  |  out|    3|   ap_memory|                                                    agg_result_10|         array|
|agg_result_10_ce0       |  out|    1|   ap_memory|                                                    agg_result_10|         array|
|agg_result_10_we0       |  out|    1|   ap_memory|                                                    agg_result_10|         array|
|agg_result_10_d0        |  out|   64|   ap_memory|                                                    agg_result_10|         array|
|agg_result_10_address1  |  out|    3|   ap_memory|                                                    agg_result_10|         array|
|agg_result_10_ce1       |  out|    1|   ap_memory|                                                    agg_result_10|         array|
|agg_result_10_q1        |   in|   64|   ap_memory|                                                    agg_result_10|         array|
|agg_result_11_address0  |  out|    3|   ap_memory|                                                    agg_result_11|         array|
|agg_result_11_ce0       |  out|    1|   ap_memory|                                                    agg_result_11|         array|
|agg_result_11_we0       |  out|    1|   ap_memory|                                                    agg_result_11|         array|
|agg_result_11_d0        |  out|   64|   ap_memory|                                                    agg_result_11|         array|
|agg_result_11_address1  |  out|    3|   ap_memory|                                                    agg_result_11|         array|
|agg_result_11_ce1       |  out|    1|   ap_memory|                                                    agg_result_11|         array|
|agg_result_11_q1        |   in|   64|   ap_memory|                                                    agg_result_11|         array|
|agg_result_12_address0  |  out|    3|   ap_memory|                                                    agg_result_12|         array|
|agg_result_12_ce0       |  out|    1|   ap_memory|                                                    agg_result_12|         array|
|agg_result_12_we0       |  out|    1|   ap_memory|                                                    agg_result_12|         array|
|agg_result_12_d0        |  out|   64|   ap_memory|                                                    agg_result_12|         array|
|agg_result_12_address1  |  out|    3|   ap_memory|                                                    agg_result_12|         array|
|agg_result_12_ce1       |  out|    1|   ap_memory|                                                    agg_result_12|         array|
|agg_result_12_q1        |   in|   64|   ap_memory|                                                    agg_result_12|         array|
|agg_result_13_address0  |  out|    3|   ap_memory|                                                    agg_result_13|         array|
|agg_result_13_ce0       |  out|    1|   ap_memory|                                                    agg_result_13|         array|
|agg_result_13_we0       |  out|    1|   ap_memory|                                                    agg_result_13|         array|
|agg_result_13_d0        |  out|   64|   ap_memory|                                                    agg_result_13|         array|
|agg_result_13_address1  |  out|    3|   ap_memory|                                                    agg_result_13|         array|
|agg_result_13_ce1       |  out|    1|   ap_memory|                                                    agg_result_13|         array|
|agg_result_13_q1        |   in|   64|   ap_memory|                                                    agg_result_13|         array|
|agg_result_14_address0  |  out|    3|   ap_memory|                                                    agg_result_14|         array|
|agg_result_14_ce0       |  out|    1|   ap_memory|                                                    agg_result_14|         array|
|agg_result_14_we0       |  out|    1|   ap_memory|                                                    agg_result_14|         array|
|agg_result_14_d0        |  out|   64|   ap_memory|                                                    agg_result_14|         array|
|agg_result_14_address1  |  out|    3|   ap_memory|                                                    agg_result_14|         array|
|agg_result_14_ce1       |  out|    1|   ap_memory|                                                    agg_result_14|         array|
|agg_result_14_q1        |   in|   64|   ap_memory|                                                    agg_result_14|         array|
|agg_result_15_address0  |  out|    3|   ap_memory|                                                    agg_result_15|         array|
|agg_result_15_ce0       |  out|    1|   ap_memory|                                                    agg_result_15|         array|
|agg_result_15_we0       |  out|    1|   ap_memory|                                                    agg_result_15|         array|
|agg_result_15_d0        |  out|   64|   ap_memory|                                                    agg_result_15|         array|
|agg_result_15_address1  |  out|    3|   ap_memory|                                                    agg_result_15|         array|
|agg_result_15_ce1       |  out|    1|   ap_memory|                                                    agg_result_15|         array|
|agg_result_15_q1        |   in|   64|   ap_memory|                                                    agg_result_15|         array|
|agg_result_16_address0  |  out|    3|   ap_memory|                                                    agg_result_16|         array|
|agg_result_16_ce0       |  out|    1|   ap_memory|                                                    agg_result_16|         array|
|agg_result_16_we0       |  out|    1|   ap_memory|                                                    agg_result_16|         array|
|agg_result_16_d0        |  out|   64|   ap_memory|                                                    agg_result_16|         array|
|agg_result_16_address1  |  out|    3|   ap_memory|                                                    agg_result_16|         array|
|agg_result_16_ce1       |  out|    1|   ap_memory|                                                    agg_result_16|         array|
|agg_result_16_q1        |   in|   64|   ap_memory|                                                    agg_result_16|         array|
|agg_result_17_address0  |  out|    3|   ap_memory|                                                    agg_result_17|         array|
|agg_result_17_ce0       |  out|    1|   ap_memory|                                                    agg_result_17|         array|
|agg_result_17_we0       |  out|    1|   ap_memory|                                                    agg_result_17|         array|
|agg_result_17_d0        |  out|   64|   ap_memory|                                                    agg_result_17|         array|
|agg_result_17_address1  |  out|    3|   ap_memory|                                                    agg_result_17|         array|
|agg_result_17_ce1       |  out|    1|   ap_memory|                                                    agg_result_17|         array|
|agg_result_17_q1        |   in|   64|   ap_memory|                                                    agg_result_17|         array|
|agg_result_18_address0  |  out|    3|   ap_memory|                                                    agg_result_18|         array|
|agg_result_18_ce0       |  out|    1|   ap_memory|                                                    agg_result_18|         array|
|agg_result_18_we0       |  out|    1|   ap_memory|                                                    agg_result_18|         array|
|agg_result_18_d0        |  out|   64|   ap_memory|                                                    agg_result_18|         array|
|agg_result_18_address1  |  out|    3|   ap_memory|                                                    agg_result_18|         array|
|agg_result_18_ce1       |  out|    1|   ap_memory|                                                    agg_result_18|         array|
|agg_result_18_q1        |   in|   64|   ap_memory|                                                    agg_result_18|         array|
|agg_result_19_address0  |  out|    3|   ap_memory|                                                    agg_result_19|         array|
|agg_result_19_ce0       |  out|    1|   ap_memory|                                                    agg_result_19|         array|
|agg_result_19_we0       |  out|    1|   ap_memory|                                                    agg_result_19|         array|
|agg_result_19_d0        |  out|   64|   ap_memory|                                                    agg_result_19|         array|
|agg_result_19_address1  |  out|    3|   ap_memory|                                                    agg_result_19|         array|
|agg_result_19_ce1       |  out|    1|   ap_memory|                                                    agg_result_19|         array|
|agg_result_19_q1        |   in|   64|   ap_memory|                                                    agg_result_19|         array|
|agg_result_20_address0  |  out|    3|   ap_memory|                                                    agg_result_20|         array|
|agg_result_20_ce0       |  out|    1|   ap_memory|                                                    agg_result_20|         array|
|agg_result_20_we0       |  out|    1|   ap_memory|                                                    agg_result_20|         array|
|agg_result_20_d0        |  out|   64|   ap_memory|                                                    agg_result_20|         array|
|agg_result_20_address1  |  out|    3|   ap_memory|                                                    agg_result_20|         array|
|agg_result_20_ce1       |  out|    1|   ap_memory|                                                    agg_result_20|         array|
|agg_result_20_q1        |   in|   64|   ap_memory|                                                    agg_result_20|         array|
|agg_result_21_address0  |  out|    3|   ap_memory|                                                    agg_result_21|         array|
|agg_result_21_ce0       |  out|    1|   ap_memory|                                                    agg_result_21|         array|
|agg_result_21_we0       |  out|    1|   ap_memory|                                                    agg_result_21|         array|
|agg_result_21_d0        |  out|   64|   ap_memory|                                                    agg_result_21|         array|
|agg_result_21_address1  |  out|    3|   ap_memory|                                                    agg_result_21|         array|
|agg_result_21_ce1       |  out|    1|   ap_memory|                                                    agg_result_21|         array|
|agg_result_21_q1        |   in|   64|   ap_memory|                                                    agg_result_21|         array|
|agg_result_22_address0  |  out|    3|   ap_memory|                                                    agg_result_22|         array|
|agg_result_22_ce0       |  out|    1|   ap_memory|                                                    agg_result_22|         array|
|agg_result_22_we0       |  out|    1|   ap_memory|                                                    agg_result_22|         array|
|agg_result_22_d0        |  out|   64|   ap_memory|                                                    agg_result_22|         array|
|agg_result_22_address1  |  out|    3|   ap_memory|                                                    agg_result_22|         array|
|agg_result_22_ce1       |  out|    1|   ap_memory|                                                    agg_result_22|         array|
|agg_result_22_q1        |   in|   64|   ap_memory|                                                    agg_result_22|         array|
|agg_result_23_address0  |  out|    3|   ap_memory|                                                    agg_result_23|         array|
|agg_result_23_ce0       |  out|    1|   ap_memory|                                                    agg_result_23|         array|
|agg_result_23_we0       |  out|    1|   ap_memory|                                                    agg_result_23|         array|
|agg_result_23_d0        |  out|   64|   ap_memory|                                                    agg_result_23|         array|
|agg_result_23_address1  |  out|    3|   ap_memory|                                                    agg_result_23|         array|
|agg_result_23_ce1       |  out|    1|   ap_memory|                                                    agg_result_23|         array|
|agg_result_23_q1        |   in|   64|   ap_memory|                                                    agg_result_23|         array|
|agg_result_24_address0  |  out|    3|   ap_memory|                                                    agg_result_24|         array|
|agg_result_24_ce0       |  out|    1|   ap_memory|                                                    agg_result_24|         array|
|agg_result_24_we0       |  out|    1|   ap_memory|                                                    agg_result_24|         array|
|agg_result_24_d0        |  out|   64|   ap_memory|                                                    agg_result_24|         array|
|agg_result_24_address1  |  out|    3|   ap_memory|                                                    agg_result_24|         array|
|agg_result_24_ce1       |  out|    1|   ap_memory|                                                    agg_result_24|         array|
|agg_result_24_q1        |   in|   64|   ap_memory|                                                    agg_result_24|         array|
|agg_result_25_address0  |  out|    3|   ap_memory|                                                    agg_result_25|         array|
|agg_result_25_ce0       |  out|    1|   ap_memory|                                                    agg_result_25|         array|
|agg_result_25_we0       |  out|    1|   ap_memory|                                                    agg_result_25|         array|
|agg_result_25_d0        |  out|   64|   ap_memory|                                                    agg_result_25|         array|
|agg_result_25_address1  |  out|    3|   ap_memory|                                                    agg_result_25|         array|
|agg_result_25_ce1       |  out|    1|   ap_memory|                                                    agg_result_25|         array|
|agg_result_25_q1        |   in|   64|   ap_memory|                                                    agg_result_25|         array|
|agg_result_26_address0  |  out|    3|   ap_memory|                                                    agg_result_26|         array|
|agg_result_26_ce0       |  out|    1|   ap_memory|                                                    agg_result_26|         array|
|agg_result_26_we0       |  out|    1|   ap_memory|                                                    agg_result_26|         array|
|agg_result_26_d0        |  out|   64|   ap_memory|                                                    agg_result_26|         array|
|agg_result_26_address1  |  out|    3|   ap_memory|                                                    agg_result_26|         array|
|agg_result_26_ce1       |  out|    1|   ap_memory|                                                    agg_result_26|         array|
|agg_result_26_q1        |   in|   64|   ap_memory|                                                    agg_result_26|         array|
|agg_result_27_address0  |  out|    3|   ap_memory|                                                    agg_result_27|         array|
|agg_result_27_ce0       |  out|    1|   ap_memory|                                                    agg_result_27|         array|
|agg_result_27_we0       |  out|    1|   ap_memory|                                                    agg_result_27|         array|
|agg_result_27_d0        |  out|   64|   ap_memory|                                                    agg_result_27|         array|
|agg_result_27_address1  |  out|    3|   ap_memory|                                                    agg_result_27|         array|
|agg_result_27_ce1       |  out|    1|   ap_memory|                                                    agg_result_27|         array|
|agg_result_27_q1        |   in|   64|   ap_memory|                                                    agg_result_27|         array|
|agg_result_28_address0  |  out|    3|   ap_memory|                                                    agg_result_28|         array|
|agg_result_28_ce0       |  out|    1|   ap_memory|                                                    agg_result_28|         array|
|agg_result_28_we0       |  out|    1|   ap_memory|                                                    agg_result_28|         array|
|agg_result_28_d0        |  out|   64|   ap_memory|                                                    agg_result_28|         array|
|agg_result_28_address1  |  out|    3|   ap_memory|                                                    agg_result_28|         array|
|agg_result_28_ce1       |  out|    1|   ap_memory|                                                    agg_result_28|         array|
|agg_result_28_q1        |   in|   64|   ap_memory|                                                    agg_result_28|         array|
|agg_result_29_address0  |  out|    3|   ap_memory|                                                    agg_result_29|         array|
|agg_result_29_ce0       |  out|    1|   ap_memory|                                                    agg_result_29|         array|
|agg_result_29_we0       |  out|    1|   ap_memory|                                                    agg_result_29|         array|
|agg_result_29_d0        |  out|   64|   ap_memory|                                                    agg_result_29|         array|
|agg_result_29_address1  |  out|    3|   ap_memory|                                                    agg_result_29|         array|
|agg_result_29_ce1       |  out|    1|   ap_memory|                                                    agg_result_29|         array|
|agg_result_29_q1        |   in|   64|   ap_memory|                                                    agg_result_29|         array|
|agg_result_30_address0  |  out|    3|   ap_memory|                                                    agg_result_30|         array|
|agg_result_30_ce0       |  out|    1|   ap_memory|                                                    agg_result_30|         array|
|agg_result_30_we0       |  out|    1|   ap_memory|                                                    agg_result_30|         array|
|agg_result_30_d0        |  out|   64|   ap_memory|                                                    agg_result_30|         array|
|agg_result_30_address1  |  out|    3|   ap_memory|                                                    agg_result_30|         array|
|agg_result_30_ce1       |  out|    1|   ap_memory|                                                    agg_result_30|         array|
|agg_result_30_q1        |   in|   64|   ap_memory|                                                    agg_result_30|         array|
|agg_result_31_address0  |  out|    3|   ap_memory|                                                    agg_result_31|         array|
|agg_result_31_ce0       |  out|    1|   ap_memory|                                                    agg_result_31|         array|
|agg_result_31_we0       |  out|    1|   ap_memory|                                                    agg_result_31|         array|
|agg_result_31_d0        |  out|   64|   ap_memory|                                                    agg_result_31|         array|
|agg_result_31_address1  |  out|    3|   ap_memory|                                                    agg_result_31|         array|
|agg_result_31_ce1       |  out|    1|   ap_memory|                                                    agg_result_31|         array|
|agg_result_31_q1        |   in|   64|   ap_memory|                                                    agg_result_31|         array|
|agg_result_32_address0  |  out|    3|   ap_memory|                                                    agg_result_32|         array|
|agg_result_32_ce0       |  out|    1|   ap_memory|                                                    agg_result_32|         array|
|agg_result_32_we0       |  out|    1|   ap_memory|                                                    agg_result_32|         array|
|agg_result_32_d0        |  out|   64|   ap_memory|                                                    agg_result_32|         array|
|agg_result_32_address1  |  out|    3|   ap_memory|                                                    agg_result_32|         array|
|agg_result_32_ce1       |  out|    1|   ap_memory|                                                    agg_result_32|         array|
|agg_result_32_q1        |   in|   64|   ap_memory|                                                    agg_result_32|         array|
|agg_result_33_address0  |  out|    3|   ap_memory|                                                    agg_result_33|         array|
|agg_result_33_ce0       |  out|    1|   ap_memory|                                                    agg_result_33|         array|
|agg_result_33_we0       |  out|    1|   ap_memory|                                                    agg_result_33|         array|
|agg_result_33_d0        |  out|   64|   ap_memory|                                                    agg_result_33|         array|
|agg_result_33_address1  |  out|    3|   ap_memory|                                                    agg_result_33|         array|
|agg_result_33_ce1       |  out|    1|   ap_memory|                                                    agg_result_33|         array|
|agg_result_33_q1        |   in|   64|   ap_memory|                                                    agg_result_33|         array|
|agg_result_34_address0  |  out|    3|   ap_memory|                                                    agg_result_34|         array|
|agg_result_34_ce0       |  out|    1|   ap_memory|                                                    agg_result_34|         array|
|agg_result_34_we0       |  out|    1|   ap_memory|                                                    agg_result_34|         array|
|agg_result_34_d0        |  out|   64|   ap_memory|                                                    agg_result_34|         array|
|agg_result_34_address1  |  out|    3|   ap_memory|                                                    agg_result_34|         array|
|agg_result_34_ce1       |  out|    1|   ap_memory|                                                    agg_result_34|         array|
|agg_result_34_q1        |   in|   64|   ap_memory|                                                    agg_result_34|         array|
|agg_result_35_address0  |  out|    3|   ap_memory|                                                    agg_result_35|         array|
|agg_result_35_ce0       |  out|    1|   ap_memory|                                                    agg_result_35|         array|
|agg_result_35_we0       |  out|    1|   ap_memory|                                                    agg_result_35|         array|
|agg_result_35_d0        |  out|   64|   ap_memory|                                                    agg_result_35|         array|
|agg_result_35_address1  |  out|    3|   ap_memory|                                                    agg_result_35|         array|
|agg_result_35_ce1       |  out|    1|   ap_memory|                                                    agg_result_35|         array|
|agg_result_35_q1        |   in|   64|   ap_memory|                                                    agg_result_35|         array|
|agg_result_36_address0  |  out|    3|   ap_memory|                                                    agg_result_36|         array|
|agg_result_36_ce0       |  out|    1|   ap_memory|                                                    agg_result_36|         array|
|agg_result_36_we0       |  out|    1|   ap_memory|                                                    agg_result_36|         array|
|agg_result_36_d0        |  out|   64|   ap_memory|                                                    agg_result_36|         array|
|agg_result_36_address1  |  out|    3|   ap_memory|                                                    agg_result_36|         array|
|agg_result_36_ce1       |  out|    1|   ap_memory|                                                    agg_result_36|         array|
|agg_result_36_q1        |   in|   64|   ap_memory|                                                    agg_result_36|         array|
|agg_result_37_address0  |  out|    3|   ap_memory|                                                    agg_result_37|         array|
|agg_result_37_ce0       |  out|    1|   ap_memory|                                                    agg_result_37|         array|
|agg_result_37_we0       |  out|    1|   ap_memory|                                                    agg_result_37|         array|
|agg_result_37_d0        |  out|   64|   ap_memory|                                                    agg_result_37|         array|
|agg_result_37_address1  |  out|    3|   ap_memory|                                                    agg_result_37|         array|
|agg_result_37_ce1       |  out|    1|   ap_memory|                                                    agg_result_37|         array|
|agg_result_37_q1        |   in|   64|   ap_memory|                                                    agg_result_37|         array|
|agg_result_38_address0  |  out|    3|   ap_memory|                                                    agg_result_38|         array|
|agg_result_38_ce0       |  out|    1|   ap_memory|                                                    agg_result_38|         array|
|agg_result_38_we0       |  out|    1|   ap_memory|                                                    agg_result_38|         array|
|agg_result_38_d0        |  out|   64|   ap_memory|                                                    agg_result_38|         array|
|agg_result_38_address1  |  out|    3|   ap_memory|                                                    agg_result_38|         array|
|agg_result_38_ce1       |  out|    1|   ap_memory|                                                    agg_result_38|         array|
|agg_result_38_q1        |   in|   64|   ap_memory|                                                    agg_result_38|         array|
|agg_result_39_address0  |  out|    3|   ap_memory|                                                    agg_result_39|         array|
|agg_result_39_ce0       |  out|    1|   ap_memory|                                                    agg_result_39|         array|
|agg_result_39_we0       |  out|    1|   ap_memory|                                                    agg_result_39|         array|
|agg_result_39_d0        |  out|   64|   ap_memory|                                                    agg_result_39|         array|
|agg_result_39_address1  |  out|    3|   ap_memory|                                                    agg_result_39|         array|
|agg_result_39_ce1       |  out|    1|   ap_memory|                                                    agg_result_39|         array|
|agg_result_39_q1        |   in|   64|   ap_memory|                                                    agg_result_39|         array|
|agg_result_40_address0  |  out|    3|   ap_memory|                                                    agg_result_40|         array|
|agg_result_40_ce0       |  out|    1|   ap_memory|                                                    agg_result_40|         array|
|agg_result_40_we0       |  out|    1|   ap_memory|                                                    agg_result_40|         array|
|agg_result_40_d0        |  out|   64|   ap_memory|                                                    agg_result_40|         array|
|agg_result_40_address1  |  out|    3|   ap_memory|                                                    agg_result_40|         array|
|agg_result_40_ce1       |  out|    1|   ap_memory|                                                    agg_result_40|         array|
|agg_result_40_q1        |   in|   64|   ap_memory|                                                    agg_result_40|         array|
|agg_result_41_address0  |  out|    3|   ap_memory|                                                    agg_result_41|         array|
|agg_result_41_ce0       |  out|    1|   ap_memory|                                                    agg_result_41|         array|
|agg_result_41_we0       |  out|    1|   ap_memory|                                                    agg_result_41|         array|
|agg_result_41_d0        |  out|   64|   ap_memory|                                                    agg_result_41|         array|
|agg_result_41_address1  |  out|    3|   ap_memory|                                                    agg_result_41|         array|
|agg_result_41_ce1       |  out|    1|   ap_memory|                                                    agg_result_41|         array|
|agg_result_41_q1        |   in|   64|   ap_memory|                                                    agg_result_41|         array|
|agg_result_42_address0  |  out|    3|   ap_memory|                                                    agg_result_42|         array|
|agg_result_42_ce0       |  out|    1|   ap_memory|                                                    agg_result_42|         array|
|agg_result_42_we0       |  out|    1|   ap_memory|                                                    agg_result_42|         array|
|agg_result_42_d0        |  out|   64|   ap_memory|                                                    agg_result_42|         array|
|agg_result_42_address1  |  out|    3|   ap_memory|                                                    agg_result_42|         array|
|agg_result_42_ce1       |  out|    1|   ap_memory|                                                    agg_result_42|         array|
|agg_result_42_q1        |   in|   64|   ap_memory|                                                    agg_result_42|         array|
|agg_result_43_address0  |  out|    3|   ap_memory|                                                    agg_result_43|         array|
|agg_result_43_ce0       |  out|    1|   ap_memory|                                                    agg_result_43|         array|
|agg_result_43_we0       |  out|    1|   ap_memory|                                                    agg_result_43|         array|
|agg_result_43_d0        |  out|   64|   ap_memory|                                                    agg_result_43|         array|
|agg_result_43_address1  |  out|    3|   ap_memory|                                                    agg_result_43|         array|
|agg_result_43_ce1       |  out|    1|   ap_memory|                                                    agg_result_43|         array|
|agg_result_43_q1        |   in|   64|   ap_memory|                                                    agg_result_43|         array|
|agg_result_44_address0  |  out|    3|   ap_memory|                                                    agg_result_44|         array|
|agg_result_44_ce0       |  out|    1|   ap_memory|                                                    agg_result_44|         array|
|agg_result_44_we0       |  out|    1|   ap_memory|                                                    agg_result_44|         array|
|agg_result_44_d0        |  out|   64|   ap_memory|                                                    agg_result_44|         array|
|agg_result_44_address1  |  out|    3|   ap_memory|                                                    agg_result_44|         array|
|agg_result_44_ce1       |  out|    1|   ap_memory|                                                    agg_result_44|         array|
|agg_result_44_q1        |   in|   64|   ap_memory|                                                    agg_result_44|         array|
|agg_result_45_address0  |  out|    3|   ap_memory|                                                    agg_result_45|         array|
|agg_result_45_ce0       |  out|    1|   ap_memory|                                                    agg_result_45|         array|
|agg_result_45_we0       |  out|    1|   ap_memory|                                                    agg_result_45|         array|
|agg_result_45_d0        |  out|   64|   ap_memory|                                                    agg_result_45|         array|
|agg_result_45_address1  |  out|    3|   ap_memory|                                                    agg_result_45|         array|
|agg_result_45_ce1       |  out|    1|   ap_memory|                                                    agg_result_45|         array|
|agg_result_45_q1        |   in|   64|   ap_memory|                                                    agg_result_45|         array|
|agg_result_46_address0  |  out|    3|   ap_memory|                                                    agg_result_46|         array|
|agg_result_46_ce0       |  out|    1|   ap_memory|                                                    agg_result_46|         array|
|agg_result_46_we0       |  out|    1|   ap_memory|                                                    agg_result_46|         array|
|agg_result_46_d0        |  out|   64|   ap_memory|                                                    agg_result_46|         array|
|agg_result_46_address1  |  out|    3|   ap_memory|                                                    agg_result_46|         array|
|agg_result_46_ce1       |  out|    1|   ap_memory|                                                    agg_result_46|         array|
|agg_result_46_q1        |   in|   64|   ap_memory|                                                    agg_result_46|         array|
|agg_result_47_address0  |  out|    3|   ap_memory|                                                    agg_result_47|         array|
|agg_result_47_ce0       |  out|    1|   ap_memory|                                                    agg_result_47|         array|
|agg_result_47_we0       |  out|    1|   ap_memory|                                                    agg_result_47|         array|
|agg_result_47_d0        |  out|   64|   ap_memory|                                                    agg_result_47|         array|
|agg_result_47_address1  |  out|    3|   ap_memory|                                                    agg_result_47|         array|
|agg_result_47_ce1       |  out|    1|   ap_memory|                                                    agg_result_47|         array|
|agg_result_47_q1        |   in|   64|   ap_memory|                                                    agg_result_47|         array|
|agg_result_48_address0  |  out|    3|   ap_memory|                                                    agg_result_48|         array|
|agg_result_48_ce0       |  out|    1|   ap_memory|                                                    agg_result_48|         array|
|agg_result_48_we0       |  out|    1|   ap_memory|                                                    agg_result_48|         array|
|agg_result_48_d0        |  out|   64|   ap_memory|                                                    agg_result_48|         array|
|agg_result_48_address1  |  out|    3|   ap_memory|                                                    agg_result_48|         array|
|agg_result_48_ce1       |  out|    1|   ap_memory|                                                    agg_result_48|         array|
|agg_result_48_q1        |   in|   64|   ap_memory|                                                    agg_result_48|         array|
|agg_result_49_address0  |  out|    3|   ap_memory|                                                    agg_result_49|         array|
|agg_result_49_ce0       |  out|    1|   ap_memory|                                                    agg_result_49|         array|
|agg_result_49_we0       |  out|    1|   ap_memory|                                                    agg_result_49|         array|
|agg_result_49_d0        |  out|   64|   ap_memory|                                                    agg_result_49|         array|
|agg_result_49_address1  |  out|    3|   ap_memory|                                                    agg_result_49|         array|
|agg_result_49_ce1       |  out|    1|   ap_memory|                                                    agg_result_49|         array|
|agg_result_49_q1        |   in|   64|   ap_memory|                                                    agg_result_49|         array|
|agg_result_50_address0  |  out|    3|   ap_memory|                                                    agg_result_50|         array|
|agg_result_50_ce0       |  out|    1|   ap_memory|                                                    agg_result_50|         array|
|agg_result_50_we0       |  out|    1|   ap_memory|                                                    agg_result_50|         array|
|agg_result_50_d0        |  out|   64|   ap_memory|                                                    agg_result_50|         array|
|agg_result_50_address1  |  out|    3|   ap_memory|                                                    agg_result_50|         array|
|agg_result_50_ce1       |  out|    1|   ap_memory|                                                    agg_result_50|         array|
|agg_result_50_q1        |   in|   64|   ap_memory|                                                    agg_result_50|         array|
|agg_result_51_address0  |  out|    3|   ap_memory|                                                    agg_result_51|         array|
|agg_result_51_ce0       |  out|    1|   ap_memory|                                                    agg_result_51|         array|
|agg_result_51_we0       |  out|    1|   ap_memory|                                                    agg_result_51|         array|
|agg_result_51_d0        |  out|   64|   ap_memory|                                                    agg_result_51|         array|
|agg_result_51_address1  |  out|    3|   ap_memory|                                                    agg_result_51|         array|
|agg_result_51_ce1       |  out|    1|   ap_memory|                                                    agg_result_51|         array|
|agg_result_51_q1        |   in|   64|   ap_memory|                                                    agg_result_51|         array|
|agg_result_52_address0  |  out|    3|   ap_memory|                                                    agg_result_52|         array|
|agg_result_52_ce0       |  out|    1|   ap_memory|                                                    agg_result_52|         array|
|agg_result_52_we0       |  out|    1|   ap_memory|                                                    agg_result_52|         array|
|agg_result_52_d0        |  out|   64|   ap_memory|                                                    agg_result_52|         array|
|agg_result_52_address1  |  out|    3|   ap_memory|                                                    agg_result_52|         array|
|agg_result_52_ce1       |  out|    1|   ap_memory|                                                    agg_result_52|         array|
|agg_result_52_q1        |   in|   64|   ap_memory|                                                    agg_result_52|         array|
|agg_result_53_address0  |  out|    3|   ap_memory|                                                    agg_result_53|         array|
|agg_result_53_ce0       |  out|    1|   ap_memory|                                                    agg_result_53|         array|
|agg_result_53_we0       |  out|    1|   ap_memory|                                                    agg_result_53|         array|
|agg_result_53_d0        |  out|   64|   ap_memory|                                                    agg_result_53|         array|
|agg_result_53_address1  |  out|    3|   ap_memory|                                                    agg_result_53|         array|
|agg_result_53_ce1       |  out|    1|   ap_memory|                                                    agg_result_53|         array|
|agg_result_53_q1        |   in|   64|   ap_memory|                                                    agg_result_53|         array|
|agg_result_54_address0  |  out|    3|   ap_memory|                                                    agg_result_54|         array|
|agg_result_54_ce0       |  out|    1|   ap_memory|                                                    agg_result_54|         array|
|agg_result_54_we0       |  out|    1|   ap_memory|                                                    agg_result_54|         array|
|agg_result_54_d0        |  out|   64|   ap_memory|                                                    agg_result_54|         array|
|agg_result_54_address1  |  out|    3|   ap_memory|                                                    agg_result_54|         array|
|agg_result_54_ce1       |  out|    1|   ap_memory|                                                    agg_result_54|         array|
|agg_result_54_q1        |   in|   64|   ap_memory|                                                    agg_result_54|         array|
|agg_result_55_address0  |  out|    3|   ap_memory|                                                    agg_result_55|         array|
|agg_result_55_ce0       |  out|    1|   ap_memory|                                                    agg_result_55|         array|
|agg_result_55_we0       |  out|    1|   ap_memory|                                                    agg_result_55|         array|
|agg_result_55_d0        |  out|   64|   ap_memory|                                                    agg_result_55|         array|
|agg_result_55_address1  |  out|    3|   ap_memory|                                                    agg_result_55|         array|
|agg_result_55_ce1       |  out|    1|   ap_memory|                                                    agg_result_55|         array|
|agg_result_55_q1        |   in|   64|   ap_memory|                                                    agg_result_55|         array|
|agg_result_56_address0  |  out|    3|   ap_memory|                                                    agg_result_56|         array|
|agg_result_56_ce0       |  out|    1|   ap_memory|                                                    agg_result_56|         array|
|agg_result_56_we0       |  out|    1|   ap_memory|                                                    agg_result_56|         array|
|agg_result_56_d0        |  out|   64|   ap_memory|                                                    agg_result_56|         array|
|agg_result_56_address1  |  out|    3|   ap_memory|                                                    agg_result_56|         array|
|agg_result_56_ce1       |  out|    1|   ap_memory|                                                    agg_result_56|         array|
|agg_result_56_q1        |   in|   64|   ap_memory|                                                    agg_result_56|         array|
|agg_result_57_address0  |  out|    3|   ap_memory|                                                    agg_result_57|         array|
|agg_result_57_ce0       |  out|    1|   ap_memory|                                                    agg_result_57|         array|
|agg_result_57_we0       |  out|    1|   ap_memory|                                                    agg_result_57|         array|
|agg_result_57_d0        |  out|   64|   ap_memory|                                                    agg_result_57|         array|
|agg_result_57_address1  |  out|    3|   ap_memory|                                                    agg_result_57|         array|
|agg_result_57_ce1       |  out|    1|   ap_memory|                                                    agg_result_57|         array|
|agg_result_57_q1        |   in|   64|   ap_memory|                                                    agg_result_57|         array|
|agg_result_58_address0  |  out|    3|   ap_memory|                                                    agg_result_58|         array|
|agg_result_58_ce0       |  out|    1|   ap_memory|                                                    agg_result_58|         array|
|agg_result_58_we0       |  out|    1|   ap_memory|                                                    agg_result_58|         array|
|agg_result_58_d0        |  out|   64|   ap_memory|                                                    agg_result_58|         array|
|agg_result_58_address1  |  out|    3|   ap_memory|                                                    agg_result_58|         array|
|agg_result_58_ce1       |  out|    1|   ap_memory|                                                    agg_result_58|         array|
|agg_result_58_q1        |   in|   64|   ap_memory|                                                    agg_result_58|         array|
|agg_result_59_address0  |  out|    3|   ap_memory|                                                    agg_result_59|         array|
|agg_result_59_ce0       |  out|    1|   ap_memory|                                                    agg_result_59|         array|
|agg_result_59_we0       |  out|    1|   ap_memory|                                                    agg_result_59|         array|
|agg_result_59_d0        |  out|   64|   ap_memory|                                                    agg_result_59|         array|
|agg_result_59_address1  |  out|    3|   ap_memory|                                                    agg_result_59|         array|
|agg_result_59_ce1       |  out|    1|   ap_memory|                                                    agg_result_59|         array|
|agg_result_59_q1        |   in|   64|   ap_memory|                                                    agg_result_59|         array|
|agg_result_60_address0  |  out|    3|   ap_memory|                                                    agg_result_60|         array|
|agg_result_60_ce0       |  out|    1|   ap_memory|                                                    agg_result_60|         array|
|agg_result_60_we0       |  out|    1|   ap_memory|                                                    agg_result_60|         array|
|agg_result_60_d0        |  out|   64|   ap_memory|                                                    agg_result_60|         array|
|agg_result_60_address1  |  out|    3|   ap_memory|                                                    agg_result_60|         array|
|agg_result_60_ce1       |  out|    1|   ap_memory|                                                    agg_result_60|         array|
|agg_result_60_q1        |   in|   64|   ap_memory|                                                    agg_result_60|         array|
|agg_result_61_address0  |  out|    3|   ap_memory|                                                    agg_result_61|         array|
|agg_result_61_ce0       |  out|    1|   ap_memory|                                                    agg_result_61|         array|
|agg_result_61_we0       |  out|    1|   ap_memory|                                                    agg_result_61|         array|
|agg_result_61_d0        |  out|   64|   ap_memory|                                                    agg_result_61|         array|
|agg_result_61_address1  |  out|    3|   ap_memory|                                                    agg_result_61|         array|
|agg_result_61_ce1       |  out|    1|   ap_memory|                                                    agg_result_61|         array|
|agg_result_61_q1        |   in|   64|   ap_memory|                                                    agg_result_61|         array|
|agg_result_62_address0  |  out|    3|   ap_memory|                                                    agg_result_62|         array|
|agg_result_62_ce0       |  out|    1|   ap_memory|                                                    agg_result_62|         array|
|agg_result_62_we0       |  out|    1|   ap_memory|                                                    agg_result_62|         array|
|agg_result_62_d0        |  out|   64|   ap_memory|                                                    agg_result_62|         array|
|agg_result_62_address1  |  out|    3|   ap_memory|                                                    agg_result_62|         array|
|agg_result_62_ce1       |  out|    1|   ap_memory|                                                    agg_result_62|         array|
|agg_result_62_q1        |   in|   64|   ap_memory|                                                    agg_result_62|         array|
|agg_result_63_address0  |  out|    3|   ap_memory|                                                    agg_result_63|         array|
|agg_result_63_ce0       |  out|    1|   ap_memory|                                                    agg_result_63|         array|
|agg_result_63_we0       |  out|    1|   ap_memory|                                                    agg_result_63|         array|
|agg_result_63_d0        |  out|   64|   ap_memory|                                                    agg_result_63|         array|
|agg_result_63_address1  |  out|    3|   ap_memory|                                                    agg_result_63|         array|
|agg_result_63_ce1       |  out|    1|   ap_memory|                                                    agg_result_63|         array|
|agg_result_63_q1        |   in|   64|   ap_memory|                                                    agg_result_63|         array|
|B_0_address0            |  out|    6|   ap_memory|                                                              B_0|         array|
|B_0_ce0                 |  out|    1|   ap_memory|                                                              B_0|         array|
|B_0_q0                  |   in|   64|   ap_memory|                                                              B_0|         array|
+------------------------+-----+-----+------------+-----------------------------------------------------------------+--------------+

