02/18/25 14:04:16: Running xcd server. This server was NOT built by gradle, but presumably rdi.
02/18/25 14:04:16: Server was asked to start on port: '50724'
02/18/25 14:04:16: Server is using token UUID: '0bde8ca7-c671-4b59-9cd2-546078f4df85'
02/18/25 14:04:16: SESSION_MGR: creating session with session uuid: '6d04a3e9-ade5-4ab9-8d63-1f78fcd2ec76' and name 'default'
02/18/25 14:04:16: Attempting to start server on port '50724'
02/18/25 14:04:16: Running Dispatch Server
02/18/25 14:04:16: Version 2.2.0
02/18/25 14:04:17: Dispatch Server: Accepted socket connection from client
02/18/25 14:04:17: Starting Socket connection
02/18/25 14:04:17: EXCHANGE_TOKEN received, server token: 0bde8ca7-c671-4b59-9cd2-546078f4df85, passed token: 0bde8ca7-c671-4b59-9cd2-546078f4df85
02/18/25 14:04:17: DISPATCH_HANDLER: Adding handler from function makeHandler in library librdi_system_diagram failed with exception: Could not dynamically load librdi_system_diagram.dll
02/18/25 14:04:17: SESSION_MGR: creating session with session uuid: '984251e7-e666-413c-a140-27b5f705e638' and name 'vitis-run_compile_accelerator'
02/18/25 14:04:17: KERNEL_SVC: creating session with uuid: '984251e7-e666-413c-a140-27b5f705e638' and name 'vitis-run_compile_accelerator'
02/18/25 14:04:17: GUIDANCE_SMGR: creating guidance session with uuid: '984251e7-e666-413c-a140-27b5f705e638' and name 'vitis-run_compile_accelerator'
02/18/25 14:04:42: Dispatch Server: Accepted socket connection from client
02/18/25 14:04:42: Starting Socket connection
02/18/25 14:04:58: SESSION_MGR: closing session for UUID '984251e7-e666-413c-a140-27b5f705e638' with name 'vitis-run_compile_accelerator'
02/18/25 14:04:58: KERNEL_SVC: closing session for UUID '984251e7-e666-413c-a140-27b5f705e638' with name 'vitis-run_compile_accelerator'
02/18/25 14:04:58: GUIDANCE_SMGR: closing session for UUID '984251e7-e666-413c-a140-27b5f705e638' with name 'vitis-run_compile_accelerator'
02/18/25 14:04:58: STOP_SERVER received, server token: 0bde8ca7-c671-4b59-9cd2-546078f4df85, passed token: 0bde8ca7-c671-4b59-9cd2-546078f4df85
02/18/25 14:04:58: Socket received request to stop server.
02/18/25 14:04:58: Dispatch Server: do_await_stop
02/18/25 14:04:58: SERVER: destructor for server bound to port 50724
02/18/25 14:04:58: Server exiting with status 0.
02/18/25 14:04:58: Closing log file.
