

================================================================
== Vitis HLS Report for 'backProp_64_8_4_Pipeline_VITIS_LOOP_71_1_VITIS_LOOP_74_3'
================================================================
* Date:           Sat Apr 12 12:19:12 2025

* Version:        2024.1 (Build 5069499 on May 21 2024)
* Project:        top
* Solution:       hls (Vivado IP Flow Target)
* Product family: zynquplus
* Target device:  xczu3eg-sfvc784-1-e


================================================================
== Performance Estimates
================================================================
+ Timing: 
    * Summary: 
    +--------+----------+----------+------------+
    |  Clock |  Target  | Estimated| Uncertainty|
    +--------+----------+----------+------------+
    |ap_clk  |  10.00 ns|  6.460 ns|     2.00 ns|
    +--------+----------+----------+------------+

+ Latency: 
    * Summary: 
    +---------+---------+----------+----------+-----+-----+-----------------------------------------------+
    |  Latency (cycles) |  Latency (absolute) |  Interval |                    Pipeline                   |
    |   min   |   max   |    min   |    max   | min | max |                      Type                     |
    +---------+---------+----------+----------+-----+-----+-----------------------------------------------+
    |       66|       66|  0.660 us|  0.660 us|   65|   65|  loop auto-rewind stp(delay=0 clock cycles(s))|
    +---------+---------+----------+----------+-----+-----+-----------------------------------------------+

    + Detail: 
        * Instance: 
        N/A

        * Loop: 
        +-----------------------------------+---------+---------+----------+-----------+-----------+------+----------+
        |                                   |  Latency (cycles) | Iteration|  Initiation Interval  | Trip |          |
        |             Loop Name             |   min   |   max   |  Latency |  achieved |   target  | Count| Pipelined|
        +-----------------------------------+---------+---------+----------+-----------+-----------+------+----------+
        |- VITIS_LOOP_71_1_VITIS_LOOP_74_3  |       64|       64|         2|          2|        100|    32|       yes|
        +-----------------------------------+---------+---------+----------+-----------+-----------+------+----------+



================================================================
== Utilization Estimates
================================================================
* Summary: 
+-----------------+---------+-----+--------+-------+-----+
|       Name      | BRAM_18K| DSP |   FF   |  LUT  | URAM|
+-----------------+---------+-----+--------+-------+-----+
|DSP              |        -|    -|       -|      -|    -|
|Expression       |        -|    -|       0|    116|    -|
|FIFO             |        -|    -|       -|      -|    -|
|Instance         |        -|    3|       0|     46|    -|
|Memory           |        -|    -|       -|      -|    -|
|Multiplexer      |        -|    -|       0|     86|    -|
|Register         |        -|    -|      80|      -|    -|
+-----------------+---------+-----+--------+-------+-----+
|Total            |        0|    3|      80|    248|    0|
+-----------------+---------+-----+--------+-------+-----+
|Available        |      432|  360|  141120|  70560|    0|
+-----------------+---------+-----+--------+-------+-----+
|Utilization (%)  |        0|   ~0|      ~0|     ~0|    0|
+-----------------+---------+-----+--------+-------+-----+

+ Detail: 
    * Instance: 
    +---------------------------+----------------------+---------+----+---+----+-----+
    |          Instance         |        Module        | BRAM_18K| DSP| FF| LUT| URAM|
    +---------------------------+----------------------+---------+----+---+----+-----+
    |add_42ns_42ns_42_1_1_U559  |add_42ns_42ns_42_1_1  |        0|   1|  0|   0|    0|
    |mul_25s_25s_50_1_1_U557    |mul_25s_25s_50_1_1    |        0|   2|  0|  26|    0|
    |sparsemux_9_2_25_1_1_U558  |sparsemux_9_2_25_1_1  |        0|   0|  0|  20|    0|
    +---------------------------+----------------------+---------+----+---+----+-----+
    |Total                      |                      |        0|   3|  0|  46|    0|
    +---------------------------+----------------------+---------+----+---+----+-----+

    * DSP: 
    N/A

    * Memory: 
    N/A

    * FIFO: 
    N/A

    * Expression: 
    +--------------------------+----------+----+---+----+------------+------------+
    |       Variable Name      | Operation| DSP| FF| LUT| Bitwidth P0| Bitwidth P1|
    +--------------------------+----------+----+---+----+------------+------------+
    |add_ln71_fu_191_p2        |         +|   0|  0|  13|           6|           1|
    |add_ln79_2_fu_247_p2      |         +|   0|  0|  12|           5|           5|
    |i_fu_203_p2               |         +|   0|  0|  12|           4|           1|
    |k_7_fu_338_p2             |         +|   0|  0|  10|           3|           1|
    |icmp_ln71_fu_185_p2       |      icmp|   0|  0|  14|           6|           7|
    |icmp_ln74_6_fu_343_p2     |      icmp|   0|  0|  12|           3|           4|
    |icmp_ln74_fu_209_p2       |      icmp|   0|  0|  12|           3|           4|
    |select_ln71_11_fu_223_p3  |    select|   0|  0|   4|           1|           4|
    |select_ln71_12_fu_302_p3  |    select|   0|  0|  24|           1|           1|
    |select_ln71_fu_215_p3     |    select|   0|  0|   3|           1|           1|
    +--------------------------+----------+----+---+----+------------+------------+
    |Total                     |          |   0|  0| 116|          33|          29|
    +--------------------------+----------+----+---+----+------------+------------+

    * Multiplexer: 
    +---------------------------------------+----+-----------+-----+-----------+
    |                  Name                 | LUT| Input Size| Bits| Total Bits|
    +---------------------------------------+----+-----------+-----+-----------+
    |ap_NS_fsm                              |  14|          3|    1|          3|
    |ap_done_int                            |   9|          2|    1|          2|
    |ap_sig_allocacmp_i_30_load             |   9|          2|    4|          8|
    |ap_sig_allocacmp_indvar_flatten6_load  |   9|          2|    6|         12|
    |ap_sig_allocacmp_k_load                |   9|          2|    3|          6|
    |i_30_fu_100                            |   9|          2|    4|          8|
    |indvar_flatten6_fu_104                 |   9|          2|    6|         12|
    |k_fu_96                                |   9|          2|    3|          6|
    |temp_fu_92                             |   9|          2|   25|         50|
    +---------------------------------------+----+-----------+-----+-----------+
    |Total                                  |  86|         19|   53|        107|
    +---------------------------------------+----+-----------+-----+-----------+

    * Register: 
    +------------------------+----+----+-----+-----------+
    |          Name          | FF | LUT| Bits| Const Bits|
    +------------------------+----+----+-----+-----------+
    |add_ln71_reg_398        |   6|   0|    6|          0|
    |ap_CS_fsm               |   2|   0|    2|          0|
    |ap_done_reg             |   1|   0|    1|          0|
    |i_30_fu_100             |   4|   0|    4|          0|
    |icmp_ln74_reg_403       |   1|   0|    1|          0|
    |indvar_flatten6_fu_104  |   6|   0|    6|          0|
    |k_fu_96                 |   3|   0|    3|          0|
    |select_ln71_11_reg_413  |   4|   0|    4|          0|
    |select_ln71_reg_408     |   3|   0|    3|          0|
    |temp_fu_92              |  25|   0|   25|          0|
    |tmp_s_reg_424           |  25|   0|   25|          0|
    +------------------------+----+----+-----+-----------+
    |Total                   |  80|   0|   80|          0|
    +------------------------+----+----+-----+-----------+



================================================================
== Interface
================================================================
* Summary: 
+-----------------------+-----+-----+------------+-------------------------------------------------------------+--------------+
|       RTL Ports       | Dir | Bits|  Protocol  |                        Source Object                        |    C Type    |
+-----------------------+-----+-----+------------+-------------------------------------------------------------+--------------+
|ap_clk                 |   in|    1|  ap_ctrl_hs|  backProp<64, 8, 4>_Pipeline_VITIS_LOOP_71_1_VITIS_LOOP_74_3|  return value|
|ap_rst                 |   in|    1|  ap_ctrl_hs|  backProp<64, 8, 4>_Pipeline_VITIS_LOOP_71_1_VITIS_LOOP_74_3|  return value|
|ap_start               |   in|    1|  ap_ctrl_hs|  backProp<64, 8, 4>_Pipeline_VITIS_LOOP_71_1_VITIS_LOOP_74_3|  return value|
|ap_done                |  out|    1|  ap_ctrl_hs|  backProp<64, 8, 4>_Pipeline_VITIS_LOOP_71_1_VITIS_LOOP_74_3|  return value|
|ap_idle                |  out|    1|  ap_ctrl_hs|  backProp<64, 8, 4>_Pipeline_VITIS_LOOP_71_1_VITIS_LOOP_74_3|  return value|
|ap_ready               |  out|    1|  ap_ctrl_hs|  backProp<64, 8, 4>_Pipeline_VITIS_LOOP_71_1_VITIS_LOOP_74_3|  return value|
|w_l_plus1_T_address0   |  out|    5|   ap_memory|                                                  w_l_plus1_T|         array|
|w_l_plus1_T_ce0        |  out|    1|   ap_memory|                                                  w_l_plus1_T|         array|
|w_l_plus1_T_q0         |   in|   25|   ap_memory|                                                  w_l_plus1_T|         array|
|p_read                 |   in|   25|     ap_none|                                                       p_read|        scalar|
|p_read1                |   in|   25|     ap_none|                                                      p_read1|        scalar|
|p_read2                |   in|   25|     ap_none|                                                      p_read2|        scalar|
|p_read3                |   in|   25|     ap_none|                                                      p_read3|        scalar|
|agg_result_0_address0  |  out|    3|   ap_memory|                                                 agg_result_0|         array|
|agg_result_0_ce0       |  out|    1|   ap_memory|                                                 agg_result_0|         array|
|agg_result_0_we0       |  out|    1|   ap_memory|                                                 agg_result_0|         array|
|agg_result_0_d0        |  out|   25|   ap_memory|                                                 agg_result_0|         array|
+-----------------------+-----+-----+------------+-------------------------------------------------------------+--------------+

