

================================================================
== Vitis HLS Report for 'backProp_64_8_4_s'
================================================================
* Date:           Sat Apr 12 12:19:13 2025

* Version:        2024.1 (Build 5069499 on May 21 2024)
* Project:        top
* Solution:       hls (Vivado IP Flow Target)
* Product family: zynquplus
* Target device:  xczu3eg-sfvc784-1-e


================================================================
== Performance Estimates
================================================================
+ Timing: 
    * Summary: 
    +--------+----------+----------+------------+
    |  Clock |  Target  | Estimated| Uncertainty|
    +--------+----------+----------+------------+
    |ap_clk  |  10.00 ns|  7.438 ns|     2.00 ns|
    +--------+----------+----------+------------+

+ Latency: 
    * Summary: 
    +---------+---------+-----------+-----------+------+------+---------+
    |  Latency (cycles) |   Latency (absolute)  |   Interval  | Pipeline|
    |   min   |   max   |    min    |    max    |  min |  max |   Type  |
    +---------+---------+-----------+-----------+------+------+---------+
    |     1123|     1123|  11.230 us|  11.230 us|  1123|  1123|       no|
    +---------+---------+-----------+-----------+------+------+---------+

    + Detail: 
        * Instance: 
        +----------------------------------------------------------------------+-----------------------------------------------------------+---------+---------+-----------+-----------+------+------+-----------------------------------------------+
        |                                                                      |                                                           |  Latency (cycles) |   Latency (absolute)  |   Interval  |                    Pipeline                   |
        |                               Instance                               |                           Module                          |   min   |   max   |    min    |    max    |  min |  max |                      Type                     |
        +----------------------------------------------------------------------+-----------------------------------------------------------+---------+---------+-----------+-----------+------+------+-----------------------------------------------+
        |grp_backProp_64_8_4_Pipeline_VITIS_LOOP_44_1_VITIS_LOOP_45_2_fu_467   |backProp_64_8_4_Pipeline_VITIS_LOOP_44_1_VITIS_LOOP_45_2   |       34|       34|   0.340 us|   0.340 us|    33|    33|  loop auto-rewind stp(delay=0 clock cycles(s))|
        |grp_backProp_64_8_4_Pipeline_VITIS_LOOP_71_1_VITIS_LOOP_74_34_fu_488  |backProp_64_8_4_Pipeline_VITIS_LOOP_71_1_VITIS_LOOP_74_34  |     1026|     1026|  10.260 us|  10.260 us|  1025|  1025|  loop auto-rewind stp(delay=0 clock cycles(s))|
        |grp_backProp_64_8_4_Pipeline_VITIS_LOOP_71_1_VITIS_LOOP_74_3_fu_623   |backProp_64_8_4_Pipeline_VITIS_LOOP_71_1_VITIS_LOOP_74_3   |       66|       66|   0.660 us|   0.660 us|    65|    65|  loop auto-rewind stp(delay=0 clock cycles(s))|
        |grp_backProp_64_8_4_Pipeline_VITIS_LOOP_190_1_fu_638                  |backProp_64_8_4_Pipeline_VITIS_LOOP_190_1                  |       10|       10|   0.100 us|   0.100 us|     9|     9|  loop auto-rewind stp(delay=0 clock cycles(s))|
        |grp_backProp_64_8_4_Pipeline_VITIS_LOOP_31_1_fu_646                   |backProp_64_8_4_Pipeline_VITIS_LOOP_31_1                   |       10|       10|   0.100 us|   0.100 us|     9|     9|  loop auto-rewind stp(delay=0 clock cycles(s))|
        |grp_backProp_64_8_4_Pipeline_VITIS_LOOP_208_3_fu_652                  |backProp_64_8_4_Pipeline_VITIS_LOOP_208_3                  |       10|       10|   0.100 us|   0.100 us|     9|     9|  loop auto-rewind stp(delay=0 clock cycles(s))|
        +----------------------------------------------------------------------+-----------------------------------------------------------+---------+---------+-----------+-----------+------+------+-----------------------------------------------+

        * Loop: 
        N/A



================================================================
== Utilization Estimates
================================================================
* Summary: 
+-----------------+---------+-----+--------+-------+-----+
|       Name      | BRAM_18K| DSP |   FF   |  LUT  | URAM|
+-----------------+---------+-----+--------+-------+-----+
|DSP              |        -|    -|       -|      -|    -|
|Expression       |        -|    -|       0|      4|    -|
|FIFO             |        -|    -|       -|      -|    -|
|Instance         |        -|    7|     214|   1274|    -|
|Memory           |        0|    -|     143|     24|    0|
|Multiplexer      |        -|    -|       0|    461|    -|
|Register         |        -|    -|      18|      -|    -|
+-----------------+---------+-----+--------+-------+-----+
|Total            |        0|    7|     375|   1763|    0|
+-----------------+---------+-----+--------+-------+-----+
|Available        |      432|  360|  141120|  70560|    0|
+-----------------+---------+-----+--------+-------+-----+
|Utilization (%)  |        0|    1|      ~0|      2|    0|
+-----------------+---------+-----+--------+-------+-----+

+ Detail: 
    * Instance: 
    +----------------------------------------------------------------------+-----------------------------------------------------------+---------+----+----+-----+-----+
    |                               Instance                               |                           Module                          | BRAM_18K| DSP| FF | LUT | URAM|
    +----------------------------------------------------------------------+-----------------------------------------------------------+---------+----+----+-----+-----+
    |grp_backProp_64_8_4_Pipeline_VITIS_LOOP_190_1_fu_638                  |backProp_64_8_4_Pipeline_VITIS_LOOP_190_1                  |        0|   0|  11|   94|    0|
    |grp_backProp_64_8_4_Pipeline_VITIS_LOOP_208_3_fu_652                  |backProp_64_8_4_Pipeline_VITIS_LOOP_208_3                  |        0|   1|  10|  111|    0|
    |grp_backProp_64_8_4_Pipeline_VITIS_LOOP_31_1_fu_646                   |backProp_64_8_4_Pipeline_VITIS_LOOP_31_1                   |        0|   0|  11|  113|    0|
    |grp_backProp_64_8_4_Pipeline_VITIS_LOOP_44_1_VITIS_LOOP_45_2_fu_467   |backProp_64_8_4_Pipeline_VITIS_LOOP_44_1_VITIS_LOOP_45_2   |        0|   0|  22|  197|    0|
    |grp_backProp_64_8_4_Pipeline_VITIS_LOOP_71_1_VITIS_LOOP_74_3_fu_623   |backProp_64_8_4_Pipeline_VITIS_LOOP_71_1_VITIS_LOOP_74_3   |        0|   3|  80|  248|    0|
    |grp_backProp_64_8_4_Pipeline_VITIS_LOOP_71_1_VITIS_LOOP_74_34_fu_488  |backProp_64_8_4_Pipeline_VITIS_LOOP_71_1_VITIS_LOOP_74_34  |        0|   3|  80|  511|    0|
    +----------------------------------------------------------------------+-----------------------------------------------------------+---------+----+----+-----+-----+
    |Total                                                                 |                                                           |        0|   7| 214| 1274|    0|
    +----------------------------------------------------------------------+-----------------------------------------------------------+---------+----+----+-----+-----+

    * DSP: 
    N/A

    * Memory: 
    +------------------+------------------------------------------------+---------+----+----+-----+------+-----+------+-------------+
    |      Memory      |                     Module                     | BRAM_18K| FF | LUT| URAM| Words| Bits| Banks| W*Bits*Banks|
    +------------------+------------------------------------------------+---------+----+----+-----+------+-----+------+-------------+
    |d_activation_0_U  |backProp_64_8_4_s_d_activation_0_RAM_AUTO_1R1W  |        0|  18|   3|    0|     8|   18|     1|          144|
    |w_l_plus1_T_U     |backProp_64_8_4_s_w_l_plus1_T_RAM_AUTO_1R1W     |        0|  25|  13|    0|    32|   25|     1|          800|
    |C_0_U             |forwardPropagation_64_8_s_C_0_RAM_AUTO_1R1W     |        0|  50|   4|    0|     8|   25|     1|          200|
    |net_0_U           |forwardPropagation_64_8_s_C_0_RAM_AUTO_1R1W     |        0|  50|   4|    0|     8|   25|     1|          200|
    +------------------+------------------------------------------------+---------+----+----+-----+------+-----+------+-------------+
    |Total             |                                                |        0| 143|  24|    0|    56|   93|     4|         1344|
    +------------------+------------------------------------------------+---------+----+----+-----+------+-----+------+-------------+

    * FIFO: 
    N/A

    * Expression: 
    +---------------------------------+----------+----+---+----+------------+------------+
    |          Variable Name          | Operation| DSP| FF| LUT| Bitwidth P0| Bitwidth P1|
    +---------------------------------+----------+----+---+----+------------+------------+
    |ap_block_state6_on_subcall_done  |        or|   0|  0|   2|           1|           1|
    |ap_block_state8_on_subcall_done  |        or|   0|  0|   2|           1|           1|
    +---------------------------------+----------+----+---+----+------------+------------+
    |Total                            |          |   0|  0|   4|           2|           2|
    +---------------------------------+----------+----+---+----+------------+------------+

    * Multiplexer: 
    +-----------------------------+----+-----------+-----+-----------+
    |             Name            | LUT| Input Size| Bits| Total Bits|
    +-----------------------------+----+-----------+-----+-----------+
    |C_0_address0                 |  14|          3|    3|          9|
    |C_0_address0_local           |  26|          5|    3|         15|
    |C_0_address1_local           |  26|          5|    3|         15|
    |C_0_ce0                      |  14|          3|    1|          3|
    |C_0_d0                       |   9|          2|   25|         50|
    |C_0_we0                      |   9|          2|    1|          2|
    |agg_result_0_address0        |  14|          3|    3|          9|
    |agg_result_0_address0_local  |  26|          5|    3|         15|
    |agg_result_0_address1        |   9|          2|    3|          6|
    |agg_result_0_address1_local  |  26|          5|    3|         15|
    |agg_result_0_ce0             |  14|          3|    1|          3|
    |agg_result_0_ce1             |   9|          2|    1|          2|
    |agg_result_0_d0              |  14|          3|   25|         75|
    |agg_result_0_we0             |  14|          3|    1|          3|
    |ap_NS_fsm                    |  65|         13|    1|         13|
    |d_activation_0_address0      |  14|          3|    3|          9|
    |d_activation_0_ce0           |  14|          3|    1|          3|
    |d_activation_0_we0           |   9|          2|    1|          2|
    |net_0_address0               |  14|          3|    3|          9|
    |net_0_address0_local         |  26|          5|    3|         15|
    |net_0_address1_local         |  26|          5|    3|         15|
    |net_0_ce0                    |  14|          3|    1|          3|
    |net_0_d0                     |   9|          2|   25|         50|
    |net_0_we0                    |   9|          2|    1|          2|
    |w_l_plus1_T_address0         |  14|          3|    5|         15|
    |w_l_plus1_T_ce0              |  14|          3|    1|          3|
    |w_l_plus1_T_we0              |   9|          2|    1|          2|
    +-----------------------------+----+-----------+-----+-----------+
    |Total                        | 461|         95|  125|        363|
    +-----------------------------+----+-----------+-----+-----------+

    * Register: 
    +-----------------------------------------------------------------------------------+----+----+-----+-----------+
    |                                        Name                                       | FF | LUT| Bits| Const Bits|
    +-----------------------------------------------------------------------------------+----+----+-----+-----------+
    |ap_CS_fsm                                                                          |  12|   0|   12|          0|
    |grp_backProp_64_8_4_Pipeline_VITIS_LOOP_190_1_fu_638_ap_start_reg                  |   1|   0|    1|          0|
    |grp_backProp_64_8_4_Pipeline_VITIS_LOOP_208_3_fu_652_ap_start_reg                  |   1|   0|    1|          0|
    |grp_backProp_64_8_4_Pipeline_VITIS_LOOP_31_1_fu_646_ap_start_reg                   |   1|   0|    1|          0|
    |grp_backProp_64_8_4_Pipeline_VITIS_LOOP_44_1_VITIS_LOOP_45_2_fu_467_ap_start_reg   |   1|   0|    1|          0|
    |grp_backProp_64_8_4_Pipeline_VITIS_LOOP_71_1_VITIS_LOOP_74_34_fu_488_ap_start_reg  |   1|   0|    1|          0|
    |grp_backProp_64_8_4_Pipeline_VITIS_LOOP_71_1_VITIS_LOOP_74_3_fu_623_ap_start_reg   |   1|   0|    1|          0|
    +-----------------------------------------------------------------------------------+----+----+-----+-----------+
    |Total                                                                              |  18|   0|   18|          0|
    +-----------------------------------------------------------------------------------+----+----+-----+-----------+



================================================================
== Interface
================================================================
* Summary: 
+-----------------------+-----+-----+------------+--------------------+--------------+
|       RTL Ports       | Dir | Bits|  Protocol  |    Source Object   |    C Type    |
+-----------------------+-----+-----+------------+--------------------+--------------+
|ap_clk                 |   in|    1|  ap_ctrl_hs|  backProp<64, 8, 4>|  return value|
|ap_rst                 |   in|    1|  ap_ctrl_hs|  backProp<64, 8, 4>|  return value|
|ap_start               |   in|    1|  ap_ctrl_hs|  backProp<64, 8, 4>|  return value|
|ap_done                |  out|    1|  ap_ctrl_hs|  backProp<64, 8, 4>|  return value|
|ap_idle                |  out|    1|  ap_ctrl_hs|  backProp<64, 8, 4>|  return value|
|ap_ready               |  out|    1|  ap_ctrl_hs|  backProp<64, 8, 4>|  return value|
|agg_result_0_address0  |  out|    3|   ap_memory|        agg_result_0|         array|
|agg_result_0_ce0       |  out|    1|   ap_memory|        agg_result_0|         array|
|agg_result_0_we0       |  out|    1|   ap_memory|        agg_result_0|         array|
|agg_result_0_d0        |  out|   25|   ap_memory|        agg_result_0|         array|
|agg_result_0_address1  |  out|    3|   ap_memory|        agg_result_0|         array|
|agg_result_0_ce1       |  out|    1|   ap_memory|        agg_result_0|         array|
|agg_result_0_we1       |  out|    1|   ap_memory|        agg_result_0|         array|
|agg_result_0_d1        |  out|   25|   ap_memory|        agg_result_0|         array|
|agg_result_0_q1        |   in|   25|   ap_memory|        agg_result_0|         array|
|w_l_plus1_0_address0   |  out|    2|   ap_memory|         w_l_plus1_0|         array|
|w_l_plus1_0_ce0        |  out|    1|   ap_memory|         w_l_plus1_0|         array|
|w_l_plus1_0_q0         |   in|   25|   ap_memory|         w_l_plus1_0|         array|
|w_l_plus1_1_address0   |  out|    2|   ap_memory|         w_l_plus1_1|         array|
|w_l_plus1_1_ce0        |  out|    1|   ap_memory|         w_l_plus1_1|         array|
|w_l_plus1_1_q0         |   in|   25|   ap_memory|         w_l_plus1_1|         array|
|w_l_plus1_2_address0   |  out|    2|   ap_memory|         w_l_plus1_2|         array|
|w_l_plus1_2_ce0        |  out|    1|   ap_memory|         w_l_plus1_2|         array|
|w_l_plus1_2_q0         |   in|   25|   ap_memory|         w_l_plus1_2|         array|
|w_l_plus1_3_address0   |  out|    2|   ap_memory|         w_l_plus1_3|         array|
|w_l_plus1_3_ce0        |  out|    1|   ap_memory|         w_l_plus1_3|         array|
|w_l_plus1_3_q0         |   in|   25|   ap_memory|         w_l_plus1_3|         array|
|w_l_plus1_4_address0   |  out|    2|   ap_memory|         w_l_plus1_4|         array|
|w_l_plus1_4_ce0        |  out|    1|   ap_memory|         w_l_plus1_4|         array|
|w_l_plus1_4_q0         |   in|   25|   ap_memory|         w_l_plus1_4|         array|
|w_l_plus1_5_address0   |  out|    2|   ap_memory|         w_l_plus1_5|         array|
|w_l_plus1_5_ce0        |  out|    1|   ap_memory|         w_l_plus1_5|         array|
|w_l_plus1_5_q0         |   in|   25|   ap_memory|         w_l_plus1_5|         array|
|w_l_plus1_6_address0   |  out|    2|   ap_memory|         w_l_plus1_6|         array|
|w_l_plus1_6_ce0        |  out|    1|   ap_memory|         w_l_plus1_6|         array|
|w_l_plus1_6_q0         |   in|   25|   ap_memory|         w_l_plus1_6|         array|
|w_l_plus1_7_address0   |  out|    2|   ap_memory|         w_l_plus1_7|         array|
|w_l_plus1_7_ce0        |  out|    1|   ap_memory|         w_l_plus1_7|         array|
|w_l_plus1_7_q0         |   in|   25|   ap_memory|         w_l_plus1_7|         array|
|p_read                 |   in|   25|     ap_none|              p_read|        scalar|
|p_read1                |   in|   25|     ap_none|             p_read1|        scalar|
|p_read2                |   in|   25|     ap_none|             p_read2|        scalar|
|p_read3                |   in|   25|     ap_none|             p_read3|        scalar|
|input_0_address0       |  out|    6|   ap_memory|             input_0|         array|
|input_0_ce0            |  out|    1|   ap_memory|             input_0|         array|
|input_0_q0             |   in|   22|   ap_memory|             input_0|         array|
|weights_0_address0     |  out|    3|   ap_memory|           weights_0|         array|
|weights_0_ce0          |  out|    1|   ap_memory|           weights_0|         array|
|weights_0_q0           |   in|   25|   ap_memory|           weights_0|         array|
|weights_1_address0     |  out|    3|   ap_memory|           weights_1|         array|
|weights_1_ce0          |  out|    1|   ap_memory|           weights_1|         array|
|weights_1_q0           |   in|   25|   ap_memory|           weights_1|         array|
|weights_2_address0     |  out|    3|   ap_memory|           weights_2|         array|
|weights_2_ce0          |  out|    1|   ap_memory|           weights_2|         array|
|weights_2_q0           |   in|   25|   ap_memory|           weights_2|         array|
|weights_3_address0     |  out|    3|   ap_memory|           weights_3|         array|
|weights_3_ce0          |  out|    1|   ap_memory|           weights_3|         array|
|weights_3_q0           |   in|   25|   ap_memory|           weights_3|         array|
|weights_4_address0     |  out|    3|   ap_memory|           weights_4|         array|
|weights_4_ce0          |  out|    1|   ap_memory|           weights_4|         array|
|weights_4_q0           |   in|   25|   ap_memory|           weights_4|         array|
|weights_5_address0     |  out|    3|   ap_memory|           weights_5|         array|
|weights_5_ce0          |  out|    1|   ap_memory|           weights_5|         array|
|weights_5_q0           |   in|   25|   ap_memory|           weights_5|         array|
|weights_6_address0     |  out|    3|   ap_memory|           weights_6|         array|
|weights_6_ce0          |  out|    1|   ap_memory|           weights_6|         array|
|weights_6_q0           |   in|   25|   ap_memory|           weights_6|         array|
|weights_7_address0     |  out|    3|   ap_memory|           weights_7|         array|
|weights_7_ce0          |  out|    1|   ap_memory|           weights_7|         array|
|weights_7_q0           |   in|   25|   ap_memory|           weights_7|         array|
|weights_8_address0     |  out|    3|   ap_memory|           weights_8|         array|
|weights_8_ce0          |  out|    1|   ap_memory|           weights_8|         array|
|weights_8_q0           |   in|   25|   ap_memory|           weights_8|         array|
|weights_9_address0     |  out|    3|   ap_memory|           weights_9|         array|
|weights_9_ce0          |  out|    1|   ap_memory|           weights_9|         array|
|weights_9_q0           |   in|   25|   ap_memory|           weights_9|         array|
|weights_10_address0    |  out|    3|   ap_memory|          weights_10|         array|
|weights_10_ce0         |  out|    1|   ap_memory|          weights_10|         array|
|weights_10_q0          |   in|   25|   ap_memory|          weights_10|         array|
|weights_11_address0    |  out|    3|   ap_memory|          weights_11|         array|
|weights_11_ce0         |  out|    1|   ap_memory|          weights_11|         array|
|weights_11_q0          |   in|   25|   ap_memory|          weights_11|         array|
|weights_12_address0    |  out|    3|   ap_memory|          weights_12|         array|
|weights_12_ce0         |  out|    1|   ap_memory|          weights_12|         array|
|weights_12_q0          |   in|   25|   ap_memory|          weights_12|         array|
|weights_13_address0    |  out|    3|   ap_memory|          weights_13|         array|
|weights_13_ce0         |  out|    1|   ap_memory|          weights_13|         array|
|weights_13_q0          |   in|   25|   ap_memory|          weights_13|         array|
|weights_14_address0    |  out|    3|   ap_memory|          weights_14|         array|
|weights_14_ce0         |  out|    1|   ap_memory|          weights_14|         array|
|weights_14_q0          |   in|   25|   ap_memory|          weights_14|         array|
|weights_15_address0    |  out|    3|   ap_memory|          weights_15|         array|
|weights_15_ce0         |  out|    1|   ap_memory|          weights_15|         array|
|weights_15_q0          |   in|   25|   ap_memory|          weights_15|         array|
|weights_16_address0    |  out|    3|   ap_memory|          weights_16|         array|
|weights_16_ce0         |  out|    1|   ap_memory|          weights_16|         array|
|weights_16_q0          |   in|   25|   ap_memory|          weights_16|         array|
|weights_17_address0    |  out|    3|   ap_memory|          weights_17|         array|
|weights_17_ce0         |  out|    1|   ap_memory|          weights_17|         array|
|weights_17_q0          |   in|   25|   ap_memory|          weights_17|         array|
|weights_18_address0    |  out|    3|   ap_memory|          weights_18|         array|
|weights_18_ce0         |  out|    1|   ap_memory|          weights_18|         array|
|weights_18_q0          |   in|   25|   ap_memory|          weights_18|         array|
|weights_19_address0    |  out|    3|   ap_memory|          weights_19|         array|
|weights_19_ce0         |  out|    1|   ap_memory|          weights_19|         array|
|weights_19_q0          |   in|   25|   ap_memory|          weights_19|         array|
|weights_20_address0    |  out|    3|   ap_memory|          weights_20|         array|
|weights_20_ce0         |  out|    1|   ap_memory|          weights_20|         array|
|weights_20_q0          |   in|   25|   ap_memory|          weights_20|         array|
|weights_21_address0    |  out|    3|   ap_memory|          weights_21|         array|
|weights_21_ce0         |  out|    1|   ap_memory|          weights_21|         array|
|weights_21_q0          |   in|   25|   ap_memory|          weights_21|         array|
|weights_22_address0    |  out|    3|   ap_memory|          weights_22|         array|
|weights_22_ce0         |  out|    1|   ap_memory|          weights_22|         array|
|weights_22_q0          |   in|   25|   ap_memory|          weights_22|         array|
|weights_23_address0    |  out|    3|   ap_memory|          weights_23|         array|
|weights_23_ce0         |  out|    1|   ap_memory|          weights_23|         array|
|weights_23_q0          |   in|   25|   ap_memory|          weights_23|         array|
|weights_24_address0    |  out|    3|   ap_memory|          weights_24|         array|
|weights_24_ce0         |  out|    1|   ap_memory|          weights_24|         array|
|weights_24_q0          |   in|   25|   ap_memory|          weights_24|         array|
|weights_25_address0    |  out|    3|   ap_memory|          weights_25|         array|
|weights_25_ce0         |  out|    1|   ap_memory|          weights_25|         array|
|weights_25_q0          |   in|   25|   ap_memory|          weights_25|         array|
|weights_26_address0    |  out|    3|   ap_memory|          weights_26|         array|
|weights_26_ce0         |  out|    1|   ap_memory|          weights_26|         array|
|weights_26_q0          |   in|   25|   ap_memory|          weights_26|         array|
|weights_27_address0    |  out|    3|   ap_memory|          weights_27|         array|
|weights_27_ce0         |  out|    1|   ap_memory|          weights_27|         array|
|weights_27_q0          |   in|   25|   ap_memory|          weights_27|         array|
|weights_28_address0    |  out|    3|   ap_memory|          weights_28|         array|
|weights_28_ce0         |  out|    1|   ap_memory|          weights_28|         array|
|weights_28_q0          |   in|   25|   ap_memory|          weights_28|         array|
|weights_29_address0    |  out|    3|   ap_memory|          weights_29|         array|
|weights_29_ce0         |  out|    1|   ap_memory|          weights_29|         array|
|weights_29_q0          |   in|   25|   ap_memory|          weights_29|         array|
|weights_30_address0    |  out|    3|   ap_memory|          weights_30|         array|
|weights_30_ce0         |  out|    1|   ap_memory|          weights_30|         array|
|weights_30_q0          |   in|   25|   ap_memory|          weights_30|         array|
|weights_31_address0    |  out|    3|   ap_memory|          weights_31|         array|
|weights_31_ce0         |  out|    1|   ap_memory|          weights_31|         array|
|weights_31_q0          |   in|   25|   ap_memory|          weights_31|         array|
|weights_32_address0    |  out|    3|   ap_memory|          weights_32|         array|
|weights_32_ce0         |  out|    1|   ap_memory|          weights_32|         array|
|weights_32_q0          |   in|   25|   ap_memory|          weights_32|         array|
|weights_33_address0    |  out|    3|   ap_memory|          weights_33|         array|
|weights_33_ce0         |  out|    1|   ap_memory|          weights_33|         array|
|weights_33_q0          |   in|   25|   ap_memory|          weights_33|         array|
|weights_34_address0    |  out|    3|   ap_memory|          weights_34|         array|
|weights_34_ce0         |  out|    1|   ap_memory|          weights_34|         array|
|weights_34_q0          |   in|   25|   ap_memory|          weights_34|         array|
|weights_35_address0    |  out|    3|   ap_memory|          weights_35|         array|
|weights_35_ce0         |  out|    1|   ap_memory|          weights_35|         array|
|weights_35_q0          |   in|   25|   ap_memory|          weights_35|         array|
|weights_36_address0    |  out|    3|   ap_memory|          weights_36|         array|
|weights_36_ce0         |  out|    1|   ap_memory|          weights_36|         array|
|weights_36_q0          |   in|   25|   ap_memory|          weights_36|         array|
|weights_37_address0    |  out|    3|   ap_memory|          weights_37|         array|
|weights_37_ce0         |  out|    1|   ap_memory|          weights_37|         array|
|weights_37_q0          |   in|   25|   ap_memory|          weights_37|         array|
|weights_38_address0    |  out|    3|   ap_memory|          weights_38|         array|
|weights_38_ce0         |  out|    1|   ap_memory|          weights_38|         array|
|weights_38_q0          |   in|   25|   ap_memory|          weights_38|         array|
|weights_39_address0    |  out|    3|   ap_memory|          weights_39|         array|
|weights_39_ce0         |  out|    1|   ap_memory|          weights_39|         array|
|weights_39_q0          |   in|   25|   ap_memory|          weights_39|         array|
|weights_40_address0    |  out|    3|   ap_memory|          weights_40|         array|
|weights_40_ce0         |  out|    1|   ap_memory|          weights_40|         array|
|weights_40_q0          |   in|   25|   ap_memory|          weights_40|         array|
|weights_41_address0    |  out|    3|   ap_memory|          weights_41|         array|
|weights_41_ce0         |  out|    1|   ap_memory|          weights_41|         array|
|weights_41_q0          |   in|   25|   ap_memory|          weights_41|         array|
|weights_42_address0    |  out|    3|   ap_memory|          weights_42|         array|
|weights_42_ce0         |  out|    1|   ap_memory|          weights_42|         array|
|weights_42_q0          |   in|   25|   ap_memory|          weights_42|         array|
|weights_43_address0    |  out|    3|   ap_memory|          weights_43|         array|
|weights_43_ce0         |  out|    1|   ap_memory|          weights_43|         array|
|weights_43_q0          |   in|   25|   ap_memory|          weights_43|         array|
|weights_44_address0    |  out|    3|   ap_memory|          weights_44|         array|
|weights_44_ce0         |  out|    1|   ap_memory|          weights_44|         array|
|weights_44_q0          |   in|   25|   ap_memory|          weights_44|         array|
|weights_45_address0    |  out|    3|   ap_memory|          weights_45|         array|
|weights_45_ce0         |  out|    1|   ap_memory|          weights_45|         array|
|weights_45_q0          |   in|   25|   ap_memory|          weights_45|         array|
|weights_46_address0    |  out|    3|   ap_memory|          weights_46|         array|
|weights_46_ce0         |  out|    1|   ap_memory|          weights_46|         array|
|weights_46_q0          |   in|   25|   ap_memory|          weights_46|         array|
|weights_47_address0    |  out|    3|   ap_memory|          weights_47|         array|
|weights_47_ce0         |  out|    1|   ap_memory|          weights_47|         array|
|weights_47_q0          |   in|   25|   ap_memory|          weights_47|         array|
|weights_48_address0    |  out|    3|   ap_memory|          weights_48|         array|
|weights_48_ce0         |  out|    1|   ap_memory|          weights_48|         array|
|weights_48_q0          |   in|   25|   ap_memory|          weights_48|         array|
|weights_49_address0    |  out|    3|   ap_memory|          weights_49|         array|
|weights_49_ce0         |  out|    1|   ap_memory|          weights_49|         array|
|weights_49_q0          |   in|   25|   ap_memory|          weights_49|         array|
|weights_50_address0    |  out|    3|   ap_memory|          weights_50|         array|
|weights_50_ce0         |  out|    1|   ap_memory|          weights_50|         array|
|weights_50_q0          |   in|   25|   ap_memory|          weights_50|         array|
|weights_51_address0    |  out|    3|   ap_memory|          weights_51|         array|
|weights_51_ce0         |  out|    1|   ap_memory|          weights_51|         array|
|weights_51_q0          |   in|   25|   ap_memory|          weights_51|         array|
|weights_52_address0    |  out|    3|   ap_memory|          weights_52|         array|
|weights_52_ce0         |  out|    1|   ap_memory|          weights_52|         array|
|weights_52_q0          |   in|   25|   ap_memory|          weights_52|         array|
|weights_53_address0    |  out|    3|   ap_memory|          weights_53|         array|
|weights_53_ce0         |  out|    1|   ap_memory|          weights_53|         array|
|weights_53_q0          |   in|   25|   ap_memory|          weights_53|         array|
|weights_54_address0    |  out|    3|   ap_memory|          weights_54|         array|
|weights_54_ce0         |  out|    1|   ap_memory|          weights_54|         array|
|weights_54_q0          |   in|   25|   ap_memory|          weights_54|         array|
|weights_55_address0    |  out|    3|   ap_memory|          weights_55|         array|
|weights_55_ce0         |  out|    1|   ap_memory|          weights_55|         array|
|weights_55_q0          |   in|   25|   ap_memory|          weights_55|         array|
|weights_56_address0    |  out|    3|   ap_memory|          weights_56|         array|
|weights_56_ce0         |  out|    1|   ap_memory|          weights_56|         array|
|weights_56_q0          |   in|   25|   ap_memory|          weights_56|         array|
|weights_57_address0    |  out|    3|   ap_memory|          weights_57|         array|
|weights_57_ce0         |  out|    1|   ap_memory|          weights_57|         array|
|weights_57_q0          |   in|   25|   ap_memory|          weights_57|         array|
|weights_58_address0    |  out|    3|   ap_memory|          weights_58|         array|
|weights_58_ce0         |  out|    1|   ap_memory|          weights_58|         array|
|weights_58_q0          |   in|   25|   ap_memory|          weights_58|         array|
|weights_59_address0    |  out|    3|   ap_memory|          weights_59|         array|
|weights_59_ce0         |  out|    1|   ap_memory|          weights_59|         array|
|weights_59_q0          |   in|   25|   ap_memory|          weights_59|         array|
|weights_60_address0    |  out|    3|   ap_memory|          weights_60|         array|
|weights_60_ce0         |  out|    1|   ap_memory|          weights_60|         array|
|weights_60_q0          |   in|   25|   ap_memory|          weights_60|         array|
|weights_61_address0    |  out|    3|   ap_memory|          weights_61|         array|
|weights_61_ce0         |  out|    1|   ap_memory|          weights_61|         array|
|weights_61_q0          |   in|   25|   ap_memory|          weights_61|         array|
|weights_62_address0    |  out|    3|   ap_memory|          weights_62|         array|
|weights_62_ce0         |  out|    1|   ap_memory|          weights_62|         array|
|weights_62_q0          |   in|   25|   ap_memory|          weights_62|         array|
|weights_63_address0    |  out|    3|   ap_memory|          weights_63|         array|
|weights_63_ce0         |  out|    1|   ap_memory|          weights_63|         array|
|weights_63_q0          |   in|   25|   ap_memory|          weights_63|         array|
|biases_address0        |  out|    3|   ap_memory|              biases|         array|
|biases_ce0             |  out|    1|   ap_memory|              biases|         array|
|biases_q0              |   in|   25|   ap_memory|              biases|         array|
+-----------------------+-----+-----+------------+--------------------+--------------+

