

================================================================
== Vitis HLS Report for 'backProp_64_8_4_Pipeline_VITIS_LOOP_44_1_VITIS_LOOP_45_2'
================================================================
* Date:           Sat Apr 12 12:19:11 2025

* Version:        2024.1 (Build 5069499 on May 21 2024)
* Project:        top
* Solution:       hls (Vivado IP Flow Target)
* Product family: zynquplus
* Target device:  xczu3eg-sfvc784-1-e


================================================================
== Performance Estimates
================================================================
+ Timing: 
    * Summary: 
    +--------+----------+----------+------------+
    |  Clock |  Target  | Estimated| Uncertainty|
    +--------+----------+----------+------------+
    |ap_clk  |  10.00 ns|  3.164 ns|     2.00 ns|
    +--------+----------+----------+------------+

+ Latency: 
    * Summary: 
    +---------+---------+----------+----------+-----+-----+-----------------------------------------------+
    |  Latency (cycles) |  Latency (absolute) |  Interval |                    Pipeline                   |
    |   min   |   max   |    min   |    max   | min | max |                      Type                     |
    +---------+---------+----------+----------+-----+-----+-----------------------------------------------+
    |       34|       34|  0.340 us|  0.340 us|   33|   33|  loop auto-rewind stp(delay=0 clock cycles(s))|
    +---------+---------+----------+----------+-----+-----+-----------------------------------------------+

    + Detail: 
        * Instance: 
        N/A

        * Loop: 
        +-----------------------------------+---------+---------+----------+-----------+-----------+------+----------+
        |                                   |  Latency (cycles) | Iteration|  Initiation Interval  | Trip |          |
        |             Loop Name             |   min   |   max   |  Latency |  achieved |   target  | Count| Pipelined|
        +-----------------------------------+---------+---------+----------+-----------+-----------+------+----------+
        |- VITIS_LOOP_44_1_VITIS_LOOP_45_2  |       32|       32|         2|          1|          1|    32|       yes|
        +-----------------------------------+---------+---------+----------+-----------+-----------+------+----------+



================================================================
== Utilization Estimates
================================================================
* Summary: 
+-----------------+---------+-----+--------+-------+-----+
|       Name      | BRAM_18K| DSP |   FF   |  LUT  | URAM|
+-----------------+---------+-----+--------+-------+-----+
|DSP              |        -|    -|       -|      -|    -|
|Expression       |        -|    -|       0|     82|    -|
|FIFO             |        -|    -|       -|      -|    -|
|Instance         |        -|    -|       0|     43|    -|
|Memory           |        -|    -|       -|      -|    -|
|Multiplexer      |        -|    -|       0|     72|    -|
|Register         |        -|    -|      22|      -|    -|
+-----------------+---------+-----+--------+-------+-----+
|Total            |        0|    0|      22|    197|    0|
+-----------------+---------+-----+--------+-------+-----+
|Available        |      432|  360|  141120|  70560|    0|
+-----------------+---------+-----+--------+-------+-----+
|Utilization (%)  |        0|    0|      ~0|     ~0|    0|
+-----------------+---------+-----+--------+-------+-----+

+ Detail: 
    * Instance: 
    +----------------------------+-----------------------+---------+----+---+----+-----+
    |          Instance          |         Module        | BRAM_18K| DSP| FF| LUT| URAM|
    +----------------------------+-----------------------+---------+----+---+----+-----+
    |sparsemux_17_3_25_1_1_U547  |sparsemux_17_3_25_1_1  |        0|   0|  0|  43|    0|
    +----------------------------+-----------------------+---------+----+---+----+-----+
    |Total                       |                       |        0|   0|  0|  43|    0|
    +----------------------------+-----------------------+---------+----+---+----+-----+

    * DSP: 
    N/A

    * Memory: 
    N/A

    * FIFO: 
    N/A

    * Expression: 
    +-------------------------+----------+----+---+----+------------+------------+
    |      Variable Name      | Operation| DSP| FF| LUT| Bitwidth P0| Bitwidth P1|
    +-------------------------+----------+----+---+----+------------+------------+
    |add_ln44_fu_227_p2       |         +|   0|  0|  13|           6|           1|
    |add_ln46_fu_314_p2       |         +|   0|  0|  12|           5|           5|
    |i_33_fu_239_p2           |         +|   0|  0|  10|           3|           1|
    |j_2_fu_283_p2            |         +|   0|  0|  12|           4|           1|
    |icmp_ln44_fu_221_p2      |      icmp|   0|  0|  14|           6|           7|
    |icmp_ln45_fu_245_p2      |      icmp|   0|  0|  12|           4|           5|
    |select_ln44_2_fu_263_p3  |    select|   0|  0|   3|           1|           3|
    |select_ln44_fu_251_p3    |    select|   0|  0|   4|           1|           1|
    |ap_enable_pp0            |       xor|   0|  0|   2|           1|           2|
    +-------------------------+----------+----+---+----+------------+------------+
    |Total                    |          |   0|  0|  82|          31|          26|
    +-------------------------+----------+----+---+----+------------+------------+

    * Multiplexer: 
    +--------------------------------------+----+-----------+-----+-----------+
    |                 Name                 | LUT| Input Size| Bits| Total Bits|
    +--------------------------------------+----+-----------+-----+-----------+
    |ap_done_int                           |   9|          2|    1|          2|
    |ap_enable_reg_pp0_iter1               |   9|          2|    1|          2|
    |ap_sig_allocacmp_i_load               |   9|          2|    3|          6|
    |ap_sig_allocacmp_indvar_flatten_load  |   9|          2|    6|         12|
    |ap_sig_allocacmp_j_load               |   9|          2|    4|          8|
    |i_fu_78                               |   9|          2|    3|          6|
    |indvar_flatten_fu_82                  |   9|          2|    6|         12|
    |j_fu_74                               |   9|          2|    4|          8|
    +--------------------------------------+----+-----------+-----+-----------+
    |Total                                 |  72|         16|   28|         56|
    +--------------------------------------+----+-----------+-----+-----------+

    * Register: 
    +-------------------------+---+----+-----+-----------+
    |           Name          | FF| LUT| Bits| Const Bits|
    +-------------------------+---+----+-----+-----------+
    |ap_CS_fsm                |  1|   0|    1|          0|
    |ap_done_reg              |  1|   0|    1|          0|
    |ap_enable_reg_pp0_iter1  |  1|   0|    1|          0|
    |i_fu_78                  |  3|   0|    3|          0|
    |indvar_flatten_fu_82     |  6|   0|    6|          0|
    |j_fu_74                  |  4|   0|    4|          0|
    |select_ln44_2_reg_395    |  3|   0|    3|          0|
    |trunc_ln44_reg_389       |  3|   0|    3|          0|
    +-------------------------+---+----+-----+-----------+
    |Total                    | 22|   0|   22|          0|
    +-------------------------+---+----+-----+-----------+



================================================================
== Interface
================================================================
* Summary: 
+----------------------+-----+-----+------------+-------------------------------------------------------------+--------------+
|       RTL Ports      | Dir | Bits|  Protocol  |                        Source Object                        |    C Type    |
+----------------------+-----+-----+------------+-------------------------------------------------------------+--------------+
|ap_clk                |   in|    1|  ap_ctrl_hs|  backProp<64, 8, 4>_Pipeline_VITIS_LOOP_44_1_VITIS_LOOP_45_2|  return value|
|ap_rst                |   in|    1|  ap_ctrl_hs|  backProp<64, 8, 4>_Pipeline_VITIS_LOOP_44_1_VITIS_LOOP_45_2|  return value|
|ap_start              |   in|    1|  ap_ctrl_hs|  backProp<64, 8, 4>_Pipeline_VITIS_LOOP_44_1_VITIS_LOOP_45_2|  return value|
|ap_done               |  out|    1|  ap_ctrl_hs|  backProp<64, 8, 4>_Pipeline_VITIS_LOOP_44_1_VITIS_LOOP_45_2|  return value|
|ap_idle               |  out|    1|  ap_ctrl_hs|  backProp<64, 8, 4>_Pipeline_VITIS_LOOP_44_1_VITIS_LOOP_45_2|  return value|
|ap_ready              |  out|    1|  ap_ctrl_hs|  backProp<64, 8, 4>_Pipeline_VITIS_LOOP_44_1_VITIS_LOOP_45_2|  return value|
|w_l_plus1_0_address0  |  out|    2|   ap_memory|                                                  w_l_plus1_0|         array|
|w_l_plus1_0_ce0       |  out|    1|   ap_memory|                                                  w_l_plus1_0|         array|
|w_l_plus1_0_q0        |   in|   25|   ap_memory|                                                  w_l_plus1_0|         array|
|w_l_plus1_1_address0  |  out|    2|   ap_memory|                                                  w_l_plus1_1|         array|
|w_l_plus1_1_ce0       |  out|    1|   ap_memory|                                                  w_l_plus1_1|         array|
|w_l_plus1_1_q0        |   in|   25|   ap_memory|                                                  w_l_plus1_1|         array|
|w_l_plus1_2_address0  |  out|    2|   ap_memory|                                                  w_l_plus1_2|         array|
|w_l_plus1_2_ce0       |  out|    1|   ap_memory|                                                  w_l_plus1_2|         array|
|w_l_plus1_2_q0        |   in|   25|   ap_memory|                                                  w_l_plus1_2|         array|
|w_l_plus1_3_address0  |  out|    2|   ap_memory|                                                  w_l_plus1_3|         array|
|w_l_plus1_3_ce0       |  out|    1|   ap_memory|                                                  w_l_plus1_3|         array|
|w_l_plus1_3_q0        |   in|   25|   ap_memory|                                                  w_l_plus1_3|         array|
|w_l_plus1_4_address0  |  out|    2|   ap_memory|                                                  w_l_plus1_4|         array|
|w_l_plus1_4_ce0       |  out|    1|   ap_memory|                                                  w_l_plus1_4|         array|
|w_l_plus1_4_q0        |   in|   25|   ap_memory|                                                  w_l_plus1_4|         array|
|w_l_plus1_5_address0  |  out|    2|   ap_memory|                                                  w_l_plus1_5|         array|
|w_l_plus1_5_ce0       |  out|    1|   ap_memory|                                                  w_l_plus1_5|         array|
|w_l_plus1_5_q0        |   in|   25|   ap_memory|                                                  w_l_plus1_5|         array|
|w_l_plus1_6_address0  |  out|    2|   ap_memory|                                                  w_l_plus1_6|         array|
|w_l_plus1_6_ce0       |  out|    1|   ap_memory|                                                  w_l_plus1_6|         array|
|w_l_plus1_6_q0        |   in|   25|   ap_memory|                                                  w_l_plus1_6|         array|
|w_l_plus1_7_address0  |  out|    2|   ap_memory|                                                  w_l_plus1_7|         array|
|w_l_plus1_7_ce0       |  out|    1|   ap_memory|                                                  w_l_plus1_7|         array|
|w_l_plus1_7_q0        |   in|   25|   ap_memory|                                                  w_l_plus1_7|         array|
|w_l_plus1_T_address0  |  out|    5|   ap_memory|                                                  w_l_plus1_T|         array|
|w_l_plus1_T_ce0       |  out|    1|   ap_memory|                                                  w_l_plus1_T|         array|
|w_l_plus1_T_we0       |  out|    1|   ap_memory|                                                  w_l_plus1_T|         array|
|w_l_plus1_T_d0        |  out|   25|   ap_memory|                                                  w_l_plus1_T|         array|
+----------------------+-----+-----+------------+-------------------------------------------------------------+--------------+

