

================================================================
== Vitis HLS Report for 'forwardPropagation_64_8_Pipeline_VITIS_LOOP_71_1_VITIS_LOOP_74_3'
================================================================
* Date:           Sat Apr 12 12:19:03 2025

* Version:        2024.1 (Build 5069499 on May 21 2024)
* Project:        top
* Solution:       hls (Vivado IP Flow Target)
* Product family: zynquplus
* Target device:  xczu3eg-sfvc784-1-e


================================================================
== Performance Estimates
================================================================
+ Timing: 
    * Summary: 
    +--------+----------+----------+------------+
    |  Clock |  Target  | Estimated| Uncertainty|
    +--------+----------+----------+------------+
    |ap_clk  |  10.00 ns|  7.438 ns|     2.00 ns|
    +--------+----------+----------+------------+

+ Latency: 
    * Summary: 
    +---------+---------+-----------+-----------+------+------+-----------------------------------------------+
    |  Latency (cycles) |   Latency (absolute)  |   Interval  |                    Pipeline                   |
    |   min   |   max   |    min    |    max    |  min |  max |                      Type                     |
    +---------+---------+-----------+-----------+------+------+-----------------------------------------------+
    |     1026|     1026|  10.260 us|  10.260 us|  1025|  1025|  loop auto-rewind stp(delay=0 clock cycles(s))|
    +---------+---------+-----------+-----------+------+------+-----------------------------------------------+

    + Detail: 
        * Instance: 
        N/A

        * Loop: 
        +-----------------------------------+---------+---------+----------+-----------+-----------+------+----------+
        |                                   |  Latency (cycles) | Iteration|  Initiation Interval  | Trip |          |
        |             Loop Name             |   min   |   max   |  Latency |  achieved |   target  | Count| Pipelined|
        +-----------------------------------+---------+---------+----------+-----------+-----------+------+----------+
        |- VITIS_LOOP_71_1_VITIS_LOOP_74_3  |     1024|     1024|         2|          2|        100|   512|       yes|
        +-----------------------------------+---------+---------+----------+-----------+-----------+------+----------+



================================================================
== Utilization Estimates
================================================================
* Summary: 
+-----------------+---------+-----+--------+-------+-----+
|       Name      | BRAM_18K| DSP |   FF   |  LUT  | URAM|
+-----------------+---------+-----+--------+-------+-----+
|DSP              |        -|    -|       -|      -|    -|
|Expression       |        -|    -|       0|    126|    -|
|FIFO             |        -|    -|       -|      -|    -|
|Instance         |        -|    3|       0|    299|    -|
|Memory           |        -|    -|       -|      -|    -|
|Multiplexer      |        -|    -|       0|     86|    -|
|Register         |        -|    -|      80|      -|    -|
+-----------------+---------+-----+--------+-------+-----+
|Total            |        0|    3|      80|    511|    0|
+-----------------+---------+-----+--------+-------+-----+
|Available        |      432|  360|  141120|  70560|    0|
+-----------------+---------+-----+--------+-------+-----+
|Utilization (%)  |        0|   ~0|      ~0|     ~0|    0|
+-----------------+---------+-----+--------+-------+-----+

+ Detail: 
    * Instance: 
    +-----------------------------+------------------------+---------+----+---+-----+-----+
    |           Instance          |         Module         | BRAM_18K| DSP| FF| LUT | URAM|
    +-----------------------------+------------------------+---------+----+---+-----+-----+
    |add_42ns_42ns_42_1_1_U196    |add_42ns_42ns_42_1_1    |        0|   1|  0|    0|    0|
    |mul_22ns_25s_47_1_1_U194     |mul_22ns_25s_47_1_1     |        0|   2|  0|   26|    0|
    |sparsemux_129_6_25_1_1_U195  |sparsemux_129_6_25_1_1  |        0|   0|  0|  273|    0|
    +-----------------------------+------------------------+---------+----+---+-----+-----+
    |Total                        |                        |        0|   3|  0|  299|    0|
    +-----------------------------+------------------------+---------+----+---+-----+-----+

    * DSP: 
    N/A

    * Memory: 
    N/A

    * FIFO: 
    N/A

    * Expression: 
    +--------------------------+----------+----+---+----+------------+------------+
    |       Variable Name      | Operation| DSP| FF| LUT| Bitwidth P0| Bitwidth P1|
    +--------------------------+----------+----+---+----+------------+------------+
    |add_ln71_fu_1234_p2       |         +|   0|  0|  17|          10|           1|
    |i_18_fu_1246_p2           |         +|   0|  0|  12|           4|           1|
    |k_2_fu_1664_p2            |         +|   0|  0|  14|           7|           1|
    |icmp_ln71_fu_1228_p2      |      icmp|   0|  0|  18|          10|          11|
    |icmp_ln74_2_fu_1669_p2    |      icmp|   0|  0|  15|           7|           8|
    |icmp_ln74_fu_1252_p2      |      icmp|   0|  0|  15|           7|           8|
    |select_ln71_3_fu_1266_p3  |    select|   0|  0|   4|           1|           4|
    |select_ln71_4_fu_1628_p3  |    select|   0|  0|  24|           1|           1|
    |select_ln71_fu_1258_p3    |    select|   0|  0|   7|           1|           1|
    +--------------------------+----------+----+---+----+------------+------------+
    |Total                     |          |   0|  0| 126|          48|          36|
    +--------------------------+----------+----+---+----+------------+------------+

    * Multiplexer: 
    +--------------------------------------+----+-----------+-----+-----------+
    |                 Name                 | LUT| Input Size| Bits| Total Bits|
    +--------------------------------------+----+-----------+-----+-----------+
    |ap_NS_fsm                             |  14|          3|    1|          3|
    |ap_done_int                           |   9|          2|    1|          2|
    |ap_sig_allocacmp_i_load               |   9|          2|    4|          8|
    |ap_sig_allocacmp_indvar_flatten_load  |   9|          2|   10|         20|
    |ap_sig_allocacmp_k_load               |   9|          2|    7|         14|
    |i_fu_336                              |   9|          2|    4|          8|
    |indvar_flatten_fu_340                 |   9|          2|   10|         20|
    |k_fu_332                              |   9|          2|    7|         14|
    |temp_fu_328                           |   9|          2|   25|         50|
    +--------------------------------------+----+-----------+-----+-----------+
    |Total                                 |  86|         19|   69|        139|
    +--------------------------------------+----+-----------+-----+-----------+

    * Register: 
    +------------------------+----+----+-----+-----------+
    |          Name          | FF | LUT| Bits| Const Bits|
    +------------------------+----+----+-----+-----------+
    |C_0_addr_reg_2074       |   3|   0|    3|          0|
    |add_ln71_reg_1724       |  10|   0|   10|          0|
    |ap_CS_fsm               |   2|   0|    2|          0|
    |ap_done_reg             |   1|   0|    1|          0|
    |i_fu_336                |   4|   0|    4|          0|
    |icmp_ln74_reg_1729      |   1|   0|    1|          0|
    |indvar_flatten_fu_340   |  10|   0|   10|          0|
    |k_fu_332                |   7|   0|    7|          0|
    |select_ln71_3_reg_1739  |   4|   0|    4|          0|
    |select_ln71_reg_1734    |   7|   0|    7|          0|
    |temp_fu_328             |  25|   0|   25|          0|
    |trunc_ln74_reg_2064     |   6|   0|    6|          0|
    +------------------------+----+----+-----+-----------+
    |Total                   |  80|   0|   80|          0|
    +------------------------+----+----+-----+-----------+



================================================================
== Interface
================================================================
* Summary: 
+---------------------+-----+-----+------------+--------------------------------------------------------------------+--------------+
|      RTL Ports      | Dir | Bits|  Protocol  |                            Source Object                           |    C Type    |
+---------------------+-----+-----+------------+--------------------------------------------------------------------+--------------+
|ap_clk               |   in|    1|  ap_ctrl_hs|  forwardPropagation<64, 8>_Pipeline_VITIS_LOOP_71_1_VITIS_LOOP_74_3|  return value|
|ap_rst               |   in|    1|  ap_ctrl_hs|  forwardPropagation<64, 8>_Pipeline_VITIS_LOOP_71_1_VITIS_LOOP_74_3|  return value|
|ap_start             |   in|    1|  ap_ctrl_hs|  forwardPropagation<64, 8>_Pipeline_VITIS_LOOP_71_1_VITIS_LOOP_74_3|  return value|
|ap_done              |  out|    1|  ap_ctrl_hs|  forwardPropagation<64, 8>_Pipeline_VITIS_LOOP_71_1_VITIS_LOOP_74_3|  return value|
|ap_idle              |  out|    1|  ap_ctrl_hs|  forwardPropagation<64, 8>_Pipeline_VITIS_LOOP_71_1_VITIS_LOOP_74_3|  return value|
|ap_ready             |  out|    1|  ap_ctrl_hs|  forwardPropagation<64, 8>_Pipeline_VITIS_LOOP_71_1_VITIS_LOOP_74_3|  return value|
|weights_0_address0   |  out|    3|   ap_memory|                                                           weights_0|         array|
|weights_0_ce0        |  out|    1|   ap_memory|                                                           weights_0|         array|
|weights_0_q0         |   in|   25|   ap_memory|                                                           weights_0|         array|
|weights_1_address0   |  out|    3|   ap_memory|                                                           weights_1|         array|
|weights_1_ce0        |  out|    1|   ap_memory|                                                           weights_1|         array|
|weights_1_q0         |   in|   25|   ap_memory|                                                           weights_1|         array|
|weights_2_address0   |  out|    3|   ap_memory|                                                           weights_2|         array|
|weights_2_ce0        |  out|    1|   ap_memory|                                                           weights_2|         array|
|weights_2_q0         |   in|   25|   ap_memory|                                                           weights_2|         array|
|weights_3_address0   |  out|    3|   ap_memory|                                                           weights_3|         array|
|weights_3_ce0        |  out|    1|   ap_memory|                                                           weights_3|         array|
|weights_3_q0         |   in|   25|   ap_memory|                                                           weights_3|         array|
|weights_4_address0   |  out|    3|   ap_memory|                                                           weights_4|         array|
|weights_4_ce0        |  out|    1|   ap_memory|                                                           weights_4|         array|
|weights_4_q0         |   in|   25|   ap_memory|                                                           weights_4|         array|
|weights_5_address0   |  out|    3|   ap_memory|                                                           weights_5|         array|
|weights_5_ce0        |  out|    1|   ap_memory|                                                           weights_5|         array|
|weights_5_q0         |   in|   25|   ap_memory|                                                           weights_5|         array|
|weights_6_address0   |  out|    3|   ap_memory|                                                           weights_6|         array|
|weights_6_ce0        |  out|    1|   ap_memory|                                                           weights_6|         array|
|weights_6_q0         |   in|   25|   ap_memory|                                                           weights_6|         array|
|weights_7_address0   |  out|    3|   ap_memory|                                                           weights_7|         array|
|weights_7_ce0        |  out|    1|   ap_memory|                                                           weights_7|         array|
|weights_7_q0         |   in|   25|   ap_memory|                                                           weights_7|         array|
|weights_8_address0   |  out|    3|   ap_memory|                                                           weights_8|         array|
|weights_8_ce0        |  out|    1|   ap_memory|                                                           weights_8|         array|
|weights_8_q0         |   in|   25|   ap_memory|                                                           weights_8|         array|
|weights_9_address0   |  out|    3|   ap_memory|                                                           weights_9|         array|
|weights_9_ce0        |  out|    1|   ap_memory|                                                           weights_9|         array|
|weights_9_q0         |   in|   25|   ap_memory|                                                           weights_9|         array|
|weights_10_address0  |  out|    3|   ap_memory|                                                          weights_10|         array|
|weights_10_ce0       |  out|    1|   ap_memory|                                                          weights_10|         array|
|weights_10_q0        |   in|   25|   ap_memory|                                                          weights_10|         array|
|weights_11_address0  |  out|    3|   ap_memory|                                                          weights_11|         array|
|weights_11_ce0       |  out|    1|   ap_memory|                                                          weights_11|         array|
|weights_11_q0        |   in|   25|   ap_memory|                                                          weights_11|         array|
|weights_12_address0  |  out|    3|   ap_memory|                                                          weights_12|         array|
|weights_12_ce0       |  out|    1|   ap_memory|                                                          weights_12|         array|
|weights_12_q0        |   in|   25|   ap_memory|                                                          weights_12|         array|
|weights_13_address0  |  out|    3|   ap_memory|                                                          weights_13|         array|
|weights_13_ce0       |  out|    1|   ap_memory|                                                          weights_13|         array|
|weights_13_q0        |   in|   25|   ap_memory|                                                          weights_13|         array|
|weights_14_address0  |  out|    3|   ap_memory|                                                          weights_14|         array|
|weights_14_ce0       |  out|    1|   ap_memory|                                                          weights_14|         array|
|weights_14_q0        |   in|   25|   ap_memory|                                                          weights_14|         array|
|weights_15_address0  |  out|    3|   ap_memory|                                                          weights_15|         array|
|weights_15_ce0       |  out|    1|   ap_memory|                                                          weights_15|         array|
|weights_15_q0        |   in|   25|   ap_memory|                                                          weights_15|         array|
|weights_16_address0  |  out|    3|   ap_memory|                                                          weights_16|         array|
|weights_16_ce0       |  out|    1|   ap_memory|                                                          weights_16|         array|
|weights_16_q0        |   in|   25|   ap_memory|                                                          weights_16|         array|
|weights_17_address0  |  out|    3|   ap_memory|                                                          weights_17|         array|
|weights_17_ce0       |  out|    1|   ap_memory|                                                          weights_17|         array|
|weights_17_q0        |   in|   25|   ap_memory|                                                          weights_17|         array|
|weights_18_address0  |  out|    3|   ap_memory|                                                          weights_18|         array|
|weights_18_ce0       |  out|    1|   ap_memory|                                                          weights_18|         array|
|weights_18_q0        |   in|   25|   ap_memory|                                                          weights_18|         array|
|weights_19_address0  |  out|    3|   ap_memory|                                                          weights_19|         array|
|weights_19_ce0       |  out|    1|   ap_memory|                                                          weights_19|         array|
|weights_19_q0        |   in|   25|   ap_memory|                                                          weights_19|         array|
|weights_20_address0  |  out|    3|   ap_memory|                                                          weights_20|         array|
|weights_20_ce0       |  out|    1|   ap_memory|                                                          weights_20|         array|
|weights_20_q0        |   in|   25|   ap_memory|                                                          weights_20|         array|
|weights_21_address0  |  out|    3|   ap_memory|                                                          weights_21|         array|
|weights_21_ce0       |  out|    1|   ap_memory|                                                          weights_21|         array|
|weights_21_q0        |   in|   25|   ap_memory|                                                          weights_21|         array|
|weights_22_address0  |  out|    3|   ap_memory|                                                          weights_22|         array|
|weights_22_ce0       |  out|    1|   ap_memory|                                                          weights_22|         array|
|weights_22_q0        |   in|   25|   ap_memory|                                                          weights_22|         array|
|weights_23_address0  |  out|    3|   ap_memory|                                                          weights_23|         array|
|weights_23_ce0       |  out|    1|   ap_memory|                                                          weights_23|         array|
|weights_23_q0        |   in|   25|   ap_memory|                                                          weights_23|         array|
|weights_24_address0  |  out|    3|   ap_memory|                                                          weights_24|         array|
|weights_24_ce0       |  out|    1|   ap_memory|                                                          weights_24|         array|
|weights_24_q0        |   in|   25|   ap_memory|                                                          weights_24|         array|
|weights_25_address0  |  out|    3|   ap_memory|                                                          weights_25|         array|
|weights_25_ce0       |  out|    1|   ap_memory|                                                          weights_25|         array|
|weights_25_q0        |   in|   25|   ap_memory|                                                          weights_25|         array|
|weights_26_address0  |  out|    3|   ap_memory|                                                          weights_26|         array|
|weights_26_ce0       |  out|    1|   ap_memory|                                                          weights_26|         array|
|weights_26_q0        |   in|   25|   ap_memory|                                                          weights_26|         array|
|weights_27_address0  |  out|    3|   ap_memory|                                                          weights_27|         array|
|weights_27_ce0       |  out|    1|   ap_memory|                                                          weights_27|         array|
|weights_27_q0        |   in|   25|   ap_memory|                                                          weights_27|         array|
|weights_28_address0  |  out|    3|   ap_memory|                                                          weights_28|         array|
|weights_28_ce0       |  out|    1|   ap_memory|                                                          weights_28|         array|
|weights_28_q0        |   in|   25|   ap_memory|                                                          weights_28|         array|
|weights_29_address0  |  out|    3|   ap_memory|                                                          weights_29|         array|
|weights_29_ce0       |  out|    1|   ap_memory|                                                          weights_29|         array|
|weights_29_q0        |   in|   25|   ap_memory|                                                          weights_29|         array|
|weights_30_address0  |  out|    3|   ap_memory|                                                          weights_30|         array|
|weights_30_ce0       |  out|    1|   ap_memory|                                                          weights_30|         array|
|weights_30_q0        |   in|   25|   ap_memory|                                                          weights_30|         array|
|weights_31_address0  |  out|    3|   ap_memory|                                                          weights_31|         array|
|weights_31_ce0       |  out|    1|   ap_memory|                                                          weights_31|         array|
|weights_31_q0        |   in|   25|   ap_memory|                                                          weights_31|         array|
|weights_32_address0  |  out|    3|   ap_memory|                                                          weights_32|         array|
|weights_32_ce0       |  out|    1|   ap_memory|                                                          weights_32|         array|
|weights_32_q0        |   in|   25|   ap_memory|                                                          weights_32|         array|
|weights_33_address0  |  out|    3|   ap_memory|                                                          weights_33|         array|
|weights_33_ce0       |  out|    1|   ap_memory|                                                          weights_33|         array|
|weights_33_q0        |   in|   25|   ap_memory|                                                          weights_33|         array|
|weights_34_address0  |  out|    3|   ap_memory|                                                          weights_34|         array|
|weights_34_ce0       |  out|    1|   ap_memory|                                                          weights_34|         array|
|weights_34_q0        |   in|   25|   ap_memory|                                                          weights_34|         array|
|weights_35_address0  |  out|    3|   ap_memory|                                                          weights_35|         array|
|weights_35_ce0       |  out|    1|   ap_memory|                                                          weights_35|         array|
|weights_35_q0        |   in|   25|   ap_memory|                                                          weights_35|         array|
|weights_36_address0  |  out|    3|   ap_memory|                                                          weights_36|         array|
|weights_36_ce0       |  out|    1|   ap_memory|                                                          weights_36|         array|
|weights_36_q0        |   in|   25|   ap_memory|                                                          weights_36|         array|
|weights_37_address0  |  out|    3|   ap_memory|                                                          weights_37|         array|
|weights_37_ce0       |  out|    1|   ap_memory|                                                          weights_37|         array|
|weights_37_q0        |   in|   25|   ap_memory|                                                          weights_37|         array|
|weights_38_address0  |  out|    3|   ap_memory|                                                          weights_38|         array|
|weights_38_ce0       |  out|    1|   ap_memory|                                                          weights_38|         array|
|weights_38_q0        |   in|   25|   ap_memory|                                                          weights_38|         array|
|weights_39_address0  |  out|    3|   ap_memory|                                                          weights_39|         array|
|weights_39_ce0       |  out|    1|   ap_memory|                                                          weights_39|         array|
|weights_39_q0        |   in|   25|   ap_memory|                                                          weights_39|         array|
|weights_40_address0  |  out|    3|   ap_memory|                                                          weights_40|         array|
|weights_40_ce0       |  out|    1|   ap_memory|                                                          weights_40|         array|
|weights_40_q0        |   in|   25|   ap_memory|                                                          weights_40|         array|
|weights_41_address0  |  out|    3|   ap_memory|                                                          weights_41|         array|
|weights_41_ce0       |  out|    1|   ap_memory|                                                          weights_41|         array|
|weights_41_q0        |   in|   25|   ap_memory|                                                          weights_41|         array|
|weights_42_address0  |  out|    3|   ap_memory|                                                          weights_42|         array|
|weights_42_ce0       |  out|    1|   ap_memory|                                                          weights_42|         array|
|weights_42_q0        |   in|   25|   ap_memory|                                                          weights_42|         array|
|weights_43_address0  |  out|    3|   ap_memory|                                                          weights_43|         array|
|weights_43_ce0       |  out|    1|   ap_memory|                                                          weights_43|         array|
|weights_43_q0        |   in|   25|   ap_memory|                                                          weights_43|         array|
|weights_44_address0  |  out|    3|   ap_memory|                                                          weights_44|         array|
|weights_44_ce0       |  out|    1|   ap_memory|                                                          weights_44|         array|
|weights_44_q0        |   in|   25|   ap_memory|                                                          weights_44|         array|
|weights_45_address0  |  out|    3|   ap_memory|                                                          weights_45|         array|
|weights_45_ce0       |  out|    1|   ap_memory|                                                          weights_45|         array|
|weights_45_q0        |   in|   25|   ap_memory|                                                          weights_45|         array|
|weights_46_address0  |  out|    3|   ap_memory|                                                          weights_46|         array|
|weights_46_ce0       |  out|    1|   ap_memory|                                                          weights_46|         array|
|weights_46_q0        |   in|   25|   ap_memory|                                                          weights_46|         array|
|weights_47_address0  |  out|    3|   ap_memory|                                                          weights_47|         array|
|weights_47_ce0       |  out|    1|   ap_memory|                                                          weights_47|         array|
|weights_47_q0        |   in|   25|   ap_memory|                                                          weights_47|         array|
|weights_48_address0  |  out|    3|   ap_memory|                                                          weights_48|         array|
|weights_48_ce0       |  out|    1|   ap_memory|                                                          weights_48|         array|
|weights_48_q0        |   in|   25|   ap_memory|                                                          weights_48|         array|
|weights_49_address0  |  out|    3|   ap_memory|                                                          weights_49|         array|
|weights_49_ce0       |  out|    1|   ap_memory|                                                          weights_49|         array|
|weights_49_q0        |   in|   25|   ap_memory|                                                          weights_49|         array|
|weights_50_address0  |  out|    3|   ap_memory|                                                          weights_50|         array|
|weights_50_ce0       |  out|    1|   ap_memory|                                                          weights_50|         array|
|weights_50_q0        |   in|   25|   ap_memory|                                                          weights_50|         array|
|weights_51_address0  |  out|    3|   ap_memory|                                                          weights_51|         array|
|weights_51_ce0       |  out|    1|   ap_memory|                                                          weights_51|         array|
|weights_51_q0        |   in|   25|   ap_memory|                                                          weights_51|         array|
|weights_52_address0  |  out|    3|   ap_memory|                                                          weights_52|         array|
|weights_52_ce0       |  out|    1|   ap_memory|                                                          weights_52|         array|
|weights_52_q0        |   in|   25|   ap_memory|                                                          weights_52|         array|
|weights_53_address0  |  out|    3|   ap_memory|                                                          weights_53|         array|
|weights_53_ce0       |  out|    1|   ap_memory|                                                          weights_53|         array|
|weights_53_q0        |   in|   25|   ap_memory|                                                          weights_53|         array|
|weights_54_address0  |  out|    3|   ap_memory|                                                          weights_54|         array|
|weights_54_ce0       |  out|    1|   ap_memory|                                                          weights_54|         array|
|weights_54_q0        |   in|   25|   ap_memory|                                                          weights_54|         array|
|weights_55_address0  |  out|    3|   ap_memory|                                                          weights_55|         array|
|weights_55_ce0       |  out|    1|   ap_memory|                                                          weights_55|         array|
|weights_55_q0        |   in|   25|   ap_memory|                                                          weights_55|         array|
|weights_56_address0  |  out|    3|   ap_memory|                                                          weights_56|         array|
|weights_56_ce0       |  out|    1|   ap_memory|                                                          weights_56|         array|
|weights_56_q0        |   in|   25|   ap_memory|                                                          weights_56|         array|
|weights_57_address0  |  out|    3|   ap_memory|                                                          weights_57|         array|
|weights_57_ce0       |  out|    1|   ap_memory|                                                          weights_57|         array|
|weights_57_q0        |   in|   25|   ap_memory|                                                          weights_57|         array|
|weights_58_address0  |  out|    3|   ap_memory|                                                          weights_58|         array|
|weights_58_ce0       |  out|    1|   ap_memory|                                                          weights_58|         array|
|weights_58_q0        |   in|   25|   ap_memory|                                                          weights_58|         array|
|weights_59_address0  |  out|    3|   ap_memory|                                                          weights_59|         array|
|weights_59_ce0       |  out|    1|   ap_memory|                                                          weights_59|         array|
|weights_59_q0        |   in|   25|   ap_memory|                                                          weights_59|         array|
|weights_60_address0  |  out|    3|   ap_memory|                                                          weights_60|         array|
|weights_60_ce0       |  out|    1|   ap_memory|                                                          weights_60|         array|
|weights_60_q0        |   in|   25|   ap_memory|                                                          weights_60|         array|
|weights_61_address0  |  out|    3|   ap_memory|                                                          weights_61|         array|
|weights_61_ce0       |  out|    1|   ap_memory|                                                          weights_61|         array|
|weights_61_q0        |   in|   25|   ap_memory|                                                          weights_61|         array|
|weights_62_address0  |  out|    3|   ap_memory|                                                          weights_62|         array|
|weights_62_ce0       |  out|    1|   ap_memory|                                                          weights_62|         array|
|weights_62_q0        |   in|   25|   ap_memory|                                                          weights_62|         array|
|weights_63_address0  |  out|    3|   ap_memory|                                                          weights_63|         array|
|weights_63_ce0       |  out|    1|   ap_memory|                                                          weights_63|         array|
|weights_63_q0        |   in|   25|   ap_memory|                                                          weights_63|         array|
|input_0_address0     |  out|    6|   ap_memory|                                                             input_0|         array|
|input_0_ce0          |  out|    1|   ap_memory|                                                             input_0|         array|
|input_0_q0           |   in|   22|   ap_memory|                                                             input_0|         array|
|C_0_address0         |  out|    3|   ap_memory|                                                                 C_0|         array|
|C_0_ce0              |  out|    1|   ap_memory|                                                                 C_0|         array|
|C_0_we0              |  out|    1|   ap_memory|                                                                 C_0|         array|
|C_0_d0               |  out|   25|   ap_memory|                                                                 C_0|         array|
+---------------------+-----+-----+------------+--------------------------------------------------------------------+--------------+

