

================================================================
== Vitis HLS Report for 'forwardPropagation_64_8_s'
================================================================
* Date:           Sat Apr 12 12:19:03 2025

* Version:        2024.1 (Build 5069499 on May 21 2024)
* Project:        top
* Solution:       hls (Vivado IP Flow Target)
* Product family: zynquplus
* Target device:  xczu3eg-sfvc784-1-e


================================================================
== Performance Estimates
================================================================
+ Timing: 
    * Summary: 
    +--------+----------+----------+------------+
    |  Clock |  Target  | Estimated| Uncertainty|
    +--------+----------+----------+------------+
    |ap_clk  |  10.00 ns|  7.438 ns|     2.00 ns|
    +--------+----------+----------+------------+

+ Latency: 
    * Summary: 
    +---------+---------+-----------+-----------+------+------+---------+
    |  Latency (cycles) |   Latency (absolute)  |   Interval  | Pipeline|
    |   min   |   max   |    min    |    max    |  min |  max |   Type  |
    +---------+---------+-----------+-----------+------+------+---------+
    |     1060|     1060|  10.600 us|  10.600 us|  1060|  1060|       no|
    +---------+---------+-----------+-----------+------+------+---------+

    + Detail: 
        * Instance: 
        +-----------------------------------------------------------------------------+------------------------------------------------------------------+---------+---------+-----------+-----------+------+------+-----------------------------------------------+
        |                                                                             |                                                                  |  Latency (cycles) |   Latency (absolute)  |   Interval  |                    Pipeline                   |
        |                                   Instance                                  |                              Module                              |   min   |   max   |    min    |    max    |  min |  max |                      Type                     |
        +-----------------------------------------------------------------------------+------------------------------------------------------------------+---------+---------+-----------+-----------+------+------+-----------------------------------------------+
        |grp_forwardPropagation_64_8_Pipeline_VITIS_LOOP_71_1_VITIS_LOOP_74_3_fu_484  |forwardPropagation_64_8_Pipeline_VITIS_LOOP_71_1_VITIS_LOOP_74_3  |     1026|     1026|  10.260 us|  10.260 us|  1025|  1025|  loop auto-rewind stp(delay=0 clock cycles(s))|
        |grp_forwardPropagation_64_8_Pipeline_VITIS_LOOP_145_1_fu_619                 |forwardPropagation_64_8_Pipeline_VITIS_LOOP_145_1                 |       10|       10|   0.100 us|   0.100 us|     9|     9|  loop auto-rewind stp(delay=0 clock cycles(s))|
        |grp_forwardPropagation_64_8_Pipeline_VITIS_LOOP_21_1_fu_627                  |forwardPropagation_64_8_Pipeline_VITIS_LOOP_21_1                  |       10|       10|   0.100 us|   0.100 us|     9|     9|  loop auto-rewind stp(delay=0 clock cycles(s))|
        +-----------------------------------------------------------------------------+------------------------------------------------------------------+---------+---------+-----------+-----------+------+------+-----------------------------------------------+

        * Loop: 
        N/A



================================================================
== Utilization Estimates
================================================================
* Summary: 
+-----------------+---------+-----+--------+-------+-----+
|       Name      | BRAM_18K| DSP |   FF   |  LUT  | URAM|
+-----------------+---------+-----+--------+-------+-----+
|DSP              |        -|    -|       -|      -|    -|
|Expression       |        -|    -|       -|      -|    -|
|FIFO             |        -|    -|       -|      -|    -|
|Instance         |        -|    3|     102|    723|    -|
|Memory           |        0|    -|     148|     11|    0|
|Multiplexer      |        -|    -|       0|    447|    -|
|Register         |        -|    -|      18|      -|    -|
+-----------------+---------+-----+--------+-------+-----+
|Total            |        0|    3|     268|   1181|    0|
+-----------------+---------+-----+--------+-------+-----+
|Available        |      432|  360|  141120|  70560|    0|
+-----------------+---------+-----+--------+-------+-----+
|Utilization (%)  |        0|   ~0|      ~0|      1|    0|
+-----------------+---------+-----+--------+-------+-----+

+ Detail: 
    * Instance: 
    +-----------------------------------------------------------------------------+------------------------------------------------------------------+---------+----+----+-----+-----+
    |                                   Instance                                  |                              Module                              | BRAM_18K| DSP| FF | LUT | URAM|
    +-----------------------------------------------------------------------------+------------------------------------------------------------------+---------+----+----+-----+-----+
    |grp_forwardPropagation_64_8_Pipeline_VITIS_LOOP_145_1_fu_619                 |forwardPropagation_64_8_Pipeline_VITIS_LOOP_145_1                 |        0|   0|  11|   94|    0|
    |grp_forwardPropagation_64_8_Pipeline_VITIS_LOOP_21_1_fu_627                  |forwardPropagation_64_8_Pipeline_VITIS_LOOP_21_1                  |        0|   0|  11|  118|    0|
    |grp_forwardPropagation_64_8_Pipeline_VITIS_LOOP_71_1_VITIS_LOOP_74_3_fu_484  |forwardPropagation_64_8_Pipeline_VITIS_LOOP_71_1_VITIS_LOOP_74_3  |        0|   3|  80|  511|    0|
    +-----------------------------------------------------------------------------+------------------------------------------------------------------+---------+----+----+-----+-----+
    |Total                                                                        |                                                                  |        0|   3| 102|  723|    0|
    +-----------------------------------------------------------------------------+------------------------------------------------------------------+---------+----+----+-----+-----+

    * DSP: 
    N/A

    * Memory: 
    +------------+--------------------------------------------------+---------+----+----+-----+------+-----+------+-------------+
    |   Memory   |                      Module                      | BRAM_18K| FF | LUT| URAM| Words| Bits| Banks| W*Bits*Banks|
    +------------+--------------------------------------------------+---------+----+----+-----+------+-----+------+-------------+
    |C_0_U       |forwardPropagation_64_8_s_C_0_RAM_AUTO_1R1W       |        0|  50|   4|    0|     8|   25|     1|          200|
    |net_0_U     |forwardPropagation_64_8_s_C_0_RAM_AUTO_1R1W       |        0|  50|   4|    0|     8|   25|     1|          200|
    |output_0_U  |forwardPropagation_64_8_s_output_0_RAM_AUTO_1R1W  |        0|  48|   3|    0|     8|   24|     1|          192|
    +------------+--------------------------------------------------+---------+----+----+-----+------+-----+------+-------------+
    |Total       |                                                  |        0| 148|  11|    0|    24|   74|     3|          592|
    +------------+--------------------------------------------------+---------+----+----+-----+------+-----+------+-------------+

    * FIFO: 
    N/A

    * Expression: 
    N/A

    * Multiplexer: 
    +-----------------------------+----+-----------+-----+-----------+
    |             Name            | LUT| Input Size| Bits| Total Bits|
    +-----------------------------+----+-----------+-----+-----------+
    |C_0_address0                 |  14|          3|    3|          9|
    |C_0_address0_local           |  26|          5|    3|         15|
    |C_0_address1_local           |  26|          5|    3|         15|
    |C_0_ce0                      |  14|          3|    1|          3|
    |C_0_d0                       |   9|          2|   25|         50|
    |C_0_we0                      |   9|          2|    1|          2|
    |agg_result_0_address0_local  |  26|          5|    3|         15|
    |agg_result_0_address1_local  |  26|          5|    3|         15|
    |ap_NS_fsm                    |  65|         16|    1|         16|
    |net_0_address0               |  14|          3|    3|          9|
    |net_0_address0_local         |  26|          5|    3|         15|
    |net_0_address1_local         |  26|          5|    3|         15|
    |net_0_ce0                    |  14|          3|    1|          3|
    |net_0_d0                     |   9|          2|   25|         50|
    |net_0_we0                    |   9|          2|    1|          2|
    |output_0_address0            |   9|          2|    3|          6|
    |output_0_address0_local      |  49|          9|    3|         27|
    |output_0_address1_local      |  49|          9|    3|         27|
    |output_0_ce0                 |   9|          2|    1|          2|
    |output_0_d0                  |   9|          2|   24|         48|
    |output_0_we0                 |   9|          2|    1|          2|
    +-----------------------------+----+-----------+-----+-----------+
    |Total                        | 447|         92|  114|        346|
    +-----------------------------+----+-----------+-----+-----------+

    * Register: 
    +------------------------------------------------------------------------------------------+----+----+-----+-----------+
    |                                           Name                                           | FF | LUT| Bits| Const Bits|
    +------------------------------------------------------------------------------------------+----+----+-----+-----------+
    |ap_CS_fsm                                                                                 |  15|   0|   15|          0|
    |grp_forwardPropagation_64_8_Pipeline_VITIS_LOOP_145_1_fu_619_ap_start_reg                 |   1|   0|    1|          0|
    |grp_forwardPropagation_64_8_Pipeline_VITIS_LOOP_21_1_fu_627_ap_start_reg                  |   1|   0|    1|          0|
    |grp_forwardPropagation_64_8_Pipeline_VITIS_LOOP_71_1_VITIS_LOOP_74_3_fu_484_ap_start_reg  |   1|   0|    1|          0|
    +------------------------------------------------------------------------------------------+----+----+-----+-----------+
    |Total                                                                                     |  18|   0|   18|          0|
    +------------------------------------------------------------------------------------------+----+----+-----+-----------+



================================================================
== Interface
================================================================
* Summary: 
+-----------------------+-----+-----+------------+---------------------------+--------------+
|       RTL Ports       | Dir | Bits|  Protocol  |       Source Object       |    C Type    |
+-----------------------+-----+-----+------------+---------------------------+--------------+
|ap_clk                 |   in|    1|  ap_ctrl_hs|  forwardPropagation<64, 8>|  return value|
|ap_rst                 |   in|    1|  ap_ctrl_hs|  forwardPropagation<64, 8>|  return value|
|ap_start               |   in|    1|  ap_ctrl_hs|  forwardPropagation<64, 8>|  return value|
|ap_done                |  out|    1|  ap_ctrl_hs|  forwardPropagation<64, 8>|  return value|
|ap_idle                |  out|    1|  ap_ctrl_hs|  forwardPropagation<64, 8>|  return value|
|ap_ready               |  out|    1|  ap_ctrl_hs|  forwardPropagation<64, 8>|  return value|
|agg_result_0_address0  |  out|    3|   ap_memory|               agg_result_0|         array|
|agg_result_0_ce0       |  out|    1|   ap_memory|               agg_result_0|         array|
|agg_result_0_we0       |  out|    1|   ap_memory|               agg_result_0|         array|
|agg_result_0_d0        |  out|   24|   ap_memory|               agg_result_0|         array|
|agg_result_0_address1  |  out|    3|   ap_memory|               agg_result_0|         array|
|agg_result_0_ce1       |  out|    1|   ap_memory|               agg_result_0|         array|
|agg_result_0_we1       |  out|    1|   ap_memory|               agg_result_0|         array|
|agg_result_0_d1        |  out|   24|   ap_memory|               agg_result_0|         array|
|input_0_address0       |  out|    6|   ap_memory|                    input_0|         array|
|input_0_ce0            |  out|    1|   ap_memory|                    input_0|         array|
|input_0_q0             |   in|   22|   ap_memory|                    input_0|         array|
|weights_0_address0     |  out|    3|   ap_memory|                  weights_0|         array|
|weights_0_ce0          |  out|    1|   ap_memory|                  weights_0|         array|
|weights_0_q0           |   in|   25|   ap_memory|                  weights_0|         array|
|weights_1_address0     |  out|    3|   ap_memory|                  weights_1|         array|
|weights_1_ce0          |  out|    1|   ap_memory|                  weights_1|         array|
|weights_1_q0           |   in|   25|   ap_memory|                  weights_1|         array|
|weights_2_address0     |  out|    3|   ap_memory|                  weights_2|         array|
|weights_2_ce0          |  out|    1|   ap_memory|                  weights_2|         array|
|weights_2_q0           |   in|   25|   ap_memory|                  weights_2|         array|
|weights_3_address0     |  out|    3|   ap_memory|                  weights_3|         array|
|weights_3_ce0          |  out|    1|   ap_memory|                  weights_3|         array|
|weights_3_q0           |   in|   25|   ap_memory|                  weights_3|         array|
|weights_4_address0     |  out|    3|   ap_memory|                  weights_4|         array|
|weights_4_ce0          |  out|    1|   ap_memory|                  weights_4|         array|
|weights_4_q0           |   in|   25|   ap_memory|                  weights_4|         array|
|weights_5_address0     |  out|    3|   ap_memory|                  weights_5|         array|
|weights_5_ce0          |  out|    1|   ap_memory|                  weights_5|         array|
|weights_5_q0           |   in|   25|   ap_memory|                  weights_5|         array|
|weights_6_address0     |  out|    3|   ap_memory|                  weights_6|         array|
|weights_6_ce0          |  out|    1|   ap_memory|                  weights_6|         array|
|weights_6_q0           |   in|   25|   ap_memory|                  weights_6|         array|
|weights_7_address0     |  out|    3|   ap_memory|                  weights_7|         array|
|weights_7_ce0          |  out|    1|   ap_memory|                  weights_7|         array|
|weights_7_q0           |   in|   25|   ap_memory|                  weights_7|         array|
|weights_8_address0     |  out|    3|   ap_memory|                  weights_8|         array|
|weights_8_ce0          |  out|    1|   ap_memory|                  weights_8|         array|
|weights_8_q0           |   in|   25|   ap_memory|                  weights_8|         array|
|weights_9_address0     |  out|    3|   ap_memory|                  weights_9|         array|
|weights_9_ce0          |  out|    1|   ap_memory|                  weights_9|         array|
|weights_9_q0           |   in|   25|   ap_memory|                  weights_9|         array|
|weights_10_address0    |  out|    3|   ap_memory|                 weights_10|         array|
|weights_10_ce0         |  out|    1|   ap_memory|                 weights_10|         array|
|weights_10_q0          |   in|   25|   ap_memory|                 weights_10|         array|
|weights_11_address0    |  out|    3|   ap_memory|                 weights_11|         array|
|weights_11_ce0         |  out|    1|   ap_memory|                 weights_11|         array|
|weights_11_q0          |   in|   25|   ap_memory|                 weights_11|         array|
|weights_12_address0    |  out|    3|   ap_memory|                 weights_12|         array|
|weights_12_ce0         |  out|    1|   ap_memory|                 weights_12|         array|
|weights_12_q0          |   in|   25|   ap_memory|                 weights_12|         array|
|weights_13_address0    |  out|    3|   ap_memory|                 weights_13|         array|
|weights_13_ce0         |  out|    1|   ap_memory|                 weights_13|         array|
|weights_13_q0          |   in|   25|   ap_memory|                 weights_13|         array|
|weights_14_address0    |  out|    3|   ap_memory|                 weights_14|         array|
|weights_14_ce0         |  out|    1|   ap_memory|                 weights_14|         array|
|weights_14_q0          |   in|   25|   ap_memory|                 weights_14|         array|
|weights_15_address0    |  out|    3|   ap_memory|                 weights_15|         array|
|weights_15_ce0         |  out|    1|   ap_memory|                 weights_15|         array|
|weights_15_q0          |   in|   25|   ap_memory|                 weights_15|         array|
|weights_16_address0    |  out|    3|   ap_memory|                 weights_16|         array|
|weights_16_ce0         |  out|    1|   ap_memory|                 weights_16|         array|
|weights_16_q0          |   in|   25|   ap_memory|                 weights_16|         array|
|weights_17_address0    |  out|    3|   ap_memory|                 weights_17|         array|
|weights_17_ce0         |  out|    1|   ap_memory|                 weights_17|         array|
|weights_17_q0          |   in|   25|   ap_memory|                 weights_17|         array|
|weights_18_address0    |  out|    3|   ap_memory|                 weights_18|         array|
|weights_18_ce0         |  out|    1|   ap_memory|                 weights_18|         array|
|weights_18_q0          |   in|   25|   ap_memory|                 weights_18|         array|
|weights_19_address0    |  out|    3|   ap_memory|                 weights_19|         array|
|weights_19_ce0         |  out|    1|   ap_memory|                 weights_19|         array|
|weights_19_q0          |   in|   25|   ap_memory|                 weights_19|         array|
|weights_20_address0    |  out|    3|   ap_memory|                 weights_20|         array|
|weights_20_ce0         |  out|    1|   ap_memory|                 weights_20|         array|
|weights_20_q0          |   in|   25|   ap_memory|                 weights_20|         array|
|weights_21_address0    |  out|    3|   ap_memory|                 weights_21|         array|
|weights_21_ce0         |  out|    1|   ap_memory|                 weights_21|         array|
|weights_21_q0          |   in|   25|   ap_memory|                 weights_21|         array|
|weights_22_address0    |  out|    3|   ap_memory|                 weights_22|         array|
|weights_22_ce0         |  out|    1|   ap_memory|                 weights_22|         array|
|weights_22_q0          |   in|   25|   ap_memory|                 weights_22|         array|
|weights_23_address0    |  out|    3|   ap_memory|                 weights_23|         array|
|weights_23_ce0         |  out|    1|   ap_memory|                 weights_23|         array|
|weights_23_q0          |   in|   25|   ap_memory|                 weights_23|         array|
|weights_24_address0    |  out|    3|   ap_memory|                 weights_24|         array|
|weights_24_ce0         |  out|    1|   ap_memory|                 weights_24|         array|
|weights_24_q0          |   in|   25|   ap_memory|                 weights_24|         array|
|weights_25_address0    |  out|    3|   ap_memory|                 weights_25|         array|
|weights_25_ce0         |  out|    1|   ap_memory|                 weights_25|         array|
|weights_25_q0          |   in|   25|   ap_memory|                 weights_25|         array|
|weights_26_address0    |  out|    3|   ap_memory|                 weights_26|         array|
|weights_26_ce0         |  out|    1|   ap_memory|                 weights_26|         array|
|weights_26_q0          |   in|   25|   ap_memory|                 weights_26|         array|
|weights_27_address0    |  out|    3|   ap_memory|                 weights_27|         array|
|weights_27_ce0         |  out|    1|   ap_memory|                 weights_27|         array|
|weights_27_q0          |   in|   25|   ap_memory|                 weights_27|         array|
|weights_28_address0    |  out|    3|   ap_memory|                 weights_28|         array|
|weights_28_ce0         |  out|    1|   ap_memory|                 weights_28|         array|
|weights_28_q0          |   in|   25|   ap_memory|                 weights_28|         array|
|weights_29_address0    |  out|    3|   ap_memory|                 weights_29|         array|
|weights_29_ce0         |  out|    1|   ap_memory|                 weights_29|         array|
|weights_29_q0          |   in|   25|   ap_memory|                 weights_29|         array|
|weights_30_address0    |  out|    3|   ap_memory|                 weights_30|         array|
|weights_30_ce0         |  out|    1|   ap_memory|                 weights_30|         array|
|weights_30_q0          |   in|   25|   ap_memory|                 weights_30|         array|
|weights_31_address0    |  out|    3|   ap_memory|                 weights_31|         array|
|weights_31_ce0         |  out|    1|   ap_memory|                 weights_31|         array|
|weights_31_q0          |   in|   25|   ap_memory|                 weights_31|         array|
|weights_32_address0    |  out|    3|   ap_memory|                 weights_32|         array|
|weights_32_ce0         |  out|    1|   ap_memory|                 weights_32|         array|
|weights_32_q0          |   in|   25|   ap_memory|                 weights_32|         array|
|weights_33_address0    |  out|    3|   ap_memory|                 weights_33|         array|
|weights_33_ce0         |  out|    1|   ap_memory|                 weights_33|         array|
|weights_33_q0          |   in|   25|   ap_memory|                 weights_33|         array|
|weights_34_address0    |  out|    3|   ap_memory|                 weights_34|         array|
|weights_34_ce0         |  out|    1|   ap_memory|                 weights_34|         array|
|weights_34_q0          |   in|   25|   ap_memory|                 weights_34|         array|
|weights_35_address0    |  out|    3|   ap_memory|                 weights_35|         array|
|weights_35_ce0         |  out|    1|   ap_memory|                 weights_35|         array|
|weights_35_q0          |   in|   25|   ap_memory|                 weights_35|         array|
|weights_36_address0    |  out|    3|   ap_memory|                 weights_36|         array|
|weights_36_ce0         |  out|    1|   ap_memory|                 weights_36|         array|
|weights_36_q0          |   in|   25|   ap_memory|                 weights_36|         array|
|weights_37_address0    |  out|    3|   ap_memory|                 weights_37|         array|
|weights_37_ce0         |  out|    1|   ap_memory|                 weights_37|         array|
|weights_37_q0          |   in|   25|   ap_memory|                 weights_37|         array|
|weights_38_address0    |  out|    3|   ap_memory|                 weights_38|         array|
|weights_38_ce0         |  out|    1|   ap_memory|                 weights_38|         array|
|weights_38_q0          |   in|   25|   ap_memory|                 weights_38|         array|
|weights_39_address0    |  out|    3|   ap_memory|                 weights_39|         array|
|weights_39_ce0         |  out|    1|   ap_memory|                 weights_39|         array|
|weights_39_q0          |   in|   25|   ap_memory|                 weights_39|         array|
|weights_40_address0    |  out|    3|   ap_memory|                 weights_40|         array|
|weights_40_ce0         |  out|    1|   ap_memory|                 weights_40|         array|
|weights_40_q0          |   in|   25|   ap_memory|                 weights_40|         array|
|weights_41_address0    |  out|    3|   ap_memory|                 weights_41|         array|
|weights_41_ce0         |  out|    1|   ap_memory|                 weights_41|         array|
|weights_41_q0          |   in|   25|   ap_memory|                 weights_41|         array|
|weights_42_address0    |  out|    3|   ap_memory|                 weights_42|         array|
|weights_42_ce0         |  out|    1|   ap_memory|                 weights_42|         array|
|weights_42_q0          |   in|   25|   ap_memory|                 weights_42|         array|
|weights_43_address0    |  out|    3|   ap_memory|                 weights_43|         array|
|weights_43_ce0         |  out|    1|   ap_memory|                 weights_43|         array|
|weights_43_q0          |   in|   25|   ap_memory|                 weights_43|         array|
|weights_44_address0    |  out|    3|   ap_memory|                 weights_44|         array|
|weights_44_ce0         |  out|    1|   ap_memory|                 weights_44|         array|
|weights_44_q0          |   in|   25|   ap_memory|                 weights_44|         array|
|weights_45_address0    |  out|    3|   ap_memory|                 weights_45|         array|
|weights_45_ce0         |  out|    1|   ap_memory|                 weights_45|         array|
|weights_45_q0          |   in|   25|   ap_memory|                 weights_45|         array|
|weights_46_address0    |  out|    3|   ap_memory|                 weights_46|         array|
|weights_46_ce0         |  out|    1|   ap_memory|                 weights_46|         array|
|weights_46_q0          |   in|   25|   ap_memory|                 weights_46|         array|
|weights_47_address0    |  out|    3|   ap_memory|                 weights_47|         array|
|weights_47_ce0         |  out|    1|   ap_memory|                 weights_47|         array|
|weights_47_q0          |   in|   25|   ap_memory|                 weights_47|         array|
|weights_48_address0    |  out|    3|   ap_memory|                 weights_48|         array|
|weights_48_ce0         |  out|    1|   ap_memory|                 weights_48|         array|
|weights_48_q0          |   in|   25|   ap_memory|                 weights_48|         array|
|weights_49_address0    |  out|    3|   ap_memory|                 weights_49|         array|
|weights_49_ce0         |  out|    1|   ap_memory|                 weights_49|         array|
|weights_49_q0          |   in|   25|   ap_memory|                 weights_49|         array|
|weights_50_address0    |  out|    3|   ap_memory|                 weights_50|         array|
|weights_50_ce0         |  out|    1|   ap_memory|                 weights_50|         array|
|weights_50_q0          |   in|   25|   ap_memory|                 weights_50|         array|
|weights_51_address0    |  out|    3|   ap_memory|                 weights_51|         array|
|weights_51_ce0         |  out|    1|   ap_memory|                 weights_51|         array|
|weights_51_q0          |   in|   25|   ap_memory|                 weights_51|         array|
|weights_52_address0    |  out|    3|   ap_memory|                 weights_52|         array|
|weights_52_ce0         |  out|    1|   ap_memory|                 weights_52|         array|
|weights_52_q0          |   in|   25|   ap_memory|                 weights_52|         array|
|weights_53_address0    |  out|    3|   ap_memory|                 weights_53|         array|
|weights_53_ce0         |  out|    1|   ap_memory|                 weights_53|         array|
|weights_53_q0          |   in|   25|   ap_memory|                 weights_53|         array|
|weights_54_address0    |  out|    3|   ap_memory|                 weights_54|         array|
|weights_54_ce0         |  out|    1|   ap_memory|                 weights_54|         array|
|weights_54_q0          |   in|   25|   ap_memory|                 weights_54|         array|
|weights_55_address0    |  out|    3|   ap_memory|                 weights_55|         array|
|weights_55_ce0         |  out|    1|   ap_memory|                 weights_55|         array|
|weights_55_q0          |   in|   25|   ap_memory|                 weights_55|         array|
|weights_56_address0    |  out|    3|   ap_memory|                 weights_56|         array|
|weights_56_ce0         |  out|    1|   ap_memory|                 weights_56|         array|
|weights_56_q0          |   in|   25|   ap_memory|                 weights_56|         array|
|weights_57_address0    |  out|    3|   ap_memory|                 weights_57|         array|
|weights_57_ce0         |  out|    1|   ap_memory|                 weights_57|         array|
|weights_57_q0          |   in|   25|   ap_memory|                 weights_57|         array|
|weights_58_address0    |  out|    3|   ap_memory|                 weights_58|         array|
|weights_58_ce0         |  out|    1|   ap_memory|                 weights_58|         array|
|weights_58_q0          |   in|   25|   ap_memory|                 weights_58|         array|
|weights_59_address0    |  out|    3|   ap_memory|                 weights_59|         array|
|weights_59_ce0         |  out|    1|   ap_memory|                 weights_59|         array|
|weights_59_q0          |   in|   25|   ap_memory|                 weights_59|         array|
|weights_60_address0    |  out|    3|   ap_memory|                 weights_60|         array|
|weights_60_ce0         |  out|    1|   ap_memory|                 weights_60|         array|
|weights_60_q0          |   in|   25|   ap_memory|                 weights_60|         array|
|weights_61_address0    |  out|    3|   ap_memory|                 weights_61|         array|
|weights_61_ce0         |  out|    1|   ap_memory|                 weights_61|         array|
|weights_61_q0          |   in|   25|   ap_memory|                 weights_61|         array|
|weights_62_address0    |  out|    3|   ap_memory|                 weights_62|         array|
|weights_62_ce0         |  out|    1|   ap_memory|                 weights_62|         array|
|weights_62_q0          |   in|   25|   ap_memory|                 weights_62|         array|
|weights_63_address0    |  out|    3|   ap_memory|                 weights_63|         array|
|weights_63_ce0         |  out|    1|   ap_memory|                 weights_63|         array|
|weights_63_q0          |   in|   25|   ap_memory|                 weights_63|         array|
|biases_address0        |  out|    3|   ap_memory|                     biases|         array|
|biases_ce0             |  out|    1|   ap_memory|                     biases|         array|
|biases_q0              |   in|   25|   ap_memory|                     biases|         array|
+-----------------------+-----+-----+------------+---------------------------+--------------+

