

================================================================
== Vitis HLS Report for 'matmul_8ul_1ul_64ul_Pipeline_VITIS_LOOP_71_1'
================================================================
* Date:           Sat Apr 12 12:19:17 2025

* Version:        2024.1 (Build 5069499 on May 21 2024)
* Project:        top
* Solution:       hls (Vivado IP Flow Target)
* Product family: zynquplus
* Target device:  xczu3eg-sfvc784-1-e


================================================================
== Performance Estimates
================================================================
+ Timing: 
    * Summary: 
    +--------+----------+----------+------------+
    |  Clock |  Target  | Estimated| Uncertainty|
    +--------+----------+----------+------------+
    |ap_clk  |  10.00 ns|  5.394 ns|     2.00 ns|
    +--------+----------+----------+------------+

+ Latency: 
    * Summary: 
    +---------+---------+----------+----------+-----+-----+-----------------------------------------------+
    |  Latency (cycles) |  Latency (absolute) |  Interval |                    Pipeline                   |
    |   min   |   max   |    min   |    max   | min | max |                      Type                     |
    +---------+---------+----------+----------+-----+-----+-----------------------------------------------+
    |       10|       10|  0.100 us|  0.100 us|    9|    9|  loop auto-rewind stp(delay=0 clock cycles(s))|
    +---------+---------+----------+----------+-----+-----+-----------------------------------------------+

    + Detail: 
        * Instance: 
        N/A

        * Loop: 
        +-------------------+---------+---------+----------+-----------+-----------+------+----------+
        |                   |  Latency (cycles) | Iteration|  Initiation Interval  | Trip |          |
        |     Loop Name     |   min   |   max   |  Latency |  achieved |   target  | Count| Pipelined|
        +-------------------+---------+---------+----------+-----------+-----------+------+----------+
        |- VITIS_LOOP_71_1  |        8|        8|         2|          1|          1|     8|       yes|
        +-------------------+---------+---------+----------+-----------+-----------+------+----------+



================================================================
== Utilization Estimates
================================================================
* Summary: 
+-----------------+---------+-----+--------+-------+-----+
|       Name      | BRAM_18K| DSP |   FF   |  LUT  | URAM|
+-----------------+---------+-----+--------+-------+-----+
|DSP              |        -|    -|       -|      -|    -|
|Expression       |        -|    -|       0|     26|    -|
|FIFO             |        -|    -|       -|      -|    -|
|Instance         |        -|  128|       0|   1664|    -|
|Memory           |        -|    -|       -|      -|    -|
|Multiplexer      |        -|    -|       0|     36|    -|
|Register         |        -|    -|    1419|      -|    -|
+-----------------+---------+-----+--------+-------+-----+
|Total            |        0|  128|    1419|   1726|    0|
+-----------------+---------+-----+--------+-------+-----+
|Available        |      432|  360|  141120|  70560|    0|
+-----------------+---------+-----+--------+-------+-----+
|Utilization (%)  |        0|   35|       1|      2|    0|
+-----------------+---------+-----+--------+-------+-----+

+ Detail: 
    * Instance: 
    +--------------------------+---------------------+---------+----+---+----+-----+
    |         Instance         |        Module       | BRAM_18K| DSP| FF| LUT| URAM|
    +--------------------------+---------------------+---------+----+---+----+-----+
    |mul_25s_22ns_47_1_1_U928  |mul_25s_22ns_47_1_1  |        0|   2|  0|  26|    0|
    |mul_25s_22ns_47_1_1_U929  |mul_25s_22ns_47_1_1  |        0|   2|  0|  26|    0|
    |mul_25s_22ns_47_1_1_U930  |mul_25s_22ns_47_1_1  |        0|   2|  0|  26|    0|
    |mul_25s_22ns_47_1_1_U931  |mul_25s_22ns_47_1_1  |        0|   2|  0|  26|    0|
    |mul_25s_22ns_47_1_1_U932  |mul_25s_22ns_47_1_1  |        0|   2|  0|  26|    0|
    |mul_25s_22ns_47_1_1_U933  |mul_25s_22ns_47_1_1  |        0|   2|  0|  26|    0|
    |mul_25s_22ns_47_1_1_U934  |mul_25s_22ns_47_1_1  |        0|   2|  0|  26|    0|
    |mul_25s_22ns_47_1_1_U935  |mul_25s_22ns_47_1_1  |        0|   2|  0|  26|    0|
    |mul_25s_22ns_47_1_1_U936  |mul_25s_22ns_47_1_1  |        0|   2|  0|  26|    0|
    |mul_25s_22ns_47_1_1_U937  |mul_25s_22ns_47_1_1  |        0|   2|  0|  26|    0|
    |mul_25s_22ns_47_1_1_U938  |mul_25s_22ns_47_1_1  |        0|   2|  0|  26|    0|
    |mul_25s_22ns_47_1_1_U939  |mul_25s_22ns_47_1_1  |        0|   2|  0|  26|    0|
    |mul_25s_22ns_47_1_1_U940  |mul_25s_22ns_47_1_1  |        0|   2|  0|  26|    0|
    |mul_25s_22ns_47_1_1_U941  |mul_25s_22ns_47_1_1  |        0|   2|  0|  26|    0|
    |mul_25s_22ns_47_1_1_U942  |mul_25s_22ns_47_1_1  |        0|   2|  0|  26|    0|
    |mul_25s_22ns_47_1_1_U943  |mul_25s_22ns_47_1_1  |        0|   2|  0|  26|    0|
    |mul_25s_22ns_47_1_1_U944  |mul_25s_22ns_47_1_1  |        0|   2|  0|  26|    0|
    |mul_25s_22ns_47_1_1_U945  |mul_25s_22ns_47_1_1  |        0|   2|  0|  26|    0|
    |mul_25s_22ns_47_1_1_U946  |mul_25s_22ns_47_1_1  |        0|   2|  0|  26|    0|
    |mul_25s_22ns_47_1_1_U947  |mul_25s_22ns_47_1_1  |        0|   2|  0|  26|    0|
    |mul_25s_22ns_47_1_1_U948  |mul_25s_22ns_47_1_1  |        0|   2|  0|  26|    0|
    |mul_25s_22ns_47_1_1_U949  |mul_25s_22ns_47_1_1  |        0|   2|  0|  26|    0|
    |mul_25s_22ns_47_1_1_U950  |mul_25s_22ns_47_1_1  |        0|   2|  0|  26|    0|
    |mul_25s_22ns_47_1_1_U951  |mul_25s_22ns_47_1_1  |        0|   2|  0|  26|    0|
    |mul_25s_22ns_47_1_1_U952  |mul_25s_22ns_47_1_1  |        0|   2|  0|  26|    0|
    |mul_25s_22ns_47_1_1_U953  |mul_25s_22ns_47_1_1  |        0|   2|  0|  26|    0|
    |mul_25s_22ns_47_1_1_U954  |mul_25s_22ns_47_1_1  |        0|   2|  0|  26|    0|
    |mul_25s_22ns_47_1_1_U955  |mul_25s_22ns_47_1_1  |        0|   2|  0|  26|    0|
    |mul_25s_22ns_47_1_1_U956  |mul_25s_22ns_47_1_1  |        0|   2|  0|  26|    0|
    |mul_25s_22ns_47_1_1_U957  |mul_25s_22ns_47_1_1  |        0|   2|  0|  26|    0|
    |mul_25s_22ns_47_1_1_U958  |mul_25s_22ns_47_1_1  |        0|   2|  0|  26|    0|
    |mul_25s_22ns_47_1_1_U959  |mul_25s_22ns_47_1_1  |        0|   2|  0|  26|    0|
    |mul_25s_22ns_47_1_1_U960  |mul_25s_22ns_47_1_1  |        0|   2|  0|  26|    0|
    |mul_25s_22ns_47_1_1_U961  |mul_25s_22ns_47_1_1  |        0|   2|  0|  26|    0|
    |mul_25s_22ns_47_1_1_U962  |mul_25s_22ns_47_1_1  |        0|   2|  0|  26|    0|
    |mul_25s_22ns_47_1_1_U963  |mul_25s_22ns_47_1_1  |        0|   2|  0|  26|    0|
    |mul_25s_22ns_47_1_1_U964  |mul_25s_22ns_47_1_1  |        0|   2|  0|  26|    0|
    |mul_25s_22ns_47_1_1_U965  |mul_25s_22ns_47_1_1  |        0|   2|  0|  26|    0|
    |mul_25s_22ns_47_1_1_U966  |mul_25s_22ns_47_1_1  |        0|   2|  0|  26|    0|
    |mul_25s_22ns_47_1_1_U967  |mul_25s_22ns_47_1_1  |        0|   2|  0|  26|    0|
    |mul_25s_22ns_47_1_1_U968  |mul_25s_22ns_47_1_1  |        0|   2|  0|  26|    0|
    |mul_25s_22ns_47_1_1_U969  |mul_25s_22ns_47_1_1  |        0|   2|  0|  26|    0|
    |mul_25s_22ns_47_1_1_U970  |mul_25s_22ns_47_1_1  |        0|   2|  0|  26|    0|
    |mul_25s_22ns_47_1_1_U971  |mul_25s_22ns_47_1_1  |        0|   2|  0|  26|    0|
    |mul_25s_22ns_47_1_1_U972  |mul_25s_22ns_47_1_1  |        0|   2|  0|  26|    0|
    |mul_25s_22ns_47_1_1_U973  |mul_25s_22ns_47_1_1  |        0|   2|  0|  26|    0|
    |mul_25s_22ns_47_1_1_U974  |mul_25s_22ns_47_1_1  |        0|   2|  0|  26|    0|
    |mul_25s_22ns_47_1_1_U975  |mul_25s_22ns_47_1_1  |        0|   2|  0|  26|    0|
    |mul_25s_22ns_47_1_1_U976  |mul_25s_22ns_47_1_1  |        0|   2|  0|  26|    0|
    |mul_25s_22ns_47_1_1_U977  |mul_25s_22ns_47_1_1  |        0|   2|  0|  26|    0|
    |mul_25s_22ns_47_1_1_U978  |mul_25s_22ns_47_1_1  |        0|   2|  0|  26|    0|
    |mul_25s_22ns_47_1_1_U979  |mul_25s_22ns_47_1_1  |        0|   2|  0|  26|    0|
    |mul_25s_22ns_47_1_1_U980  |mul_25s_22ns_47_1_1  |        0|   2|  0|  26|    0|
    |mul_25s_22ns_47_1_1_U981  |mul_25s_22ns_47_1_1  |        0|   2|  0|  26|    0|
    |mul_25s_22ns_47_1_1_U982  |mul_25s_22ns_47_1_1  |        0|   2|  0|  26|    0|
    |mul_25s_22ns_47_1_1_U983  |mul_25s_22ns_47_1_1  |        0|   2|  0|  26|    0|
    |mul_25s_22ns_47_1_1_U984  |mul_25s_22ns_47_1_1  |        0|   2|  0|  26|    0|
    |mul_25s_22ns_47_1_1_U985  |mul_25s_22ns_47_1_1  |        0|   2|  0|  26|    0|
    |mul_25s_22ns_47_1_1_U986  |mul_25s_22ns_47_1_1  |        0|   2|  0|  26|    0|
    |mul_25s_22ns_47_1_1_U987  |mul_25s_22ns_47_1_1  |        0|   2|  0|  26|    0|
    |mul_25s_22ns_47_1_1_U988  |mul_25s_22ns_47_1_1  |        0|   2|  0|  26|    0|
    |mul_25s_22ns_47_1_1_U989  |mul_25s_22ns_47_1_1  |        0|   2|  0|  26|    0|
    |mul_25s_22ns_47_1_1_U990  |mul_25s_22ns_47_1_1  |        0|   2|  0|  26|    0|
    |mul_25s_22ns_47_1_1_U991  |mul_25s_22ns_47_1_1  |        0|   2|  0|  26|    0|
    +--------------------------+---------------------+---------+----+---+----+-----+
    |Total                     |                     |        0| 128|  0|1664|    0|
    +--------------------------+---------------------+---------+----+---+----+-----+

    * DSP: 
    N/A

    * Memory: 
    N/A

    * FIFO: 
    N/A

    * Expression: 
    +----------------------+----------+----+---+----+------------+------------+
    |     Variable Name    | Operation| DSP| FF| LUT| Bitwidth P0| Bitwidth P1|
    +----------------------+----------+----+---+----+------------+------------+
    |i_11_fu_2191_p2       |         +|   0|  0|  12|           4|           1|
    |icmp_ln71_fu_2185_p2  |      icmp|   0|  0|  12|           4|           5|
    |ap_enable_pp0         |       xor|   0|  0|   2|           1|           2|
    +----------------------+----------+----+---+----+------------+------------+
    |Total                 |          |   0|  0|  26|           9|           8|
    +----------------------+----------+----+---+----+------------+------------+

    * Multiplexer: 
    +-------------------------+----+-----------+-----+-----------+
    |           Name          | LUT| Input Size| Bits| Total Bits|
    +-------------------------+----+-----------+-----+-----------+
    |ap_done_int              |   9|          2|    1|          2|
    |ap_enable_reg_pp0_iter1  |   9|          2|    1|          2|
    |ap_sig_allocacmp_i       |   9|          2|    4|          8|
    |i_04_fu_432              |   9|          2|    4|          8|
    +-------------------------+----+-----------+-----+-----------+
    |Total                    |  36|          8|   10|         20|
    +-------------------------+----+-----------+-----+-----------+

    * Register: 
    +-----------------------------+----+----+-----+-----------+
    |             Name            | FF | LUT| Bits| Const Bits|
    +-----------------------------+----+----+-----+-----------+
    |ap_CS_fsm                    |   1|   0|    1|          0|
    |ap_done_reg                  |   1|   0|    1|          0|
    |ap_enable_reg_pp0_iter1      |   1|   0|    1|          0|
    |i_04_fu_432                  |   4|   0|    4|          0|
    |p_read10_cast_cast_reg_3251  |  22|   0|   47|         25|
    |p_read11_cast_cast_reg_3246  |  22|   0|   47|         25|
    |p_read12_cast_cast_reg_3241  |  22|   0|   47|         25|
    |p_read13_cast_cast_reg_3236  |  22|   0|   47|         25|
    |p_read14_cast_cast_reg_3231  |  22|   0|   47|         25|
    |p_read15_cast_cast_reg_3226  |  22|   0|   47|         25|
    |p_read16_cast_cast_reg_3221  |  22|   0|   47|         25|
    |p_read17_cast_cast_reg_3216  |  22|   0|   47|         25|
    |p_read18_cast_cast_reg_3211  |  22|   0|   47|         25|
    |p_read19_cast_cast_reg_3206  |  22|   0|   47|         25|
    |p_read1_cast_cast_reg_3296   |  22|   0|   47|         25|
    |p_read20_cast_cast_reg_3201  |  22|   0|   47|         25|
    |p_read21_cast_cast_reg_3196  |  22|   0|   47|         25|
    |p_read22_cast_cast_reg_3191  |  22|   0|   47|         25|
    |p_read23_cast_cast_reg_3186  |  22|   0|   47|         25|
    |p_read24_cast_cast_reg_3181  |  22|   0|   47|         25|
    |p_read25_cast_cast_reg_3176  |  22|   0|   47|         25|
    |p_read26_cast_cast_reg_3171  |  22|   0|   47|         25|
    |p_read27_cast_cast_reg_3166  |  22|   0|   47|         25|
    |p_read28_cast_cast_reg_3161  |  22|   0|   47|         25|
    |p_read29_cast_cast_reg_3156  |  22|   0|   47|         25|
    |p_read2_cast_cast_reg_3291   |  22|   0|   47|         25|
    |p_read30_cast_cast_reg_3151  |  22|   0|   47|         25|
    |p_read31_cast_cast_reg_3146  |  22|   0|   47|         25|
    |p_read32_cast_cast_reg_3141  |  22|   0|   47|         25|
    |p_read33_cast_cast_reg_3136  |  22|   0|   47|         25|
    |p_read34_cast_cast_reg_3131  |  22|   0|   47|         25|
    |p_read35_cast_cast_reg_3126  |  22|   0|   47|         25|
    |p_read36_cast_cast_reg_3121  |  22|   0|   47|         25|
    |p_read37_cast_cast_reg_3116  |  22|   0|   47|         25|
    |p_read38_cast_cast_reg_3111  |  22|   0|   47|         25|
    |p_read39_cast_cast_reg_3106  |  22|   0|   47|         25|
    |p_read3_cast_cast_reg_3286   |  22|   0|   47|         25|
    |p_read40_cast_cast_reg_3101  |  22|   0|   47|         25|
    |p_read41_cast_cast_reg_3096  |  22|   0|   47|         25|
    |p_read42_cast_cast_reg_3091  |  22|   0|   47|         25|
    |p_read43_cast_cast_reg_3086  |  22|   0|   47|         25|
    |p_read44_cast_cast_reg_3081  |  22|   0|   47|         25|
    |p_read45_cast_cast_reg_3076  |  22|   0|   47|         25|
    |p_read46_cast_cast_reg_3071  |  22|   0|   47|         25|
    |p_read47_cast_cast_reg_3066  |  22|   0|   47|         25|
    |p_read48_cast_cast_reg_3061  |  22|   0|   47|         25|
    |p_read49_cast_cast_reg_3056  |  22|   0|   47|         25|
    |p_read4_cast_cast_reg_3281   |  22|   0|   47|         25|
    |p_read50_cast_cast_reg_3051  |  22|   0|   47|         25|
    |p_read51_cast_cast_reg_3046  |  22|   0|   47|         25|
    |p_read52_cast_cast_reg_3041  |  22|   0|   47|         25|
    |p_read53_cast_cast_reg_3036  |  22|   0|   47|         25|
    |p_read54_cast_cast_reg_3031  |  22|   0|   47|         25|
    |p_read55_cast_cast_reg_3026  |  22|   0|   47|         25|
    |p_read56_cast_cast_reg_3021  |  22|   0|   47|         25|
    |p_read57_cast_cast_reg_3016  |  22|   0|   47|         25|
    |p_read58_cast_cast_reg_3011  |  22|   0|   47|         25|
    |p_read59_cast_cast_reg_3006  |  22|   0|   47|         25|
    |p_read5_cast_cast_reg_3276   |  22|   0|   47|         25|
    |p_read60_cast_cast_reg_3001  |  22|   0|   47|         25|
    |p_read61_cast_cast_reg_2996  |  22|   0|   47|         25|
    |p_read62_cast_cast_reg_2991  |  22|   0|   47|         25|
    |p_read6_cast_cast_reg_3271   |  22|   0|   47|         25|
    |p_read7_cast_cast_reg_3266   |  22|   0|   47|         25|
    |p_read8_cast_cast_reg_3261   |  22|   0|   47|         25|
    |p_read9_cast_cast_reg_3256   |  22|   0|   47|         25|
    |p_read_cast_cast_reg_3301    |  22|   0|   47|         25|
    |zext_ln71_1_reg_3309         |   4|   0|   64|         60|
    |zext_ln71_cast_reg_2986      |  22|   0|   47|         25|
    +-----------------------------+----+----+-----+-----------+
    |Total                        |1419|   0| 3079|       1660|
    +-----------------------------+----+----+-----+-----------+



================================================================
== Interface
================================================================
* Summary: 
+------------------------+-----+-----+------------+-------------------------------------------------+--------------+
|        RTL Ports       | Dir | Bits|  Protocol  |                  Source Object                  |    C Type    |
+------------------------+-----+-----+------------+-------------------------------------------------+--------------+
|ap_clk                  |   in|    1|  ap_ctrl_hs|  matmul<8ul, 1ul, 64ul>_Pipeline_VITIS_LOOP_71_1|  return value|
|ap_rst                  |   in|    1|  ap_ctrl_hs|  matmul<8ul, 1ul, 64ul>_Pipeline_VITIS_LOOP_71_1|  return value|
|ap_start                |   in|    1|  ap_ctrl_hs|  matmul<8ul, 1ul, 64ul>_Pipeline_VITIS_LOOP_71_1|  return value|
|ap_done                 |  out|    1|  ap_ctrl_hs|  matmul<8ul, 1ul, 64ul>_Pipeline_VITIS_LOOP_71_1|  return value|
|ap_idle                 |  out|    1|  ap_ctrl_hs|  matmul<8ul, 1ul, 64ul>_Pipeline_VITIS_LOOP_71_1|  return value|
|ap_ready                |  out|    1|  ap_ctrl_hs|  matmul<8ul, 1ul, 64ul>_Pipeline_VITIS_LOOP_71_1|  return value|
|agg_result_63_address0  |  out|    3|   ap_memory|                                    agg_result_63|         array|
|agg_result_63_ce0       |  out|    1|   ap_memory|                                    agg_result_63|         array|
|agg_result_63_we0       |  out|    1|   ap_memory|                                    agg_result_63|         array|
|agg_result_63_d0        |  out|   25|   ap_memory|                                    agg_result_63|         array|
|agg_result_62_address0  |  out|    3|   ap_memory|                                    agg_result_62|         array|
|agg_result_62_ce0       |  out|    1|   ap_memory|                                    agg_result_62|         array|
|agg_result_62_we0       |  out|    1|   ap_memory|                                    agg_result_62|         array|
|agg_result_62_d0        |  out|   25|   ap_memory|                                    agg_result_62|         array|
|agg_result_61_address0  |  out|    3|   ap_memory|                                    agg_result_61|         array|
|agg_result_61_ce0       |  out|    1|   ap_memory|                                    agg_result_61|         array|
|agg_result_61_we0       |  out|    1|   ap_memory|                                    agg_result_61|         array|
|agg_result_61_d0        |  out|   25|   ap_memory|                                    agg_result_61|         array|
|agg_result_60_address0  |  out|    3|   ap_memory|                                    agg_result_60|         array|
|agg_result_60_ce0       |  out|    1|   ap_memory|                                    agg_result_60|         array|
|agg_result_60_we0       |  out|    1|   ap_memory|                                    agg_result_60|         array|
|agg_result_60_d0        |  out|   25|   ap_memory|                                    agg_result_60|         array|
|agg_result_59_address0  |  out|    3|   ap_memory|                                    agg_result_59|         array|
|agg_result_59_ce0       |  out|    1|   ap_memory|                                    agg_result_59|         array|
|agg_result_59_we0       |  out|    1|   ap_memory|                                    agg_result_59|         array|
|agg_result_59_d0        |  out|   25|   ap_memory|                                    agg_result_59|         array|
|agg_result_58_address0  |  out|    3|   ap_memory|                                    agg_result_58|         array|
|agg_result_58_ce0       |  out|    1|   ap_memory|                                    agg_result_58|         array|
|agg_result_58_we0       |  out|    1|   ap_memory|                                    agg_result_58|         array|
|agg_result_58_d0        |  out|   25|   ap_memory|                                    agg_result_58|         array|
|agg_result_57_address0  |  out|    3|   ap_memory|                                    agg_result_57|         array|
|agg_result_57_ce0       |  out|    1|   ap_memory|                                    agg_result_57|         array|
|agg_result_57_we0       |  out|    1|   ap_memory|                                    agg_result_57|         array|
|agg_result_57_d0        |  out|   25|   ap_memory|                                    agg_result_57|         array|
|agg_result_56_address0  |  out|    3|   ap_memory|                                    agg_result_56|         array|
|agg_result_56_ce0       |  out|    1|   ap_memory|                                    agg_result_56|         array|
|agg_result_56_we0       |  out|    1|   ap_memory|                                    agg_result_56|         array|
|agg_result_56_d0        |  out|   25|   ap_memory|                                    agg_result_56|         array|
|agg_result_55_address0  |  out|    3|   ap_memory|                                    agg_result_55|         array|
|agg_result_55_ce0       |  out|    1|   ap_memory|                                    agg_result_55|         array|
|agg_result_55_we0       |  out|    1|   ap_memory|                                    agg_result_55|         array|
|agg_result_55_d0        |  out|   25|   ap_memory|                                    agg_result_55|         array|
|agg_result_54_address0  |  out|    3|   ap_memory|                                    agg_result_54|         array|
|agg_result_54_ce0       |  out|    1|   ap_memory|                                    agg_result_54|         array|
|agg_result_54_we0       |  out|    1|   ap_memory|                                    agg_result_54|         array|
|agg_result_54_d0        |  out|   25|   ap_memory|                                    agg_result_54|         array|
|agg_result_53_address0  |  out|    3|   ap_memory|                                    agg_result_53|         array|
|agg_result_53_ce0       |  out|    1|   ap_memory|                                    agg_result_53|         array|
|agg_result_53_we0       |  out|    1|   ap_memory|                                    agg_result_53|         array|
|agg_result_53_d0        |  out|   25|   ap_memory|                                    agg_result_53|         array|
|agg_result_52_address0  |  out|    3|   ap_memory|                                    agg_result_52|         array|
|agg_result_52_ce0       |  out|    1|   ap_memory|                                    agg_result_52|         array|
|agg_result_52_we0       |  out|    1|   ap_memory|                                    agg_result_52|         array|
|agg_result_52_d0        |  out|   25|   ap_memory|                                    agg_result_52|         array|
|agg_result_51_address0  |  out|    3|   ap_memory|                                    agg_result_51|         array|
|agg_result_51_ce0       |  out|    1|   ap_memory|                                    agg_result_51|         array|
|agg_result_51_we0       |  out|    1|   ap_memory|                                    agg_result_51|         array|
|agg_result_51_d0        |  out|   25|   ap_memory|                                    agg_result_51|         array|
|agg_result_50_address0  |  out|    3|   ap_memory|                                    agg_result_50|         array|
|agg_result_50_ce0       |  out|    1|   ap_memory|                                    agg_result_50|         array|
|agg_result_50_we0       |  out|    1|   ap_memory|                                    agg_result_50|         array|
|agg_result_50_d0        |  out|   25|   ap_memory|                                    agg_result_50|         array|
|agg_result_49_address0  |  out|    3|   ap_memory|                                    agg_result_49|         array|
|agg_result_49_ce0       |  out|    1|   ap_memory|                                    agg_result_49|         array|
|agg_result_49_we0       |  out|    1|   ap_memory|                                    agg_result_49|         array|
|agg_result_49_d0        |  out|   25|   ap_memory|                                    agg_result_49|         array|
|agg_result_48_address0  |  out|    3|   ap_memory|                                    agg_result_48|         array|
|agg_result_48_ce0       |  out|    1|   ap_memory|                                    agg_result_48|         array|
|agg_result_48_we0       |  out|    1|   ap_memory|                                    agg_result_48|         array|
|agg_result_48_d0        |  out|   25|   ap_memory|                                    agg_result_48|         array|
|agg_result_47_address0  |  out|    3|   ap_memory|                                    agg_result_47|         array|
|agg_result_47_ce0       |  out|    1|   ap_memory|                                    agg_result_47|         array|
|agg_result_47_we0       |  out|    1|   ap_memory|                                    agg_result_47|         array|
|agg_result_47_d0        |  out|   25|   ap_memory|                                    agg_result_47|         array|
|agg_result_46_address0  |  out|    3|   ap_memory|                                    agg_result_46|         array|
|agg_result_46_ce0       |  out|    1|   ap_memory|                                    agg_result_46|         array|
|agg_result_46_we0       |  out|    1|   ap_memory|                                    agg_result_46|         array|
|agg_result_46_d0        |  out|   25|   ap_memory|                                    agg_result_46|         array|
|agg_result_45_address0  |  out|    3|   ap_memory|                                    agg_result_45|         array|
|agg_result_45_ce0       |  out|    1|   ap_memory|                                    agg_result_45|         array|
|agg_result_45_we0       |  out|    1|   ap_memory|                                    agg_result_45|         array|
|agg_result_45_d0        |  out|   25|   ap_memory|                                    agg_result_45|         array|
|agg_result_44_address0  |  out|    3|   ap_memory|                                    agg_result_44|         array|
|agg_result_44_ce0       |  out|    1|   ap_memory|                                    agg_result_44|         array|
|agg_result_44_we0       |  out|    1|   ap_memory|                                    agg_result_44|         array|
|agg_result_44_d0        |  out|   25|   ap_memory|                                    agg_result_44|         array|
|agg_result_43_address0  |  out|    3|   ap_memory|                                    agg_result_43|         array|
|agg_result_43_ce0       |  out|    1|   ap_memory|                                    agg_result_43|         array|
|agg_result_43_we0       |  out|    1|   ap_memory|                                    agg_result_43|         array|
|agg_result_43_d0        |  out|   25|   ap_memory|                                    agg_result_43|         array|
|agg_result_42_address0  |  out|    3|   ap_memory|                                    agg_result_42|         array|
|agg_result_42_ce0       |  out|    1|   ap_memory|                                    agg_result_42|         array|
|agg_result_42_we0       |  out|    1|   ap_memory|                                    agg_result_42|         array|
|agg_result_42_d0        |  out|   25|   ap_memory|                                    agg_result_42|         array|
|agg_result_41_address0  |  out|    3|   ap_memory|                                    agg_result_41|         array|
|agg_result_41_ce0       |  out|    1|   ap_memory|                                    agg_result_41|         array|
|agg_result_41_we0       |  out|    1|   ap_memory|                                    agg_result_41|         array|
|agg_result_41_d0        |  out|   25|   ap_memory|                                    agg_result_41|         array|
|agg_result_40_address0  |  out|    3|   ap_memory|                                    agg_result_40|         array|
|agg_result_40_ce0       |  out|    1|   ap_memory|                                    agg_result_40|         array|
|agg_result_40_we0       |  out|    1|   ap_memory|                                    agg_result_40|         array|
|agg_result_40_d0        |  out|   25|   ap_memory|                                    agg_result_40|         array|
|agg_result_39_address0  |  out|    3|   ap_memory|                                    agg_result_39|         array|
|agg_result_39_ce0       |  out|    1|   ap_memory|                                    agg_result_39|         array|
|agg_result_39_we0       |  out|    1|   ap_memory|                                    agg_result_39|         array|
|agg_result_39_d0        |  out|   25|   ap_memory|                                    agg_result_39|         array|
|agg_result_38_address0  |  out|    3|   ap_memory|                                    agg_result_38|         array|
|agg_result_38_ce0       |  out|    1|   ap_memory|                                    agg_result_38|         array|
|agg_result_38_we0       |  out|    1|   ap_memory|                                    agg_result_38|         array|
|agg_result_38_d0        |  out|   25|   ap_memory|                                    agg_result_38|         array|
|agg_result_37_address0  |  out|    3|   ap_memory|                                    agg_result_37|         array|
|agg_result_37_ce0       |  out|    1|   ap_memory|                                    agg_result_37|         array|
|agg_result_37_we0       |  out|    1|   ap_memory|                                    agg_result_37|         array|
|agg_result_37_d0        |  out|   25|   ap_memory|                                    agg_result_37|         array|
|agg_result_36_address0  |  out|    3|   ap_memory|                                    agg_result_36|         array|
|agg_result_36_ce0       |  out|    1|   ap_memory|                                    agg_result_36|         array|
|agg_result_36_we0       |  out|    1|   ap_memory|                                    agg_result_36|         array|
|agg_result_36_d0        |  out|   25|   ap_memory|                                    agg_result_36|         array|
|agg_result_35_address0  |  out|    3|   ap_memory|                                    agg_result_35|         array|
|agg_result_35_ce0       |  out|    1|   ap_memory|                                    agg_result_35|         array|
|agg_result_35_we0       |  out|    1|   ap_memory|                                    agg_result_35|         array|
|agg_result_35_d0        |  out|   25|   ap_memory|                                    agg_result_35|         array|
|agg_result_34_address0  |  out|    3|   ap_memory|                                    agg_result_34|         array|
|agg_result_34_ce0       |  out|    1|   ap_memory|                                    agg_result_34|         array|
|agg_result_34_we0       |  out|    1|   ap_memory|                                    agg_result_34|         array|
|agg_result_34_d0        |  out|   25|   ap_memory|                                    agg_result_34|         array|
|agg_result_33_address0  |  out|    3|   ap_memory|                                    agg_result_33|         array|
|agg_result_33_ce0       |  out|    1|   ap_memory|                                    agg_result_33|         array|
|agg_result_33_we0       |  out|    1|   ap_memory|                                    agg_result_33|         array|
|agg_result_33_d0        |  out|   25|   ap_memory|                                    agg_result_33|         array|
|agg_result_32_address0  |  out|    3|   ap_memory|                                    agg_result_32|         array|
|agg_result_32_ce0       |  out|    1|   ap_memory|                                    agg_result_32|         array|
|agg_result_32_we0       |  out|    1|   ap_memory|                                    agg_result_32|         array|
|agg_result_32_d0        |  out|   25|   ap_memory|                                    agg_result_32|         array|
|agg_result_31_address0  |  out|    3|   ap_memory|                                    agg_result_31|         array|
|agg_result_31_ce0       |  out|    1|   ap_memory|                                    agg_result_31|         array|
|agg_result_31_we0       |  out|    1|   ap_memory|                                    agg_result_31|         array|
|agg_result_31_d0        |  out|   25|   ap_memory|                                    agg_result_31|         array|
|agg_result_30_address0  |  out|    3|   ap_memory|                                    agg_result_30|         array|
|agg_result_30_ce0       |  out|    1|   ap_memory|                                    agg_result_30|         array|
|agg_result_30_we0       |  out|    1|   ap_memory|                                    agg_result_30|         array|
|agg_result_30_d0        |  out|   25|   ap_memory|                                    agg_result_30|         array|
|agg_result_29_address0  |  out|    3|   ap_memory|                                    agg_result_29|         array|
|agg_result_29_ce0       |  out|    1|   ap_memory|                                    agg_result_29|         array|
|agg_result_29_we0       |  out|    1|   ap_memory|                                    agg_result_29|         array|
|agg_result_29_d0        |  out|   25|   ap_memory|                                    agg_result_29|         array|
|agg_result_28_address0  |  out|    3|   ap_memory|                                    agg_result_28|         array|
|agg_result_28_ce0       |  out|    1|   ap_memory|                                    agg_result_28|         array|
|agg_result_28_we0       |  out|    1|   ap_memory|                                    agg_result_28|         array|
|agg_result_28_d0        |  out|   25|   ap_memory|                                    agg_result_28|         array|
|agg_result_27_address0  |  out|    3|   ap_memory|                                    agg_result_27|         array|
|agg_result_27_ce0       |  out|    1|   ap_memory|                                    agg_result_27|         array|
|agg_result_27_we0       |  out|    1|   ap_memory|                                    agg_result_27|         array|
|agg_result_27_d0        |  out|   25|   ap_memory|                                    agg_result_27|         array|
|agg_result_26_address0  |  out|    3|   ap_memory|                                    agg_result_26|         array|
|agg_result_26_ce0       |  out|    1|   ap_memory|                                    agg_result_26|         array|
|agg_result_26_we0       |  out|    1|   ap_memory|                                    agg_result_26|         array|
|agg_result_26_d0        |  out|   25|   ap_memory|                                    agg_result_26|         array|
|agg_result_25_address0  |  out|    3|   ap_memory|                                    agg_result_25|         array|
|agg_result_25_ce0       |  out|    1|   ap_memory|                                    agg_result_25|         array|
|agg_result_25_we0       |  out|    1|   ap_memory|                                    agg_result_25|         array|
|agg_result_25_d0        |  out|   25|   ap_memory|                                    agg_result_25|         array|
|agg_result_24_address0  |  out|    3|   ap_memory|                                    agg_result_24|         array|
|agg_result_24_ce0       |  out|    1|   ap_memory|                                    agg_result_24|         array|
|agg_result_24_we0       |  out|    1|   ap_memory|                                    agg_result_24|         array|
|agg_result_24_d0        |  out|   25|   ap_memory|                                    agg_result_24|         array|
|agg_result_23_address0  |  out|    3|   ap_memory|                                    agg_result_23|         array|
|agg_result_23_ce0       |  out|    1|   ap_memory|                                    agg_result_23|         array|
|agg_result_23_we0       |  out|    1|   ap_memory|                                    agg_result_23|         array|
|agg_result_23_d0        |  out|   25|   ap_memory|                                    agg_result_23|         array|
|agg_result_22_address0  |  out|    3|   ap_memory|                                    agg_result_22|         array|
|agg_result_22_ce0       |  out|    1|   ap_memory|                                    agg_result_22|         array|
|agg_result_22_we0       |  out|    1|   ap_memory|                                    agg_result_22|         array|
|agg_result_22_d0        |  out|   25|   ap_memory|                                    agg_result_22|         array|
|agg_result_21_address0  |  out|    3|   ap_memory|                                    agg_result_21|         array|
|agg_result_21_ce0       |  out|    1|   ap_memory|                                    agg_result_21|         array|
|agg_result_21_we0       |  out|    1|   ap_memory|                                    agg_result_21|         array|
|agg_result_21_d0        |  out|   25|   ap_memory|                                    agg_result_21|         array|
|agg_result_20_address0  |  out|    3|   ap_memory|                                    agg_result_20|         array|
|agg_result_20_ce0       |  out|    1|   ap_memory|                                    agg_result_20|         array|
|agg_result_20_we0       |  out|    1|   ap_memory|                                    agg_result_20|         array|
|agg_result_20_d0        |  out|   25|   ap_memory|                                    agg_result_20|         array|
|agg_result_19_address0  |  out|    3|   ap_memory|                                    agg_result_19|         array|
|agg_result_19_ce0       |  out|    1|   ap_memory|                                    agg_result_19|         array|
|agg_result_19_we0       |  out|    1|   ap_memory|                                    agg_result_19|         array|
|agg_result_19_d0        |  out|   25|   ap_memory|                                    agg_result_19|         array|
|agg_result_18_address0  |  out|    3|   ap_memory|                                    agg_result_18|         array|
|agg_result_18_ce0       |  out|    1|   ap_memory|                                    agg_result_18|         array|
|agg_result_18_we0       |  out|    1|   ap_memory|                                    agg_result_18|         array|
|agg_result_18_d0        |  out|   25|   ap_memory|                                    agg_result_18|         array|
|agg_result_17_address0  |  out|    3|   ap_memory|                                    agg_result_17|         array|
|agg_result_17_ce0       |  out|    1|   ap_memory|                                    agg_result_17|         array|
|agg_result_17_we0       |  out|    1|   ap_memory|                                    agg_result_17|         array|
|agg_result_17_d0        |  out|   25|   ap_memory|                                    agg_result_17|         array|
|agg_result_16_address0  |  out|    3|   ap_memory|                                    agg_result_16|         array|
|agg_result_16_ce0       |  out|    1|   ap_memory|                                    agg_result_16|         array|
|agg_result_16_we0       |  out|    1|   ap_memory|                                    agg_result_16|         array|
|agg_result_16_d0        |  out|   25|   ap_memory|                                    agg_result_16|         array|
|agg_result_15_address0  |  out|    3|   ap_memory|                                    agg_result_15|         array|
|agg_result_15_ce0       |  out|    1|   ap_memory|                                    agg_result_15|         array|
|agg_result_15_we0       |  out|    1|   ap_memory|                                    agg_result_15|         array|
|agg_result_15_d0        |  out|   25|   ap_memory|                                    agg_result_15|         array|
|agg_result_14_address0  |  out|    3|   ap_memory|                                    agg_result_14|         array|
|agg_result_14_ce0       |  out|    1|   ap_memory|                                    agg_result_14|         array|
|agg_result_14_we0       |  out|    1|   ap_memory|                                    agg_result_14|         array|
|agg_result_14_d0        |  out|   25|   ap_memory|                                    agg_result_14|         array|
|agg_result_13_address0  |  out|    3|   ap_memory|                                    agg_result_13|         array|
|agg_result_13_ce0       |  out|    1|   ap_memory|                                    agg_result_13|         array|
|agg_result_13_we0       |  out|    1|   ap_memory|                                    agg_result_13|         array|
|agg_result_13_d0        |  out|   25|   ap_memory|                                    agg_result_13|         array|
|agg_result_12_address0  |  out|    3|   ap_memory|                                    agg_result_12|         array|
|agg_result_12_ce0       |  out|    1|   ap_memory|                                    agg_result_12|         array|
|agg_result_12_we0       |  out|    1|   ap_memory|                                    agg_result_12|         array|
|agg_result_12_d0        |  out|   25|   ap_memory|                                    agg_result_12|         array|
|agg_result_11_address0  |  out|    3|   ap_memory|                                    agg_result_11|         array|
|agg_result_11_ce0       |  out|    1|   ap_memory|                                    agg_result_11|         array|
|agg_result_11_we0       |  out|    1|   ap_memory|                                    agg_result_11|         array|
|agg_result_11_d0        |  out|   25|   ap_memory|                                    agg_result_11|         array|
|agg_result_10_address0  |  out|    3|   ap_memory|                                    agg_result_10|         array|
|agg_result_10_ce0       |  out|    1|   ap_memory|                                    agg_result_10|         array|
|agg_result_10_we0       |  out|    1|   ap_memory|                                    agg_result_10|         array|
|agg_result_10_d0        |  out|   25|   ap_memory|                                    agg_result_10|         array|
|agg_result_9_address0   |  out|    3|   ap_memory|                                     agg_result_9|         array|
|agg_result_9_ce0        |  out|    1|   ap_memory|                                     agg_result_9|         array|
|agg_result_9_we0        |  out|    1|   ap_memory|                                     agg_result_9|         array|
|agg_result_9_d0         |  out|   25|   ap_memory|                                     agg_result_9|         array|
|agg_result_8_address0   |  out|    3|   ap_memory|                                     agg_result_8|         array|
|agg_result_8_ce0        |  out|    1|   ap_memory|                                     agg_result_8|         array|
|agg_result_8_we0        |  out|    1|   ap_memory|                                     agg_result_8|         array|
|agg_result_8_d0         |  out|   25|   ap_memory|                                     agg_result_8|         array|
|agg_result_7_address0   |  out|    3|   ap_memory|                                     agg_result_7|         array|
|agg_result_7_ce0        |  out|    1|   ap_memory|                                     agg_result_7|         array|
|agg_result_7_we0        |  out|    1|   ap_memory|                                     agg_result_7|         array|
|agg_result_7_d0         |  out|   25|   ap_memory|                                     agg_result_7|         array|
|agg_result_6_address0   |  out|    3|   ap_memory|                                     agg_result_6|         array|
|agg_result_6_ce0        |  out|    1|   ap_memory|                                     agg_result_6|         array|
|agg_result_6_we0        |  out|    1|   ap_memory|                                     agg_result_6|         array|
|agg_result_6_d0         |  out|   25|   ap_memory|                                     agg_result_6|         array|
|agg_result_5_address0   |  out|    3|   ap_memory|                                     agg_result_5|         array|
|agg_result_5_ce0        |  out|    1|   ap_memory|                                     agg_result_5|         array|
|agg_result_5_we0        |  out|    1|   ap_memory|                                     agg_result_5|         array|
|agg_result_5_d0         |  out|   25|   ap_memory|                                     agg_result_5|         array|
|agg_result_4_address0   |  out|    3|   ap_memory|                                     agg_result_4|         array|
|agg_result_4_ce0        |  out|    1|   ap_memory|                                     agg_result_4|         array|
|agg_result_4_we0        |  out|    1|   ap_memory|                                     agg_result_4|         array|
|agg_result_4_d0         |  out|   25|   ap_memory|                                     agg_result_4|         array|
|agg_result_3_address0   |  out|    3|   ap_memory|                                     agg_result_3|         array|
|agg_result_3_ce0        |  out|    1|   ap_memory|                                     agg_result_3|         array|
|agg_result_3_we0        |  out|    1|   ap_memory|                                     agg_result_3|         array|
|agg_result_3_d0         |  out|   25|   ap_memory|                                     agg_result_3|         array|
|agg_result_2_address0   |  out|    3|   ap_memory|                                     agg_result_2|         array|
|agg_result_2_ce0        |  out|    1|   ap_memory|                                     agg_result_2|         array|
|agg_result_2_we0        |  out|    1|   ap_memory|                                     agg_result_2|         array|
|agg_result_2_d0         |  out|   25|   ap_memory|                                     agg_result_2|         array|
|agg_result_1_address0   |  out|    3|   ap_memory|                                     agg_result_1|         array|
|agg_result_1_ce0        |  out|    1|   ap_memory|                                     agg_result_1|         array|
|agg_result_1_we0        |  out|    1|   ap_memory|                                     agg_result_1|         array|
|agg_result_1_d0         |  out|   25|   ap_memory|                                     agg_result_1|         array|
|agg_result_0_address0   |  out|    3|   ap_memory|                                     agg_result_0|         array|
|agg_result_0_ce0        |  out|    1|   ap_memory|                                     agg_result_0|         array|
|agg_result_0_we0        |  out|    1|   ap_memory|                                     agg_result_0|         array|
|agg_result_0_d0         |  out|   25|   ap_memory|                                     agg_result_0|         array|
|A_0_address0            |  out|    3|   ap_memory|                                              A_0|         array|
|A_0_ce0                 |  out|    1|   ap_memory|                                              A_0|         array|
|A_0_q0                  |   in|   25|   ap_memory|                                              A_0|         array|
|p_read_cast             |   in|   22|     ap_none|                                      p_read_cast|        scalar|
|p_read1_cast            |   in|   22|     ap_none|                                     p_read1_cast|        scalar|
|p_read2_cast            |   in|   22|     ap_none|                                     p_read2_cast|        scalar|
|p_read3_cast            |   in|   22|     ap_none|                                     p_read3_cast|        scalar|
|p_read4_cast            |   in|   22|     ap_none|                                     p_read4_cast|        scalar|
|p_read5_cast            |   in|   22|     ap_none|                                     p_read5_cast|        scalar|
|p_read6_cast            |   in|   22|     ap_none|                                     p_read6_cast|        scalar|
|p_read7_cast            |   in|   22|     ap_none|                                     p_read7_cast|        scalar|
|p_read8_cast            |   in|   22|     ap_none|                                     p_read8_cast|        scalar|
|p_read9_cast            |   in|   22|     ap_none|                                     p_read9_cast|        scalar|
|p_read10_cast           |   in|   22|     ap_none|                                    p_read10_cast|        scalar|
|p_read11_cast           |   in|   22|     ap_none|                                    p_read11_cast|        scalar|
|p_read12_cast           |   in|   22|     ap_none|                                    p_read12_cast|        scalar|
|p_read13_cast           |   in|   22|     ap_none|                                    p_read13_cast|        scalar|
|p_read14_cast           |   in|   22|     ap_none|                                    p_read14_cast|        scalar|
|p_read15_cast           |   in|   22|     ap_none|                                    p_read15_cast|        scalar|
|p_read16_cast           |   in|   22|     ap_none|                                    p_read16_cast|        scalar|
|p_read17_cast           |   in|   22|     ap_none|                                    p_read17_cast|        scalar|
|p_read18_cast           |   in|   22|     ap_none|                                    p_read18_cast|        scalar|
|p_read19_cast           |   in|   22|     ap_none|                                    p_read19_cast|        scalar|
|p_read20_cast           |   in|   22|     ap_none|                                    p_read20_cast|        scalar|
|p_read21_cast           |   in|   22|     ap_none|                                    p_read21_cast|        scalar|
|p_read22_cast           |   in|   22|     ap_none|                                    p_read22_cast|        scalar|
|p_read23_cast           |   in|   22|     ap_none|                                    p_read23_cast|        scalar|
|p_read24_cast           |   in|   22|     ap_none|                                    p_read24_cast|        scalar|
|p_read25_cast           |   in|   22|     ap_none|                                    p_read25_cast|        scalar|
|p_read26_cast           |   in|   22|     ap_none|                                    p_read26_cast|        scalar|
|p_read27_cast           |   in|   22|     ap_none|                                    p_read27_cast|        scalar|
|p_read28_cast           |   in|   22|     ap_none|                                    p_read28_cast|        scalar|
|p_read29_cast           |   in|   22|     ap_none|                                    p_read29_cast|        scalar|
|p_read30_cast           |   in|   22|     ap_none|                                    p_read30_cast|        scalar|
|p_read31_cast           |   in|   22|     ap_none|                                    p_read31_cast|        scalar|
|p_read32_cast           |   in|   22|     ap_none|                                    p_read32_cast|        scalar|
|p_read33_cast           |   in|   22|     ap_none|                                    p_read33_cast|        scalar|
|p_read34_cast           |   in|   22|     ap_none|                                    p_read34_cast|        scalar|
|p_read35_cast           |   in|   22|     ap_none|                                    p_read35_cast|        scalar|
|p_read36_cast           |   in|   22|     ap_none|                                    p_read36_cast|        scalar|
|p_read37_cast           |   in|   22|     ap_none|                                    p_read37_cast|        scalar|
|p_read38_cast           |   in|   22|     ap_none|                                    p_read38_cast|        scalar|
|p_read39_cast           |   in|   22|     ap_none|                                    p_read39_cast|        scalar|
|p_read40_cast           |   in|   22|     ap_none|                                    p_read40_cast|        scalar|
|p_read41_cast           |   in|   22|     ap_none|                                    p_read41_cast|        scalar|
|p_read42_cast           |   in|   22|     ap_none|                                    p_read42_cast|        scalar|
|p_read43_cast           |   in|   22|     ap_none|                                    p_read43_cast|        scalar|
|p_read44_cast           |   in|   22|     ap_none|                                    p_read44_cast|        scalar|
|p_read45_cast           |   in|   22|     ap_none|                                    p_read45_cast|        scalar|
|p_read46_cast           |   in|   22|     ap_none|                                    p_read46_cast|        scalar|
|p_read47_cast           |   in|   22|     ap_none|                                    p_read47_cast|        scalar|
|p_read48_cast           |   in|   22|     ap_none|                                    p_read48_cast|        scalar|
|p_read49_cast           |   in|   22|     ap_none|                                    p_read49_cast|        scalar|
|p_read50_cast           |   in|   22|     ap_none|                                    p_read50_cast|        scalar|
|p_read51_cast           |   in|   22|     ap_none|                                    p_read51_cast|        scalar|
|p_read52_cast           |   in|   22|     ap_none|                                    p_read52_cast|        scalar|
|p_read53_cast           |   in|   22|     ap_none|                                    p_read53_cast|        scalar|
|p_read54_cast           |   in|   22|     ap_none|                                    p_read54_cast|        scalar|
|p_read55_cast           |   in|   22|     ap_none|                                    p_read55_cast|        scalar|
|p_read56_cast           |   in|   22|     ap_none|                                    p_read56_cast|        scalar|
|p_read57_cast           |   in|   22|     ap_none|                                    p_read57_cast|        scalar|
|p_read58_cast           |   in|   22|     ap_none|                                    p_read58_cast|        scalar|
|p_read59_cast           |   in|   22|     ap_none|                                    p_read59_cast|        scalar|
|p_read60_cast           |   in|   22|     ap_none|                                    p_read60_cast|        scalar|
|p_read61_cast           |   in|   22|     ap_none|                                    p_read61_cast|        scalar|
|p_read62_cast           |   in|   22|     ap_none|                                    p_read62_cast|        scalar|
|zext_ln71               |   in|   22|     ap_none|                                        zext_ln71|        scalar|
+------------------------+-----+-----+------------+-------------------------------------------------+--------------+

