

================================================================
== Vitis HLS Report for 'matmul_64ul_8ul_1ul_Pipeline_VITIS_LOOP_81_1'
================================================================
* Date:           Fri Mar 21 12:05:00 2025

* Version:        2024.1 (Build 5069499 on May 21 2024)
* Project:        accelerator
* Solution:       hls (Vivado IP Flow Target)
* Product family: zynquplus
* Target device:  xczu3eg-sfvc784-1-e


================================================================
== Performance Estimates
================================================================
+ Timing: 
    * Summary: 
    +--------+----------+----------+------------+
    |  Clock |  Target  | Estimated| Uncertainty|
    +--------+----------+----------+------------+
    |ap_clk  |  10.00 ns|  6.919 ns|     2.00 ns|
    +--------+----------+----------+------------+

+ Latency: 
    * Summary: 
    +---------+---------+----------+----------+-----+-----+-----------------------------------------------+
    |  Latency (cycles) |  Latency (absolute) |  Interval |                    Pipeline                   |
    |   min   |   max   |    min   |    max   | min | max |                      Type                     |
    +---------+---------+----------+----------+-----+-----+-----------------------------------------------+
    |      112|      112|  1.120 us|  1.120 us|   65|   65|  loop auto-rewind stp(delay=0 clock cycles(s))|
    +---------+---------+----------+----------+-----+-----+-----------------------------------------------+

    + Detail: 
        * Instance: 
        N/A

        * Loop: 
        +-------------------+---------+---------+----------+-----------+-----------+------+----------+
        |                   |  Latency (cycles) | Iteration|  Initiation Interval  | Trip |          |
        |     Loop Name     |   min   |   max   |  Latency |  achieved |   target  | Count| Pipelined|
        +-------------------+---------+---------+----------+-----------+-----------+------+----------+
        |- VITIS_LOOP_81_1  |      110|      110|        48|          1|          1|    64|       yes|
        +-------------------+---------+---------+----------+-----------+-----------+------+----------+



================================================================
== Utilization Estimates
================================================================
* Summary: 
+-----------------+---------+-----+--------+-------+-----+
|       Name      | BRAM_18K| DSP |   FF   |  LUT  | URAM|
+-----------------+---------+-----+--------+-------+-----+
|DSP              |        -|    -|       -|      -|    -|
|Expression       |        -|    -|       0|     31|    -|
|FIFO             |        -|    -|       -|      -|    -|
|Instance         |        -|    -|       0|   2184|    -|
|Memory           |        -|    -|       -|      -|    -|
|Multiplexer      |        -|    -|       0|     36|    -|
|Register         |        -|    -|    2220|    256|    -|
+-----------------+---------+-----+--------+-------+-----+
|Total            |        0|    0|    2220|   2507|    0|
+-----------------+---------+-----+--------+-------+-----+
|Available        |      432|  360|  141120|  70560|    0|
+-----------------+---------+-----+--------+-------+-----+
|Utilization (%)  |        0|    0|       1|      3|    0|
+-----------------+---------+-----+--------+-------+-----+

+ Detail: 
    * Instance: 
    +------------------------------+------------------------+---------+----+---+-----+-----+
    |           Instance           |         Module         | BRAM_18K| DSP| FF| LUT | URAM|
    +------------------------------+------------------------+---------+----+---+-----+-----+
    |sparsemux_129_6_64_1_1_U2226  |sparsemux_129_6_64_1_1  |        0|   0|  0|  273|    0|
    |sparsemux_129_6_64_1_1_U2227  |sparsemux_129_6_64_1_1  |        0|   0|  0|  273|    0|
    |sparsemux_129_6_64_1_1_U2228  |sparsemux_129_6_64_1_1  |        0|   0|  0|  273|    0|
    |sparsemux_129_6_64_1_1_U2229  |sparsemux_129_6_64_1_1  |        0|   0|  0|  273|    0|
    |sparsemux_129_6_64_1_1_U2230  |sparsemux_129_6_64_1_1  |        0|   0|  0|  273|    0|
    |sparsemux_129_6_64_1_1_U2231  |sparsemux_129_6_64_1_1  |        0|   0|  0|  273|    0|
    |sparsemux_129_6_64_1_1_U2232  |sparsemux_129_6_64_1_1  |        0|   0|  0|  273|    0|
    |sparsemux_129_6_64_1_1_U2233  |sparsemux_129_6_64_1_1  |        0|   0|  0|  273|    0|
    +------------------------------+------------------------+---------+----+---+-----+-----+
    |Total                         |                        |        0|   0|  0| 2184|    0|
    +------------------------------+------------------------+---------+----+---+-----+-----+

    * DSP: 
    N/A

    * Memory: 
    N/A

    * FIFO: 
    N/A

    * Expression: 
    +----------------------+----------+----+---+----+------------+------------+
    |     Variable Name    | Operation| DSP| FF| LUT| Bitwidth P0| Bitwidth P1|
    +----------------------+----------+----+---+----+------------+------------+
    |i_5_fu_4420_p2        |         +|   0|  0|  14|           7|           1|
    |icmp_ln81_fu_4414_p2  |      icmp|   0|  0|  15|           7|           8|
    |ap_enable_pp0         |       xor|   0|  0|   2|           1|           2|
    +----------------------+----------+----+---+----+------------+------------+
    |Total                 |          |   0|  0|  31|          15|          11|
    +----------------------+----------+----+---+----+------------+------------+

    * Multiplexer: 
    +-------------------------+----+-----------+-----+-----------+
    |           Name          | LUT| Input Size| Bits| Total Bits|
    +-------------------------+----+-----------+-----+-----------+
    |ap_done_int              |   9|          2|    1|          2|
    |ap_enable_reg_pp0_iter1  |   9|          2|    1|          2|
    |ap_sig_allocacmp_i       |   9|          2|    7|         14|
    |i_03_fu_1202             |   9|          2|    7|         14|
    +-------------------------+----+-----------+-----+-----------+
    |Total                    |  36|          8|   16|         32|
    +-------------------------+----+-----------+-----+-----------+

    * Register: 
    +-----------------------------------+----+----+-----+-----------+
    |                Name               | FF | LUT| Bits| Const Bits|
    +-----------------------------------+----+----+-----+-----------+
    |add_1_reg_6699                     |  64|   0|   64|          0|
    |add_2_reg_6704                     |  64|   0|   64|          0|
    |add_3_reg_6709                     |  64|   0|   64|          0|
    |add_4_reg_6714                     |  64|   0|   64|          0|
    |add_5_reg_6719                     |  64|   0|   64|          0|
    |add_6_reg_6724                     |  64|   0|   64|          0|
    |add_7_reg_6729                     |  64|   0|   64|          0|
    |add_reg_6694                       |  64|   0|   64|          0|
    |agg_result_0_addr_reg_6603         |   6|   0|    6|          0|
    |agg_result_0_load_reg_6649         |  64|   0|   64|          0|
    |ap_CS_fsm                          |   1|   0|    1|          0|
    |ap_done_reg                        |   1|   0|    1|          0|
    |ap_enable_reg_pp0_iter1            |   1|   0|    1|          0|
    |ap_enable_reg_pp0_iter10           |   1|   0|    1|          0|
    |ap_enable_reg_pp0_iter11           |   1|   0|    1|          0|
    |ap_enable_reg_pp0_iter12           |   1|   0|    1|          0|
    |ap_enable_reg_pp0_iter13           |   1|   0|    1|          0|
    |ap_enable_reg_pp0_iter14           |   1|   0|    1|          0|
    |ap_enable_reg_pp0_iter15           |   1|   0|    1|          0|
    |ap_enable_reg_pp0_iter16           |   1|   0|    1|          0|
    |ap_enable_reg_pp0_iter17           |   1|   0|    1|          0|
    |ap_enable_reg_pp0_iter18           |   1|   0|    1|          0|
    |ap_enable_reg_pp0_iter19           |   1|   0|    1|          0|
    |ap_enable_reg_pp0_iter2            |   1|   0|    1|          0|
    |ap_enable_reg_pp0_iter20           |   1|   0|    1|          0|
    |ap_enable_reg_pp0_iter21           |   1|   0|    1|          0|
    |ap_enable_reg_pp0_iter22           |   1|   0|    1|          0|
    |ap_enable_reg_pp0_iter23           |   1|   0|    1|          0|
    |ap_enable_reg_pp0_iter24           |   1|   0|    1|          0|
    |ap_enable_reg_pp0_iter25           |   1|   0|    1|          0|
    |ap_enable_reg_pp0_iter26           |   1|   0|    1|          0|
    |ap_enable_reg_pp0_iter27           |   1|   0|    1|          0|
    |ap_enable_reg_pp0_iter28           |   1|   0|    1|          0|
    |ap_enable_reg_pp0_iter29           |   1|   0|    1|          0|
    |ap_enable_reg_pp0_iter3            |   1|   0|    1|          0|
    |ap_enable_reg_pp0_iter30           |   1|   0|    1|          0|
    |ap_enable_reg_pp0_iter31           |   1|   0|    1|          0|
    |ap_enable_reg_pp0_iter32           |   1|   0|    1|          0|
    |ap_enable_reg_pp0_iter33           |   1|   0|    1|          0|
    |ap_enable_reg_pp0_iter34           |   1|   0|    1|          0|
    |ap_enable_reg_pp0_iter35           |   1|   0|    1|          0|
    |ap_enable_reg_pp0_iter36           |   1|   0|    1|          0|
    |ap_enable_reg_pp0_iter37           |   1|   0|    1|          0|
    |ap_enable_reg_pp0_iter38           |   1|   0|    1|          0|
    |ap_enable_reg_pp0_iter39           |   1|   0|    1|          0|
    |ap_enable_reg_pp0_iter4            |   1|   0|    1|          0|
    |ap_enable_reg_pp0_iter40           |   1|   0|    1|          0|
    |ap_enable_reg_pp0_iter41           |   1|   0|    1|          0|
    |ap_enable_reg_pp0_iter42           |   1|   0|    1|          0|
    |ap_enable_reg_pp0_iter43           |   1|   0|    1|          0|
    |ap_enable_reg_pp0_iter44           |   1|   0|    1|          0|
    |ap_enable_reg_pp0_iter45           |   1|   0|    1|          0|
    |ap_enable_reg_pp0_iter46           |   1|   0|    1|          0|
    |ap_enable_reg_pp0_iter47           |   1|   0|    1|          0|
    |ap_enable_reg_pp0_iter5            |   1|   0|    1|          0|
    |ap_enable_reg_pp0_iter6            |   1|   0|    1|          0|
    |ap_enable_reg_pp0_iter7            |   1|   0|    1|          0|
    |ap_enable_reg_pp0_iter8            |   1|   0|    1|          0|
    |ap_enable_reg_pp0_iter9            |   1|   0|    1|          0|
    |ap_loop_exit_ready_pp0_iter10_reg  |   1|   0|    1|          0|
    |ap_loop_exit_ready_pp0_iter11_reg  |   1|   0|    1|          0|
    |ap_loop_exit_ready_pp0_iter12_reg  |   1|   0|    1|          0|
    |ap_loop_exit_ready_pp0_iter13_reg  |   1|   0|    1|          0|
    |ap_loop_exit_ready_pp0_iter14_reg  |   1|   0|    1|          0|
    |ap_loop_exit_ready_pp0_iter15_reg  |   1|   0|    1|          0|
    |ap_loop_exit_ready_pp0_iter16_reg  |   1|   0|    1|          0|
    |ap_loop_exit_ready_pp0_iter17_reg  |   1|   0|    1|          0|
    |ap_loop_exit_ready_pp0_iter18_reg  |   1|   0|    1|          0|
    |ap_loop_exit_ready_pp0_iter19_reg  |   1|   0|    1|          0|
    |ap_loop_exit_ready_pp0_iter1_reg   |   1|   0|    1|          0|
    |ap_loop_exit_ready_pp0_iter20_reg  |   1|   0|    1|          0|
    |ap_loop_exit_ready_pp0_iter21_reg  |   1|   0|    1|          0|
    |ap_loop_exit_ready_pp0_iter22_reg  |   1|   0|    1|          0|
    |ap_loop_exit_ready_pp0_iter23_reg  |   1|   0|    1|          0|
    |ap_loop_exit_ready_pp0_iter24_reg  |   1|   0|    1|          0|
    |ap_loop_exit_ready_pp0_iter25_reg  |   1|   0|    1|          0|
    |ap_loop_exit_ready_pp0_iter26_reg  |   1|   0|    1|          0|
    |ap_loop_exit_ready_pp0_iter27_reg  |   1|   0|    1|          0|
    |ap_loop_exit_ready_pp0_iter28_reg  |   1|   0|    1|          0|
    |ap_loop_exit_ready_pp0_iter29_reg  |   1|   0|    1|          0|
    |ap_loop_exit_ready_pp0_iter2_reg   |   1|   0|    1|          0|
    |ap_loop_exit_ready_pp0_iter30_reg  |   1|   0|    1|          0|
    |ap_loop_exit_ready_pp0_iter31_reg  |   1|   0|    1|          0|
    |ap_loop_exit_ready_pp0_iter32_reg  |   1|   0|    1|          0|
    |ap_loop_exit_ready_pp0_iter33_reg  |   1|   0|    1|          0|
    |ap_loop_exit_ready_pp0_iter34_reg  |   1|   0|    1|          0|
    |ap_loop_exit_ready_pp0_iter35_reg  |   1|   0|    1|          0|
    |ap_loop_exit_ready_pp0_iter36_reg  |   1|   0|    1|          0|
    |ap_loop_exit_ready_pp0_iter37_reg  |   1|   0|    1|          0|
    |ap_loop_exit_ready_pp0_iter38_reg  |   1|   0|    1|          0|
    |ap_loop_exit_ready_pp0_iter39_reg  |   1|   0|    1|          0|
    |ap_loop_exit_ready_pp0_iter3_reg   |   1|   0|    1|          0|
    |ap_loop_exit_ready_pp0_iter40_reg  |   1|   0|    1|          0|
    |ap_loop_exit_ready_pp0_iter41_reg  |   1|   0|    1|          0|
    |ap_loop_exit_ready_pp0_iter42_reg  |   1|   0|    1|          0|
    |ap_loop_exit_ready_pp0_iter43_reg  |   1|   0|    1|          0|
    |ap_loop_exit_ready_pp0_iter44_reg  |   1|   0|    1|          0|
    |ap_loop_exit_ready_pp0_iter45_reg  |   1|   0|    1|          0|
    |ap_loop_exit_ready_pp0_iter46_reg  |   1|   0|    1|          0|
    |ap_loop_exit_ready_pp0_iter4_reg   |   1|   0|    1|          0|
    |ap_loop_exit_ready_pp0_iter5_reg   |   1|   0|    1|          0|
    |ap_loop_exit_ready_pp0_iter6_reg   |   1|   0|    1|          0|
    |ap_loop_exit_ready_pp0_iter7_reg   |   1|   0|    1|          0|
    |ap_loop_exit_ready_pp0_iter8_reg   |   1|   0|    1|          0|
    |ap_loop_exit_ready_pp0_iter9_reg   |   1|   0|    1|          0|
    |i_03_fu_1202                       |   7|   0|    7|          0|
    |mul_1_reg_6659                     |  64|   0|   64|          0|
    |mul_2_reg_6664                     |  64|   0|   64|          0|
    |mul_3_reg_6669                     |  64|   0|   64|          0|
    |mul_4_reg_6674                     |  64|   0|   64|          0|
    |mul_5_reg_6679                     |  64|   0|   64|          0|
    |mul_6_reg_6684                     |  64|   0|   64|          0|
    |mul_7_reg_6689                     |  64|   0|   64|          0|
    |mul_reg_6654                       |  64|   0|   64|          0|
    |tmp_2_reg_6614                     |  64|   0|   64|          0|
    |tmp_3_reg_6619                     |  64|   0|   64|          0|
    |tmp_4_reg_6624                     |  64|   0|   64|          0|
    |tmp_5_reg_6629                     |  64|   0|   64|          0|
    |tmp_6_reg_6634                     |  64|   0|   64|          0|
    |tmp_7_reg_6639                     |  64|   0|   64|          0|
    |tmp_8_reg_6644                     |  64|   0|   64|          0|
    |tmp_reg_6609                       |  64|   0|   64|          0|
    |agg_result_0_addr_reg_6603         |  64|  32|    6|          0|
    |mul_1_reg_6659                     |  64|  32|   64|          0|
    |mul_2_reg_6664                     |  64|  32|   64|          0|
    |mul_3_reg_6669                     |  64|  32|   64|          0|
    |mul_4_reg_6674                     |  64|  32|   64|          0|
    |mul_5_reg_6679                     |  64|  32|   64|          0|
    |mul_6_reg_6684                     |  64|  32|   64|          0|
    |mul_7_reg_6689                     |  64|  32|   64|          0|
    +-----------------------------------+----+----+-----+-----------+
    |Total                              |2220| 256| 2162|          0|
    +-----------------------------------+----+----+-----+-----------+



================================================================
== Interface
================================================================
* Summary: 
+-----------------------+-----+-----+------------+-------------------------------------------------+--------------+
|       RTL Ports       | Dir | Bits|  Protocol  |                  Source Object                  |    C Type    |
+-----------------------+-----+-----+------------+-------------------------------------------------+--------------+
|ap_clk                 |   in|    1|  ap_ctrl_hs|  matmul<64ul, 8ul, 1ul>_Pipeline_VITIS_LOOP_81_1|  return value|
|ap_rst                 |   in|    1|  ap_ctrl_hs|  matmul<64ul, 8ul, 1ul>_Pipeline_VITIS_LOOP_81_1|  return value|
|ap_start               |   in|    1|  ap_ctrl_hs|  matmul<64ul, 8ul, 1ul>_Pipeline_VITIS_LOOP_81_1|  return value|
|ap_done                |  out|    1|  ap_ctrl_hs|  matmul<64ul, 8ul, 1ul>_Pipeline_VITIS_LOOP_81_1|  return value|
|ap_idle                |  out|    1|  ap_ctrl_hs|  matmul<64ul, 8ul, 1ul>_Pipeline_VITIS_LOOP_81_1|  return value|
|ap_ready               |  out|    1|  ap_ctrl_hs|  matmul<64ul, 8ul, 1ul>_Pipeline_VITIS_LOOP_81_1|  return value|
|grp_fu_8529_p_din0     |  out|   64|  ap_ctrl_hs|  matmul<64ul, 8ul, 1ul>_Pipeline_VITIS_LOOP_81_1|  return value|
|grp_fu_8529_p_din1     |  out|   64|  ap_ctrl_hs|  matmul<64ul, 8ul, 1ul>_Pipeline_VITIS_LOOP_81_1|  return value|
|grp_fu_8529_p_opcode   |  out|    1|  ap_ctrl_hs|  matmul<64ul, 8ul, 1ul>_Pipeline_VITIS_LOOP_81_1|  return value|
|grp_fu_8529_p_dout0    |   in|   64|  ap_ctrl_hs|  matmul<64ul, 8ul, 1ul>_Pipeline_VITIS_LOOP_81_1|  return value|
|grp_fu_8529_p_ce       |  out|    1|  ap_ctrl_hs|  matmul<64ul, 8ul, 1ul>_Pipeline_VITIS_LOOP_81_1|  return value|
|grp_fu_8533_p_din0     |  out|   64|  ap_ctrl_hs|  matmul<64ul, 8ul, 1ul>_Pipeline_VITIS_LOOP_81_1|  return value|
|grp_fu_8533_p_din1     |  out|   64|  ap_ctrl_hs|  matmul<64ul, 8ul, 1ul>_Pipeline_VITIS_LOOP_81_1|  return value|
|grp_fu_8533_p_opcode   |  out|    1|  ap_ctrl_hs|  matmul<64ul, 8ul, 1ul>_Pipeline_VITIS_LOOP_81_1|  return value|
|grp_fu_8533_p_dout0    |   in|   64|  ap_ctrl_hs|  matmul<64ul, 8ul, 1ul>_Pipeline_VITIS_LOOP_81_1|  return value|
|grp_fu_8533_p_ce       |  out|    1|  ap_ctrl_hs|  matmul<64ul, 8ul, 1ul>_Pipeline_VITIS_LOOP_81_1|  return value|
|grp_fu_8537_p_din0     |  out|   64|  ap_ctrl_hs|  matmul<64ul, 8ul, 1ul>_Pipeline_VITIS_LOOP_81_1|  return value|
|grp_fu_8537_p_din1     |  out|   64|  ap_ctrl_hs|  matmul<64ul, 8ul, 1ul>_Pipeline_VITIS_LOOP_81_1|  return value|
|grp_fu_8537_p_opcode   |  out|    1|  ap_ctrl_hs|  matmul<64ul, 8ul, 1ul>_Pipeline_VITIS_LOOP_81_1|  return value|
|grp_fu_8537_p_dout0    |   in|   64|  ap_ctrl_hs|  matmul<64ul, 8ul, 1ul>_Pipeline_VITIS_LOOP_81_1|  return value|
|grp_fu_8537_p_ce       |  out|    1|  ap_ctrl_hs|  matmul<64ul, 8ul, 1ul>_Pipeline_VITIS_LOOP_81_1|  return value|
|grp_fu_8541_p_din0     |  out|   64|  ap_ctrl_hs|  matmul<64ul, 8ul, 1ul>_Pipeline_VITIS_LOOP_81_1|  return value|
|grp_fu_8541_p_din1     |  out|   64|  ap_ctrl_hs|  matmul<64ul, 8ul, 1ul>_Pipeline_VITIS_LOOP_81_1|  return value|
|grp_fu_8541_p_opcode   |  out|    1|  ap_ctrl_hs|  matmul<64ul, 8ul, 1ul>_Pipeline_VITIS_LOOP_81_1|  return value|
|grp_fu_8541_p_dout0    |   in|   64|  ap_ctrl_hs|  matmul<64ul, 8ul, 1ul>_Pipeline_VITIS_LOOP_81_1|  return value|
|grp_fu_8541_p_ce       |  out|    1|  ap_ctrl_hs|  matmul<64ul, 8ul, 1ul>_Pipeline_VITIS_LOOP_81_1|  return value|
|grp_fu_8545_p_din0     |  out|   64|  ap_ctrl_hs|  matmul<64ul, 8ul, 1ul>_Pipeline_VITIS_LOOP_81_1|  return value|
|grp_fu_8545_p_din1     |  out|   64|  ap_ctrl_hs|  matmul<64ul, 8ul, 1ul>_Pipeline_VITIS_LOOP_81_1|  return value|
|grp_fu_8545_p_opcode   |  out|    1|  ap_ctrl_hs|  matmul<64ul, 8ul, 1ul>_Pipeline_VITIS_LOOP_81_1|  return value|
|grp_fu_8545_p_dout0    |   in|   64|  ap_ctrl_hs|  matmul<64ul, 8ul, 1ul>_Pipeline_VITIS_LOOP_81_1|  return value|
|grp_fu_8545_p_ce       |  out|    1|  ap_ctrl_hs|  matmul<64ul, 8ul, 1ul>_Pipeline_VITIS_LOOP_81_1|  return value|
|grp_fu_8549_p_din0     |  out|   64|  ap_ctrl_hs|  matmul<64ul, 8ul, 1ul>_Pipeline_VITIS_LOOP_81_1|  return value|
|grp_fu_8549_p_din1     |  out|   64|  ap_ctrl_hs|  matmul<64ul, 8ul, 1ul>_Pipeline_VITIS_LOOP_81_1|  return value|
|grp_fu_8549_p_opcode   |  out|    1|  ap_ctrl_hs|  matmul<64ul, 8ul, 1ul>_Pipeline_VITIS_LOOP_81_1|  return value|
|grp_fu_8549_p_dout0    |   in|   64|  ap_ctrl_hs|  matmul<64ul, 8ul, 1ul>_Pipeline_VITIS_LOOP_81_1|  return value|
|grp_fu_8549_p_ce       |  out|    1|  ap_ctrl_hs|  matmul<64ul, 8ul, 1ul>_Pipeline_VITIS_LOOP_81_1|  return value|
|grp_fu_8553_p_din0     |  out|   64|  ap_ctrl_hs|  matmul<64ul, 8ul, 1ul>_Pipeline_VITIS_LOOP_81_1|  return value|
|grp_fu_8553_p_din1     |  out|   64|  ap_ctrl_hs|  matmul<64ul, 8ul, 1ul>_Pipeline_VITIS_LOOP_81_1|  return value|
|grp_fu_8553_p_opcode   |  out|    1|  ap_ctrl_hs|  matmul<64ul, 8ul, 1ul>_Pipeline_VITIS_LOOP_81_1|  return value|
|grp_fu_8553_p_dout0    |   in|   64|  ap_ctrl_hs|  matmul<64ul, 8ul, 1ul>_Pipeline_VITIS_LOOP_81_1|  return value|
|grp_fu_8553_p_ce       |  out|    1|  ap_ctrl_hs|  matmul<64ul, 8ul, 1ul>_Pipeline_VITIS_LOOP_81_1|  return value|
|grp_fu_8557_p_din0     |  out|   64|  ap_ctrl_hs|  matmul<64ul, 8ul, 1ul>_Pipeline_VITIS_LOOP_81_1|  return value|
|grp_fu_8557_p_din1     |  out|   64|  ap_ctrl_hs|  matmul<64ul, 8ul, 1ul>_Pipeline_VITIS_LOOP_81_1|  return value|
|grp_fu_8557_p_opcode   |  out|    1|  ap_ctrl_hs|  matmul<64ul, 8ul, 1ul>_Pipeline_VITIS_LOOP_81_1|  return value|
|grp_fu_8557_p_dout0    |   in|   64|  ap_ctrl_hs|  matmul<64ul, 8ul, 1ul>_Pipeline_VITIS_LOOP_81_1|  return value|
|grp_fu_8557_p_ce       |  out|    1|  ap_ctrl_hs|  matmul<64ul, 8ul, 1ul>_Pipeline_VITIS_LOOP_81_1|  return value|
|grp_fu_8561_p_din0     |  out|   64|  ap_ctrl_hs|  matmul<64ul, 8ul, 1ul>_Pipeline_VITIS_LOOP_81_1|  return value|
|grp_fu_8561_p_din1     |  out|   64|  ap_ctrl_hs|  matmul<64ul, 8ul, 1ul>_Pipeline_VITIS_LOOP_81_1|  return value|
|grp_fu_8561_p_dout0    |   in|   64|  ap_ctrl_hs|  matmul<64ul, 8ul, 1ul>_Pipeline_VITIS_LOOP_81_1|  return value|
|grp_fu_8561_p_ce       |  out|    1|  ap_ctrl_hs|  matmul<64ul, 8ul, 1ul>_Pipeline_VITIS_LOOP_81_1|  return value|
|grp_fu_8565_p_din0     |  out|   64|  ap_ctrl_hs|  matmul<64ul, 8ul, 1ul>_Pipeline_VITIS_LOOP_81_1|  return value|
|grp_fu_8565_p_din1     |  out|   64|  ap_ctrl_hs|  matmul<64ul, 8ul, 1ul>_Pipeline_VITIS_LOOP_81_1|  return value|
|grp_fu_8565_p_dout0    |   in|   64|  ap_ctrl_hs|  matmul<64ul, 8ul, 1ul>_Pipeline_VITIS_LOOP_81_1|  return value|
|grp_fu_8565_p_ce       |  out|    1|  ap_ctrl_hs|  matmul<64ul, 8ul, 1ul>_Pipeline_VITIS_LOOP_81_1|  return value|
|grp_fu_8569_p_din0     |  out|   64|  ap_ctrl_hs|  matmul<64ul, 8ul, 1ul>_Pipeline_VITIS_LOOP_81_1|  return value|
|grp_fu_8569_p_din1     |  out|   64|  ap_ctrl_hs|  matmul<64ul, 8ul, 1ul>_Pipeline_VITIS_LOOP_81_1|  return value|
|grp_fu_8569_p_dout0    |   in|   64|  ap_ctrl_hs|  matmul<64ul, 8ul, 1ul>_Pipeline_VITIS_LOOP_81_1|  return value|
|grp_fu_8569_p_ce       |  out|    1|  ap_ctrl_hs|  matmul<64ul, 8ul, 1ul>_Pipeline_VITIS_LOOP_81_1|  return value|
|grp_fu_8573_p_din0     |  out|   64|  ap_ctrl_hs|  matmul<64ul, 8ul, 1ul>_Pipeline_VITIS_LOOP_81_1|  return value|
|grp_fu_8573_p_din1     |  out|   64|  ap_ctrl_hs|  matmul<64ul, 8ul, 1ul>_Pipeline_VITIS_LOOP_81_1|  return value|
|grp_fu_8573_p_dout0    |   in|   64|  ap_ctrl_hs|  matmul<64ul, 8ul, 1ul>_Pipeline_VITIS_LOOP_81_1|  return value|
|grp_fu_8573_p_ce       |  out|    1|  ap_ctrl_hs|  matmul<64ul, 8ul, 1ul>_Pipeline_VITIS_LOOP_81_1|  return value|
|grp_fu_8577_p_din0     |  out|   64|  ap_ctrl_hs|  matmul<64ul, 8ul, 1ul>_Pipeline_VITIS_LOOP_81_1|  return value|
|grp_fu_8577_p_din1     |  out|   64|  ap_ctrl_hs|  matmul<64ul, 8ul, 1ul>_Pipeline_VITIS_LOOP_81_1|  return value|
|grp_fu_8577_p_dout0    |   in|   64|  ap_ctrl_hs|  matmul<64ul, 8ul, 1ul>_Pipeline_VITIS_LOOP_81_1|  return value|
|grp_fu_8577_p_ce       |  out|    1|  ap_ctrl_hs|  matmul<64ul, 8ul, 1ul>_Pipeline_VITIS_LOOP_81_1|  return value|
|grp_fu_8581_p_din0     |  out|   64|  ap_ctrl_hs|  matmul<64ul, 8ul, 1ul>_Pipeline_VITIS_LOOP_81_1|  return value|
|grp_fu_8581_p_din1     |  out|   64|  ap_ctrl_hs|  matmul<64ul, 8ul, 1ul>_Pipeline_VITIS_LOOP_81_1|  return value|
|grp_fu_8581_p_dout0    |   in|   64|  ap_ctrl_hs|  matmul<64ul, 8ul, 1ul>_Pipeline_VITIS_LOOP_81_1|  return value|
|grp_fu_8581_p_ce       |  out|    1|  ap_ctrl_hs|  matmul<64ul, 8ul, 1ul>_Pipeline_VITIS_LOOP_81_1|  return value|
|grp_fu_8585_p_din0     |  out|   64|  ap_ctrl_hs|  matmul<64ul, 8ul, 1ul>_Pipeline_VITIS_LOOP_81_1|  return value|
|grp_fu_8585_p_din1     |  out|   64|  ap_ctrl_hs|  matmul<64ul, 8ul, 1ul>_Pipeline_VITIS_LOOP_81_1|  return value|
|grp_fu_8585_p_dout0    |   in|   64|  ap_ctrl_hs|  matmul<64ul, 8ul, 1ul>_Pipeline_VITIS_LOOP_81_1|  return value|
|grp_fu_8585_p_ce       |  out|    1|  ap_ctrl_hs|  matmul<64ul, 8ul, 1ul>_Pipeline_VITIS_LOOP_81_1|  return value|
|grp_fu_8589_p_din0     |  out|   64|  ap_ctrl_hs|  matmul<64ul, 8ul, 1ul>_Pipeline_VITIS_LOOP_81_1|  return value|
|grp_fu_8589_p_din1     |  out|   64|  ap_ctrl_hs|  matmul<64ul, 8ul, 1ul>_Pipeline_VITIS_LOOP_81_1|  return value|
|grp_fu_8589_p_dout0    |   in|   64|  ap_ctrl_hs|  matmul<64ul, 8ul, 1ul>_Pipeline_VITIS_LOOP_81_1|  return value|
|grp_fu_8589_p_ce       |  out|    1|  ap_ctrl_hs|  matmul<64ul, 8ul, 1ul>_Pipeline_VITIS_LOOP_81_1|  return value|
|agg_result_0_address0  |  out|    6|   ap_memory|                                     agg_result_0|         array|
|agg_result_0_ce0       |  out|    1|   ap_memory|                                     agg_result_0|         array|
|agg_result_0_we0       |  out|    1|   ap_memory|                                     agg_result_0|         array|
|agg_result_0_d0        |  out|   64|   ap_memory|                                     agg_result_0|         array|
|agg_result_0_address1  |  out|    6|   ap_memory|                                     agg_result_0|         array|
|agg_result_0_ce1       |  out|    1|   ap_memory|                                     agg_result_0|         array|
|agg_result_0_q1        |   in|   64|   ap_memory|                                     agg_result_0|         array|
|A_read                 |   in|   64|     ap_none|                                           A_read|        scalar|
|A_read_519             |   in|   64|     ap_none|                                       A_read_519|        scalar|
|A_read_527             |   in|   64|     ap_none|                                       A_read_527|        scalar|
|A_read_535             |   in|   64|     ap_none|                                       A_read_535|        scalar|
|A_read_543             |   in|   64|     ap_none|                                       A_read_543|        scalar|
|A_read_551             |   in|   64|     ap_none|                                       A_read_551|        scalar|
|A_read_559             |   in|   64|     ap_none|                                       A_read_559|        scalar|
|A_read_567             |   in|   64|     ap_none|                                       A_read_567|        scalar|
|A_read_575             |   in|   64|     ap_none|                                       A_read_575|        scalar|
|A_read_583             |   in|   64|     ap_none|                                       A_read_583|        scalar|
|A_read_591             |   in|   64|     ap_none|                                       A_read_591|        scalar|
|A_read_599             |   in|   64|     ap_none|                                       A_read_599|        scalar|
|A_read_607             |   in|   64|     ap_none|                                       A_read_607|        scalar|
|A_read_615             |   in|   64|     ap_none|                                       A_read_615|        scalar|
|A_read_623             |   in|   64|     ap_none|                                       A_read_623|        scalar|
|A_read_631             |   in|   64|     ap_none|                                       A_read_631|        scalar|
|A_read_639             |   in|   64|     ap_none|                                       A_read_639|        scalar|
|A_read_647             |   in|   64|     ap_none|                                       A_read_647|        scalar|
|A_read_655             |   in|   64|     ap_none|                                       A_read_655|        scalar|
|A_read_663             |   in|   64|     ap_none|                                       A_read_663|        scalar|
|A_read_671             |   in|   64|     ap_none|                                       A_read_671|        scalar|
|A_read_679             |   in|   64|     ap_none|                                       A_read_679|        scalar|
|A_read_687             |   in|   64|     ap_none|                                       A_read_687|        scalar|
|A_read_695             |   in|   64|     ap_none|                                       A_read_695|        scalar|
|A_read_703             |   in|   64|     ap_none|                                       A_read_703|        scalar|
|A_read_711             |   in|   64|     ap_none|                                       A_read_711|        scalar|
|A_read_719             |   in|   64|     ap_none|                                       A_read_719|        scalar|
|A_read_727             |   in|   64|     ap_none|                                       A_read_727|        scalar|
|A_read_735             |   in|   64|     ap_none|                                       A_read_735|        scalar|
|A_read_743             |   in|   64|     ap_none|                                       A_read_743|        scalar|
|A_read_751             |   in|   64|     ap_none|                                       A_read_751|        scalar|
|A_read_759             |   in|   64|     ap_none|                                       A_read_759|        scalar|
|A_read_767             |   in|   64|     ap_none|                                       A_read_767|        scalar|
|A_read_775             |   in|   64|     ap_none|                                       A_read_775|        scalar|
|A_read_783             |   in|   64|     ap_none|                                       A_read_783|        scalar|
|A_read_791             |   in|   64|     ap_none|                                       A_read_791|        scalar|
|A_read_799             |   in|   64|     ap_none|                                       A_read_799|        scalar|
|A_read_807             |   in|   64|     ap_none|                                       A_read_807|        scalar|
|A_read_815             |   in|   64|     ap_none|                                       A_read_815|        scalar|
|A_read_823             |   in|   64|     ap_none|                                       A_read_823|        scalar|
|A_read_831             |   in|   64|     ap_none|                                       A_read_831|        scalar|
|A_read_839             |   in|   64|     ap_none|                                       A_read_839|        scalar|
|A_read_847             |   in|   64|     ap_none|                                       A_read_847|        scalar|
|A_read_855             |   in|   64|     ap_none|                                       A_read_855|        scalar|
|A_read_863             |   in|   64|     ap_none|                                       A_read_863|        scalar|
|A_read_871             |   in|   64|     ap_none|                                       A_read_871|        scalar|
|A_read_879             |   in|   64|     ap_none|                                       A_read_879|        scalar|
|A_read_887             |   in|   64|     ap_none|                                       A_read_887|        scalar|
|A_read_895             |   in|   64|     ap_none|                                       A_read_895|        scalar|
|A_read_903             |   in|   64|     ap_none|                                       A_read_903|        scalar|
|A_read_911             |   in|   64|     ap_none|                                       A_read_911|        scalar|
|A_read_919             |   in|   64|     ap_none|                                       A_read_919|        scalar|
|A_read_927             |   in|   64|     ap_none|                                       A_read_927|        scalar|
|A_read_935             |   in|   64|     ap_none|                                       A_read_935|        scalar|
|A_read_943             |   in|   64|     ap_none|                                       A_read_943|        scalar|
|A_read_951             |   in|   64|     ap_none|                                       A_read_951|        scalar|
|A_read_959             |   in|   64|     ap_none|                                       A_read_959|        scalar|
|A_read_967             |   in|   64|     ap_none|                                       A_read_967|        scalar|
|A_read_975             |   in|   64|     ap_none|                                       A_read_975|        scalar|
|A_read_983             |   in|   64|     ap_none|                                       A_read_983|        scalar|
|A_read_991             |   in|   64|     ap_none|                                       A_read_991|        scalar|
|A_read_999             |   in|   64|     ap_none|                                       A_read_999|        scalar|
|A_read_1007            |   in|   64|     ap_none|                                      A_read_1007|        scalar|
|A_read_1015            |   in|   64|     ap_none|                                      A_read_1015|        scalar|
|B_0_read               |   in|   64|     ap_none|                                         B_0_read|        scalar|
|A_read_512             |   in|   64|     ap_none|                                       A_read_512|        scalar|
|A_read_520             |   in|   64|     ap_none|                                       A_read_520|        scalar|
|A_read_528             |   in|   64|     ap_none|                                       A_read_528|        scalar|
|A_read_536             |   in|   64|     ap_none|                                       A_read_536|        scalar|
|A_read_544             |   in|   64|     ap_none|                                       A_read_544|        scalar|
|A_read_552             |   in|   64|     ap_none|                                       A_read_552|        scalar|
|A_read_560             |   in|   64|     ap_none|                                       A_read_560|        scalar|
|A_read_568             |   in|   64|     ap_none|                                       A_read_568|        scalar|
|A_read_576             |   in|   64|     ap_none|                                       A_read_576|        scalar|
|A_read_584             |   in|   64|     ap_none|                                       A_read_584|        scalar|
|A_read_592             |   in|   64|     ap_none|                                       A_read_592|        scalar|
|A_read_600             |   in|   64|     ap_none|                                       A_read_600|        scalar|
|A_read_608             |   in|   64|     ap_none|                                       A_read_608|        scalar|
|A_read_616             |   in|   64|     ap_none|                                       A_read_616|        scalar|
|A_read_624             |   in|   64|     ap_none|                                       A_read_624|        scalar|
|A_read_632             |   in|   64|     ap_none|                                       A_read_632|        scalar|
|A_read_640             |   in|   64|     ap_none|                                       A_read_640|        scalar|
|A_read_648             |   in|   64|     ap_none|                                       A_read_648|        scalar|
|A_read_656             |   in|   64|     ap_none|                                       A_read_656|        scalar|
|A_read_664             |   in|   64|     ap_none|                                       A_read_664|        scalar|
|A_read_672             |   in|   64|     ap_none|                                       A_read_672|        scalar|
|A_read_680             |   in|   64|     ap_none|                                       A_read_680|        scalar|
|A_read_688             |   in|   64|     ap_none|                                       A_read_688|        scalar|
|A_read_696             |   in|   64|     ap_none|                                       A_read_696|        scalar|
|A_read_704             |   in|   64|     ap_none|                                       A_read_704|        scalar|
|A_read_712             |   in|   64|     ap_none|                                       A_read_712|        scalar|
|A_read_720             |   in|   64|     ap_none|                                       A_read_720|        scalar|
|A_read_728             |   in|   64|     ap_none|                                       A_read_728|        scalar|
|A_read_736             |   in|   64|     ap_none|                                       A_read_736|        scalar|
|A_read_744             |   in|   64|     ap_none|                                       A_read_744|        scalar|
|A_read_752             |   in|   64|     ap_none|                                       A_read_752|        scalar|
|A_read_760             |   in|   64|     ap_none|                                       A_read_760|        scalar|
|A_read_768             |   in|   64|     ap_none|                                       A_read_768|        scalar|
|A_read_776             |   in|   64|     ap_none|                                       A_read_776|        scalar|
|A_read_784             |   in|   64|     ap_none|                                       A_read_784|        scalar|
|A_read_792             |   in|   64|     ap_none|                                       A_read_792|        scalar|
|A_read_800             |   in|   64|     ap_none|                                       A_read_800|        scalar|
|A_read_808             |   in|   64|     ap_none|                                       A_read_808|        scalar|
|A_read_816             |   in|   64|     ap_none|                                       A_read_816|        scalar|
|A_read_824             |   in|   64|     ap_none|                                       A_read_824|        scalar|
|A_read_832             |   in|   64|     ap_none|                                       A_read_832|        scalar|
|A_read_840             |   in|   64|     ap_none|                                       A_read_840|        scalar|
|A_read_848             |   in|   64|     ap_none|                                       A_read_848|        scalar|
|A_read_856             |   in|   64|     ap_none|                                       A_read_856|        scalar|
|A_read_864             |   in|   64|     ap_none|                                       A_read_864|        scalar|
|A_read_872             |   in|   64|     ap_none|                                       A_read_872|        scalar|
|A_read_880             |   in|   64|     ap_none|                                       A_read_880|        scalar|
|A_read_888             |   in|   64|     ap_none|                                       A_read_888|        scalar|
|A_read_896             |   in|   64|     ap_none|                                       A_read_896|        scalar|
|A_read_904             |   in|   64|     ap_none|                                       A_read_904|        scalar|
|A_read_912             |   in|   64|     ap_none|                                       A_read_912|        scalar|
|A_read_920             |   in|   64|     ap_none|                                       A_read_920|        scalar|
|A_read_928             |   in|   64|     ap_none|                                       A_read_928|        scalar|
|A_read_936             |   in|   64|     ap_none|                                       A_read_936|        scalar|
|A_read_944             |   in|   64|     ap_none|                                       A_read_944|        scalar|
|A_read_952             |   in|   64|     ap_none|                                       A_read_952|        scalar|
|A_read_960             |   in|   64|     ap_none|                                       A_read_960|        scalar|
|A_read_968             |   in|   64|     ap_none|                                       A_read_968|        scalar|
|A_read_976             |   in|   64|     ap_none|                                       A_read_976|        scalar|
|A_read_984             |   in|   64|     ap_none|                                       A_read_984|        scalar|
|A_read_992             |   in|   64|     ap_none|                                       A_read_992|        scalar|
|A_read_1000            |   in|   64|     ap_none|                                      A_read_1000|        scalar|
|A_read_1008            |   in|   64|     ap_none|                                      A_read_1008|        scalar|
|A_read_1016            |   in|   64|     ap_none|                                      A_read_1016|        scalar|
|B_0_read_8             |   in|   64|     ap_none|                                       B_0_read_8|        scalar|
|A_read_513             |   in|   64|     ap_none|                                       A_read_513|        scalar|
|A_read_521             |   in|   64|     ap_none|                                       A_read_521|        scalar|
|A_read_529             |   in|   64|     ap_none|                                       A_read_529|        scalar|
|A_read_537             |   in|   64|     ap_none|                                       A_read_537|        scalar|
|A_read_545             |   in|   64|     ap_none|                                       A_read_545|        scalar|
|A_read_553             |   in|   64|     ap_none|                                       A_read_553|        scalar|
|A_read_561             |   in|   64|     ap_none|                                       A_read_561|        scalar|
|A_read_569             |   in|   64|     ap_none|                                       A_read_569|        scalar|
|A_read_577             |   in|   64|     ap_none|                                       A_read_577|        scalar|
|A_read_585             |   in|   64|     ap_none|                                       A_read_585|        scalar|
|A_read_593             |   in|   64|     ap_none|                                       A_read_593|        scalar|
|A_read_601             |   in|   64|     ap_none|                                       A_read_601|        scalar|
|A_read_609             |   in|   64|     ap_none|                                       A_read_609|        scalar|
|A_read_617             |   in|   64|     ap_none|                                       A_read_617|        scalar|
|A_read_625             |   in|   64|     ap_none|                                       A_read_625|        scalar|
|A_read_633             |   in|   64|     ap_none|                                       A_read_633|        scalar|
|A_read_641             |   in|   64|     ap_none|                                       A_read_641|        scalar|
|A_read_649             |   in|   64|     ap_none|                                       A_read_649|        scalar|
|A_read_657             |   in|   64|     ap_none|                                       A_read_657|        scalar|
|A_read_665             |   in|   64|     ap_none|                                       A_read_665|        scalar|
|A_read_673             |   in|   64|     ap_none|                                       A_read_673|        scalar|
|A_read_681             |   in|   64|     ap_none|                                       A_read_681|        scalar|
|A_read_689             |   in|   64|     ap_none|                                       A_read_689|        scalar|
|A_read_697             |   in|   64|     ap_none|                                       A_read_697|        scalar|
|A_read_705             |   in|   64|     ap_none|                                       A_read_705|        scalar|
|A_read_713             |   in|   64|     ap_none|                                       A_read_713|        scalar|
|A_read_721             |   in|   64|     ap_none|                                       A_read_721|        scalar|
|A_read_729             |   in|   64|     ap_none|                                       A_read_729|        scalar|
|A_read_737             |   in|   64|     ap_none|                                       A_read_737|        scalar|
|A_read_745             |   in|   64|     ap_none|                                       A_read_745|        scalar|
|A_read_753             |   in|   64|     ap_none|                                       A_read_753|        scalar|
|A_read_761             |   in|   64|     ap_none|                                       A_read_761|        scalar|
|A_read_769             |   in|   64|     ap_none|                                       A_read_769|        scalar|
|A_read_777             |   in|   64|     ap_none|                                       A_read_777|        scalar|
|A_read_785             |   in|   64|     ap_none|                                       A_read_785|        scalar|
|A_read_793             |   in|   64|     ap_none|                                       A_read_793|        scalar|
|A_read_801             |   in|   64|     ap_none|                                       A_read_801|        scalar|
|A_read_809             |   in|   64|     ap_none|                                       A_read_809|        scalar|
|A_read_817             |   in|   64|     ap_none|                                       A_read_817|        scalar|
|A_read_825             |   in|   64|     ap_none|                                       A_read_825|        scalar|
|A_read_833             |   in|   64|     ap_none|                                       A_read_833|        scalar|
|A_read_841             |   in|   64|     ap_none|                                       A_read_841|        scalar|
|A_read_849             |   in|   64|     ap_none|                                       A_read_849|        scalar|
|A_read_857             |   in|   64|     ap_none|                                       A_read_857|        scalar|
|A_read_865             |   in|   64|     ap_none|                                       A_read_865|        scalar|
|A_read_873             |   in|   64|     ap_none|                                       A_read_873|        scalar|
|A_read_881             |   in|   64|     ap_none|                                       A_read_881|        scalar|
|A_read_889             |   in|   64|     ap_none|                                       A_read_889|        scalar|
|A_read_897             |   in|   64|     ap_none|                                       A_read_897|        scalar|
|A_read_905             |   in|   64|     ap_none|                                       A_read_905|        scalar|
|A_read_913             |   in|   64|     ap_none|                                       A_read_913|        scalar|
|A_read_921             |   in|   64|     ap_none|                                       A_read_921|        scalar|
|A_read_929             |   in|   64|     ap_none|                                       A_read_929|        scalar|
|A_read_937             |   in|   64|     ap_none|                                       A_read_937|        scalar|
|A_read_945             |   in|   64|     ap_none|                                       A_read_945|        scalar|
|A_read_953             |   in|   64|     ap_none|                                       A_read_953|        scalar|
|A_read_961             |   in|   64|     ap_none|                                       A_read_961|        scalar|
|A_read_969             |   in|   64|     ap_none|                                       A_read_969|        scalar|
|A_read_977             |   in|   64|     ap_none|                                       A_read_977|        scalar|
|A_read_985             |   in|   64|     ap_none|                                       A_read_985|        scalar|
|A_read_993             |   in|   64|     ap_none|                                       A_read_993|        scalar|
|A_read_1001            |   in|   64|     ap_none|                                      A_read_1001|        scalar|
|A_read_1009            |   in|   64|     ap_none|                                      A_read_1009|        scalar|
|A_read_1017            |   in|   64|     ap_none|                                      A_read_1017|        scalar|
|B_0_read_9             |   in|   64|     ap_none|                                       B_0_read_9|        scalar|
|A_read_514             |   in|   64|     ap_none|                                       A_read_514|        scalar|
|A_read_522             |   in|   64|     ap_none|                                       A_read_522|        scalar|
|A_read_530             |   in|   64|     ap_none|                                       A_read_530|        scalar|
|A_read_538             |   in|   64|     ap_none|                                       A_read_538|        scalar|
|A_read_546             |   in|   64|     ap_none|                                       A_read_546|        scalar|
|A_read_554             |   in|   64|     ap_none|                                       A_read_554|        scalar|
|A_read_562             |   in|   64|     ap_none|                                       A_read_562|        scalar|
|A_read_570             |   in|   64|     ap_none|                                       A_read_570|        scalar|
|A_read_578             |   in|   64|     ap_none|                                       A_read_578|        scalar|
|A_read_586             |   in|   64|     ap_none|                                       A_read_586|        scalar|
|A_read_594             |   in|   64|     ap_none|                                       A_read_594|        scalar|
|A_read_602             |   in|   64|     ap_none|                                       A_read_602|        scalar|
|A_read_610             |   in|   64|     ap_none|                                       A_read_610|        scalar|
|A_read_618             |   in|   64|     ap_none|                                       A_read_618|        scalar|
|A_read_626             |   in|   64|     ap_none|                                       A_read_626|        scalar|
|A_read_634             |   in|   64|     ap_none|                                       A_read_634|        scalar|
|A_read_642             |   in|   64|     ap_none|                                       A_read_642|        scalar|
|A_read_650             |   in|   64|     ap_none|                                       A_read_650|        scalar|
|A_read_658             |   in|   64|     ap_none|                                       A_read_658|        scalar|
|A_read_666             |   in|   64|     ap_none|                                       A_read_666|        scalar|
|A_read_674             |   in|   64|     ap_none|                                       A_read_674|        scalar|
|A_read_682             |   in|   64|     ap_none|                                       A_read_682|        scalar|
|A_read_690             |   in|   64|     ap_none|                                       A_read_690|        scalar|
|A_read_698             |   in|   64|     ap_none|                                       A_read_698|        scalar|
|A_read_706             |   in|   64|     ap_none|                                       A_read_706|        scalar|
|A_read_714             |   in|   64|     ap_none|                                       A_read_714|        scalar|
|A_read_722             |   in|   64|     ap_none|                                       A_read_722|        scalar|
|A_read_730             |   in|   64|     ap_none|                                       A_read_730|        scalar|
|A_read_738             |   in|   64|     ap_none|                                       A_read_738|        scalar|
|A_read_746             |   in|   64|     ap_none|                                       A_read_746|        scalar|
|A_read_754             |   in|   64|     ap_none|                                       A_read_754|        scalar|
|A_read_762             |   in|   64|     ap_none|                                       A_read_762|        scalar|
|A_read_770             |   in|   64|     ap_none|                                       A_read_770|        scalar|
|A_read_778             |   in|   64|     ap_none|                                       A_read_778|        scalar|
|A_read_786             |   in|   64|     ap_none|                                       A_read_786|        scalar|
|A_read_794             |   in|   64|     ap_none|                                       A_read_794|        scalar|
|A_read_802             |   in|   64|     ap_none|                                       A_read_802|        scalar|
|A_read_810             |   in|   64|     ap_none|                                       A_read_810|        scalar|
|A_read_818             |   in|   64|     ap_none|                                       A_read_818|        scalar|
|A_read_826             |   in|   64|     ap_none|                                       A_read_826|        scalar|
|A_read_834             |   in|   64|     ap_none|                                       A_read_834|        scalar|
|A_read_842             |   in|   64|     ap_none|                                       A_read_842|        scalar|
|A_read_850             |   in|   64|     ap_none|                                       A_read_850|        scalar|
|A_read_858             |   in|   64|     ap_none|                                       A_read_858|        scalar|
|A_read_866             |   in|   64|     ap_none|                                       A_read_866|        scalar|
|A_read_874             |   in|   64|     ap_none|                                       A_read_874|        scalar|
|A_read_882             |   in|   64|     ap_none|                                       A_read_882|        scalar|
|A_read_890             |   in|   64|     ap_none|                                       A_read_890|        scalar|
|A_read_898             |   in|   64|     ap_none|                                       A_read_898|        scalar|
|A_read_906             |   in|   64|     ap_none|                                       A_read_906|        scalar|
|A_read_914             |   in|   64|     ap_none|                                       A_read_914|        scalar|
|A_read_922             |   in|   64|     ap_none|                                       A_read_922|        scalar|
|A_read_930             |   in|   64|     ap_none|                                       A_read_930|        scalar|
|A_read_938             |   in|   64|     ap_none|                                       A_read_938|        scalar|
|A_read_946             |   in|   64|     ap_none|                                       A_read_946|        scalar|
|A_read_954             |   in|   64|     ap_none|                                       A_read_954|        scalar|
|A_read_962             |   in|   64|     ap_none|                                       A_read_962|        scalar|
|A_read_970             |   in|   64|     ap_none|                                       A_read_970|        scalar|
|A_read_978             |   in|   64|     ap_none|                                       A_read_978|        scalar|
|A_read_986             |   in|   64|     ap_none|                                       A_read_986|        scalar|
|A_read_994             |   in|   64|     ap_none|                                       A_read_994|        scalar|
|A_read_1002            |   in|   64|     ap_none|                                      A_read_1002|        scalar|
|A_read_1010            |   in|   64|     ap_none|                                      A_read_1010|        scalar|
|A_read_1018            |   in|   64|     ap_none|                                      A_read_1018|        scalar|
|B_0_read_10            |   in|   64|     ap_none|                                      B_0_read_10|        scalar|
|A_read_515             |   in|   64|     ap_none|                                       A_read_515|        scalar|
|A_read_523             |   in|   64|     ap_none|                                       A_read_523|        scalar|
|A_read_531             |   in|   64|     ap_none|                                       A_read_531|        scalar|
|A_read_539             |   in|   64|     ap_none|                                       A_read_539|        scalar|
|A_read_547             |   in|   64|     ap_none|                                       A_read_547|        scalar|
|A_read_555             |   in|   64|     ap_none|                                       A_read_555|        scalar|
|A_read_563             |   in|   64|     ap_none|                                       A_read_563|        scalar|
|A_read_571             |   in|   64|     ap_none|                                       A_read_571|        scalar|
|A_read_579             |   in|   64|     ap_none|                                       A_read_579|        scalar|
|A_read_587             |   in|   64|     ap_none|                                       A_read_587|        scalar|
|A_read_595             |   in|   64|     ap_none|                                       A_read_595|        scalar|
|A_read_603             |   in|   64|     ap_none|                                       A_read_603|        scalar|
|A_read_611             |   in|   64|     ap_none|                                       A_read_611|        scalar|
|A_read_619             |   in|   64|     ap_none|                                       A_read_619|        scalar|
|A_read_627             |   in|   64|     ap_none|                                       A_read_627|        scalar|
|A_read_635             |   in|   64|     ap_none|                                       A_read_635|        scalar|
|A_read_643             |   in|   64|     ap_none|                                       A_read_643|        scalar|
|A_read_651             |   in|   64|     ap_none|                                       A_read_651|        scalar|
|A_read_659             |   in|   64|     ap_none|                                       A_read_659|        scalar|
|A_read_667             |   in|   64|     ap_none|                                       A_read_667|        scalar|
|A_read_675             |   in|   64|     ap_none|                                       A_read_675|        scalar|
|A_read_683             |   in|   64|     ap_none|                                       A_read_683|        scalar|
|A_read_691             |   in|   64|     ap_none|                                       A_read_691|        scalar|
|A_read_699             |   in|   64|     ap_none|                                       A_read_699|        scalar|
|A_read_707             |   in|   64|     ap_none|                                       A_read_707|        scalar|
|A_read_715             |   in|   64|     ap_none|                                       A_read_715|        scalar|
|A_read_723             |   in|   64|     ap_none|                                       A_read_723|        scalar|
|A_read_731             |   in|   64|     ap_none|                                       A_read_731|        scalar|
|A_read_739             |   in|   64|     ap_none|                                       A_read_739|        scalar|
|A_read_747             |   in|   64|     ap_none|                                       A_read_747|        scalar|
|A_read_755             |   in|   64|     ap_none|                                       A_read_755|        scalar|
|A_read_763             |   in|   64|     ap_none|                                       A_read_763|        scalar|
|A_read_771             |   in|   64|     ap_none|                                       A_read_771|        scalar|
|A_read_779             |   in|   64|     ap_none|                                       A_read_779|        scalar|
|A_read_787             |   in|   64|     ap_none|                                       A_read_787|        scalar|
|A_read_795             |   in|   64|     ap_none|                                       A_read_795|        scalar|
|A_read_803             |   in|   64|     ap_none|                                       A_read_803|        scalar|
|A_read_811             |   in|   64|     ap_none|                                       A_read_811|        scalar|
|A_read_819             |   in|   64|     ap_none|                                       A_read_819|        scalar|
|A_read_827             |   in|   64|     ap_none|                                       A_read_827|        scalar|
|A_read_835             |   in|   64|     ap_none|                                       A_read_835|        scalar|
|A_read_843             |   in|   64|     ap_none|                                       A_read_843|        scalar|
|A_read_851             |   in|   64|     ap_none|                                       A_read_851|        scalar|
|A_read_859             |   in|   64|     ap_none|                                       A_read_859|        scalar|
|A_read_867             |   in|   64|     ap_none|                                       A_read_867|        scalar|
|A_read_875             |   in|   64|     ap_none|                                       A_read_875|        scalar|
|A_read_883             |   in|   64|     ap_none|                                       A_read_883|        scalar|
|A_read_891             |   in|   64|     ap_none|                                       A_read_891|        scalar|
|A_read_899             |   in|   64|     ap_none|                                       A_read_899|        scalar|
|A_read_907             |   in|   64|     ap_none|                                       A_read_907|        scalar|
|A_read_915             |   in|   64|     ap_none|                                       A_read_915|        scalar|
|A_read_923             |   in|   64|     ap_none|                                       A_read_923|        scalar|
|A_read_931             |   in|   64|     ap_none|                                       A_read_931|        scalar|
|A_read_939             |   in|   64|     ap_none|                                       A_read_939|        scalar|
|A_read_947             |   in|   64|     ap_none|                                       A_read_947|        scalar|
|A_read_955             |   in|   64|     ap_none|                                       A_read_955|        scalar|
|A_read_963             |   in|   64|     ap_none|                                       A_read_963|        scalar|
|A_read_971             |   in|   64|     ap_none|                                       A_read_971|        scalar|
|A_read_979             |   in|   64|     ap_none|                                       A_read_979|        scalar|
|A_read_987             |   in|   64|     ap_none|                                       A_read_987|        scalar|
|A_read_995             |   in|   64|     ap_none|                                       A_read_995|        scalar|
|A_read_1003            |   in|   64|     ap_none|                                      A_read_1003|        scalar|
|A_read_1011            |   in|   64|     ap_none|                                      A_read_1011|        scalar|
|A_read_1019            |   in|   64|     ap_none|                                      A_read_1019|        scalar|
|B_0_read_11            |   in|   64|     ap_none|                                      B_0_read_11|        scalar|
|A_read_516             |   in|   64|     ap_none|                                       A_read_516|        scalar|
|A_read_524             |   in|   64|     ap_none|                                       A_read_524|        scalar|
|A_read_532             |   in|   64|     ap_none|                                       A_read_532|        scalar|
|A_read_540             |   in|   64|     ap_none|                                       A_read_540|        scalar|
|A_read_548             |   in|   64|     ap_none|                                       A_read_548|        scalar|
|A_read_556             |   in|   64|     ap_none|                                       A_read_556|        scalar|
|A_read_564             |   in|   64|     ap_none|                                       A_read_564|        scalar|
|A_read_572             |   in|   64|     ap_none|                                       A_read_572|        scalar|
|A_read_580             |   in|   64|     ap_none|                                       A_read_580|        scalar|
|A_read_588             |   in|   64|     ap_none|                                       A_read_588|        scalar|
|A_read_596             |   in|   64|     ap_none|                                       A_read_596|        scalar|
|A_read_604             |   in|   64|     ap_none|                                       A_read_604|        scalar|
|A_read_612             |   in|   64|     ap_none|                                       A_read_612|        scalar|
|A_read_620             |   in|   64|     ap_none|                                       A_read_620|        scalar|
|A_read_628             |   in|   64|     ap_none|                                       A_read_628|        scalar|
|A_read_636             |   in|   64|     ap_none|                                       A_read_636|        scalar|
|A_read_644             |   in|   64|     ap_none|                                       A_read_644|        scalar|
|A_read_652             |   in|   64|     ap_none|                                       A_read_652|        scalar|
|A_read_660             |   in|   64|     ap_none|                                       A_read_660|        scalar|
|A_read_668             |   in|   64|     ap_none|                                       A_read_668|        scalar|
|A_read_676             |   in|   64|     ap_none|                                       A_read_676|        scalar|
|A_read_684             |   in|   64|     ap_none|                                       A_read_684|        scalar|
|A_read_692             |   in|   64|     ap_none|                                       A_read_692|        scalar|
|A_read_700             |   in|   64|     ap_none|                                       A_read_700|        scalar|
|A_read_708             |   in|   64|     ap_none|                                       A_read_708|        scalar|
|A_read_716             |   in|   64|     ap_none|                                       A_read_716|        scalar|
|A_read_724             |   in|   64|     ap_none|                                       A_read_724|        scalar|
|A_read_732             |   in|   64|     ap_none|                                       A_read_732|        scalar|
|A_read_740             |   in|   64|     ap_none|                                       A_read_740|        scalar|
|A_read_748             |   in|   64|     ap_none|                                       A_read_748|        scalar|
|A_read_756             |   in|   64|     ap_none|                                       A_read_756|        scalar|
|A_read_764             |   in|   64|     ap_none|                                       A_read_764|        scalar|
|A_read_772             |   in|   64|     ap_none|                                       A_read_772|        scalar|
|A_read_780             |   in|   64|     ap_none|                                       A_read_780|        scalar|
|A_read_788             |   in|   64|     ap_none|                                       A_read_788|        scalar|
|A_read_796             |   in|   64|     ap_none|                                       A_read_796|        scalar|
|A_read_804             |   in|   64|     ap_none|                                       A_read_804|        scalar|
|A_read_812             |   in|   64|     ap_none|                                       A_read_812|        scalar|
|A_read_820             |   in|   64|     ap_none|                                       A_read_820|        scalar|
|A_read_828             |   in|   64|     ap_none|                                       A_read_828|        scalar|
|A_read_836             |   in|   64|     ap_none|                                       A_read_836|        scalar|
|A_read_844             |   in|   64|     ap_none|                                       A_read_844|        scalar|
|A_read_852             |   in|   64|     ap_none|                                       A_read_852|        scalar|
|A_read_860             |   in|   64|     ap_none|                                       A_read_860|        scalar|
|A_read_868             |   in|   64|     ap_none|                                       A_read_868|        scalar|
|A_read_876             |   in|   64|     ap_none|                                       A_read_876|        scalar|
|A_read_884             |   in|   64|     ap_none|                                       A_read_884|        scalar|
|A_read_892             |   in|   64|     ap_none|                                       A_read_892|        scalar|
|A_read_900             |   in|   64|     ap_none|                                       A_read_900|        scalar|
|A_read_908             |   in|   64|     ap_none|                                       A_read_908|        scalar|
|A_read_916             |   in|   64|     ap_none|                                       A_read_916|        scalar|
|A_read_924             |   in|   64|     ap_none|                                       A_read_924|        scalar|
|A_read_932             |   in|   64|     ap_none|                                       A_read_932|        scalar|
|A_read_940             |   in|   64|     ap_none|                                       A_read_940|        scalar|
|A_read_948             |   in|   64|     ap_none|                                       A_read_948|        scalar|
|A_read_956             |   in|   64|     ap_none|                                       A_read_956|        scalar|
|A_read_964             |   in|   64|     ap_none|                                       A_read_964|        scalar|
|A_read_972             |   in|   64|     ap_none|                                       A_read_972|        scalar|
|A_read_980             |   in|   64|     ap_none|                                       A_read_980|        scalar|
|A_read_988             |   in|   64|     ap_none|                                       A_read_988|        scalar|
|A_read_996             |   in|   64|     ap_none|                                       A_read_996|        scalar|
|A_read_1004            |   in|   64|     ap_none|                                      A_read_1004|        scalar|
|A_read_1012            |   in|   64|     ap_none|                                      A_read_1012|        scalar|
|A_read_1020            |   in|   64|     ap_none|                                      A_read_1020|        scalar|
|B_0_read_12            |   in|   64|     ap_none|                                      B_0_read_12|        scalar|
|A_read_517             |   in|   64|     ap_none|                                       A_read_517|        scalar|
|A_read_525             |   in|   64|     ap_none|                                       A_read_525|        scalar|
|A_read_533             |   in|   64|     ap_none|                                       A_read_533|        scalar|
|A_read_541             |   in|   64|     ap_none|                                       A_read_541|        scalar|
|A_read_549             |   in|   64|     ap_none|                                       A_read_549|        scalar|
|A_read_557             |   in|   64|     ap_none|                                       A_read_557|        scalar|
|A_read_565             |   in|   64|     ap_none|                                       A_read_565|        scalar|
|A_read_573             |   in|   64|     ap_none|                                       A_read_573|        scalar|
|A_read_581             |   in|   64|     ap_none|                                       A_read_581|        scalar|
|A_read_589             |   in|   64|     ap_none|                                       A_read_589|        scalar|
|A_read_597             |   in|   64|     ap_none|                                       A_read_597|        scalar|
|A_read_605             |   in|   64|     ap_none|                                       A_read_605|        scalar|
|A_read_613             |   in|   64|     ap_none|                                       A_read_613|        scalar|
|A_read_621             |   in|   64|     ap_none|                                       A_read_621|        scalar|
|A_read_629             |   in|   64|     ap_none|                                       A_read_629|        scalar|
|A_read_637             |   in|   64|     ap_none|                                       A_read_637|        scalar|
|A_read_645             |   in|   64|     ap_none|                                       A_read_645|        scalar|
|A_read_653             |   in|   64|     ap_none|                                       A_read_653|        scalar|
|A_read_661             |   in|   64|     ap_none|                                       A_read_661|        scalar|
|A_read_669             |   in|   64|     ap_none|                                       A_read_669|        scalar|
|A_read_677             |   in|   64|     ap_none|                                       A_read_677|        scalar|
|A_read_685             |   in|   64|     ap_none|                                       A_read_685|        scalar|
|A_read_693             |   in|   64|     ap_none|                                       A_read_693|        scalar|
|A_read_701             |   in|   64|     ap_none|                                       A_read_701|        scalar|
|A_read_709             |   in|   64|     ap_none|                                       A_read_709|        scalar|
|A_read_717             |   in|   64|     ap_none|                                       A_read_717|        scalar|
|A_read_725             |   in|   64|     ap_none|                                       A_read_725|        scalar|
|A_read_733             |   in|   64|     ap_none|                                       A_read_733|        scalar|
|A_read_741             |   in|   64|     ap_none|                                       A_read_741|        scalar|
|A_read_749             |   in|   64|     ap_none|                                       A_read_749|        scalar|
|A_read_757             |   in|   64|     ap_none|                                       A_read_757|        scalar|
|A_read_765             |   in|   64|     ap_none|                                       A_read_765|        scalar|
|A_read_773             |   in|   64|     ap_none|                                       A_read_773|        scalar|
|A_read_781             |   in|   64|     ap_none|                                       A_read_781|        scalar|
|A_read_789             |   in|   64|     ap_none|                                       A_read_789|        scalar|
|A_read_797             |   in|   64|     ap_none|                                       A_read_797|        scalar|
|A_read_805             |   in|   64|     ap_none|                                       A_read_805|        scalar|
|A_read_813             |   in|   64|     ap_none|                                       A_read_813|        scalar|
|A_read_821             |   in|   64|     ap_none|                                       A_read_821|        scalar|
|A_read_829             |   in|   64|     ap_none|                                       A_read_829|        scalar|
|A_read_837             |   in|   64|     ap_none|                                       A_read_837|        scalar|
|A_read_845             |   in|   64|     ap_none|                                       A_read_845|        scalar|
|A_read_853             |   in|   64|     ap_none|                                       A_read_853|        scalar|
|A_read_861             |   in|   64|     ap_none|                                       A_read_861|        scalar|
|A_read_869             |   in|   64|     ap_none|                                       A_read_869|        scalar|
|A_read_877             |   in|   64|     ap_none|                                       A_read_877|        scalar|
|A_read_885             |   in|   64|     ap_none|                                       A_read_885|        scalar|
|A_read_893             |   in|   64|     ap_none|                                       A_read_893|        scalar|
|A_read_901             |   in|   64|     ap_none|                                       A_read_901|        scalar|
|A_read_909             |   in|   64|     ap_none|                                       A_read_909|        scalar|
|A_read_917             |   in|   64|     ap_none|                                       A_read_917|        scalar|
|A_read_925             |   in|   64|     ap_none|                                       A_read_925|        scalar|
|A_read_933             |   in|   64|     ap_none|                                       A_read_933|        scalar|
|A_read_941             |   in|   64|     ap_none|                                       A_read_941|        scalar|
|A_read_949             |   in|   64|     ap_none|                                       A_read_949|        scalar|
|A_read_957             |   in|   64|     ap_none|                                       A_read_957|        scalar|
|A_read_965             |   in|   64|     ap_none|                                       A_read_965|        scalar|
|A_read_973             |   in|   64|     ap_none|                                       A_read_973|        scalar|
|A_read_981             |   in|   64|     ap_none|                                       A_read_981|        scalar|
|A_read_989             |   in|   64|     ap_none|                                       A_read_989|        scalar|
|A_read_997             |   in|   64|     ap_none|                                       A_read_997|        scalar|
|A_read_1005            |   in|   64|     ap_none|                                      A_read_1005|        scalar|
|A_read_1013            |   in|   64|     ap_none|                                      A_read_1013|        scalar|
|A_read_1021            |   in|   64|     ap_none|                                      A_read_1021|        scalar|
|B_0_read_13            |   in|   64|     ap_none|                                      B_0_read_13|        scalar|
|A_read_518             |   in|   64|     ap_none|                                       A_read_518|        scalar|
|A_read_526             |   in|   64|     ap_none|                                       A_read_526|        scalar|
|A_read_534             |   in|   64|     ap_none|                                       A_read_534|        scalar|
|A_read_542             |   in|   64|     ap_none|                                       A_read_542|        scalar|
|A_read_550             |   in|   64|     ap_none|                                       A_read_550|        scalar|
|A_read_558             |   in|   64|     ap_none|                                       A_read_558|        scalar|
|A_read_566             |   in|   64|     ap_none|                                       A_read_566|        scalar|
|A_read_574             |   in|   64|     ap_none|                                       A_read_574|        scalar|
|A_read_582             |   in|   64|     ap_none|                                       A_read_582|        scalar|
|A_read_590             |   in|   64|     ap_none|                                       A_read_590|        scalar|
|A_read_598             |   in|   64|     ap_none|                                       A_read_598|        scalar|
|A_read_606             |   in|   64|     ap_none|                                       A_read_606|        scalar|
|A_read_614             |   in|   64|     ap_none|                                       A_read_614|        scalar|
|A_read_622             |   in|   64|     ap_none|                                       A_read_622|        scalar|
|A_read_630             |   in|   64|     ap_none|                                       A_read_630|        scalar|
|A_read_638             |   in|   64|     ap_none|                                       A_read_638|        scalar|
|A_read_646             |   in|   64|     ap_none|                                       A_read_646|        scalar|
|A_read_654             |   in|   64|     ap_none|                                       A_read_654|        scalar|
|A_read_662             |   in|   64|     ap_none|                                       A_read_662|        scalar|
|A_read_670             |   in|   64|     ap_none|                                       A_read_670|        scalar|
|A_read_678             |   in|   64|     ap_none|                                       A_read_678|        scalar|
|A_read_686             |   in|   64|     ap_none|                                       A_read_686|        scalar|
|A_read_694             |   in|   64|     ap_none|                                       A_read_694|        scalar|
|A_read_702             |   in|   64|     ap_none|                                       A_read_702|        scalar|
|A_read_710             |   in|   64|     ap_none|                                       A_read_710|        scalar|
|A_read_718             |   in|   64|     ap_none|                                       A_read_718|        scalar|
|A_read_726             |   in|   64|     ap_none|                                       A_read_726|        scalar|
|A_read_734             |   in|   64|     ap_none|                                       A_read_734|        scalar|
|A_read_742             |   in|   64|     ap_none|                                       A_read_742|        scalar|
|A_read_750             |   in|   64|     ap_none|                                       A_read_750|        scalar|
|A_read_758             |   in|   64|     ap_none|                                       A_read_758|        scalar|
|A_read_766             |   in|   64|     ap_none|                                       A_read_766|        scalar|
|A_read_774             |   in|   64|     ap_none|                                       A_read_774|        scalar|
|A_read_782             |   in|   64|     ap_none|                                       A_read_782|        scalar|
|A_read_790             |   in|   64|     ap_none|                                       A_read_790|        scalar|
|A_read_798             |   in|   64|     ap_none|                                       A_read_798|        scalar|
|A_read_806             |   in|   64|     ap_none|                                       A_read_806|        scalar|
|A_read_814             |   in|   64|     ap_none|                                       A_read_814|        scalar|
|A_read_822             |   in|   64|     ap_none|                                       A_read_822|        scalar|
|A_read_830             |   in|   64|     ap_none|                                       A_read_830|        scalar|
|A_read_838             |   in|   64|     ap_none|                                       A_read_838|        scalar|
|A_read_846             |   in|   64|     ap_none|                                       A_read_846|        scalar|
|A_read_854             |   in|   64|     ap_none|                                       A_read_854|        scalar|
|A_read_862             |   in|   64|     ap_none|                                       A_read_862|        scalar|
|A_read_870             |   in|   64|     ap_none|                                       A_read_870|        scalar|
|A_read_878             |   in|   64|     ap_none|                                       A_read_878|        scalar|
|A_read_886             |   in|   64|     ap_none|                                       A_read_886|        scalar|
|A_read_894             |   in|   64|     ap_none|                                       A_read_894|        scalar|
|A_read_902             |   in|   64|     ap_none|                                       A_read_902|        scalar|
|A_read_910             |   in|   64|     ap_none|                                       A_read_910|        scalar|
|A_read_918             |   in|   64|     ap_none|                                       A_read_918|        scalar|
|A_read_926             |   in|   64|     ap_none|                                       A_read_926|        scalar|
|A_read_934             |   in|   64|     ap_none|                                       A_read_934|        scalar|
|A_read_942             |   in|   64|     ap_none|                                       A_read_942|        scalar|
|A_read_950             |   in|   64|     ap_none|                                       A_read_950|        scalar|
|A_read_958             |   in|   64|     ap_none|                                       A_read_958|        scalar|
|A_read_966             |   in|   64|     ap_none|                                       A_read_966|        scalar|
|A_read_974             |   in|   64|     ap_none|                                       A_read_974|        scalar|
|A_read_982             |   in|   64|     ap_none|                                       A_read_982|        scalar|
|A_read_990             |   in|   64|     ap_none|                                       A_read_990|        scalar|
|A_read_998             |   in|   64|     ap_none|                                       A_read_998|        scalar|
|A_read_1006            |   in|   64|     ap_none|                                      A_read_1006|        scalar|
|A_read_1014            |   in|   64|     ap_none|                                      A_read_1014|        scalar|
|A_read_1022            |   in|   64|     ap_none|                                      A_read_1022|        scalar|
|B_0_read_14            |   in|   64|     ap_none|                                      B_0_read_14|        scalar|
+-----------------------+-----+-----+------------+-------------------------------------------------+--------------+

