Copyright 1986-2022 Xilinx, Inc. All Rights Reserved. Copyright 2022-2024 Advanced Micro Devices, Inc. All Rights Reserved.
---------------------------------------------------------------------------------------------------------------------------------------------
| Tool Version : Vivado v.2024.1 (win64) Build 5076996 Wed May 22 18:37:14 MDT 2024
| Date         : Sat Apr 12 12:40:45 2025
| Host         : RYN-B10-PC-12 running 64-bit major release  (build 9200)
| Command      : report_utilization -file design_1_wrapper_utilization_placed.rpt -pb design_1_wrapper_utilization_placed.pb
| Design       : design_1_wrapper
| Device       : xczu3eg-sfvc784-1-e
| Speed File   : -1
| Design State : Fully Placed
---------------------------------------------------------------------------------------------------------------------------------------------

Utilization Design Information

Table of Contents
-----------------
1. CLB Logic
1.1 Summary of Registers by Type
2. CLB Logic Distribution
3. BLOCKRAM
4. ARITHMETIC
5. I/O
6. CLOCK
7. ADVANCED
8. CONFIGURATION
9. Primitives
10. Black Boxes
11. Instantiated Netlists

1. CLB Logic
------------

+----------------------------+-------+-------+------------+-----------+-------+
|          Site Type         |  Used | Fixed | Prohibited | Available | Util% |
+----------------------------+-------+-------+------------+-----------+-------+
| CLB LUTs                   | 20280 |     0 |          0 |     70560 | 28.74 |
|   LUT as Logic             | 19964 |     0 |          0 |     70560 | 28.29 |
|   LUT as Memory            |   316 |     0 |          0 |     28800 |  1.10 |
|     LUT as Distributed RAM |   102 |     0 |            |           |       |
|     LUT as Shift Register  |   214 |     0 |            |           |       |
| CLB Registers              | 11308 |     0 |          0 |    141120 |  8.01 |
|   Register as Flip Flop    | 11308 |     0 |          0 |    141120 |  8.01 |
|   Register as Latch        |     0 |     0 |          0 |    141120 |  0.00 |
| CARRY8                     |   764 |     0 |          0 |      8820 |  8.66 |
| F7 Muxes                   |  2757 |     0 |          0 |     35280 |  7.81 |
| F8 Muxes                   |  1230 |     0 |          0 |     17640 |  6.97 |
| F9 Muxes                   |     0 |     0 |          0 |      8820 |  0.00 |
+----------------------------+-------+-------+------------+-----------+-------+
* Warning! LUT value is adjusted to account for LUT combining.


1.1 Summary of Registers by Type
--------------------------------

+-------+--------------+-------------+--------------+
| Total | Clock Enable | Synchronous | Asynchronous |
+-------+--------------+-------------+--------------+
| 0     |            _ |           - |            - |
| 0     |            _ |           - |          Set |
| 0     |            _ |           - |        Reset |
| 0     |            _ |         Set |            - |
| 0     |            _ |       Reset |            - |
| 0     |          Yes |           - |            - |
| 0     |          Yes |           - |          Set |
| 0     |          Yes |           - |        Reset |
| 54    |          Yes |         Set |            - |
| 11254 |          Yes |       Reset |            - |
+-------+--------------+-------------+--------------+


2. CLB Logic Distribution
-------------------------

+--------------------------------------------+-------+-------+------------+-----------+-------+
|                  Site Type                 |  Used | Fixed | Prohibited | Available | Util% |
+--------------------------------------------+-------+-------+------------+-----------+-------+
| CLB                                        |  4107 |     0 |          0 |      8820 | 46.56 |
|   CLBL                                     |  2566 |     0 |            |           |       |
|   CLBM                                     |  1541 |     0 |            |           |       |
| LUT as Logic                               | 19964 |     0 |          0 |     70560 | 28.29 |
|   using O5 output only                     |    97 |       |            |           |       |
|   using O6 output only                     | 14589 |       |            |           |       |
|   using O5 and O6                          |  5278 |       |            |           |       |
| LUT as Memory                              |   316 |     0 |          0 |     28800 |  1.10 |
|   LUT as Distributed RAM                   |   102 |     0 |            |           |       |
|     using O5 output only                   |     0 |       |            |           |       |
|     using O6 output only                   |    18 |       |            |           |       |
|     using O5 and O6                        |    84 |       |            |           |       |
|   LUT as Shift Register                    |   214 |     0 |            |           |       |
|     using O5 output only                   |     0 |       |            |           |       |
|     using O6 output only                   |   206 |       |            |           |       |
|     using O5 and O6                        |     8 |       |            |           |       |
| CLB Registers                              | 11308 |     0 |          0 |    141120 |  8.01 |
|   Register driven from within the CLB      |  6420 |       |            |           |       |
|   Register driven from outside the CLB     |  4888 |       |            |           |       |
|     LUT in front of the register is unused |  3443 |       |            |           |       |
|     LUT in front of the register is used   |  1445 |       |            |           |       |
| Unique Control Sets                        |   228 |       |          0 |     17640 |  1.29 |
+--------------------------------------------+-------+-------+------------+-----------+-------+
* * Note: Available Control Sets calculated as Slices * 2, Review the Control Sets Report for more information regarding control sets.


3. BLOCKRAM
-----------

+-------------------+------+-------+------------+-----------+--------+
|     Site Type     | Used | Fixed | Prohibited | Available |  Util% |
+-------------------+------+-------+------------+-----------+--------+
| Block RAM Tile    |  216 |     0 |          0 |       216 | 100.00 |
|   RAMB36/FIFO*    |  185 |     0 |          0 |       216 |  85.65 |
|     RAMB36E2 only |  185 |       |            |           |        |
|   RAMB18          |   62 |     0 |          0 |       432 |  14.35 |
|     RAMB18E2 only |   62 |       |            |           |        |
+-------------------+------+-------+------------+-----------+--------+
* Note: Each Block RAM Tile only has one FIFO logic available and therefore can accommodate only one FIFO36E2 or one FIFO18E2. However, if a FIFO18E2 occupies a Block RAM Tile, that tile can still accommodate a RAMB18E2


4. ARITHMETIC
-------------

+----------------+------+-------+------------+-----------+-------+
|    Site Type   | Used | Fixed | Prohibited | Available | Util% |
+----------------+------+-------+------------+-----------+-------+
| DSPs           |  273 |     0 |          0 |       360 | 75.83 |
|   DSP48E2 only |  273 |       |            |           |       |
+----------------+------+-------+------------+-----------+-------+


5. I/O
------

+------------------+------+-------+------------+-----------+-------+
|     Site Type    | Used | Fixed | Prohibited | Available | Util% |
+------------------+------+-------+------------+-----------+-------+
| Bonded IOB       |    0 |     0 |          0 |       252 |  0.00 |
| HPIOB_M          |    0 |     0 |          0 |        72 |  0.00 |
| HPIOB_S          |    0 |     0 |          0 |        72 |  0.00 |
| HDIOB_M          |    0 |     0 |          0 |        48 |  0.00 |
| HDIOB_S          |    0 |     0 |          0 |        48 |  0.00 |
| HPIOB_SNGL       |    0 |     0 |          0 |        12 |  0.00 |
| HPIOBDIFFINBUF   |    0 |     0 |          0 |        72 |  0.00 |
| HPIOBDIFFOUTBUF  |    0 |     0 |          0 |        72 |  0.00 |
| HDIOBDIFFINBUF   |    0 |     0 |          0 |        48 |  0.00 |
| BITSLICE_CONTROL |    0 |     0 |          0 |        24 |  0.00 |
| BITSLICE_RX_TX   |    0 |     0 |          0 |       936 |  0.00 |
| BITSLICE_TX      |    0 |     0 |          0 |        24 |  0.00 |
| RIU_OR           |    0 |     0 |          0 |        12 |  0.00 |
+------------------+------+-------+------------+-----------+-------+


6. CLOCK
--------

+------------+------+-------+------------+-----------+-------+
|  Site Type | Used | Fixed | Prohibited | Available | Util% |
+------------+------+-------+------------+-----------+-------+
| BUFGCE     |    0 |     0 |          0 |        88 |  0.00 |
| BUFGCE_DIV |    0 |     0 |          0 |        12 |  0.00 |
| BUFG_PS    |    1 |     0 |          0 |        72 |  1.39 |
| BUFGCTRL*  |    0 |     0 |          0 |        24 |  0.00 |
| PLL        |    0 |     0 |          0 |         6 |  0.00 |
| MMCM       |    0 |     0 |          0 |         3 |  0.00 |
+------------+------+-------+------------+-----------+-------+
* Note: Each used BUFGCTRL counts as two GLOBAL CLOCK BUFFERs. This table does not include global clocking resources, only buffer cell usage. See the Clock Utilization Report (report_clock_utilization) for detailed accounting of global clocking resource availability.


7. ADVANCED
-----------

+-----------+------+-------+------------+-----------+--------+
| Site Type | Used | Fixed | Prohibited | Available |  Util% |
+-----------+------+-------+------------+-----------+--------+
| PS8       |    1 |     0 |          0 |         1 | 100.00 |
| SYSMONE4  |    0 |     0 |          0 |         1 |   0.00 |
+-----------+------+-------+------------+-----------+--------+


8. CONFIGURATION
----------------

+-------------+------+-------+------------+-----------+-------+
|  Site Type  | Used | Fixed | Prohibited | Available | Util% |
+-------------+------+-------+------------+-----------+-------+
| BSCANE2     |    0 |     0 |          0 |         4 |  0.00 |
| DNA_PORTE2  |    0 |     0 |          0 |         1 |  0.00 |
| EFUSE_USR   |    0 |     0 |          0 |         1 |  0.00 |
| FRAME_ECCE4 |    0 |     0 |          0 |         1 |  0.00 |
| ICAPE3      |    0 |     0 |          0 |         2 |  0.00 |
| MASTER_JTAG |    0 |     0 |          0 |         1 |  0.00 |
| STARTUPE3   |    0 |     0 |          0 |         1 |  0.00 |
+-------------+------+-------+------------+-----------+-------+


9. Primitives
-------------

+----------+-------+---------------------+
| Ref Name |  Used | Functional Category |
+----------+-------+---------------------+
| FDRE     | 11254 |            Register |
| LUT6     |  8415 |                 CLB |
| LUT2     |  7088 |                 CLB |
| LUT3     |  5695 |                 CLB |
| MUXF7    |  2757 |                 CLB |
| LUT1     |  1457 |                 CLB |
| LUT4     |  1422 |                 CLB |
| MUXF8    |  1230 |                 CLB |
| LUT5     |  1165 |                 CLB |
| CARRY8   |   764 |                 CLB |
| DSP48E2  |   273 |          Arithmetic |
| RAMB36E2 |   185 |            BLOCKRAM |
| SRL16E   |   136 |                 CLB |
| RAMD32   |   100 |                 CLB |
| SRLC32E  |    86 |                 CLB |
| RAMS32   |    76 |                 CLB |
| RAMB18E2 |    62 |            BLOCKRAM |
| FDSE     |    54 |            Register |
| RAMS64E  |    10 |                 CLB |
| PS8      |     1 |            Advanced |
| BUFG_PS  |     1 |               Clock |
+----------+-------+---------------------+


10. Black Boxes
---------------

+----------+------+
| Ref Name | Used |
+----------+------+


11. Instantiated Netlists
-------------------------

+------------------------------+------+
|           Ref Name           | Used |
+------------------------------+------+
| design_1_zynq_ultra_ps_e_0_0 |    1 |
| design_1_top_0_0             |    1 |
| design_1_rst_ps8_0_99M_0     |    1 |
| design_1_auto_pc_0           |    1 |
+------------------------------+------+


