INFO: [vitis-run 60-1548] Creating build summary session with primary output C:/GIM_Repos/GIM_Diabetes/accelerator_diabetes/redo_component/accelerator\accelerator.hlsrun_csim_summary, at 02/22/25 15:41:20
INFO: [vitis-run 82-31] Launching vitis_hls: vitis_hls -nolog -run csim -work_dir C:/GIM_Repos/GIM_Diabetes/accelerator_diabetes/redo_component/accelerator -config C:/GIM_Repos/GIM_Diabetes/accelerator_diabetes/redo_component/hls_config.cfg -cmdlineconfig C:/GIM_Repos/GIM_Diabetes/accelerator_diabetes/redo_component/accelerator/hls/config.cmdline

****** Vitis HLS - High-Level Synthesis from C, C++ and OpenCL v2024.1 (64-bit)
  **** SW Build 5069499 on May 21 2024
  **** IP Build 5075265 on Wed May 22 21:45:21 MDT 2024
  **** SharedData Build 5076995 on Wed May 22 18:29:18 MDT 2024
  **** Start of session at: Sat Feb 22 15:41:26 2025
    ** Copyright 1986-2022 Xilinx, Inc. All Rights Reserved.
    ** Copyright 2022-2024 Advanced Micro Devices, Inc. All Rights Reserved.

source C:/Xilinx/Vitis_HLS/2024.1/scripts/vitis_hls/hls.tcl -notrace
INFO: [HLS 200-10] For user 'GIM' on host 'gim_laptop_1' (Windows NT_amd64 version 10.0) on Sat Feb 22 15:41:28 -0800 2025
INFO: [HLS 200-10] In directory 'C:/GIM_Repos/GIM_Diabetes/accelerator_diabetes/redo_component'
INFO: [HLS 200-2005] Using work_dir C:/GIM_Repos/GIM_Diabetes/accelerator_diabetes/redo_component/accelerator 
INFO: [HLS 200-1505] Using default flow_target 'vivado'
Resolution: For help on HLS 200-1505 see docs.xilinx.com/access/sources/dita/topic?Doc_Version=2024.1%20English&url=ug1448-hls-guidance&resourceid=200-1505.html
INFO: [HLS 200-1465] Applying ini 'syn.file=C:/GIM_Repos/GIM_Diabetes/accelerator_diabetes/accelerator.cpp' from C:/GIM_Repos/GIM_Diabetes/accelerator_diabetes/redo_component/hls_config.cfg(8)
INFO: [HLS 200-10] Adding design file 'C:/GIM_Repos/GIM_Diabetes/accelerator_diabetes/accelerator.cpp' to the project
INFO: [HLS 200-1465] Applying ini 'syn.file=C:/GIM_Repos/GIM_Diabetes/accelerator_diabetes/act_pe.cpp' from C:/GIM_Repos/GIM_Diabetes/accelerator_diabetes/redo_component/hls_config.cfg(9)
INFO: [HLS 200-10] Adding design file 'C:/GIM_Repos/GIM_Diabetes/accelerator_diabetes/act_pe.cpp' to the project
INFO: [HLS 200-1465] Applying ini 'syn.file=C:/GIM_Repos/GIM_Diabetes/accelerator_diabetes/array.cpp' from C:/GIM_Repos/GIM_Diabetes/accelerator_diabetes/redo_component/hls_config.cfg(10)
INFO: [HLS 200-10] Adding design file 'C:/GIM_Repos/GIM_Diabetes/accelerator_diabetes/array.cpp' to the project
INFO: [HLS 200-1465] Applying ini 'syn.file=C:/GIM_Repos/GIM_Diabetes/accelerator_diabetes/bias_pe.cpp' from C:/GIM_Repos/GIM_Diabetes/accelerator_diabetes/redo_component/hls_config.cfg(11)
INFO: [HLS 200-10] Adding design file 'C:/GIM_Repos/GIM_Diabetes/accelerator_diabetes/bias_pe.cpp' to the project
INFO: [HLS 200-1465] Applying ini 'syn.file=C:/GIM_Repos/GIM_Diabetes/accelerator_diabetes/csv_import.cpp' from C:/GIM_Repos/GIM_Diabetes/accelerator_diabetes/redo_component/hls_config.cfg(12)
INFO: [HLS 200-10] Adding design file 'C:/GIM_Repos/GIM_Diabetes/accelerator_diabetes/csv_import.cpp' to the project
INFO: [HLS 200-1465] Applying ini 'syn.file=C:/GIM_Repos/GIM_Diabetes/accelerator_diabetes/error_pe.cpp' from C:/GIM_Repos/GIM_Diabetes/accelerator_diabetes/redo_component/hls_config.cfg(13)
INFO: [HLS 200-10] Adding design file 'C:/GIM_Repos/GIM_Diabetes/accelerator_diabetes/error_pe.cpp' to the project
INFO: [HLS 200-1465] Applying ini 'syn.file=C:/GIM_Repos/GIM_Diabetes/accelerator_diabetes/gim_model.h' from C:/GIM_Repos/GIM_Diabetes/accelerator_diabetes/redo_component/hls_config.cfg(14)
INFO: [HLS 200-10] Adding design file 'C:/GIM_Repos/GIM_Diabetes/accelerator_diabetes/gim_model.h' to the project
INFO: [HLS 200-1465] Applying ini 'syn.file=C:/GIM_Repos/GIM_Diabetes/accelerator_diabetes/weight_pe.cpp' from C:/GIM_Repos/GIM_Diabetes/accelerator_diabetes/redo_component/hls_config.cfg(15)
INFO: [HLS 200-10] Adding design file 'C:/GIM_Repos/GIM_Diabetes/accelerator_diabetes/weight_pe.cpp' to the project
INFO: [HLS 200-1465] Applying ini 'tb.file=C:/GIM_Repos/GIM_Diabetes/accelerator_diabetes/main.cpp' from C:/GIM_Repos/GIM_Diabetes/accelerator_diabetes/redo_component/hls_config.cfg(16)
INFO: [HLS 200-10] Adding test bench file 'C:/GIM_Repos/GIM_Diabetes/accelerator_diabetes/main.cpp' to the project
INFO: [HLS 200-1465] Applying ini 'syn.top=accelerator' from C:/GIM_Repos/GIM_Diabetes/accelerator_diabetes/redo_component/hls_config.cfg(7)
INFO: [HLS 200-1465] Applying ini 'flow_target=vivado' from C:/GIM_Repos/GIM_Diabetes/accelerator_diabetes/redo_component/hls_config.cfg(4)
INFO: [HLS 200-1505] Using flow_target 'vivado'
Resolution: For help on HLS 200-1505 see docs.xilinx.com/access/sources/dita/topic?Doc_Version=2024.1%20English&url=ug1448-hls-guidance&resourceid=200-1505.html
INFO: [HLS 200-1465] Applying ini 'part=xczu3eg-sfvc784-1-e' from C:/GIM_Repos/GIM_Diabetes/accelerator_diabetes/redo_component/hls_config.cfg(1)
INFO: [HLS 200-1611] Setting target device to 'xczu3eg-sfvc784-1-e'
INFO: [HLS 200-1465] Applying ini 'clock=10ns' from C:/GIM_Repos/GIM_Diabetes/accelerator_diabetes/redo_component/hls_config.cfg(17)
INFO: [SYN 201-201] Setting up clock 'default' with a period of 10ns.
INFO: [HLS 200-1465] Applying ini 'clock_uncertainty=2ns' from C:/GIM_Repos/GIM_Diabetes/accelerator_diabetes/redo_component/hls_config.cfg(18)
INFO: [SYN 201-201] Setting up clock 'default' with an uncertainty of 2ns.
INFO: [HLS 200-1465] Applying ini 'package.output.format=ip_catalog' from C:/GIM_Repos/GIM_Diabetes/accelerator_diabetes/redo_component/hls_config.cfg(5)
INFO: [SIM 211-2] *************** CSIM start ***************
INFO: [SIM 211-4] CSIM will launch CLANG as the compiler.
INFO: [HLS 200-2036] Building debug C Simulation binaries
   Compiling ../../../../../accelerator.cpp in debug mode
   Generating csim.exe
In file included from ../../../../../accelerator.cpp:1:
In file included from ../../../../../gim_model.h:4:
In file included from C:/Xilinx/Vitis_HLS/2024.1/include/ap_fixed.h:9:
In file included from C:/Xilinx/Vitis_HLS/2024.1/include/etc/ap_common.h:658:
In file included from C:/Xilinx/Vitis_HLS/2024.1/include/etc/ap_private.h:68:
In file included from C:/Xilinx/Vitis_HLS/2024.1/include/hls_half.h:26:
In file included from C:/Xilinx/Vitis_HLS/2024.1/include/etc/hls_half_fpo.h:19:
In file included from C:/Xilinx/Vitis_HLS/2024.1/include/hls_fpo.h:140:
In file included from C:/Xilinx/Vitis_HLS/2024.1/include/floating_point_v7_1_bitacc_cmodel.h:150:
C:/Xilinx/Vitis_HLS/2024.1/include/gmp.h:58:9: warning: '__GMP_LIBGMP_DLL' macro redefined [-Wmacro-redefined]
#define __GMP_LIBGMP_DLL  0
        ^
C:/Xilinx/Vitis_HLS/2024.1/include/floating_point_v7_1_bitacc_cmodel.h:142:9: note: previous definition is here
#define __GMP_LIBGMP_DLL 1
        ^
1 warning generated.
Error: Unable to open file X_train.csv
Error: Unable to open file Y_train.csv
Error: Unable to open file X_test.csv
Error: Unable to open file Y_test.csv
layer 2 weight: {0.00976563, -0.0214844 }
layer 2 weight: {0.00976563, -0.0214844 }
layer 2 weight: {0.0078125, -0.0234375 }
layer 2 weight: {0.0078125, -0.0234375 }
layer 2 weight: {0.0078125, -0.0234375 }
layer 2 weight: {0.0078125, -0.0234375 }
layer 2 weight: {0.00585938, -0.0253906 }
layer 2 weight: {0.00585938, -0.0253906 }
layer 2 weight: {0.00585938, -0.0253906 }
layer 2 weight: {0.00585938, -0.0253906 }
layer 2 weight: {0.00390625, -0.0273438 }
layer 2 weight: {0.00390625, -0.0292969 }
layer 2 weight: {0.00390625, -0.0292969 }
layer 2 weight: {0.00390625, -0.0292969 }
layer 2 weight: {0.00195313, -0.03125 }
layer 2 weight: {0.00195313, -0.0332031 }
layer 2 weight: {0.00195313, -0.0332031 }
layer 2 weight: {0.00195313, -0.0332031 }
layer 2 weight: {0, -0.0351563 }
layer 2 weight: {0, -0.0371094 }
layer 2 weight: {0, -0.0371094 }
layer 2 weight: {0, -0.0371094 }
layer 2 weight: {-0.00195313, -0.0390625 }
layer 2 weight: {-0.00195313, -0.0410156 }
layer 2 weight: {-0.00195313, -0.0410156 }
layer 2 weight: {-0.00195313, -0.0410156 }
layer 2 weight: {-0.00390625, -0.0429688 }
layer 2 weight: {-0.00390625, -0.0449219 }
layer 2 weight: {-0.00390625, -0.0449219 }
layer 2 weight: {-0.00390625, -0.0449219 }
layer 2 weight: {-0.00585938, -0.046875 }
layer 2 weight: {-0.00585938, -0.0488281 }
layer 2 weight: {-0.00585938, -0.0488281 }
layer 2 weight: {-0.00585938, -0.0488281 }
layer 2 weight: {-0.0078125, -0.0507813 }
layer 2 weight: {-0.0078125, -0.0527344 }
layer 2 weight: {-0.0078125, -0.0527344 }
layer 2 weight: {-0.0078125, -0.0527344 }
layer 2 weight: {-0.00976563, -0.0546875 }
layer 2 weight: {-0.00976563, -0.0566406 }
layer 2 weight: {-0.00976563, -0.0566406 }
layer 2 weight: {-0.00976563, -0.0566406 }
layer 2 weight: {-0.0117188, -0.0585938 }
layer 2 weight: {-0.0117188, -0.0605469 }
layer 2 weight: {-0.0117188, -0.0605469 }
layer 2 weight: {-0.0117188, -0.0605469 }
layer 2 weight: {-0.0136719, -0.0625 }
layer 2 weight: {-0.0136719, -0.0644531 }
layer 2 weight: {-0.0136719, -0.0644531 }
layer 2 weight: {-0.0136719, -0.0644531 }
layer 2 weight: {-0.015625, -0.0664063 }
layer 2 weight: {-0.015625, -0.0683594 }
layer 2 weight: {-0.015625, -0.0683594 }
layer 2 weight: {-0.015625, -0.0683594 }
layer 2 weight: {-0.0175781, -0.0703125 }
layer 2 weight: {-0.0175781, -0.0722656 }
layer 2 weight: {-0.0175781, -0.0722656 }
layer 2 weight: {-0.0175781, -0.0722656 }
layer 2 weight: {-0.0195313, -0.0742188 }
layer 2 weight: {-0.0195313, -0.0761719 }
layer 2 weight: {-0.0195313, -0.0761719 }
layer 2 weight: {-0.0195313, -0.0761719 }
layer 2 weight: {-0.0214844, -0.078125 }
layer 2 weight: {-0.0214844, -0.0800781 }
layer 2 weight: {-0.0214844, -0.0800781 }
layer 2 weight: {-0.0214844, -0.0800781 }
layer 2 weight: {-0.0234375, -0.0820313 }
layer 2 weight: {-0.0234375, -0.0839844 }
layer 2 weight: {-0.0234375, -0.0839844 }
layer 2 weight: {-0.0234375, -0.0839844 }
layer 2 weight: {-0.0253906, -0.0859375 }
layer 2 weight: {-0.0253906, -0.0878906 }
layer 2 weight: {-0.0253906, -0.0878906 }
layer 2 weight: {-0.0253906, -0.0878906 }
layer 2 weight: {-0.0273438, -0.0898438 }
layer 2 weight: {-0.0273438, -0.0917969 }
layer 2 weight: {-0.0273438, -0.0917969 }
layer 2 weight: {-0.0273438, -0.0917969 }
layer 2 weight: {-0.0292969, -0.09375 }
layer 2 weight: {-0.0292969, -0.0957031 }
layer 2 weight: {-0.0292969, -0.0957031 }
layer 2 weight: {-0.0292969, -0.0957031 }
layer 2 weight: {-0.03125, -0.0976563 }
layer 2 weight: {-0.03125, -0.0996094 }
layer 2 weight: {-0.03125, -0.0996094 }
layer 2 weight: {-0.03125, -0.0996094 }
layer 2 weight: {-0.0332031, -0.101563 }
layer 2 weight: {-0.0332031, -0.103516 }
layer 2 weight: {-0.0332031, -0.103516 }
layer 2 weight: {-0.0332031, -0.103516 }
layer 2 weight: {-0.0351563, -0.105469 }
layer 2 weight: {-0.0351563, -0.107422 }
layer 2 weight: {-0.0351563, -0.107422 }
layer 2 weight: {-0.0351563, -0.107422 }
layer 2 weight: {-0.0371094, -0.109375 }
layer 2 weight: {-0.0371094, -0.111328 }
layer 2 weight: {-0.0371094, -0.111328 }
layer 2 weight: {-0.0371094, -0.111328 }
layer 2 weight: {-0.0390625, -0.113281 }
layer 2 weight: {-0.0390625, -0.115234 }
layer 2 weight: {-0.0390625, -0.115234 }
layer 2 weight: {-0.0390625, -0.115234 }
layer 2 weight: {-0.0410156, -0.117188 }
layer 2 weight: {-0.0429688, -0.119141 }
layer 2 weight: {-0.0429688, -0.119141 }
layer 2 weight: {-0.0429688, -0.119141 }
layer 2 weight: {-0.0449219, -0.121094 }
layer 2 weight: {-0.046875, -0.123047 }
layer 2 weight: {-0.046875, -0.123047 }
layer 2 weight: {-0.046875, -0.123047 }
layer 2 weight: {-0.0488281, -0.125 }
layer 2 weight: {-0.0507813, -0.126953 }
layer 2 weight: {-0.0507813, -0.126953 }
layer 2 weight: {-0.0507813, -0.126953 }
layer 2 weight: {-0.0527344, -0.128906 }
layer 2 weight: {-0.0546875, -0.130859 }
layer 2 weight: {-0.0546875, -0.130859 }
layer 2 weight: {-0.0546875, -0.130859 }
layer 2 weight: {-0.0566406, -0.132813 }
layer 2 weight: {-0.0585938, -0.134766 }
layer 2 weight: {-0.0585938, -0.134766 }
layer 2 weight: {-0.0585938, -0.134766 }
layer 2 weight: {-0.0605469, -0.136719 }
layer 2 weight: {-0.0625, -0.138672 }
layer 2 weight: {-0.0625, -0.138672 }
layer 2 weight: {-0.0625, -0.138672 }
layer 2 weight: {-0.0644531, -0.140625 }
layer 2 weight: {-0.0664063, -0.142578 }
layer 2 weight: {-0.0664063, -0.142578 }
layer 2 weight: {-0.0664063, -0.142578 }
layer 2 weight: {-0.0683594, -0.144531 }
layer 2 weight: {-0.0703125, -0.146484 }
layer 2 weight: {-0.0703125, -0.146484 }
layer 2 weight: {-0.0703125, -0.146484 }
layer 2 weight: {-0.0722656, -0.148438 }
layer 2 weight: {-0.0742188, -0.150391 }
layer 2 weight: {-0.0742188, -0.150391 }
layer 2 weight: {-0.0742188, -0.150391 }
layer 2 weight: {-0.0761719, -0.152344 }
layer 2 weight: {-0.078125, -0.154297 }
layer 2 weight: {-0.078125, -0.154297 }
layer 2 weight: {-0.078125, -0.154297 }
layer 2 weight: {-0.0800781, -0.15625 }
layer 2 weight: {-0.0820313, -0.158203 }
layer 2 weight: {-0.0820313, -0.158203 }
layer 2 weight: {-0.0820313, -0.158203 }
layer 2 weight: {-0.0839844, -0.160156 }
layer 2 weight: {-0.0859375, -0.162109 }
layer 2 weight: {-0.0859375, -0.162109 }
layer 2 weight: {-0.0859375, -0.162109 }
layer 2 weight: {-0.0878906, -0.164063 }
layer 2 weight: {-0.0898438, -0.166016 }
layer 2 weight: {-0.0898438, -0.166016 }
layer 2 weight: {-0.0898438, -0.166016 }
layer 2 weight: {-0.0917969, -0.167969 }
layer 2 weight: {-0.09375, -0.169922 }
layer 2 weight: {-0.09375, -0.169922 }
layer 2 weight: {-0.09375, -0.169922 }
layer 2 weight: {-0.0957031, -0.171875 }
layer 2 weight: {-0.0976563, -0.173828 }
layer 2 weight: {-0.0976563, -0.173828 }
layer 2 weight: {-0.0976563, -0.173828 }
layer 2 weight: {-0.0996094, -0.175781 }
layer 2 weight: {-0.101563, -0.177734 }
layer 2 weight: {-0.101563, -0.177734 }
layer 2 weight: {-0.101563, -0.177734 }
layer 2 weight: {-0.103516, -0.179688 }
layer 2 weight: {-0.105469, -0.181641 }
layer 2 weight: {-0.105469, -0.181641 }
layer 2 weight: {-0.105469, -0.181641 }
layer 2 weight: {-0.107422, -0.183594 }
layer 2 weight: {-0.109375, -0.185547 }
layer 2 weight: {-0.109375, -0.185547 }
layer 2 weight: {-0.109375, -0.185547 }
layer 2 weight: {-0.111328, -0.1875 }
layer 2 weight: {-0.113281, -0.189453 }
layer 2 weight: {-0.113281, -0.189453 }
layer 2 weight: {-0.113281, -0.189453 }
layer 2 weight: {-0.115234, -0.191406 }
layer 2 weight: {-0.117188, -0.193359 }
layer 2 weight: {-0.117188, -0.193359 }
layer 2 weight: {-0.117188, -0.193359 }
layer 2 weight: {-0.119141, -0.195313 }
layer 2 weight: {-0.121094, -0.197266 }
layer 2 weight: {-0.121094, -0.197266 }
layer 2 weight: {-0.121094, -0.197266 }
layer 2 weight: {-0.123047, -0.199219 }
layer 2 weight: {-0.125, -0.201172 }
layer 2 weight: {-0.125, -0.199219 }
layer 2 weight: {-0.125, -0.199219 }
layer 2 weight: {-0.126953, -0.201172 }
layer 2 weight: {-0.128906, -0.203125 }
layer 2 weight: {-0.128906, -0.201172 }
layer 2 weight: {-0.128906, -0.201172 }
layer 2 weight: {-0.130859, -0.203125 }
layer 2 weight: {-0.132813, -0.205078 }
layer 2 weight: {-0.132813, -0.203125 }
layer 2 weight: {-0.132813, -0.203125 }
layer 2 weight: {-0.134766, -0.205078 }
layer 2 weight: {-0.136719, -0.207031 }
layer 2 weight: {-0.136719, -0.205078 }
layer 2 weight: {-0.136719, -0.205078 }
layer 2 weight: {-0.138672, -0.207031 }
layer 2 weight: {-0.140625, -0.208984 }
The following are the predictions of the DNN:
0: 0
1: 0
2: 0
3: 1
INFO: [SIM 211-1] CSim done with 0 errors.
INFO: [SIM 211-3] *************** CSIM finish ***************
INFO: [HLS 200-112] Total CPU user time: 4 seconds. Total CPU system time: 2 seconds. Total elapsed time: 28.013 seconds; peak allocated memory: 230.801 MB.
INFO: [vitis-run 60-791] Total elapsed time: 0h 0m 37s
