INFO: [vitis-run 60-1548] Creating build summary session with primary output C:/GIM_Repos/GIM_Diabetes/accelerator_diabetes/redo_component/accelerator\accelerator.hlsrun_csim_summary, at 02/25/25 15:06:28
INFO: [vitis-run 82-31] Launching vitis_hls: vitis_hls -nolog -run csim -work_dir C:/GIM_Repos/GIM_Diabetes/accelerator_diabetes/redo_component/accelerator -config C:/GIM_Repos/GIM_Diabetes/accelerator_diabetes/redo_component/hls_config.cfg -cmdlineconfig C:/GIM_Repos/GIM_Diabetes/accelerator_diabetes/redo_component/accelerator/hls/config.cmdline

****** Vitis HLS - High-Level Synthesis from C, C++ and OpenCL v2024.1 (64-bit)
  **** SW Build 5069499 on May 21 2024
  **** IP Build 5075265 on Wed May 22 21:45:21 MDT 2024
  **** SharedData Build 5076995 on Wed May 22 18:29:18 MDT 2024
  **** Start of session at: Tue Feb 25 15:06:35 2025
    ** Copyright 1986-2022 Xilinx, Inc. All Rights Reserved.
    ** Copyright 2022-2024 Advanced Micro Devices, Inc. All Rights Reserved.

source C:/Xilinx/Vitis_HLS/2024.1/scripts/vitis_hls/hls.tcl -notrace
INFO: [HLS 200-10] For user 'GIM' on host 'gim_laptop_1' (Windows NT_amd64 version 10.0) on Tue Feb 25 15:06:37 -0800 2025
INFO: [HLS 200-10] In directory 'C:/GIM_Repos/GIM_Diabetes/accelerator_diabetes/redo_component'
INFO: [HLS 200-2005] Using work_dir C:/GIM_Repos/GIM_Diabetes/accelerator_diabetes/redo_component/accelerator 
INFO: [HLS 200-1505] Using default flow_target 'vivado'
Resolution: For help on HLS 200-1505 see docs.xilinx.com/access/sources/dita/topic?Doc_Version=2024.1%20English&url=ug1448-hls-guidance&resourceid=200-1505.html
INFO: [HLS 200-1465] Applying ini 'syn.file=C:/GIM_Repos/GIM_Diabetes/accelerator_diabetes/accelerator.cpp' from C:/GIM_Repos/GIM_Diabetes/accelerator_diabetes/redo_component/hls_config.cfg(11)
INFO: [HLS 200-10] Adding design file 'C:/GIM_Repos/GIM_Diabetes/accelerator_diabetes/accelerator.cpp' to the project
INFO: [HLS 200-1465] Applying ini 'syn.file=C:/GIM_Repos/GIM_Diabetes/accelerator_diabetes/act_pe.cpp' from C:/GIM_Repos/GIM_Diabetes/accelerator_diabetes/redo_component/hls_config.cfg(12)
INFO: [HLS 200-10] Adding design file 'C:/GIM_Repos/GIM_Diabetes/accelerator_diabetes/act_pe.cpp' to the project
INFO: [HLS 200-1465] Applying ini 'syn.file=C:/GIM_Repos/GIM_Diabetes/accelerator_diabetes/array.cpp' from C:/GIM_Repos/GIM_Diabetes/accelerator_diabetes/redo_component/hls_config.cfg(13)
INFO: [HLS 200-10] Adding design file 'C:/GIM_Repos/GIM_Diabetes/accelerator_diabetes/array.cpp' to the project
INFO: [HLS 200-1465] Applying ini 'syn.file=C:/GIM_Repos/GIM_Diabetes/accelerator_diabetes/bias_pe.cpp' from C:/GIM_Repos/GIM_Diabetes/accelerator_diabetes/redo_component/hls_config.cfg(14)
INFO: [HLS 200-10] Adding design file 'C:/GIM_Repos/GIM_Diabetes/accelerator_diabetes/bias_pe.cpp' to the project
INFO: [HLS 200-1465] Applying ini 'syn.file=C:/GIM_Repos/GIM_Diabetes/accelerator_diabetes/csv_import.cpp' from C:/GIM_Repos/GIM_Diabetes/accelerator_diabetes/redo_component/hls_config.cfg(15)
INFO: [HLS 200-10] Adding design file 'C:/GIM_Repos/GIM_Diabetes/accelerator_diabetes/csv_import.cpp' to the project
INFO: [HLS 200-1465] Applying ini 'syn.file=C:/GIM_Repos/GIM_Diabetes/accelerator_diabetes/error_pe.cpp' from C:/GIM_Repos/GIM_Diabetes/accelerator_diabetes/redo_component/hls_config.cfg(16)
INFO: [HLS 200-10] Adding design file 'C:/GIM_Repos/GIM_Diabetes/accelerator_diabetes/error_pe.cpp' to the project
INFO: [HLS 200-1465] Applying ini 'syn.file=C:/GIM_Repos/GIM_Diabetes/accelerator_diabetes/gim_model.h' from C:/GIM_Repos/GIM_Diabetes/accelerator_diabetes/redo_component/hls_config.cfg(17)
INFO: [HLS 200-10] Adding design file 'C:/GIM_Repos/GIM_Diabetes/accelerator_diabetes/gim_model.h' to the project
INFO: [HLS 200-1465] Applying ini 'syn.file=C:/GIM_Repos/GIM_Diabetes/accelerator_diabetes/weight_pe.cpp' from C:/GIM_Repos/GIM_Diabetes/accelerator_diabetes/redo_component/hls_config.cfg(18)
INFO: [HLS 200-10] Adding design file 'C:/GIM_Repos/GIM_Diabetes/accelerator_diabetes/weight_pe.cpp' to the project
INFO: [HLS 200-1465] Applying ini 'syn.file=C:\GIM_Repos\GIM_Diabetes\accelerator_diabetes\X_test.csv' from C:/GIM_Repos/GIM_Diabetes/accelerator_diabetes/redo_component/hls_config.cfg(19)
INFO: [HLS 200-10] Adding design file 'C:/GIM_Repos/GIM_Diabetes/accelerator_diabetes/X_test.csv' to the project
INFO: [HLS 200-1465] Applying ini 'syn.file=C:\GIM_Repos\GIM_Diabetes\accelerator_diabetes\X_train.csv' from C:/GIM_Repos/GIM_Diabetes/accelerator_diabetes/redo_component/hls_config.cfg(20)
INFO: [HLS 200-10] Adding design file 'C:/GIM_Repos/GIM_Diabetes/accelerator_diabetes/X_train.csv' to the project
INFO: [HLS 200-1465] Applying ini 'syn.file=C:\GIM_Repos\GIM_Diabetes\accelerator_diabetes\Y_test.csv' from C:/GIM_Repos/GIM_Diabetes/accelerator_diabetes/redo_component/hls_config.cfg(21)
INFO: [HLS 200-10] Adding design file 'C:/GIM_Repos/GIM_Diabetes/accelerator_diabetes/Y_test.csv' to the project
INFO: [HLS 200-1465] Applying ini 'syn.file=C:\GIM_Repos\GIM_Diabetes\accelerator_diabetes\Y_train.csv' from C:/GIM_Repos/GIM_Diabetes/accelerator_diabetes/redo_component/hls_config.cfg(22)
INFO: [HLS 200-10] Adding design file 'C:/GIM_Repos/GIM_Diabetes/accelerator_diabetes/Y_train.csv' to the project
INFO: [HLS 200-1465] Applying ini 'tb.file=C:/GIM_Repos/GIM_Diabetes/accelerator_diabetes/main.cpp' from C:/GIM_Repos/GIM_Diabetes/accelerator_diabetes/redo_component/hls_config.cfg(8)
INFO: [HLS 200-10] Adding test bench file 'C:/GIM_Repos/GIM_Diabetes/accelerator_diabetes/main.cpp' to the project
INFO: [HLS 200-1465] Applying ini 'syn.top=accelerator' from C:/GIM_Repos/GIM_Diabetes/accelerator_diabetes/redo_component/hls_config.cfg(7)
INFO: [HLS 200-1465] Applying ini 'flow_target=vivado' from C:/GIM_Repos/GIM_Diabetes/accelerator_diabetes/redo_component/hls_config.cfg(4)
INFO: [HLS 200-1505] Using flow_target 'vivado'
Resolution: For help on HLS 200-1505 see docs.xilinx.com/access/sources/dita/topic?Doc_Version=2024.1%20English&url=ug1448-hls-guidance&resourceid=200-1505.html
INFO: [HLS 200-1465] Applying ini 'part=xczu3eg-sfvc784-1-e' from C:/GIM_Repos/GIM_Diabetes/accelerator_diabetes/redo_component/hls_config.cfg(1)
INFO: [HLS 200-1611] Setting target device to 'xczu3eg-sfvc784-1-e'
INFO: [HLS 200-1465] Applying ini 'clock=10ns' from C:/GIM_Repos/GIM_Diabetes/accelerator_diabetes/redo_component/hls_config.cfg(9)
INFO: [SYN 201-201] Setting up clock 'default' with a period of 10ns.
INFO: [HLS 200-1465] Applying ini 'clock_uncertainty=2ns' from C:/GIM_Repos/GIM_Diabetes/accelerator_diabetes/redo_component/hls_config.cfg(10)
INFO: [SYN 201-201] Setting up clock 'default' with an uncertainty of 2ns.
INFO: [HLS 200-1465] Applying ini 'package.output.format=ip_catalog' from C:/GIM_Repos/GIM_Diabetes/accelerator_diabetes/redo_component/hls_config.cfg(5)
INFO: [SIM 211-2] *************** CSIM start ***************
INFO: [SIM 211-4] CSIM will launch CLANG as the compiler.
INFO: [HLS 200-2036] Building debug C Simulation binaries
   Compiling ../../../../../accelerator.cpp in debug mode
   Generating csim.exe
In file included from ../../../../../accelerator.cpp:1:
In file included from ../../../../../gim_model.h:4:
In file included from C:/Xilinx/Vitis_HLS/2024.1/include/ap_fixed.h:9:
In file included from C:/Xilinx/Vitis_HLS/2024.1/include/etc/ap_common.h:658:
In file included from C:/Xilinx/Vitis_HLS/2024.1/include/etc/ap_private.h:68:
In file included from C:/Xilinx/Vitis_HLS/2024.1/include/hls_half.h:26:
In file included from C:/Xilinx/Vitis_HLS/2024.1/include/etc/hls_half_fpo.h:19:
In file included from C:/Xilinx/Vitis_HLS/2024.1/include/hls_fpo.h:140:
In file included from C:/Xilinx/Vitis_HLS/2024.1/include/floating_point_v7_1_bitacc_cmodel.h:150:
C:/Xilinx/Vitis_HLS/2024.1/include/gmp.h:58:9: warning: '__GMP_LIBGMP_DLL' macro redefined [-Wmacro-redefined]
#define __GMP_LIBGMP_DLL  0
        ^
C:/Xilinx/Vitis_HLS/2024.1/include/floating_point_v7_1_bitacc_cmodel.h:142:9: note: previous definition is here
#define __GMP_LIBGMP_DLL 1
        ^
1 warning generated.
Y_train size: 320
first 3 labels: 0, 12
CSV files successfully loaded
0: 0.0429688, -0.00585938, 0.0332031| | 0
output: 0.339844, 0.322266, 0.335938, label: 0
1: 1.98242, -0.0214844, 0.119141| | 0
output: 0.775391, 0.103516, 0.119141, label: 1
2: 1.11914, 2.42188, 0.0175781| | 1
output: 0.199219, 0.199219, 0.0644531, label: 2
3: 0.880859, 1.93359, 2.18164| | 2
output: 0.130859, 0.130859, 0.130859, label: 1
4: 2.02344, 10.5703, 2.09375| | 1
output: 0, 0, 0, label: 2
5: 2.99023, 19.1621, -0.287109| | 1
output: 0, 0, 0, label: 0
6: -1.68945, 26.2988, 44.4805| | 2
output: 0, 0, 0, label: 2
7: 22.3301, 27.5254, -2.60742| | 1
output: 0.00195312, 0.00195312, 0, label: 0
8: -2.40625, 13.6074, 49.2988| | 2
output: 0, 0, 0, label: 0
9: 12.8047, 42.334, -4.44141| | 1
output: 0, 0, 0, label: 0
0: -2.25, 48.2246, 18.5176| | 1
output: 0, 0, 0, label: 0
1: 36.1719, 1.44141, 54.6758| | 2
output: 0, 0, 0, label: 1
2: -1.74414, -2.21289, 39.3008| | 2
output: 0, 0, 0, label: 2
3: 4.98828, -5.01562, 46.4863| | 2
output: 0, 0, 0, label: 1
4: 29.5195, 54.1445, 17.6934| | 1
output: 0, 0, 0, label: 2
5: -2.43555, 13.6895, 2.00586| | 1
output: 0, 0, 0, label: 0
6: 36.0098, -1.63281, 21.2656| | 0
output: 1, 0, 0, label: 2
7: 60.7031, 58.6738, 18.3555| | 0
output: 0.882812, 0.115234, 0, label: 0
8: 19.3359, -1.40234, 15.3086| | 0
output: 0.982422, 0, 0.015625, label: 0
9: -2.22852, 22.375, -2.8457| | 1
output: 0, 0, 0, label: 0
0: 35.5215, -1.60156, -6.31055| | 0
output: 1, 0, 0, label: 0
1: -4.89258, 11.0098, 35.6816| | 2
output: 0, 0, 0, label: 1
2: 62.7305, 48.5059, -2.15625| | 0
output: 1, 0, 0, label: 2
3: 39.9043, -3.55859, 23.498| | 0
output: 1, 0, 0, label: 1
4: -3.68945, -1.40039, 8.43164| | 2
output: 0, 0, 0, label: 2
5: -1.85938, -0.160156, -4.56836| | 1
output: 0.150391, 0.150391, 0.00976562, label: 0
6: 57.0215, 58.4043, 1.34375| | 1
output: 0.199219, 0.199219, 0, label: 2
7: -3.23242, -6.27344, 57.625| | 2
output: 0, 0, 0, label: 0
8: 4.95117, -4.88867, -0.128906| | 0
output: 0.994141, 0, 0.00390625, label: 0
9: -4.78906, -3.37305, 58.4551| | 2
output: 0, 0, 0, label: 0
0: -2.61719, 42.5762, 31.6934| | 1
output: 0, 0, 0, label: 0
1: 35.8223, -6.18359, 37.1758| | 2
output: 0.203125, 0, 0.203125, label: 1
2: -3.34961, -3.87695, 54.8867| | 2
output: 0, 0, 0, label: 2
3: 9.37109, -2.07812, 50.6504| | 2
output: 0, 0, 0, label: 1
4: -1.90234, 9.51367, -4.81445| | 1
output: 0, 0, 0, label: 2
5: 18.9141, -2.92969, -0.634766| | 0
output: 1, 0, 0, label: 0
6: -0.896484, 39.9355, 11.4961| | 1
output: 0, 0, 0, label: 2
7: 13.3984, 57.6602, -0.220703| | 1
output: 0, 0, 0, label: 0
8: 13.9746, -5.25586, -0.154297| | 0
output: 1, 0, 0, label: 0
9: -0.71875, 37.9062, -5.44336| | 1
output: 0, 0, 0, label: 0
0: 3.42188, 3.34961, -2.07227| | 0
output: 0.515625, 0.480469, 0.00195312, label: 0
1: -0.556641, 24.6191, 59.8223| | 2
output: 0, 0, 0, label: 1
2: 44.7207, -0.0996094, 24.2812| | 0
output: 1, 0, 0, label: 2
3: 33.752, -4.93164, -5.74414| | 0
output: 1, 0, 0, label: 1
4: 2.15234, -4.41992, -4.55078| | 0
output: 1, 0, 0, label: 2
5: 28.5156, -0.255859, -5.48438| | 0
output: 1, 0, 0, label: 0
6: 36.2305, -1.46289, 19.9473| | 0
output: 1, 0, 0, label: 2
7: -3.92188, -2.62891, 5.53516| | 2
output: 0, 0, 0, label: 0
8: 41.9082, -5.89258, 49.4492| | 2
output: 0, 0, 0, label: 0
9: -1.49414, -3.79102, -4.22656| | 0
output: 0.857422, 0.0839844, 0.0546875, label: 0
0: 53.6113, -3.36523, 31.75| | 0
output: 1, 0, 0, label: 0
1: -5.66992, -1.76172, 41.4238| | 2
output: 0, 0, 0, label: 1
2: 47.5273, -3.14844, 54.0977| | 2
output: 0, 0, 0, label: 2
3: 59.8613, 30.6777, -0.25| | 0
output: 1, 0, 0, label: 1
4: 13.6465, 44.4219, -2.66602| | 1
output: 0, 0, 0, label: 2
5: -4.63477, -1.75195, 35.8477| | 2
output: 0, 0, 0, label: 0
6: -1.59766, -6.13477, -0.433594| | 2
output: 0.236328, 0, 0.236328, label: 2
7: -4.02539, 19.7324, 50.8633| | 2
output: 0, 0, 0, label: 0
8: -5.45703, 9.25977, 17.2793| | 2
output: 0, 0, 0, label: 0
9: -5.90625, -4.00781, -0.234375| | 2
output: 0, 0, 0, label: 0
0: 44.3164, -4.00391, 20.1113| | 0
output: 1, 0, 0, label: 0
1: -2.91016, 60.2617, -5.71289| | 1
output: 0, 0, 0, label: 1
2: 56.5215, -3.83789, 21.6504| | 0
output: 1, 0, 0, label: 2
3: -5.08789, -0.375, -5.81641| | 1
output: 0.00585938, 0.00585938, 0.00195312, label: 1
4: 34.5586, 7.41797, -6.25391| | 0
output: 1, 0, 0, label: 2
5: 3.99805, 41.6875, 43.8301| | 2
output: 0, 0, 0, label: 0
6: -0.363281, 29.5879, -3.57227| | 1
output: 0, 0, 0, label: 2
7: -6.04883, 44.8535, -3.55664| | 1
output: 0, 0, 0, label: 0
8: -5.99805, 36.9316, 11.4434| | 1
output: 0, 0, 0, label: 0
9: -4.3457, -6.07617, -1.38867| | 2
output: 0.046875, 0.00585938, 0.046875, label: 0
0: -1.47461, -4.86719, 5.95312| | 2
output: 0, 0, 0, label: 0
1: 7.75586, -3.07617, -1.77148| | 0
output: 1, 0, 0, label: 1
2: 48.1758, 32.502, 10.7793| | 0
output: 1, 0, 0, label: 2
3: 6.96094, -2.06836, -3.54492| | 0
output: 1, 0, 0, label: 1
4: 55.3438, 37.1699, -1.91797| | 0
output: 1, 0, 0, label: 2
5: -3.82031, -1.91992, -5.9668| | 1
output: 0.126953, 0.126953, 0.0117188, label: 0
6: 16.1562, -5.78516, 15.8613| | 0
output: 0.572266, 0, 0.425781, label: 2
7: 39.2852, -5.44922, -5.27344| | 0
output: 1, 0, 0, label: 0
8: -1.70703, 54.3848, -0.994141| | 1
output: 0, 0, 0, label: 0
9: -5.64258, 15.502, 44.3008| | 2
output: 0, 0, 0, label: 0
0: 48.7305, 58.1387, -4.7793| | 1
output: 0, 0, 0, label: 0
1: 6.24609, -5.75586, -4.4668| | 0
output: 1, 0, 0, label: 1
2: 20.0762, -6.33398, 35.6055| | 2
output: 0, 0, 0, label: 2
3: 51.2598, -3.17578, -0.65625| | 0
output: 1, 0, 0, label: 1
4: 10.7383, 0.105469, -1.31641| | 0
output: 1, 0, 0, label: 2
5: 12.6602, -4.31055, 31.8008| | 2
output: 0, 0, 0, label: 0
6: 53.9453, -0.421875, -5.89062| | 0
output: 1, 0, 0, label: 2
7: -1.59375, 61.1719, 38.5566| | 1
output: 0, 0, 0, label: 0
8: 21.1758, 52.5293, 62.2383| | 2
output: 0, 0, 0, label: 0
9: -6.22266, 7.95508, 3.85938| | 2
output: 0, 0, 0, label: 0
0: -5.7168, -2.63281, -0.544922| | 2
output: 0.00195312, 0.00195312, 0.00195312, label: 0
1: 31.6641, -6.29297, 28.5449| | 0
output: 0.957031, 0, 0.0410156, label: 1
2: -2.67188, 47.875, 3.77148| | 1
output: 0, 0, 0, label: 2
3: 7.76562, -4.13867, -1.01367| | 0
output: 1, 0, 0, label: 1
4: 10.291, 11.5664, 21.4121| | 2
output: 0, 0, 0, label: 2
5: -2.56641, -1.66016, 41.9316| | 2
output: 0, 0, 0, label: 0
6: 44.2891, -5.99023, -3.83789| | 0
output: 1, 0, 0, label: 2
7: -5.49805, 58.8223, 54.8164| | 2
output: 0, 0, 0, label: 0
8: 43.3867, -5.97852, 10.9043| | 0
output: 1, 0, 0, label: 0
9: -2.43945, -1.72461, 7.63672| | 2
output: 0, 0, 0, label: 0
0: 38.8008, -4.26172, 55.1328| | 2
output: 0, 0, 0, label: 0
1: -4.57812, -5.9043, 24.252| | 2
output: 0, 0, 0, label: 1
2: -6.26367, -3.88086, -5.0625| | 2
output: 0.0644531, 0.0644531, 0.0644531, label: 2
3: 51.7148, 51.0352, 29.5098| | 0
output: 0.664062, 0.333984, 0, label: 1
4: 32.0625, 56.4297, 63.377| | 2
output: 0, 0, 0, label: 2
5: 53.2695, 27.1465, 16.0176| | 0
output: 1, 0, 0, label: 0
6: 52.3457, 13.2305, -6.09766| | 0
output: 1, 0, 0, label: 2
7: 63.8027, 22.1289, 29.7852| | 0
output: 1, 0, 0, label: 0
8: 26.2285, 7.23633, -5.96289| | 0
output: 1, 0, 0, label: 0
9: 5.20898, -5.88867, 49.9551| | 2
output: 0, 0, 0, label: 0
0: -4.70312, -2.15234, 45.9922| | 2
output: 0, 0, 0, label: 0
1: -3.2168, 46.3984, -1.625| | 1
output: 0, 0, 0, label: 1
2: -5.36719, 22.4551, 37.6191| | 2
output: 0, 0, 0, label: 2
3: -4.21289, 13.9609, -0.59375| | 1
output: 0, 0, 0, label: 1
4: -3.9043, 54.2383, -0.826172| | 1
output: 0, 0, 0, label: 2
5: 34.4961, -2.03711, -4.21094| | 0
output: 1, 0, 0, label: 0
6: 41.418, -2.00781, -3.46875| | 0
output: 1, 0, 0, label: 2
7: 57.5645, 39.5703, 16.9824| | 0
output: 1, 0, 0, label: 0
8: -2.76953, -4.86133, 37.8789| | 2
output: 0, 0, 0, label: 0
9: -5.48438, -4.16602, 15.7207| | 2
output: 0, 0, 0, label: 0
0: -0.761719, 1.74414, 48.6934| | 2
output: 0, 0, 0, label: 0
1: 55.5508, 7.9082, -3.67773| | 0
output: 1, 0, 0, label: 1
2: -4.80664, 11.1484, -0.578125| | 1
output: 0, 0, 0, label: 2
3: -3.95703, 12.5605, -0.515625| | 1
output: 0, 0, 0, label: 1
4: 57.1777, -3.28711, -1.76953| | 0
output: 1, 0, 0, label: 2
5: -1.81445, -2.49805, 25.7402| | 2
output: 0, 0, 0, label: 0
6: 45.2617, 11.6973, 10.0332| | 0
output: 1, 0, 0, label: 2
7: -5.68359, 11.4766, 20.8418| | 2
output: 0, 0, 0, label: 0
8: 20.584, -1.16992, -5.57031| | 0
output: 1, 0, 0, label: 0
9: -2.05859, 60.8926, -4.93359| | 1
output: 0, 0, 0, label: 0
0: -6.33594, -4.85547, 25.8242| | 2
output: 0, 0, 0, label: 0
1: -5.63672, 28.291, -6.36914| | 1
output: 0, 0, 0, label: 1
2: -2.79688, -3.21289, -5.16992| | 0
output: 0.570312, 0.375, 0.0507812, label: 2
3: 39.7227, 18.3164, 35.957| | 0
output: 0.978516, 0, 0.0195312, label: 1
4: 18.9805, -1.33203, -1.35156| | 0
output: 1, 0, 0, label: 2
5: 29.418, 63.6094, 42.748| | 1
output: 0, 0, 0, label: 0
6: 13.9707, -1.8418, 13.8008| | 0
output: 0.541016, 0, 0.457031, label: 2
7: 16.4102, -3.85352, -2.20312| | 0
output: 1, 0, 0, label: 0
8: 14.8105, -1.4375, -0.316406| | 0
output: 1, 0, 0, label: 0
9: -3.0293, -4.18945, -5.78711| | 0
output: 0.726562, 0.226562, 0.0449219, label: 0
0: -3.51367, 1.96484, 59.6367| | 2
output: 0, 0, 0, label: 0
1: -0.753906, 1.9082, 47.7852| | 2
output: 0, 0, 0, label: 1
2: -4.14062, -1.71289, -1.18555| | 2
output: 0.0292969, 0.0292969, 0.0292969, label: 2
3: 44.6621, -6.01562, -4.66797| | 0
output: 1, 0, 0, label: 1
4: -1.80469, -6.24609, 25.6211| | 2
output: 0, 0, 0, label: 2
5: -4.86133, 7.80273, 42.6953| | 2
output: 0, 0, 0, label: 0
6: 41.1113, 50.5078, -0.00976562| | 1
output: 0, 0, 0, label: 2
7: -5.99219, -4.66602, 45.5742| | 2
output: 0, 0, 0, label: 0
8: -1.08789, -5.71484, -0.851562| | 2
output: 0.439453, 0.00195312, 0.439453, label: 0
9: 24.7793, 10.1426, -6.25977| | 0
output: 1, 0, 0, label: 0
0: -2.71289, -3.50391, -2.79883| | 0
output: 0.421875, 0.189453, 0.384766, label: 0
1: -5.39062, -0.429688, -6.27344| | 1
output: 0.00390625, 0.00390625, 0, label: 1
2: -2.78516, 45.918, -1.02734| | 1
output: 0, 0, 0, label: 2
3: 53.7812, 35.7715, 9.33594| | 0
output: 1, 0, 0, label: 1
4: -2.99414, -2.14258, -5.53711| | 1
output: 0.291016, 0.291016, 0.0214844, label: 2
5: 29.8223, -4.51172, -3.05859| | 0
output: 1, 0, 0, label: 0
6: -4.65039, 37.4727, 51.4629| | 2
output: 0, 0, 0, label: 2
7: 18.1738, -0.0742188, 22.6152| | 2
output: 0.00976562, 0, 0.00976562, label: 0
8: -2.90625, -0.818359, -1.59766| | 2
output: 0.0761719, 0.0761719, 0.0761719, label: 0
9: 29.2871, -2.15234, -3.91797| | 0
output: 1, 0, 0, label: 0
0: -1.65234, -5.44922, 40.5098| | 2
output: 0, 0, 0, label: 0
1: 30.166, -2.60742, 9.05078| | 0
output: 1, 0, 0, label: 1
2: 20.5391, -3.68164, -2.03711| | 0
output: 1, 0, 0, label: 2
3: 50.5371, -1.92773, 2.96289| | 0
output: 1, 0, 0, label: 1
4: 60.4297, 23.1973, -1.63281| | 0
output: 1, 0, 0, label: 2
5: 62.3027, -5.85352, -5.72656| | 0
output: 1, 0, 0, label: 0
6: 5.69922, 62.8027, 9.20117| | 1
output: 0, 0, 0, label: 2
7: -5.50781, 9.00781, -5.68359| | 1
output: 0, 0, 0, label: 0
8: -1.49023, 32.1973, -5.38281| | 1
output: 0, 0, 0, label: 0
9: -2.75977, 61.5469, 47.5801| | 1
output: 0, 0, 0, label: 0
0: -5.07812, 22.1387, 28.4355| | 2
output: 0, 0, 0, label: 0
1: 61.6777, -0.236328, 13.2969| | 0
output: 1, 0, 0, label: 1
2: 56.6445, 21.9531, 5.74805| | 0
output: 1, 0, 0, label: 2
3: 18.4297, -4.92383, -1.93359| | 0
output: 1, 0, 0, label: 1
4: -1.8457, 10.041, 10.791| | 2
output: 0, 0, 0, label: 2
5: 58.0605, 24.5176, 34.7539| | 0
output: 1, 0, 0, label: 0
6: 0.142578, -5.0918, 15.1797| | 2
output: 0, 0, 0, label: 2
7: -4.39844, -1.23633, -4.88477| | 1
output: 0.0371094, 0.0371094, 0.0234375, label: 0
8: -4.1582, 18.6348, 11.7422| | 1
output: 0, 0, 0, label: 0
9: -5.28125, 5.35352, 31.4688| | 2
output: 0, 0, 0, label: 0
0: 6.92188, 32.0527, 41.0371| | 2
output: 0, 0, 0, label: 0
1: 55.2012, 37.8301, 40.0332| | 0
output: 1, 0, 0, label: 1
2: -1.1582, -5.88086, -6.01758| | 0
output: 0.986328, 0.00585938, 0.00390625, label: 2
3: -4.26172, 42.6074, 54.7188| | 2
output: 0, 0, 0, label: 1
4: -5.51758, -3.63086, 37.2207| | 2
output: 0, 0, 0, label: 2
5: -4.53906, -2.66406, 56.6133| | 2
output: 0, 0, 0, label: 0
6: 17.6895, -1.38867, -3.70117| | 0
output: 1, 0, 0, label: 2
7: 27.3359, 55.3906, -5.98633| | 1
output: 0, 0, 0, label: 0
8: 32.8301, 54.2344, 7.44141| | 1
output: 0, 0, 0, label: 0
9: 33.1211, 29.3105, -4.72266| | 0
output: 0.978516, 0.0195312, 0, label: 0
0: -2.00195, -0.0292969, -2.41602| | 1
output: 0.111328, 0.111328, 0.0742188, label: 0
1: 36.1172, -5.06055, 9.14844| | 0
output: 1, 0, 0, label: 1
2: -3.77344, -5.90234, 10.4648| | 2
output: 0, 0, 0, label: 2
3: 7.1543, 57.3906, -3.5| | 1
output: 0, 0, 0, label: 1
4: -2.75781, 23.2598, 58.0117| | 2
output: 0, 0, 0, label: 2
5: -0.650391, -4.51562, -6.25586| | 0
output: 0.978516, 0.0175781, 0, label: 0
6: -1.33594, -0.701172, -5.80078| | 1
output: 0.34375, 0.34375, 0.00195312, label: 2
7: -1.03711, 23.2363, 57.0391| | 2
output: 0, 0, 0, label: 0
8: -2.04102, 32.5879, -2.65234| | 1
output: 0, 0, 0, label: 0
9: 15.9102, -4.45508, -2.63672| | 0
output: 1, 0, 0, label: 0
0: 3.56641, -2.61523, -0.158203| | 0
output: 0.974609, 0, 0.0214844, label: 0
1: 29.5547, 21.5, 38.9609| | 2
output: 0, 0, 0, label: 1
2: 28.0293, -2.73047, -1.38867| | 0
output: 1, 0, 0, label: 2
3: -4.92188, -3.48828, 7.01758| | 2
output: 0, 0, 0, label: 1
4: 48.1406, 47.1953, -4.9707| | 0
output: 0.720703, 0.277344, 0, label: 2
5: 44.3047, 26.6582, 48.7988| | 2
output: 0.0078125, 0, 0.0078125, label: 0
6: 11.7109, -0.982422, -3.86523| | 0
output: 1, 0, 0, label: 2
7: 47.9648, -5.90039, -3.19336| | 0
output: 1, 0, 0, label: 0
8: -3.45898, 51.8281, -3.73438| | 1
output: 0, 0, 0, label: 0
9: -3.21094, 7.37109, -0.164062| | 1
output: 0, 0, 0, label: 0
0: -1.71484, 23.0273, -3.10938| | 1
output: 0, 0, 0, label: 0
1: -2.04688, -1.46094, -3.84375| | 1
output: 0.335938, 0.335938, 0.0546875, label: 1
2: 55.7676, 37.9844, -1.76172| | 0
output: 1, 0, 0, label: 2
3: -2.99414, 2.43359, 31.8145| | 2
output: 0, 0, 0, label: 1
4: 40.3691, -2.8125, -5.51562| | 0
output: 1, 0, 0, label: 2
5: -5.57227, -1.95508, -2.20508| | 2
output: 0.0136719, 0.0136719, 0.0136719, label: 0
6: -1.81055, 17.6367, 22.2812| | 2
output: 0, 0, 0, label: 2
7: -2.38281, -2.79492, 27.2988| | 2
output: 0, 0, 0, label: 0
8: -0.556641, 23.8105, -0.484375| | 1
output: 0, 0, 0, label: 0
9: -5.82031, 20.9863, 33.8418| | 2
output: 0, 0, 0, label: 0
0: 5.80078, 34.4199, -1.04102| | 1
output: 0, 0, 0, label: 0
1: 47.6953, -2.15039, -0.609375| | 0
output: 1, 0, 0, label: 1
2: 62.7129, -0.738281, 34.4727| | 0
output: 1, 0, 0, label: 2
3: 23.918, -5.08789, -2.84961| | 0
output: 1, 0, 0, label: 1
4: -4.12891, 32.373, 32.1426| | 2
output: 0, 0, 0, label: 2
5: 1.13477, 47.4668, 50.9414| | 2
output: 0, 0, 0, label: 0
6: 3.86328, 39.8203, -3.29883| | 1
output: 0, 0, 0, label: 2
7: -0.617188, -3.46289, -0.298828| | 2
output: 0.410156, 0.0214844, 0.410156, label: 0
8: -3.44922, -0.484375, 37.7832| | 2
output: 0, 0, 0, label: 0
9: -4.25, -4.67969, -4| | 2
output: 0.339844, 0.220703, 0.339844, label: 0
0: 41.0684, 5.31836, -5.8125| | 0
output: 1, 0, 0, label: 0
1: 26.9316, -2.48438, -4.79297| | 0
output: 1, 0, 0, label: 1
2: 4.15234, -5.97266, 61.5781| | 2
output: 0, 0, 0, label: 2
3: 50.3301, -5.36719, -4.33398| | 0
output: 1, 0, 0, label: 1
4: -3.02344, -6.33008, -2.53125| | 2
output: 0.373047, 0.0117188, 0.373047, label: 2
5: -0.154297, 44.5684, 20.7168| | 1
output: 0, 0, 0, label: 0
6: 38.4707, 9.15234, 22.9824| | 0
output: 1, 0, 0, label: 2
7: -0.00585938, 59.7324, 47.4648| | 1
output: 0, 0, 0, label: 0
8: -3.73047, -2.04102, -2.54688| | 2
output: 0.101562, 0.101562, 0.101562, label: 0
9: -1.64844, -1.75, 16.5977| | 2
output: 0, 0, 0, label: 0
0: 25.4551, -4.01758, -0.996094| | 0
output: 1, 0, 0, label: 0
1: 5.91211, 60.1348, -0.138672| | 1
output: 0, 0, 0, label: 1
2: 12.2383, -4.56055, 21.2949| | 2
output: 0, 0, 0, label: 2
3: 20.4609, -0.443359, -0.347656| | 0
output: 1, 0, 0, label: 1
4: 21.8203, 43.4746, 5.34961| | 1
output: 0, 0, 0, label: 2
5: -4.81641, 32.7812, 33.834| | 2
output: 0, 0, 0, label: 0
6: 10.1445, -5.69531, -2.44141| | 0
output: 1, 0, 0, label: 2
7: 46.2402, -3.74414, -0.554688| | 0
output: 1, 0, 0, label: 0
8: -2.21289, -0.353516, -5.50977| | 1
output: 0.132812, 0.132812, 0.00195312, label: 0
9: 39.6992, -5.76367, -0.916016| | 0
output: 1, 0, 0, label: 0
0: 42.5469, -2.25586, 63.7676| | 2
output: 0, 0, 0, label: 0
1: -1.92188, -0.527344, -5.43945| | 1
output: 0.195312, 0.195312, 0.00390625, label: 1
2: 4.00781, 13.5664, 41.6973| | 2
output: 0, 0, 0, label: 2
3: 8.9043, 39.127, -1.75391| | 1
output: 0, 0, 0, label: 1
4: 41.2617, -4.26367, -0.929688| | 0
output: 1, 0, 0, label: 2
5: -0.835938, -3.13672, 30.8301| | 2
output: 0, 0, 0, label: 0
6: 56.625, 30.3496, 37.6191| | 0
output: 1, 0, 0, label: 2
7: -2.63477, 28.7305, -4.30664| | 1
output: 0, 0, 0, label: 0
8: -3.80078, -0.269531, 63.5449| | 2
output: 0, 0, 0, label: 0
9: -2.02148, -5.74414, 22.2598| | 2
output: 0, 0, 0, label: 0
0: -0.451172, 5.98828, -2.05664| | 1
output: 0, 0, 0, label: 0
1: 36.5215, -3.25, -4.60156| | 0
output: 1, 0, 0, label: 1
2: -5.74414, 37.8008, 54.5312| | 2
output: 0, 0, 0, label: 2
3: 26.7695, 49.4258, 9.58789| | 1
output: 0, 0, 0, label: 1
4: 61.7129, 40.7383, -1.14648| | 0
output: 1, 0, 0, label: 2
5: 27.2715, 41.3711, -3.83203| | 1
output: 0, 0, 0, label: 0
6: -4.26562, 56.0332, -1.72461| | 1
output: 0, 0, 0, label: 2
7: 34.293, 39.2461, -3.92383| | 1
output: 0.00390625, 0.00390625, 0, label: 0
8: -3.04883, 47.6758, -2.86719| | 1
output: 0, 0, 0, label: 0
9: 19.1953, 11.9746, -5.56836| | 0
output: 1, 0, 0, label: 0
0: 4.53125, 32.0371, -1.1875| | 1
output: 0, 0, 0, label: 0
1: 43.4121, -3.37109, -1.97266| | 0
output: 1, 0, 0, label: 1
2: 38.791, 9.20508, 20.8594| | 0
output: 1, 0, 0, label: 2
3: -3.59766, 17.3203, 28.4492| | 2
output: 0, 0, 0, label: 1
4: 32.2969, 1.25781, -2.32812| | 0
output: 1, 0, 0, label: 2
5: 45.8926, -4.95703, -0.539062| | 0
output: 1, 0, 0, label: 0
6: 58.0605, 14.2676, -5.57812| | 0
output: 1, 0, 0, label: 2
7: -0.1875, -1.44922, -1.5918| | 0
output: 0.654297, 0.183594, 0.158203, label: 0
8: -0.201172, 15.8086, -0.865234| | 1
output: 0, 0, 0, label: 0
9: -4.18164, -2.44141, 32.9902| | 2
output: 0, 0, 0, label: 0
0: -4.39062, 8.07227, -0.990234| | 1
output: 0, 0, 0, label: 0
1: 54.4668, 31.5039, -1.92188| | 0
output: 1, 0, 0, label: 1
2: 9.45703, -5.43555, 36.7578| | 2
output: 0, 0, 0, label: 2
3: 45.252, -2.93945, 33.5391| | 0
output: 1, 0, 0, label: 1
4: -0.535156, 10.3301, -3.83789| | 1
output: 0, 0, 0, label: 2
5: 4.32031, -6.19531, -3.72461| | 0
output: 1, 0, 0, label: 0
6: -2.05859, -5.71484, 9.12695| | 2
output: 0, 0, 0, label: 2
7: -3.7793, 60.4727, 57.9121| | 2
output: 0, 0, 0, label: 0
8: -0.482422, -6.32031, 34.4648| | 2
output: 0, 0, 0, label: 0
9: -1.69727, 59.0176, -3.25977| | 1
output: 0, 0, 0, label: 0
0: 24.9473, -0.144531, -5.60156| | 0
output: 1, 0, 0, label: 0
1: 4.42773, -4.9707, 37.7207| | 2
output: 0, 0, 0, label: 1
2: -0.480469, -6.30078, -3.66992| | 0
output: 0.957031, 0, 0.0390625, label: 2
3: -6.26758, 19.4941, 20.8828| | 2
output: 0, 0, 0, label: 1
4: -3.14844, 32.0215, -1.90625| | 1
output: 0, 0, 0, label: 2
5: 20.7773, -5.38867, 4.77539| | 0
output: 1, 0, 0, label: 0
6: -4.86328, 35.1836, 32.7812| | 2
output: 0, 0, 0, label: 2
7: 2.77344, -4.73633, -1.99023| | 0
output: 0.992188, 0, 0.00585938, label: 0
8: -5.64648, 35.1797, -4.14648| | 1
output: 0, 0, 0, label: 0
9: 23.0293, -4.69922, -5.27344| | 0
output: 1, 0, 0, label: 0
0: 10.8477, -5.56641, -3.4082| | 0
output: 1, 0, 0, label: 0
1: -3.5625, 48, 35.6602| | 1
output: 0, 0, 0, label: 1
2: -0.898438, 21.1562, 37.8145| | 2
output: 0, 0, 0, label: 2
3: 30.4023, 2.81055, 12.7539| | 0
output: 1, 0, 0, label: 1
4: -3.92773, 18.4961, -4| | 1
output: 0, 0, 0, label: 2
5: 0.0839844, -1.46484, -5.4082| | 0
output: 0.822266, 0.171875, 0.00195312, label: 0
6: -1.93359, -2.66602, 58.666| | 2
output: 0, 0, 0, label: 2
7: -3.0918, -4.25977, 58.4102| | 2
output: 0, 0, 0, label: 0
8: 24.8633, -5.80664, 2.29883| | 0
output: 1, 0, 0, label: 0
9: 62.0996, 15.832, -1.20117| | 0
output: 1, 0, 0, label: 0
0: -0.0859375, 30.9902, 4.10352| | 1
output: 0, 0, 0, label: 0
1: -0.611328, 6.39453, 52.2773| | 2
output: 0, 0, 0, label: 1
2: -5.63086, 6.99805, -2.03516| | 1
output: 0, 0, 0, label: 2
3: -5.89844, 2.94336, 33.4805| | 2
output: 0, 0, 0, label: 1
4: 59.4277, 14.9336, -2.35742| | 0
output: 1, 0, 0, label: 2
5: 30.2715, -1.26758, 57.0371| | 2
output: 0, 0, 0, label: 0
6: 48.3887, -4.00781, -4.97852| | 0
output: 1, 0, 0, label: 2
7: -5.08789, 5.06445, 60.627| | 2
output: 0, 0, 0, label: 0
8: 17.9414, 22.4102, -2.74414| | 1
output: 0.0078125, 0.0078125, 0, label: 0
9: -3.38281, -4.59375, 39.9688| | 2
output: 0, 0, 0, label: 0
0: 32.1543, -2.55078, -3.89648| | 0
output: 1, 0, 0, label: 0
1: -5.16797, -2.02734, 22.7012| | 2
output: 0, 0, 0, label: 1
2: 59.2207, -3.33789, 26.1934| | 0
output: 1, 0, 0, label: 2
3: 49.2676, 17.6133, 12.9004| | 0
output: 1, 0, 0, label: 1
4: 43.9238, -0.128906, 48.7656| | 2
output: 0.00585938, 0, 0.00585938, label: 2
5: -0.882812, -3.90625, 16.0352| | 2
output: 0, 0, 0, label: 0
6: 20.998, 33.2656, 41.9902| | 2
output: 0, 0, 0, label: 2
7: 21.1777, -2.49609, -4.99414| | 0
output: 1, 0, 0, label: 0
8: -1.23242, 60.0449, 22.498| | 1
output: 0, 0, 0, label: 0
9: -4.43164, 55.6406, -3.74219| | 1
output: 0, 0, 0, label: 0
0: -2.54492, 60.4121, 44.0957| | 1
output: 0, 0, 0, label: 0
1: -2.48828, -0.523438, -3.2832| | 1
output: 0.115234, 0.115234, 0.0507812, label: 1
2: -5.37109, -5.45898, 59.6035| | 2
output: 0, 0, 0, label: 2
3: -0.998047, 43.6035, -3.30078| | 1
output: 0, 0, 0, label: 1
4: -1.74609, 24.793, 57.3711| | 2
output: 0, 0, 0, label: 2
5: -1.90039, 20.3672, -2.56641| | 1
output: 0, 0, 0, label: 0
6: 15.0703, 12.1582, 16.9512| | 2
output: 0.130859, 0.00585938, 0.130859, label: 2
7: -0.822266, -1.5625, -0.398438| | 2
output: 0.332031, 0.15625, 0.332031, label: 0
8: -0.212891, -1.08203, -2.31836| | 0
output: 0.648438, 0.271484, 0.078125, label: 0
9: -1.70312, -0.767578, 60.0098| | 2
output: 0, 0, 0, label: 0
0: 22.7383, -4.07227, 41.9102| | 2
output: 0, 0, 0, label: 0
1: -1.00781, -0.261719, -3.88477| | 1
output: 0.314453, 0.314453, 0.015625, label: 1
2: -5.68555, 57.916, -5.42188| | 1
output: 0, 0, 0, label: 2
3: -4.74414, -2.29102, 49.0703| | 2
output: 0, 0, 0, label: 1
4: -0.402344, -3.64258, -5.41211| | 0
output: 0.955078, 0.0371094, 0.00390625, label: 2
5: -5.48828, -0.361328, -3.77539| | 2
output: 0.00390625, 0.00390625, 0.00390625, label: 0
6: -1.30273, 36.9238, -1.74219| | 1
output: 0, 0, 0, label: 2
7: 6.65234, 13.377, 28.332| | 2
output: 0, 0, 0, label: 0
8: 29.8594, -0.103516, -1.45898| | 0
output: 1, 0, 0, label: 0
9: 18.8516, 26.8262, 32.2051| | 2
output: 0, 0, 0, label: 0
0: -5.29102, -0.482422, 47.1934| | 2
output: 0, 0, 0, label: 0
1: 26.2031, 36.4766, -4.32422| | 1
output: 0, 0, 0, label: 1
2: -2.20508, 0.21875, 61.8516| | 2
output: 0, 0, 0, label: 2
3: 47.6211, 6.25586, 25.6211| | 0
output: 1, 0, 0, label: 1
4: 4.52734, -0.396484, -5.01562| | 0
output: 0.994141, 0.00390625, 0, label: 2
5: 63.6113, -0.820312, -4.39844| | 0
output: 1, 0, 0, label: 0
6: 8.26562, -3.32227, -3.78516| | 0
output: 1, 0, 0, label: 2
7: 42.5352, -0.00976562, 24.6738| | 0
output: 1, 0, 0, label: 0
8: -3.32031, 22.2969, -1.80859| | 1
output: 0, 0, 0, label: 0
9: -3.78516, -1.64844, 49.3809| | 2
output: 0, 0, 0, label: 0
0: -2.02734, -4.73828, -4.31055| | 0
output: 0.855469, 0.0566406, 0.0859375, label: 0
1: -0.519531, -3.03711, -5.50195| | 0
output: 0.919922, 0.0722656, 0.00390625, label: 1
2: 61.3574, -3.79297, -6.05469| | 0
output: 1, 0, 0, label: 2
3: 56.3105, -5.47656, 9.17188| | 0
output: 1, 0, 0, label: 1
4: -3.48047, 8.62305, -1.92969| | 1
output: 0, 0, 0, label: 2
5: -3.57422, 34.9668, 61.1387| | 2
output: 0, 0, 0, label: 0
6: -2.92578, 34.9668, -5.61914| | 1
output: 0, 0, 0, label: 2
7: -1.7207, -4.93359, -1.31641| | 2
output: 0.392578, 0.0136719, 0.392578, label: 0
8: -1.22852, -5.78711, -0.773438| | 2
output: 0.384766, 0.00195312, 0.384766, label: 0
9: 33.0039, 45.9785, -2.12109| | 1
output: 0, 0, 0, label: 0
0: 61.1172, -1.72852, 40.5254| | 0
output: 1, 0, 0, label: 0
1: 11.7559, -5.78516, 33.625| | 2
output: 0, 0, 0, label: 1
2: -3.05078, 35.4141, 39.7109| | 2
output: 0, 0, 0, label: 2
3: 16.1367, -2.30469, -4.08789| | 0
output: 1, 0, 0, label: 1
4: 48.5156, 25.5273, -0.302734| | 0
output: 1, 0, 0, label: 2
5: 44.9414, -2.66406, 36.8203| | 0
output: 1, 0, 0, label: 0
6: 7.99805, 43.9492, -0.294922| | 1
output: 0, 0, 0, label: 2
7: -4.47852, -3.56445, -0.185547| | 2
output: 0.00976562, 0.00976562, 0.00976562, label: 0
8: 54.457, -5.95703, 8.25195| | 0
output: 1, 0, 0, label: 0
9: -0.917969, -4.64844, 5.13867| | 2
output: 0, 0, 0, label: 0
0: -0.998047, -1.68164, -3.14844| | 0
output: 0.617188, 0.310547, 0.0703125, label: 0
1: 58.5996, 17.0156, 39.1387| | 0
output: 1, 0, 0, label: 1
2: -5.68359, -3.73828, 46.0801| | 2
output: 0, 0, 0, label: 2
3: -4.55273, -3.35742, 1.17188| | 2
output: 0, 0, 0, label: 1
4: -6.06836, -5.41211, -4.20312| | 2
output: 0.105469, 0.105469, 0.105469, label: 2
5: 10.9941, 33.3965, -1.05469| | 1
output: 0, 0, 0, label: 0
6: 1.38867, 21.5605, 4.25586| | 1
output: 0, 0, 0, label: 2
7: 60.3359, -3.37305, -0.414062| | 0
output: 1, 0, 0, label: 0
8: 58.2188, -0.125, -3.00781| | 0
output: 1, 0, 0, label: 0
9: 24.0938, -6.36133, -1.15625| | 0
output: 1, 0, 0, label: 0
0: 13.1875, -2.46289, -3.7832| | 0
output: 1, 0, 0, label: 0
1: -0.896484, -2.44336, 53.6816| | 2
output: 0, 0, 0, label: 1
2: 36.1816, 8.3457, -3.83008| | 0
output: 1, 0, 0, label: 2
3: -4.69141, -2.2832, -2.5625| | 2
output: 0.046875, 0.046875, 0.046875, label: 1
4: -3.71484, -1.44531, -4.4668| | 1
output: 0.0878906, 0.0878906, 0.0390625, label: 2
5: -5.29883, 38.8066, 26.8164| | 1
output: 0, 0, 0, label: 0
6: 35.6719, 10.5566, 5.16992| | 0
output: 1, 0, 0, label: 2
7: -5.16016, -2.06055, -1.24609| | 2
output: 0.0117188, 0.0117188, 0.0117188, label: 0
8: 41.9062, 5.04688, -3.55273| | 0
output: 1, 0, 0, label: 0
9: -4.43555, -4.39453, -4.39648| | 2
output: 0.324219, 0.324219, 0.324219, label: 0
0: -5.71094, 1.11719, -2.37891| | 2
output: 0, 0, 0, label: 0
1: -4.52734, 1.78906, -0.324219| | 2
output: 0, 0, 0, label: 1
2: 1.44336, -1.55273, 9.70312| | 2
output: 0, 0, 0, label: 2
3: -3.11719, -0.203125, -0.470703| | 2
output: 0.0273438, 0.0273438, 0.0273438, label: 1
4: 58.6562, 4.04297, -3.99805| | 0
output: 1, 0, 0, label: 2
5: -2.33398, -4.84961, 35.1191| | 2
output: 0, 0, 0, label: 0
6: -3.77539, -4.26367, 51.1777| | 2
output: 0, 0, 0, label: 2
7: -0.4375, -4.99414, -1.71094| | 0
output: 0.775391, 0.00585938, 0.214844, label: 0
8: -2.85352, 56.7539, 1.84375| | 1
output: 0, 0, 0, label: 0
9: -2.86328, -6.04492, 33.6484| | 2
output: 0, 0, 0, label: 0
0: -0.921875, 11.6504, 44.6562| | 2
output: 0, 0, 0, label: 0
1: 14.3809, 14.3086, 33.082| | 2
output: 0, 0, 0, label: 1
2: -1.38477, 62.9746, -0.492188| | 1
output: 0, 0, 0, label: 2
3: -1.91406, 41.7383, -4.39258| | 1
output: 0, 0, 0, label: 1
4: -3.46094, 15.5273, -2.19336| | 1
output: 0, 0, 0, label: 2
5: 34.8789, -3.56055, 5.9707| | 0
output: 1, 0, 0, label: 0
6: 4.25586, -0.236328, 47.5742| | 2
output: 0, 0, 0, label: 2
7: 52.5957, 54.7227, -1.88867| | 1
output: 0.105469, 0.105469, 0, label: 0
8: -2.6582, -2.57422, -1.99219| | 2
output: 0.246094, 0.246094, 0.246094, label: 0
9: -1.43164, 32.9902, 38.1035| | 2
output: 0, 0, 0, label: 0
0: 7.09766, 12.0312, 1.77344| | 1
output: 0.00390625, 0.00390625, 0, label: 0
1: -4.74414, 54.9902, 21.8477| | 1
output: 0, 0, 0, label: 1
2: -3.60742, -0.242188, -4.91016| | 1
output: 0.03125, 0.03125, 0.00585938, label: 2
3: 22.4434, 46.7871, -6.20117| | 1
output: 0, 0, 0, label: 1
4: -0.478516, 13.9668, 56.4121| | 2
output: 0, 0, 0, label: 2
5: 52, 12.8555, -4.91016| | 0
output: 1, 0, 0, label: 0
6: 45.498, 55.2852, -2.37109| | 1
output: 0, 0, 0, label: 2
7: 21.9961, 26.291, 31.1348| | 2
output: 0, 0, 0, label: 0
8: -2.90039, 30.082, 51.7402| | 2
output: 0, 0, 0, label: 0
9: 32.7031, -3.89453, 2.25586| | 0
output: 1, 0, 0, label: 0
0: -1.5957, 39.2637, -1.75195| | 1
output: 0, 0, 0, label: 0
1: -1.2207, -4.97656, 5.64648| | 2
output: 0, 0, 0, label: 1
2: -3.73438, -3.2832, -4.42188| | 1
output: 0.324219, 0.324219, 0.162109, label: 2
3: 23.8633, 38.2207, -0.154297| | 1
output: 0, 0, 0, label: 1
4: 24.2051, 10.752, 32.1973| | 2
output: 0, 0, 0, label: 2
5: 15.5312, -0.0410156, -1.68945| | 0
output: 1, 0, 0, label: 0
6: 34.1816, 18.543, 28.3047| | 0
output: 0.998047, 0, 0, label: 2
7: -2.1875, 54.043, 29.4258| | 1
output: 0, 0, 0, label: 0
8: 9.16406, -4.02539, -2.17773| | 0
output: 1, 0, 0, label: 0
9: 34.9258, 30.0332, -6.00586| | 0
output: 0.994141, 0.00390625, 0, label: 0
0: 35.5137, 45.1074, 23.1836| | 1
output: 0, 0, 0, label: 0
1: 34.873, 10.5801, 62.2695| | 2
output: 0, 0, 0, label: 1
2: 3.26367, 13.4727, 30.3555| | 2
output: 0, 0, 0, label: 2
3: -3.19922, 21.8477, -2.86719| | 1
output: 0, 0, 0, label: 1
4: 50.0176, -5.80469, 57.457| | 2
output: 0, 0, 0, label: 2
5: 45.1113, -0.224609, 60.8242| | 2
output: 0, 0, 0, label: 0
6: -0.525391, -1.20703, 44.5| | 2
output: 0, 0, 0, label: 2
7: -3.15039, -4.36914, -1.50391| | 2
output: 0.152344, 0.0449219, 0.152344, label: 0
8: 24.0371, -3.25, 15.8926| | 0
output: 1, 0, 0, label: 0
9: -5.01172, 40.6855, 57.9883| | 2
output: 0, 0, 0, label: 0
0: 37.6934, 21.4062, -5.9707| | 0
output: 1, 0, 0, label: 0
1: 61.7617, 41.5703, -4.0957| | 0
output: 1, 0, 0, label: 1
2: -1.78125, 16.7246, 54.6113| | 2
output: 0, 0, 0, label: 2
3: 13.2285, -5.99023, -0.664062| | 0
output: 1, 0, 0, label: 1
4: 9.36523, 48.4258, -6.36328| | 1
output: 0, 0, 0, label: 2
5: -4.51172, -0.0800781, 20.3164| | 2
output: 0, 0, 0, label: 0
6: 16.6875, -1.30273, -2.53711| | 0
output: 1, 0, 0, label: 2
7: 9.29883, -4.54883, 50.8828| | 2
output: 0, 0, 0, label: 0
8: 49.916, -0.798828, -4.98828| | 0
output: 1, 0, 0, label: 0
9: 57.875, 10.002, 20.7617| | 0
output: 1, 0, 0, label: 0
0: -2.88477, 33.2578, -1.74023| | 1
output: 0, 0, 0, label: 0
1: -3.15234, 60.5488, -6.23633| | 1
output: 0, 0, 0, label: 1
2: 41.4922, -2.33789, -1.10938| | 0
output: 1, 0, 0, label: 2
3: -4.82812, 56.3516, 14.4922| | 1
output: 0, 0, 0, label: 1
4: -2.76172, 61.3789, -4.02539| | 1
output: 0, 0, 0, label: 2
5: 37.8633, -2.73828, 41.0996| | 2
output: 0.0371094, 0, 0.0371094, label: 0
6: -4.61719, -3.89258, 12.7031| | 2
output: 0, 0, 0, label: 2
7: 40.8105, -0.880859, 37.0391| | 0
output: 0.978516, 0, 0.0195312, label: 0
8: 26.6602, 50.3594, -2.23633| | 1
output: 0, 0, 0, label: 0
9: -4.18359, 43.1191, 41.4766| | 2
output: 0, 0, 0, label: 0
0: 27.9316, 30.6738, 7.99805| | 1
output: 0.0585938, 0.0585938, 0, label: 0
1: 4.41992, 21.1738, -1.39648| | 1
output: 0, 0, 0, label: 1
2: -5.24219, -4.85742, 32.3047| | 2
output: 0, 0, 0, label: 2
3: -0.177734, -5.13477, 55.4453| | 2
output: 0, 0, 0, label: 1
4: -1.84961, 57.2949, -5.74219| | 1
output: 0, 0, 0, label: 2
5: -2.76758, -6.0332, 32.8965| | 2
output: 0, 0, 0, label: 0
6: 35.0625, -3.57422, 61.0078| | 2
output: 0, 0, 0, label: 2
7: 41.1113, -4.75391, 19.0918| | 0
output: 1, 0, 0, label: 0
8: -6.12891, 59.3223, 28.1777| | 1
output: 0, 0, 0, label: 0
9: -1.90234, 57.5371, -4.25| | 1
output: 0, 0, 0, label: 0
0: 36.3027, 52.8633, -2.63672| | 1
output: 0, 0, 0, label: 0
1: -1.01758, -1.62109, 47.6719| | 2
output: 0, 0, 0, label: 1
2: -2.60742, -3.75391, -2.0625| | 2
output: 0.328125, 0.103516, 0.328125, label: 2
3: -2.46875, -3.00195, 28.8984| | 2
output: 0, 0, 0, label: 1
4: 51.0801, 20.0371, 15.3418| | 0
output: 1, 0, 0, label: 2
5: 28.2871, 40.8457, -2.95508| | 1
output: 0, 0, 0, label: 0
6: 52.3223, 60.0469, 10.0742| | 1
output: 0, 0, 0, label: 2
7: 44.1094, 34.1895, 24.4023| | 0
output: 1, 0, 0, label: 0
8: 60.4492, 16.1426, 21.4395| | 0
output: 1, 0, 0, label: 0
9: -2.47656, 52.5898, 11.668| | 1
output: 0, 0, 0, label: 0
0: 47.6191, 35.6094, -2.2832| | 0
output: 1, 0, 0, label: 0
1: 18.2988, -3.99805, -4.95508| | 0
output: 1, 0, 0, label: 1
2: -3.33398, -0.890625, 59.791| | 2
output: 0, 0, 0, label: 2
3: 35.8008, -1.89844, 14.793| | 0
output: 1, 0, 0, label: 1
4: 37.8984, 6.78516, -1.45508| | 0
output: 1, 0, 0, label: 2
5: 51.1621, -4.30273, 1.63086| | 0
output: 1, 0, 0, label: 0
6: 59.7715, -0.123047, 22.1035| | 0
output: 1, 0, 0, label: 2
7: 56.6211, 23.9043, 44.0859| | 0
output: 1, 0, 0, label: 0
8: -4.08594, 24.3086, 47.6738| | 2
output: 0, 0, 0, label: 0
9: 28.832, -0.722656, -2.99805| | 0
output: 1, 0, 0, label: 0
0: 62.6562, -1.79297, 43.084| | 0
output: 1, 0, 0, label: 1
1: -3.94141, 25.1289, 8.1543| | 1
output: 0, 0, 0, label: 0
2: 1.0293, -2.09766, -2.67383| | 0
output: 0.9375, 0.0390625, 0.0214844, label: 0
3: -1.98047, 25.6426, 24.7188| | 2
output: 0, 0, 0, label: 2
4: -5.57031, 11.8086, 45.6973| | 2
output: 0, 0, 0, label: 0
5: -1.47266, 59.6543, -0.330078| | 1
output: 0, 0, 0, label: 1
6: -0.466797, -3.39648, -0.763672| | 0
output: 0.556641, 0.0292969, 0.412109, label: 1
7: -1.08398, -0.384766, -0.285156| | 2
output: 0.189453, 0.189453, 0.189453, label: 1
8: -4.18359, -4.29102, -1.69727| | 2
output: 0.0703125, 0.0625, 0.0703125, label: 0
9: -4.32227, -4.43945, 7.67188| | 2
output: 0, 0, 0, label: 1
The following are the predictions of the DNN:
0: 0| Correct label:1
1: 1| Correct label:0
2: 0| Correct label:0
3: 2| Correct label:2
INFO: [SIM 211-1] CSim done with 0 errors.
INFO: [SIM 211-3] *************** CSIM finish ***************
INFO: [HLS 200-112] Total CPU user time: 5 seconds. Total CPU system time: 2 seconds. Total elapsed time: 35.36 seconds; peak allocated memory: 232.207 MB.
INFO: [vitis-run 60-791] Total elapsed time: 0h 0m 45s
