INFO: [vitis-run 60-1548] Creating build summary session with primary output C:/GIM_Repos/GIM_Diabetes/accelerator_diabetes/redo_component/accelerator\accelerator.hlsrun_csim_summary, at 02/24/25 12:46:31
INFO: [vitis-run 82-31] Launching vitis_hls: vitis_hls -nolog -run csim -work_dir C:/GIM_Repos/GIM_Diabetes/accelerator_diabetes/redo_component/accelerator -config C:/GIM_Repos/GIM_Diabetes/accelerator_diabetes/redo_component/hls_config.cfg -cmdlineconfig C:/GIM_Repos/GIM_Diabetes/accelerator_diabetes/redo_component/accelerator/hls/config.cmdline

****** Vitis HLS - High-Level Synthesis from C, C++ and OpenCL v2024.1 (64-bit)
  **** SW Build 5069499 on May 21 2024
  **** IP Build 5075265 on Wed May 22 21:45:21 MDT 2024
  **** SharedData Build 5076995 on Wed May 22 18:29:18 MDT 2024
  **** Start of session at: Mon Feb 24 12:46:35 2025
    ** Copyright 1986-2022 Xilinx, Inc. All Rights Reserved.
    ** Copyright 2022-2024 Advanced Micro Devices, Inc. All Rights Reserved.

source C:/Xilinx/Vitis_HLS/2024.1/scripts/vitis_hls/hls.tcl -notrace
INFO: [HLS 200-10] For user 'GIM' on host 'gim_laptop_1' (Windows NT_amd64 version 10.0) on Mon Feb 24 12:46:36 -0800 2025
INFO: [HLS 200-10] In directory 'C:/GIM_Repos/GIM_Diabetes/accelerator_diabetes/redo_component'
INFO: [HLS 200-2005] Using work_dir C:/GIM_Repos/GIM_Diabetes/accelerator_diabetes/redo_component/accelerator 
INFO: [HLS 200-1505] Using default flow_target 'vivado'
Resolution: For help on HLS 200-1505 see docs.xilinx.com/access/sources/dita/topic?Doc_Version=2024.1%20English&url=ug1448-hls-guidance&resourceid=200-1505.html
INFO: [HLS 200-1465] Applying ini 'syn.file=C:/GIM_Repos/GIM_Diabetes/accelerator_diabetes/accelerator.cpp' from C:/GIM_Repos/GIM_Diabetes/accelerator_diabetes/redo_component/hls_config.cfg(11)
INFO: [HLS 200-10] Adding design file 'C:/GIM_Repos/GIM_Diabetes/accelerator_diabetes/accelerator.cpp' to the project
INFO: [HLS 200-1465] Applying ini 'syn.file=C:/GIM_Repos/GIM_Diabetes/accelerator_diabetes/act_pe.cpp' from C:/GIM_Repos/GIM_Diabetes/accelerator_diabetes/redo_component/hls_config.cfg(12)
INFO: [HLS 200-10] Adding design file 'C:/GIM_Repos/GIM_Diabetes/accelerator_diabetes/act_pe.cpp' to the project
INFO: [HLS 200-1465] Applying ini 'syn.file=C:/GIM_Repos/GIM_Diabetes/accelerator_diabetes/array.cpp' from C:/GIM_Repos/GIM_Diabetes/accelerator_diabetes/redo_component/hls_config.cfg(13)
INFO: [HLS 200-10] Adding design file 'C:/GIM_Repos/GIM_Diabetes/accelerator_diabetes/array.cpp' to the project
INFO: [HLS 200-1465] Applying ini 'syn.file=C:/GIM_Repos/GIM_Diabetes/accelerator_diabetes/bias_pe.cpp' from C:/GIM_Repos/GIM_Diabetes/accelerator_diabetes/redo_component/hls_config.cfg(14)
INFO: [HLS 200-10] Adding design file 'C:/GIM_Repos/GIM_Diabetes/accelerator_diabetes/bias_pe.cpp' to the project
INFO: [HLS 200-1465] Applying ini 'syn.file=C:/GIM_Repos/GIM_Diabetes/accelerator_diabetes/csv_import.cpp' from C:/GIM_Repos/GIM_Diabetes/accelerator_diabetes/redo_component/hls_config.cfg(15)
INFO: [HLS 200-10] Adding design file 'C:/GIM_Repos/GIM_Diabetes/accelerator_diabetes/csv_import.cpp' to the project
INFO: [HLS 200-1465] Applying ini 'syn.file=C:/GIM_Repos/GIM_Diabetes/accelerator_diabetes/error_pe.cpp' from C:/GIM_Repos/GIM_Diabetes/accelerator_diabetes/redo_component/hls_config.cfg(16)
INFO: [HLS 200-10] Adding design file 'C:/GIM_Repos/GIM_Diabetes/accelerator_diabetes/error_pe.cpp' to the project
INFO: [HLS 200-1465] Applying ini 'syn.file=C:/GIM_Repos/GIM_Diabetes/accelerator_diabetes/gim_model.h' from C:/GIM_Repos/GIM_Diabetes/accelerator_diabetes/redo_component/hls_config.cfg(17)
INFO: [HLS 200-10] Adding design file 'C:/GIM_Repos/GIM_Diabetes/accelerator_diabetes/gim_model.h' to the project
INFO: [HLS 200-1465] Applying ini 'syn.file=C:/GIM_Repos/GIM_Diabetes/accelerator_diabetes/weight_pe.cpp' from C:/GIM_Repos/GIM_Diabetes/accelerator_diabetes/redo_component/hls_config.cfg(18)
INFO: [HLS 200-10] Adding design file 'C:/GIM_Repos/GIM_Diabetes/accelerator_diabetes/weight_pe.cpp' to the project
INFO: [HLS 200-1465] Applying ini 'syn.file=C:\GIM_Repos\GIM_Diabetes\accelerator_diabetes\X_test.csv' from C:/GIM_Repos/GIM_Diabetes/accelerator_diabetes/redo_component/hls_config.cfg(19)
INFO: [HLS 200-10] Adding design file 'C:/GIM_Repos/GIM_Diabetes/accelerator_diabetes/X_test.csv' to the project
INFO: [HLS 200-1465] Applying ini 'syn.file=C:\GIM_Repos\GIM_Diabetes\accelerator_diabetes\X_train.csv' from C:/GIM_Repos/GIM_Diabetes/accelerator_diabetes/redo_component/hls_config.cfg(20)
INFO: [HLS 200-10] Adding design file 'C:/GIM_Repos/GIM_Diabetes/accelerator_diabetes/X_train.csv' to the project
INFO: [HLS 200-1465] Applying ini 'syn.file=C:\GIM_Repos\GIM_Diabetes\accelerator_diabetes\Y_test.csv' from C:/GIM_Repos/GIM_Diabetes/accelerator_diabetes/redo_component/hls_config.cfg(21)
INFO: [HLS 200-10] Adding design file 'C:/GIM_Repos/GIM_Diabetes/accelerator_diabetes/Y_test.csv' to the project
INFO: [HLS 200-1465] Applying ini 'syn.file=C:\GIM_Repos\GIM_Diabetes\accelerator_diabetes\Y_train.csv' from C:/GIM_Repos/GIM_Diabetes/accelerator_diabetes/redo_component/hls_config.cfg(22)
INFO: [HLS 200-10] Adding design file 'C:/GIM_Repos/GIM_Diabetes/accelerator_diabetes/Y_train.csv' to the project
INFO: [HLS 200-1465] Applying ini 'tb.file=C:/GIM_Repos/GIM_Diabetes/accelerator_diabetes/main.cpp' from C:/GIM_Repos/GIM_Diabetes/accelerator_diabetes/redo_component/hls_config.cfg(8)
INFO: [HLS 200-10] Adding test bench file 'C:/GIM_Repos/GIM_Diabetes/accelerator_diabetes/main.cpp' to the project
INFO: [HLS 200-1465] Applying ini 'syn.top=accelerator' from C:/GIM_Repos/GIM_Diabetes/accelerator_diabetes/redo_component/hls_config.cfg(7)
INFO: [HLS 200-1465] Applying ini 'flow_target=vivado' from C:/GIM_Repos/GIM_Diabetes/accelerator_diabetes/redo_component/hls_config.cfg(4)
INFO: [HLS 200-1505] Using flow_target 'vivado'
Resolution: For help on HLS 200-1505 see docs.xilinx.com/access/sources/dita/topic?Doc_Version=2024.1%20English&url=ug1448-hls-guidance&resourceid=200-1505.html
INFO: [HLS 200-1465] Applying ini 'part=xczu3eg-sfvc784-1-e' from C:/GIM_Repos/GIM_Diabetes/accelerator_diabetes/redo_component/hls_config.cfg(1)
INFO: [HLS 200-1611] Setting target device to 'xczu3eg-sfvc784-1-e'
INFO: [HLS 200-1465] Applying ini 'clock=10ns' from C:/GIM_Repos/GIM_Diabetes/accelerator_diabetes/redo_component/hls_config.cfg(9)
INFO: [SYN 201-201] Setting up clock 'default' with a period of 10ns.
INFO: [HLS 200-1465] Applying ini 'clock_uncertainty=2ns' from C:/GIM_Repos/GIM_Diabetes/accelerator_diabetes/redo_component/hls_config.cfg(10)
INFO: [SYN 201-201] Setting up clock 'default' with an uncertainty of 2ns.
INFO: [HLS 200-1465] Applying ini 'package.output.format=ip_catalog' from C:/GIM_Repos/GIM_Diabetes/accelerator_diabetes/redo_component/hls_config.cfg(5)
INFO: [SIM 211-2] *************** CSIM start ***************
INFO: [SIM 211-4] CSIM will launch CLANG as the compiler.
INFO: [HLS 200-2036] Building debug C Simulation binaries
   Compiling ../../../../../accelerator.cpp in debug mode
   Generating csim.exe
In file included from ../../../../../accelerator.cpp:1:
In file included from ../../../../../gim_model.h:4:
In file included from C:/Xilinx/Vitis_HLS/2024.1/include/ap_fixed.h:9:
In file included from C:/Xilinx/Vitis_HLS/2024.1/include/etc/ap_common.h:658:
In file included from C:/Xilinx/Vitis_HLS/2024.1/include/etc/ap_private.h:68:
In file included from C:/Xilinx/Vitis_HLS/2024.1/include/hls_half.h:26:
In file included from C:/Xilinx/Vitis_HLS/2024.1/include/etc/hls_half_fpo.h:19:
In file included from C:/Xilinx/Vitis_HLS/2024.1/include/hls_fpo.h:140:
In file included from C:/Xilinx/Vitis_HLS/2024.1/include/floating_point_v7_1_bitacc_cmodel.h:150:
C:/Xilinx/Vitis_HLS/2024.1/include/gmp.h:58:9: warning: '__GMP_LIBGMP_DLL' macro redefined [-Wmacro-redefined]
#define __GMP_LIBGMP_DLL  0
        ^
C:/Xilinx/Vitis_HLS/2024.1/include/floating_point_v7_1_bitacc_cmodel.h:142:9: note: previous definition is here
#define __GMP_LIBGMP_DLL 1
        ^
1 warning generated.
Y_train size: 320
first 3 labels: 0, 12
CSV files successfully loaded
0: 0, -0.00390625, 0
1: -0.00195312, -0.00195312, 0
2: 0.03125, -0.00390625, 0
3: 1.25195, -0.0214844, 0
4: 0.501953, -0.015625, 0
5: 11.543, -0.0722656, 0
6: -2.43555, 0.214844, 0
7: 18.9043, -0.078125, 0
8: -1.36133, 0.166016, 0
9: -6.08203, -0.121094, 0
0: -5.2832, 0.0488281, 0
1: 12.5195, 0.203125, 0
2: -6.23242, -0.103516, 0
3: -3.50586, 0.193359, 0
4: -3.51953, 0.193359, 0
5: -2.46289, 0.119141, 0
6: 39.209, 0.0292969, 0
7: -5.88672, -0.128906, 0
8: -5.50586, 0.611328, 0
9: 43.7695, 0.730469, 0
0: 51.6582, 0.722656, 0
1: -6.19531, 0.128906, 0
2: 28.0352, -0.240234, 0
3: 58.6953, 0.609375, 0
4: -4.73242, -0.248047, 0
5: 8.45898, 0.21875, 0
6: -3.11133, 0.330078, 0
7: -4.19727, -0.0625, 0
8: 46.9746, 0.107422, 0
9: -2.23828, 0.617188, 0
0: -2.11523, -0.167969, 0
1: -5.68164, -0.0722656, 0
2: 4.93164, 0.230469, 0
3: -0.507812, 0.046875, 0
4: -1.20117, -0.0253906, 0
5: 26.7422, -0.175781, 0
6: -1.01953, -0.0800781, 0
7: 22.0059, 0.226562, 0
8: 9.73633, 0.0644531, 0
9: 62.9902, 0.228516, 0
0: 37.916, -0.253906, 0
1: -1.01172, -0.15625, 0
2: 33.7695, -0.0195312, 0
3: 42.0098, 0.558594, 0
4: -3.96875, -0.0507812, 0
5: -1.91211, 0.34375, 0
6: 59.4746, 0.126953, 0
7: 36.4121, -0.0390625, 0
8: -4.44141, -0.132812, 0
9: 18.5488, -0.216797, 0
0: -5.79688, -0.00390625, 0
1: -6.13086, -0.226562, 0
2: 18.1445, 0.162109, 0
3: -2.53516, 0.208984, 0
4: -3.05078, 0.460938, 0
5: 23.1211, -0.183594, 0
6: 41.8203, 0.0625, 0
7: 61.5137, -0.00585938, 0
8: -4.88281, 0.455078, 0
9: 37.1621, -0.00585938, 0
0: 5.70898, 0.609375, 0
1: -2.50586, -0.0527344, 0
2: 19.457, -0.0136719, 0
3: -4.59766, -0.152344, 0
4: -4.81836, 0.0976562, 0
5: 31.6074, -0.0273438, 0
6: -1.61523, -0.0605469, 0
7: -3.13867, 0.257812, 0
8: -5.17188, -0.212891, 0
9: -2.50977, 0.0917969, 0
0: 0.208984, 0.535156, 0
1: 40.1562, 0.185547, 0
2: 38.998, -0.238281, 0
3: -4.34375, 0.679688, 0
4: -3.2832, -0.228516, 0
5: -5.60547, -0.169922, 0
6: -5.24609, 0.107422, 0
7: 17.5781, -0.201172, 0
8: 9.67578, -0.220703, 0
9: -4.5625, 0.525391, 0
0: 16.9941, 0.232422, 0
1: 52.377, -0.0996094, 0
2: -5.03711, -0.248047, 0
3: -3.01562, -0.236328, 0
4: 4.87695, -0.160156, 0
5: 46.5449, -0.0761719, 0
6: -3.57617, 0.453125, 0
7: 48.7578, 0.492188, 0
8: -4.19531, 0.423828, 0
9: 55.084, -0.00390625, 0
0: 15.2461, 0.00195312, 0
1: 7.35352, 0.339844, 0
2: 35.5918, -0.128906, 0
3: -0.123047, -0.0292969, 0
4: 6.98242, 0.205078, 0
5: -0.0527344, -0.0722656, 0
6: 1.32812, -0.0175781, 0
7: -3.10547, -0.0566406, 0
8: -1.70703, 0.363281, 0
9: 60.2148, -0.175781, 0
0: -0.720703, 0.414062, 0
1: 27.3184, 0.302734, 0
2: -3.83789, -0.113281, 0
3: -2.55469, 0.158203, 0
4: -2.12695, -0.00195312, 0
5: -0.119141, -0.210938, 0
6: 24.6348, 0.695312, 0
7: -1.77734, -0.0800781, 0
8: -1.12695, 0.28125, 0
9: -3.50781, 0.119141, 0
0: 28.207, -0.00195312, 0
1: 25.6387, 0.0429688, 0
2: 58.1719, -0.242188, 0
3: 35.2324, 0.572266, 0
4: -2.98633, 0.628906, 0
5: -3.61523, -0.130859, 0
6: 32.4629, -0.164062, 0
7: -3.68359, -0.216797, 0
8: -1.7207, 0.523438, 0
9: 54.9102, 0.0957031, 0
0: -3.03906, 0.222656, 0
1: -4.82812, -0.0976562, 0
2: -3.86523, 0.345703, 0
3: 19.6348, 0.472656, 0
4: -5.32812, -0.164062, 0
5: -1.86914, 0.0996094, 0
6: 16.6816, 0.482422, 0
7: 53.6719, 0.605469, 0
8: -0.720703, -0.228516, 0
9: -5.85938, 0.382812, 0
0: -0.199219, 0.0839844, 0
1: -3.47266, 0.142578, 0
2: -5.67188, 0.117188, 0
3: -6.24609, 0.183594, 0
4: -1.24219, -0.136719, 0
5: 59.3301, -0.0351562, 0
6: -3.43359, -0.015625, 0
7: 42.9277, -0.148438, 0
8: 27.4141, 0.220703, 0
9: 24.8691, 0.228516, 0
0: -2.85547, 0.179688, 0
1: -1.29883, 0.611328, 0
2: -4.55859, 0.851562, 0
3: 58.3711, 0.195312, 0
4: -2.68945, 0.179688, 0
5: -1.55469, 0.101562, 0
6: -5.36719, 0.0546875, 0
7: 50.125, -0.171875, 0
8: 35.0703, -0.185547, 0
9: -4.4043, -0.0078125, 0
0: 18.625, 0.179688, 0
1: -0.279297, -0.0234375, 0
2: -2.19727, 0.523438, 0
3: 62.3672, 0.179688, 0
4: -0.0859375, -0.107422, 0
5: -5.15234, 0.630859, 0
6: -2.31445, -0.167969, 0
7: 41.4004, 0.21875, 0
8: 8.55078, 0.152344, 0
9: -2.5625, 0.125, 0
0: -5.00586, 0.0976562, 0
1: 34.6816, 0.359375, 0
2: -3.50586, 0.431641, 0
3: 25.4863, 0.791016, 0
4: 20.1621, -0.00585938, 0
5: 10.8555, 0.355469, 0
6: -0.300781, 0.216797, 0
7: 56.7148, 0.400391, 0
8: -1.1875, -0.150391, 0
9: -3.67188, -0.136719, 0
0: 0.548828, -0.00195312, 0
1: -1.76953, 0.0585938, 0
2: -2.52344, -0.167969, 0
3: 16.5059, -0.181641, 0
4: -2.20508, -0.0078125, 0
5: -5.18164, 0.0644531, 0
6: 9.18945, 0.00195312, 0
7: 20.5176, 0.542969, 0
8: 48.4609, -0.126953, 0
9: -1.19336, 0.404297, 0
0: 16.4062, 0.570312, 0
1: -2.17383, 0.427734, 0
2: 48.4238, -0.0957031, 0
3: -5.47461, -0.228516, 0
4: -3.13672, 0.212891, 0
5: -0.517578, -0.212891, 0
6: -3.61328, 0.410156, 0
7: -1.77148, -0.00195312, 0
8: 42.0938, 0.521484, 0
9: -5.60742, -0.0351562, 0
0: 24.8809, 0.472656, 0
1: -0.306641, -0.117188, 0
2: -3.67773, 0.238281, 0
3: 0.84375, 0.699219, 0
4: -2.88086, 0.0234375, 0
5: 53.3516, -0.224609, 0
6: 56.2988, -0.115234, 0
7: 18.0645, -0.205078, 0
8: -1.49805, 0.357422, 0
9: 35.3945, 0.00195312, 0
0: 49.3301, -0.0722656, 0
1: -3.40625, -0.169922, 0
2: 17.2031, -0.193359, 0
3: 41.9551, -0.0117188, 0
4: -2.68555, -0.230469, 0
5: 37.8379, 0, 0
6: -0.710938, 0.296875, 0
7: -3.1543, -0.0117188, 0
8: 31.4043, -0.150391, 0
9: -0.0429688, -0.222656, 0
0: -1, 0.728516, 0
1: -2.53711, 0.388672, 0
2: 4.11914, -0.0429688, 0
3: -5.86914, 0.685547, 0
4: -4.50586, -0.199219, 0
5: 5.97266, 0.216797, 0
6: 12.5195, -0.164062, 0
7: 51.748, -0.15625, 0
8: -3.60156, -0.121094, 0
9: 10.3887, 0.162109, 0
0: 21.3047, -0.224609, 0
1: 34.8223, 0.195312, 0
2: 15.8984, -0.0644531, 0
3: -2.37109, 0.492188, 0
4: 30.9141, -0.205078, 0
5: -0.308594, 0.136719, 0
6: -1.36328, -0.164062, 0
7: 2.80859, -0.253906, 0
8: -1.52539, -0.0546875, 0
9: -0.337891, -0.132812, 0
0: -5.27539, -0.201172, 0
1: -0.568359, -0.0371094, 0
2: -1.61914, -0.0664062, 0
3: 22.6934, -0.177734, 0
4: -6.20312, -0.15625, 0
5: 14.25, 0.185547, 0
6: 11.0273, 0.0839844, 0
7: 7.65234, -0.121094, 0
8: -4.29492, -0.00390625, 0
9: 1.6543, 0.152344, 0
0: 56.9004, 0.671875, 0
1: 25.2832, -0.0664062, 0
2: -3.73047, -0.0214844, 0
3: 14.7383, -0.0585938, 0
4: 33.9629, -0.212891, 0
5: 3.46289, 0.791016, 0
6: 25.4082, 0.0195312, 0
7: -0.853516, -0.0878906, 0
8: 1.21094, 0.132812, 0
9: -3.55273, 0.173828, 0
0: -2.30859, -0.169922, 0
1: 52.4434, 0.21875, 0
2: -5.19141, 0.00195312, 0
3: -3.87695, -0.046875, 0
4: 10.9805, -0.0546875, 0
5: -5.16016, 0.125, 0
6: -2.45312, 0.0957031, 0
7: 59.0996, -0.152344, 0
8: 29.8242, 0.119141, 0
9: 22.0059, -0.125, 0
0: -2.45703, -0.205078, 0
1: 53.291, 0.197266, 0
2: -5.82031, -0.195312, 0
3: 48.625, 0.0878906, 0
4: -5.98633, -0.0878906, 0
5: 1.8125, 0.271484, 0
6: -2.35156, -0.246094, 0
7: 40.0039, 0.0761719, 0
8: -3.05078, 0.148438, 0
9: -5.41797, -0.234375, 0
0: -5.83398, -0.0234375, 0
1: 48.3867, 0.136719, 0
2: 5.99805, -0.015625, 0
3: 3.13672, 0.246094, 0
4: 23.334, -0.197266, 0
5: -2.18359, -0.03125, 0
6: -3.38672, 0.0332031, 0
7: 35.8047, -0.208984, 0
8: -1.41406, 0.515625, 0
9: -3.08789, 0.537109, 0
0: 48.3613, 0.259766, 0
1: 51.6016, 0.210938, 0
2: 55.4766, -0.199219, 0
3: 36.0254, -0.224609, 0
4: 3.71289, -0.0449219, 0
5: -6.13672, -0.224609, 0
6: 54.002, -0.0859375, 0
7: 49.4395, 0.490234, 0
8: 30.4727, -0.119141, 0
9: -4.12305, -0.121094, 0
0: -6.12695, -0.150391, 0
1: -5.08008, -0.0410156, 0
2: 11.8066, -0.00195312, 0
3: 57.0977, -0.0976562, 0
4: -2.70117, 0.166016, 0
5: -5.10547, 0.144531, 0
6: 37.2148, -0.0898438, 0
7: -2.0625, -0.238281, 0
8: 63.25, -0.205078, 0
9: -5.49805, 0.00976562, 0
0: -1.18945, -0.0898438, 0
1: -2.70703, -0.0898438, 0
2: -1.8457, 0.160156, 0
3: 56.6016, -0.0605469, 0
4: 10.9062, -0.0722656, 0
5: 26.5801, -0.0078125, 0
6: 31.3047, 0.0683594, 0
7: 60.1582, 0.398438, 0
8: 59.3828, -0.201172, 0
9: -4.25977, -0.0976562, 0
0: -4.33203, -0.146484, 0
1: 25.9648, -0.222656, 0
2: 13.8242, 0.560547, 0
3: 35.9141, 0.138672, 0
4: 26.1934, 0.396484, 0
5: 46.9219, 0.554688, 0
6: -2.83008, 0.578125, 0
7: 32.9668, 0.65625, 0
8: -2.84961, -0.140625, 0
9: 35.4824, 0.173828, 0
0: -0.513672, 0.595703, 0
1: 53.9727, -0.00390625, 0
2: -0.0878906, -0.146484, 0
3: -4.72852, 0.119141, 0
4: -6.31445, 0.181641, 0
5: -4.30664, -0.179688, 0
6: 26.7734, -0.0507812, 0
7: 38.6465, 0.236328, 0
8: -2.42773, -0.03125, 0
9: 14.873, -0.0136719, 0
0: -2.125, -0.142578, 0
1: -2.82617, -0.183594, 0
2: 41.7812, -0.0664062, 0
3: 62.1855, 0.667969, 0
4: -4.72266, -0.238281, 0
5: 56.8281, 0.0859375, 0
6: -1.10156, -0.128906, 0
7: 20.9258, 0.712891, 0
8: -2.17188, 0.484375, 0
9: -3.59375, -0.0605469, 0
0: 55.1816, 0.78125, 0
1: -5.00781, 0.0703125, 0
2: 25.4688, -0.144531, 0
3: -3.22852, 0.216797, 0
4: 50.7441, 0.269531, 0
5: -4.25977, -0.128906, 0
6: 35.4766, 0.769531, 0
7: -3.97461, -0.0332031, 0
8: 62.5039, -0.109375, 0
9: -4.91797, 0.0410156, 0
0: 21.0938, -0.160156, 0
1: -0.912109, -0.0195312, 0
2: -4.43945, -0.167969, 0
3: 41.7461, -0.181641, 0
4: -1.03516, -0.193359, 0
5: 30.4395, -0.0664062, 0
6: -5.14648, 0.642578, 0
7: 59.9668, -0.203125, 0
8: -1.43164, 0.632812, 0
9: -0.0449219, 0.683594, 0
0: 24.9121, 0.21875, 0
1: 43.1719, -0.0234375, 0
2: 49.6133, 0.0117188, 0
3: 12.3516, -0.1875, 0
4: 51.7598, -0.21875, 0
5: -4.11523, 0.0078125, 0
6: 52.6543, 0.425781, 0
7: -1.05469, -0.101562, 0
8: 46.3223, -0.25, 0
9: -1.94531, -0.00195312, 0
0: -2.37891, -0.0625, 0
1: -5.24805, 0.630859, 0
2: -3.83594, 0.425781, 0
3: 2.29102, 0.507812, 0
4: 16.8184, 0.40625, 0
5: -3.96289, 0.269531, 0
6: 5.03516, -0.203125, 0
7: 26.8809, 0.427734, 0
8: -3.1543, -0.203125, 0
9: -0.8125, 0.107422, 0
0: 0.478516, 0.126953, 0
1: -6.05469, 0.246094, 0
2: -5.18945, -0.240234, 0
3: -6.33594, -0.123047, 0
4: -1.10938, 0.378906, 0
5: 59.9004, 0.791016, 0
6: 12.7773, -0.203125, 0
7: 49.6973, -0.0410156, 0
8: -1.83398, -0.123047, 0
9: 29.7246, -0.162109, 0
0: -0.867188, 0.123047, 0
1: 61.7676, -0.0175781, 0
2: -2.28516, 0.142578, 0
3: 21.2363, 0.222656, 0
4: -5.09961, -0.203125, 0
5: -0.898438, 0.0644531, 0
6: 48.2637, -0.214844, 0
7: -5.94141, -0.175781, 0
8: -0.871094, 0.400391, 0
9: -4.50391, 0.0195312, 0
0: -3.97266, 0.158203, 0
1: 21.5605, -0.181641, 0
2: 10.3301, -0.0234375, 0
3: -4.20117, 0.0683594, 0
4: -1.01953, -0.00390625, 0
5: -6.27539, 0.00976562, 0
6: 43.7754, 0.419922, 0
7: 14.5664, -0.175781, 0
8: 16.8125, -0.105469, 0
9: -3.90625, -0.0839844, 0
0: -4.81055, 0.162109, 0
1: -1.25586, -0.0839844, 0
2: -5.01758, 0.814453, 0
3: -1.10352, -0.00195312, 0
4: -4.47266, -0.126953, 0
5: -6.17383, -0.21875, 0
6: -2.58008, -0.162109, 0
7: 3.37305, 0.228516, 0
8: -0.673828, -0.00195312, 0
9: 21.4277, 0.402344, 0
0: -5.68359, -0.0253906, 0
1: -5.02148, 0.117188, 0
2: 6.93359, -0.181641, 0
3: 0.375, -0.214844, 0
4: -0.210938, -0.220703, 0
5: -5.77148, -0.169922, 0
6: 3.18359, -0.078125, 0
7: 62.7793, -0.152344, 0
8: 57.7168, 0.115234, 0
9: -3.45117, -0.199219, 0
0: -3.99219, 0.496094, 0
1: -4.23438, -0.0078125, 0
2: -0.798828, -0.0703125, 0
3: -2.92383, 0.226562, 0
4: -0.603516, 0.115234, 0
5: 39.1816, 0.210938, 0
6: -3.52734, 0.498047, 0
7: -3.9043, -0.226562, 0
8: 9.99609, -0.169922, 0
9: -3.27539, -0.0546875, 0
0: -4.57031, 0.0664062, 0
1: -1.8418, 0.400391, 0
2: -4.94531, -0.205078, 0
3: 27.3691, 0.148438, 0
4: 58.498, 0.335938, 0
5: -5.8418, 0.470703, 0
6: 25.1895, 0.65625, 0
7: 21.1348, -0.248047, 0
8: -3.13281, 0.0136719, 0
9: -0.78125, 0.0644531, 0
0: -1.11328, -0.0800781, 0
1: 38.6055, -0.1875, 0
2: -2.38086, -0.113281, 0
3: -4.10156, 0.0371094, 0
4: -0.535156, -0.0136719, 0
5: 44.6582, -0.0605469, 0
6: -2.35352, -0.189453, 0
7: -4.02734, -0.113281, 0
8: 26.3848, -0.113281, 0
9: -3.89258, -0.193359, 0
0: -4.70898, 0.0703125, 0
1: -5.11719, 0.0273438, 0
2: -1.02539, 0.390625, 0
3: 63.5996, -0.126953, 0
4: 2.4043, 0.0996094, 0
5: -4.49219, -0.158203, 0
6: -0.244141, -0.130859, 0
7: 39.791, 0.294922, 0
8: -2.38672, 0.00976562, 0
9: -2.28516, 0.0136719, 0
0: -4.05469, -0.207031, 0
1: 62.5449, 0.0253906, 0
2: 29.3281, -0.183594, 0
3: 38.8477, 0.0253906, 0
4: 41.3398, -0.121094, 0
5: 54.5781, -0.0253906, 0
6: -2.96289, 0.248047, 0
7: 4.28125, 0.0703125, 0
8: -3.51172, -0.00195312, 0
9: 48.0312, 0.199219, 0
0: -0.802734, 0.796875, 0
1: 18.0527, 0.111328, 0
2: 27.8242, -0.078125, 0
3: 37.9648, -0.0117188, 0
4: -0.806641, -0.193359, 0
5: -5.56836, -0.0839844, 0
6: -5.64648, -0.00976562, 0
7: -0.919922, -0.240234, 0
8: -1.96289, -0.177734, 0
9: 59.6934, 0.0253906, 0
0: -3.52734, 0.0898438, 0
1: 18.998, 0.103516, 0
2: -3.53711, 0.0585938, 0
3: -3.65625, -0.0996094, 0
4: 8.08594, -0.0722656, 0
5: -4.76953, 0.517578, 0
6: 58.2871, 0.707031, 0
7: 29.7598, -0.0449219, 0
8: 22.6465, -0.09375, 0
9: 50.1211, 0.691406, 0
0: -4.94336, -0.0917969, 0
1: 15.9023, 0.216797, 0
2: 8.16797, -0.154297, 0
3: 31.3379, -0.0507812, 0
4: -2.44141, 0.810547, 0
5: -1.59766, 0.203125, 0
6: -0.449219, 0.140625, 0
7: -5.61523, 0.0839844, 0
8: -3.02344, -0.236328, 0
9: 16.6445, 0.251953, 0
The following are the predictions of the DNN:
0: 0.21875
0: 0.21875
1: 32.1641
2: 0
3: 0
INFO: [SIM 211-1] CSim done with 0 errors.
INFO: [SIM 211-3] *************** CSIM finish ***************
INFO: [HLS 200-112] Total CPU user time: 2 seconds. Total CPU system time: 1 seconds. Total elapsed time: 21.517 seconds; peak allocated memory: 231.965 MB.
INFO: [vitis-run 60-791] Total elapsed time: 0h 0m 28s
