INFO: [vitis-run 60-1548] Creating build summary session with primary output C:/GIM_Repos/GIM_Diabetes/accelerator_diabetes/redo_component/accelerator\accelerator.hlsrun_csim_summary, at 02/25/25 15:12:55
INFO: [vitis-run 82-31] Launching vitis_hls: vitis_hls -nolog -run csim -work_dir C:/GIM_Repos/GIM_Diabetes/accelerator_diabetes/redo_component/accelerator -config C:/GIM_Repos/GIM_Diabetes/accelerator_diabetes/redo_component/hls_config.cfg -cmdlineconfig C:/GIM_Repos/GIM_Diabetes/accelerator_diabetes/redo_component/accelerator/hls/config.cmdline

****** Vitis HLS - High-Level Synthesis from C, C++ and OpenCL v2024.1 (64-bit)
  **** SW Build 5069499 on May 21 2024
  **** IP Build 5075265 on Wed May 22 21:45:21 MDT 2024
  **** SharedData Build 5076995 on Wed May 22 18:29:18 MDT 2024
  **** Start of session at: Tue Feb 25 15:13:01 2025
    ** Copyright 1986-2022 Xilinx, Inc. All Rights Reserved.
    ** Copyright 2022-2024 Advanced Micro Devices, Inc. All Rights Reserved.

source C:/Xilinx/Vitis_HLS/2024.1/scripts/vitis_hls/hls.tcl -notrace
INFO: [HLS 200-10] For user 'GIM' on host 'gim_laptop_1' (Windows NT_amd64 version 10.0) on Tue Feb 25 15:13:04 -0800 2025
INFO: [HLS 200-10] In directory 'C:/GIM_Repos/GIM_Diabetes/accelerator_diabetes/redo_component'
INFO: [HLS 200-2005] Using work_dir C:/GIM_Repos/GIM_Diabetes/accelerator_diabetes/redo_component/accelerator 
INFO: [HLS 200-1505] Using default flow_target 'vivado'
Resolution: For help on HLS 200-1505 see docs.xilinx.com/access/sources/dita/topic?Doc_Version=2024.1%20English&url=ug1448-hls-guidance&resourceid=200-1505.html
INFO: [HLS 200-1465] Applying ini 'syn.file=C:/GIM_Repos/GIM_Diabetes/accelerator_diabetes/accelerator.cpp' from C:/GIM_Repos/GIM_Diabetes/accelerator_diabetes/redo_component/hls_config.cfg(11)
INFO: [HLS 200-10] Adding design file 'C:/GIM_Repos/GIM_Diabetes/accelerator_diabetes/accelerator.cpp' to the project
INFO: [HLS 200-1465] Applying ini 'syn.file=C:/GIM_Repos/GIM_Diabetes/accelerator_diabetes/act_pe.cpp' from C:/GIM_Repos/GIM_Diabetes/accelerator_diabetes/redo_component/hls_config.cfg(12)
INFO: [HLS 200-10] Adding design file 'C:/GIM_Repos/GIM_Diabetes/accelerator_diabetes/act_pe.cpp' to the project
INFO: [HLS 200-1465] Applying ini 'syn.file=C:/GIM_Repos/GIM_Diabetes/accelerator_diabetes/array.cpp' from C:/GIM_Repos/GIM_Diabetes/accelerator_diabetes/redo_component/hls_config.cfg(13)
INFO: [HLS 200-10] Adding design file 'C:/GIM_Repos/GIM_Diabetes/accelerator_diabetes/array.cpp' to the project
INFO: [HLS 200-1465] Applying ini 'syn.file=C:/GIM_Repos/GIM_Diabetes/accelerator_diabetes/bias_pe.cpp' from C:/GIM_Repos/GIM_Diabetes/accelerator_diabetes/redo_component/hls_config.cfg(14)
INFO: [HLS 200-10] Adding design file 'C:/GIM_Repos/GIM_Diabetes/accelerator_diabetes/bias_pe.cpp' to the project
INFO: [HLS 200-1465] Applying ini 'syn.file=C:/GIM_Repos/GIM_Diabetes/accelerator_diabetes/csv_import.cpp' from C:/GIM_Repos/GIM_Diabetes/accelerator_diabetes/redo_component/hls_config.cfg(15)
INFO: [HLS 200-10] Adding design file 'C:/GIM_Repos/GIM_Diabetes/accelerator_diabetes/csv_import.cpp' to the project
INFO: [HLS 200-1465] Applying ini 'syn.file=C:/GIM_Repos/GIM_Diabetes/accelerator_diabetes/error_pe.cpp' from C:/GIM_Repos/GIM_Diabetes/accelerator_diabetes/redo_component/hls_config.cfg(16)
INFO: [HLS 200-10] Adding design file 'C:/GIM_Repos/GIM_Diabetes/accelerator_diabetes/error_pe.cpp' to the project
INFO: [HLS 200-1465] Applying ini 'syn.file=C:/GIM_Repos/GIM_Diabetes/accelerator_diabetes/gim_model.h' from C:/GIM_Repos/GIM_Diabetes/accelerator_diabetes/redo_component/hls_config.cfg(17)
INFO: [HLS 200-10] Adding design file 'C:/GIM_Repos/GIM_Diabetes/accelerator_diabetes/gim_model.h' to the project
INFO: [HLS 200-1465] Applying ini 'syn.file=C:/GIM_Repos/GIM_Diabetes/accelerator_diabetes/weight_pe.cpp' from C:/GIM_Repos/GIM_Diabetes/accelerator_diabetes/redo_component/hls_config.cfg(18)
INFO: [HLS 200-10] Adding design file 'C:/GIM_Repos/GIM_Diabetes/accelerator_diabetes/weight_pe.cpp' to the project
INFO: [HLS 200-1465] Applying ini 'syn.file=C:\GIM_Repos\GIM_Diabetes\accelerator_diabetes\X_test.csv' from C:/GIM_Repos/GIM_Diabetes/accelerator_diabetes/redo_component/hls_config.cfg(19)
INFO: [HLS 200-10] Adding design file 'C:/GIM_Repos/GIM_Diabetes/accelerator_diabetes/X_test.csv' to the project
INFO: [HLS 200-1465] Applying ini 'syn.file=C:\GIM_Repos\GIM_Diabetes\accelerator_diabetes\X_train.csv' from C:/GIM_Repos/GIM_Diabetes/accelerator_diabetes/redo_component/hls_config.cfg(20)
INFO: [HLS 200-10] Adding design file 'C:/GIM_Repos/GIM_Diabetes/accelerator_diabetes/X_train.csv' to the project
INFO: [HLS 200-1465] Applying ini 'syn.file=C:\GIM_Repos\GIM_Diabetes\accelerator_diabetes\Y_test.csv' from C:/GIM_Repos/GIM_Diabetes/accelerator_diabetes/redo_component/hls_config.cfg(21)
INFO: [HLS 200-10] Adding design file 'C:/GIM_Repos/GIM_Diabetes/accelerator_diabetes/Y_test.csv' to the project
INFO: [HLS 200-1465] Applying ini 'syn.file=C:\GIM_Repos\GIM_Diabetes\accelerator_diabetes\Y_train.csv' from C:/GIM_Repos/GIM_Diabetes/accelerator_diabetes/redo_component/hls_config.cfg(22)
INFO: [HLS 200-10] Adding design file 'C:/GIM_Repos/GIM_Diabetes/accelerator_diabetes/Y_train.csv' to the project
INFO: [HLS 200-1465] Applying ini 'tb.file=C:/GIM_Repos/GIM_Diabetes/accelerator_diabetes/main.cpp' from C:/GIM_Repos/GIM_Diabetes/accelerator_diabetes/redo_component/hls_config.cfg(8)
INFO: [HLS 200-10] Adding test bench file 'C:/GIM_Repos/GIM_Diabetes/accelerator_diabetes/main.cpp' to the project
INFO: [HLS 200-1465] Applying ini 'syn.top=accelerator' from C:/GIM_Repos/GIM_Diabetes/accelerator_diabetes/redo_component/hls_config.cfg(7)
INFO: [HLS 200-1465] Applying ini 'flow_target=vivado' from C:/GIM_Repos/GIM_Diabetes/accelerator_diabetes/redo_component/hls_config.cfg(4)
INFO: [HLS 200-1505] Using flow_target 'vivado'
Resolution: For help on HLS 200-1505 see docs.xilinx.com/access/sources/dita/topic?Doc_Version=2024.1%20English&url=ug1448-hls-guidance&resourceid=200-1505.html
INFO: [HLS 200-1465] Applying ini 'part=xczu3eg-sfvc784-1-e' from C:/GIM_Repos/GIM_Diabetes/accelerator_diabetes/redo_component/hls_config.cfg(1)
INFO: [HLS 200-1611] Setting target device to 'xczu3eg-sfvc784-1-e'
INFO: [HLS 200-1465] Applying ini 'clock=10ns' from C:/GIM_Repos/GIM_Diabetes/accelerator_diabetes/redo_component/hls_config.cfg(9)
INFO: [SYN 201-201] Setting up clock 'default' with a period of 10ns.
INFO: [HLS 200-1465] Applying ini 'clock_uncertainty=2ns' from C:/GIM_Repos/GIM_Diabetes/accelerator_diabetes/redo_component/hls_config.cfg(10)
INFO: [SYN 201-201] Setting up clock 'default' with an uncertainty of 2ns.
INFO: [HLS 200-1465] Applying ini 'package.output.format=ip_catalog' from C:/GIM_Repos/GIM_Diabetes/accelerator_diabetes/redo_component/hls_config.cfg(5)
INFO: [SIM 211-2] *************** CSIM start ***************
INFO: [SIM 211-4] CSIM will launch CLANG as the compiler.
INFO: [HLS 200-2036] Building debug C Simulation binaries
   Compiling ../../../../../accelerator.cpp in debug mode
   Generating csim.exe
In file included from ../../../../../accelerator.cpp:1:
In file included from ../../../../../gim_model.h:4:
In file included from C:/Xilinx/Vitis_HLS/2024.1/include/ap_fixed.h:9:
In file included from C:/Xilinx/Vitis_HLS/2024.1/include/etc/ap_common.h:658:
In file included from C:/Xilinx/Vitis_HLS/2024.1/include/etc/ap_private.h:68:
In file included from C:/Xilinx/Vitis_HLS/2024.1/include/hls_half.h:26:
In file included from C:/Xilinx/Vitis_HLS/2024.1/include/etc/hls_half_fpo.h:19:
In file included from C:/Xilinx/Vitis_HLS/2024.1/include/hls_fpo.h:140:
In file included from C:/Xilinx/Vitis_HLS/2024.1/include/floating_point_v7_1_bitacc_cmodel.h:150:
C:/Xilinx/Vitis_HLS/2024.1/include/gmp.h:58:9: warning: '__GMP_LIBGMP_DLL' macro redefined [-Wmacro-redefined]
#define __GMP_LIBGMP_DLL  0
        ^
C:/Xilinx/Vitis_HLS/2024.1/include/floating_point_v7_1_bitacc_cmodel.h:142:9: note: previous definition is here
#define __GMP_LIBGMP_DLL 1
        ^
1 warning generated.
Y_train size: 320
first 3 labels: 0, 12
CSV files successfully loaded
0: 0.0429688, -0.00585938, 0.0332031| | 0
output: 0.339844, 0.322266, 0.335938, label: 0
1: 0.169922, -0.00585938, 0.0351562| | 0
output: 0.367188, 0.308594, 0.320312, label: 1
2: 0.136719, 0.0878906, 0.0292969| | 0
output: 0.349609, 0.333984, 0.314453, label: 2
3: 0.0957031, 0.0703125, 0.0917969| | 0
output: 0.335938, 0.326172, 0.333984, label: 1
4: 0.171875, 0.197266, 0.158203| | 1
output: 0.330078, 0.330078, 0.326172, label: 2
5: 0.166016, 0.169922, 0.291016| | 2
output: 0.318359, 0.318359, 0.318359, label: 0
6: 0.347656, 0.181641, 0.355469| | 2
output: 0.349609, 0.294922, 0.349609, label: 2
7: 0.345703, 0.181641, 0.529297| | 2
output: 0.326172, 0.277344, 0.326172, label: 0
8: 0.574219, 0.162109, 0.570312| | 0
output: 0.375, 0.248047, 0.373047, label: 0
9: 0.857422, 0.208984, 0.650391| | 0
output: 0.427734, 0.222656, 0.347656, label: 0
0: 1.10547, 0.230469, 0.71875| | 0
output: 0.476562, 0.197266, 0.322266, label: 0
1: 1.47852, 0.289062, 0.808594| | 0
output: 0.550781, 0.166016, 0.28125, label: 1
2: 1.17773, 0.732422, 0.642578| | 0
output: 0.449219, 0.287109, 0.261719, label: 2
3: 0.904297, 0.560547, 0.708984| | 0
output: 0.394531, 0.279297, 0.324219, label: 1
4: 1.71289, 1.36328, 1.375| | 0
output: 0.412109, 0.291016, 0.294922, label: 2
5: 1.62305, 1.27344, 1.82812| | 2
output: 0.339844, 0.240234, 0.339844, label: 0
6: 2.92773, 1.75195, 2.55664| | 0
output: 0.5, 0.152344, 0.34375, label: 2
7: 2.8457, 1.7168, 3.38867| | 2
output: 0.328125, 0.105469, 0.328125, label: 0
8: 4.56641, 2.06641, 4.15039| | 0
output: 0.574219, 0.046875, 0.376953, label: 0
9: 5.92188, 2.37305, 4.73047| | 0
output: 0.75, 0.0195312, 0.226562, label: 0
0: 6.72656, 2.49609, 5.00586| | 0
output: 0.837891, 0.00976562, 0.148438, label: 0
1: 7.55664, 2.76562, 5.40625| | 0
output: 0.888672, 0.00585938, 0.101562, label: 1
2: 6.37305, 11.2793, 4.56641| | 1
output: 0.00390625, 0.00390625, 0, label: 2
3: 4.69141, 8.30859, 33.5078| | 2
output: 0, 0, 0, label: 1
4: 42.0215, 32.6602, 53.1973| | 2
output: 0, 0, 0, label: 2
5: 26.9336, 57.9355, 48.8926| | 1
output: 0, 0, 0, label: 0
6: -4.89844, -4.9082, -4.79297| | 2
output: 0.320312, 0.318359, 0.320312, label: 2
7: -5.94922, 57.8223, 39.9766| | 1
output: 0, 0, 0, label: 0
8: 11.2422, 24.2676, -5.94531| | 1
output: 0, 0, 0, label: 0
9: -6.09375, -1.92578, -1.50781| | 2
output: 0.00390625, 0.00390625, 0.00390625, label: 0
0: 10.5801, 17.6484, 62.166| | 2
output: 0, 0, 0, label: 0
1: -6.06836, -4.98242, -5.14062| | 2
output: 0.152344, 0.152344, 0.152344, label: 1
2: 13.7852, -4.10938, 55.7246| | 2
output: 0, 0, 0, label: 2
3: -5.18555, -2.85547, 39.4531| | 2
output: 0, 0, 0, label: 1
4: 47.2324, -3.15039, 17.7129| | 0
output: 1, 0, 0, label: 2
5: 33.0469, 7.89258, 8.83789| | 0
output: 1, 0, 0, label: 0
6: -4.70898, 56.8203, -5.83789| | 1
output: 0, 0, 0, label: 2
7: -3.11523, 42.2578, -2.70312| | 1
output: 0, 0, 0, label: 0
8: 23.2422, -4.85352, -0.0761719| | 0
output: 1, 0, 0, label: 0
9: 6.07812, -0.765625, -3.5| | 0
output: 1, 0, 0, label: 0
0: -2.92969, 23.5352, -4.26758| | 1
output: 0, 0, 0, label: 0
1: -3.17383, 47.4688, 43.8184| | 2
output: 0, 0, 0, label: 1
2: -5.29297, 63.4531, -2.94727| | 1
output: 0, 0, 0, label: 2
3: 7.53516, 25.498, 26.1465| | 2
output: 0, 0, 0, label: 1
4: 37.5859, -0.511719, 15.0801| | 0
output: 1, 0, 0, label: 2
5: -2.29297, -2.74805, -5.01367| | 0
output: 0.587891, 0.371094, 0.0371094, label: 0
6: 17.4199, -3.03516, -3.73633| | 0
output: 1, 0, 0, label: 2
7: -1.38086, 39.7148, 45.3203| | 2
output: 0, 0, 0, label: 0
8: 35.5977, 20.5059, -3.50586| | 0
output: 1, 0, 0, label: 0
9: 53.2168, 52.752, 29.0664| | 0
output: 0.613281, 0.384766, 0, label: 0
0: -4.58594, -5.50781, 56.5918| | 2
output: 0, 0, 0, label: 0
1: -2.61914, 23.3301, -3.25195| | 1
output: 0, 0, 0, label: 1
2: -5.64062, 11.5801, -5.72852| | 1
output: 0, 0, 0, label: 2
3: 37.0566, -4.68164, 30.4648| | 0
output: 1, 0, 0, label: 1
4: -5.08203, -6.30859, 59.4785| | 2
output: 0, 0, 0, label: 2
5: 21.0059, 62.5566, -2.08008| | 1
output: 0, 0, 0, label: 0
6: -0.642578, 55.5664, -2.19336| | 1
output: 0, 0, 0, label: 2
7: -4.47266, 28.0547, 31.7129| | 2
output: 0, 0, 0, label: 0
8: 57.3281, -1.23828, 8.04688| | 0
output: 1, 0, 0, label: 0
9: 18.2109, -2.69336, 12.9434| | 0
output: 0.996094, 0, 0.00195312, label: 0
0: 12.6191, -6.13867, 38.1445| | 2
output: 0, 0, 0, label: 0
1: -6.25586, -2.28516, 43.9023| | 2
output: 0, 0, 0, label: 1
2: -1.7832, -0.638672, -3.50977| | 1
output: 0.230469, 0.230469, 0.0390625, label: 2
3: 25.8516, -1.67188, 36.4941| | 2
output: 0, 0, 0, label: 1
4: -5.19922, -2.51172, -4.26172| | 2
output: 0.0527344, 0.0527344, 0.0527344, label: 2
5: -3.16211, 5.70898, -3.15234| | 1
output: 0, 0, 0, label: 0
6: 48.3633, 26.1074, -2.53516| | 0
output: 1, 0, 0, label: 2
7: -1.75, 24.4258, -5.88281| | 1
output: 0, 0, 0, label: 0
8: -5.7832, -6.37109, 35.8926| | 2
output: 0, 0, 0, label: 0
9: 27.0254, -2.57617, 41.7734| | 2
output: 0, 0, 0, label: 0
0: 24.2129, 56.3945, 53.127| | 2
output: 0, 0, 0, label: 0
1: -3.85938, -3.08008, 61.9121| | 2
output: 0, 0, 0, label: 1
2: 21.8867, 19.1836, 61.2793| | 2
output: 0, 0, 0, label: 2
3: 18.2109, -6.35156, 63.6621| | 2
output: 0, 0, 0, label: 1
4: -0.966797, -2.43945, 54.5117| | 2
output: 0, 0, 0, label: 2
5: 19.3457, 20.541, -5.99805| | 1
output: 0.230469, 0.230469, 0, label: 0
6: -1.59375, 16.5254, 57.4355| | 2
output: 0, 0, 0, label: 2
7: -3.39844, 25.0254, 19.3809| | 1
output: 0, 0, 0, label: 0
8: 46.7188, 55.707, 6.33594| | 1
output: 0, 0, 0, label: 0
9: 18.6055, 51.3086, -1.22656| | 1
output: 0, 0, 0, label: 0
0: 6.64453, 1.71094, -0.691406| | 0
output: 0.994141, 0.00390625, 0, label: 0
1: 26.7207, -1.87305, 37.9375| | 2
output: 0, 0, 0, label: 1
2: 62.6777, 21.2539, -0.537109| | 0
output: 1, 0, 0, label: 2
3: 21.0449, 37.1348, -0.138672| | 1
output: 0, 0, 0, label: 1
4: 20.6602, -5.58398, -5.24609| | 0
output: 1, 0, 0, label: 2
5: -2.75, 27.0645, -3.46289| | 1
output: 0, 0, 0, label: 0
6: -5.91406, -2.29102, -5.22461| | 2
output: 0.0234375, 0.0234375, 0.0234375, label: 2
7: -0.677734, 47.584, -2.99023| | 1
output: 0, 0, 0, label: 0
8: 9.43164, -3.40625, 34.0234| | 2
output: 0, 0, 0, label: 0
9: -5.76758, 62.3945, 59.1484| | 2
output: 0, 0, 0, label: 0
0: -0.291016, -0.886719, 29.1445| | 2
output: 0, 0, 0, label: 0
1: -4.80859, 15.7227, 31.8438| | 2
output: 0, 0, 0, label: 1
2: -6.19141, 28.0176, -3.04492| | 1
output: 0, 0, 0, label: 2
3: 0.578125, -2.77148, 18.4531| | 2
output: 0, 0, 0, label: 1
4: 11.0586, 21.7949, 24.457| | 2
output: 0, 0, 0, label: 2
5: -3.91797, 29.3711, -0.554688| | 1
output: 0, 0, 0, label: 0
6: 63.4219, 45.0547, 23.584| | 0
output: 1, 0, 0, label: 2
7: 56.1699, 1.82422, 16.2832| | 0
output: 1, 0, 0, label: 0
8: 0.914062, -0.433594, 50.8105| | 2
output: 0, 0, 0, label: 0
9: -2.91797, 53.0195, 5.97266| | 1
output: 0, 0, 0, label: 0
0: 1.75195, -1, -6.2832| | 0
output: 0.939453, 0.0585938, 0, label: 0
1: 52.3398, 57.4922, 61.9766| | 2
output: 0, 0, 0, label: 1
2: -0.0234375, 31.0527, -3.51367| | 1
output: 0, 0, 0, label: 2
3: -0.121094, -5.93945, 16.0488| | 2
output: 0, 0, 0, label: 1
4: -4.64258, 27.5215, -1.73438| | 1
output: 0, 0, 0, label: 2
5: -5.76562, 49.2148, 24.4922| | 1
output: 0, 0, 0, label: 0
6: 39.3848, -5.6582, -5.4043| | 0
output: 1, 0, 0, label: 2
7: 32.1348, -3.43555, -5.69336| | 0
output: 1, 0, 0, label: 0
8: -0.888672, 18.1016, 19.7617| | 2
output: 0, 0, 0, label: 0
9: -0.128906, 20.3125, 49.3535| | 2
output: 0, 0, 0, label: 0
0: 30.7461, 59.373, -1.29297| | 1
output: 0, 0, 0, label: 0
1: 7.21484, -3.03906, 48.4375| | 2
output: 0, 0, 0, label: 1
2: 4.03906, -1.38672, 32.2832| | 2
output: 0, 0, 0, label: 2
3: 56.6211, 9.68555, -3.46289| | 0
output: 1, 0, 0, label: 1
4: 58.2012, 4.15234, -4.9375| | 0
output: 1, 0, 0, label: 2
5: -1.45508, -1.47852, -3.9375| | 0
output: 0.484375, 0.472656, 0.0390625, label: 0
6: -2.76172, -2.64453, -6.22852| | 1
output: 0.462891, 0.462891, 0.0136719, label: 2
7: -2.77539, -1.24023, 9.84961| | 2
output: 0, 0, 0, label: 0
8: 61.0898, 21.3145, 21.3496| | 0
output: 1, 0, 0, label: 0
9: 8.37305, 57.7559, -0.658203| | 1
output: 0, 0, 0, label: 0
0: -2.54883, -5.55469, -0.109375| | 2
output: 0.078125, 0.00195312, 0.078125, label: 0
1: 6.34375, 41.6543, -6.2832| | 1
output: 0, 0, 0, label: 1
2: -1.71289, 36.9043, 38.5215| | 2
output: 0, 0, 0, label: 2
3: 55.2012, 43.1074, -4.38867| | 0
output: 1, 0, 0, label: 1
4: 48.498, 37.8301, 62.793| | 2
output: 0, 0, 0, label: 2
5: 5.18555, -0.810547, -6.07422| | 0
output: 0.998047, 0, 0, label: 0
6: 8.51367, 41.1992, 52.9805| | 2
output: 0, 0, 0, label: 2
7: -2.17383, 55.6504, -1.15625| | 1
output: 0, 0, 0, label: 0
8: -3.22266, -5.52344, 1.56055| | 2
output: 0.00585938, 0, 0.00585938, label: 0
9: 32.0059, 14.5781, -2.44727| | 0
output: 1, 0, 0, label: 0
0: -1.63867, -1.45312, -1.74805| | 1
output: 0.322266, 0.322266, 0.289062, label: 0
1: -3.33008, -4.00977, 13.8398| | 2
output: 0, 0, 0, label: 1
2: -4.99414, 32.0879, -1.3418| | 1
output: 0, 0, 0, label: 2
3: -3.00977, -1.52344, 54.291| | 2
output: 0, 0, 0, label: 1
4: -3.64648, -0.654297, -2.86133| | 2
output: 0.0410156, 0.0410156, 0.0410156, label: 2
5: -0.339844, -1.93164, 11.7773| | 2
output: 0, 0, 0, label: 0
6: 7.29688, -0.611328, -3.55469| | 0
output: 1, 0, 0, label: 2
7: -5.70312, -0.724609, 30.6582| | 2
output: 0, 0, 0, label: 0
8: 8.85547, 25.2051, -6.35938| | 1
output: 0, 0, 0, label: 0
9: 28.7695, 14.9316, -2.86133| | 0
output: 1, 0, 0, label: 0
0: -5.39648, 61.1348, 10.0273| | 1
output: 0, 0, 0, label: 0
1: -1.88281, -1.17969, -5.89258| | 1
output: 0.328125, 0.328125, 0.00390625, label: 1
2: 24.6191, -5.30273, 51.9961| | 2
output: 0, 0, 0, label: 2
3: 63.5859, -1.61914, -0.525391| | 0
output: 1, 0, 0, label: 1
4: -2.53125, 56.7871, -4.10156| | 1
output: 0, 0, 0, label: 2
5: 54.8516, 59.1758, -6.00391| | 1
output: 0.00976562, 0.00976562, 0, label: 0
6: -1.11328, 26.8184, -3.23242| | 1
output: 0, 0, 0, label: 2
7: 22.1777, -2.81445, -2.6875| | 0
output: 1, 0, 0, label: 0
8: 47.2793, 23.6973, 33.0254| | 0
output: 1, 0, 0, label: 0
9: -0.0761719, -1.19531, -4.06641| | 0
output: 0.744141, 0.242188, 0.0117188, label: 0
0: 60.8223, 13.8555, 60.4551| | 0
output: 0.589844, 0, 0.408203, label: 0
1: 5.03906, -6.01953, 61.4238| | 2
output: 0, 0, 0, label: 1
2: 52.582, 44.6484, -6.23047| | 0
output: 1, 0, 0, label: 2
3: 18.748, -3.64648, 45.9648| | 2
output: 0, 0, 0, label: 1
4: 53.3066, -5.08203, 25.7227| | 0
output: 1, 0, 0, label: 2
5: 21.7305, 1.16016, -4.71875| | 0
output: 1, 0, 0, label: 0
6: -0.572266, -1.33203, 28.3613| | 2
output: 0, 0, 0, label: 2
7: 52.2676, 42.7539, -1.23828| | 0
output: 1, 0, 0, label: 0
8: 31.2871, -5.75977, 52.9238| | 2
output: 0, 0, 0, label: 0
9: -4.38281, 54.3223, 59.75| | 2
output: 0, 0, 0, label: 0
0: 29.2715, 37.7773, 50.2695| | 2
output: 0, 0, 0, label: 0
1: 62.5254, -1.85156, 40.1582| | 0
output: 1, 0, 0, label: 1
2: 62.5, 56.4141, 27.3184| | 0
output: 0.998047, 0, 0, label: 2
3: 49.1875, 19.9316, 44.5117| | 0
output: 0.992188, 0, 0.00585938, label: 1
4: -4.14062, 7.74609, 48.2422| | 2
output: 0, 0, 0, label: 2
5: 31.8066, 27.1367, 55.4336| | 2
output: 0, 0, 0, label: 0
6: 0.837891, -1.89648, -2.21289| | 0
output: 0.898438, 0.0566406, 0.0410156, label: 2
7: 30.2109, -0.791016, -5.98633| | 0
output: 1, 0, 0, label: 0
8: -1.4082, -2.53516, -4.21875| | 0
output: 0.722656, 0.232422, 0.0410156, label: 0
9: -0.308594, -4.63867, -2.66797| | 0
output: 0.904297, 0.00976562, 0.0839844, label: 0
0: -4.7793, -5.58984, -1.81055| | 2
output: 0.046875, 0.0195312, 0.046875, label: 0
1: -1.70508, 52.0684, -0.390625| | 1
output: 0, 0, 0, label: 1
2: 8.53516, -2.60352, 17.6035| | 2
output: 0, 0, 0, label: 2
3: -5.4082, -0.925781, -4.42773| | 2
output: 0.0078125, 0.0078125, 0.0078125, label: 1
4: 4.55469, 48.4414, 31.0312| | 1
output: 0, 0, 0, label: 2
5: 13.7324, -5.47852, 59.6426| | 2
output: 0, 0, 0, label: 0
6: -0.447266, 39.9961, -1.96289| | 1
output: 0, 0, 0, label: 2
7: 47.1152, 11.707, -5.25| | 0
output: 1, 0, 0, label: 0
8: -3.19922, -5.08594, 44.8555| | 2
output: 0, 0, 0, label: 0
9: 63.0449, -0.511719, 31.3965| | 0
output: 1, 0, 0, label: 0
0: -2.2832, 52.0605, 21.8145| | 1
output: 0, 0, 0, label: 0
1: 37.9961, 61.9043, -1.98828| | 1
output: 0, 0, 0, label: 1
2: 35.3379, -3.7168, -2.85352| | 0
output: 1, 0, 0, label: 2
3: 41.3848, 7.38672, -5.69727| | 0
output: 1, 0, 0, label: 1
4: 41.8867, 3.41992, -0.423828| | 0
output: 1, 0, 0, label: 2
5: 41.9277, 61.8301, -2.87305| | 1
output: 0, 0, 0, label: 0
6: 53.4941, 50.7402, 10.6797| | 0
output: 0.939453, 0.0585938, 0, label: 2
7: -6, 48.3535, 50.8379| | 2
output: 0, 0, 0, label: 0
8: -6.15234, 28.1914, 52.8477| | 2
output: 0, 0, 0, label: 0
9: 63.3164, 3.25586, -0.59375| | 0
output: 1, 0, 0, label: 0
0: -5.63867, 26.2734, -2.25| | 1
output: 0, 0, 0, label: 0
1: -1.33984, 36.123, 45.9629| | 2
output: 0, 0, 0, label: 1
2: -5.85742, 6.72852, 12.1543| | 2
output: 0, 0, 0, label: 2
3: 58.8027, 14.084, -6.31641| | 0
output: 1, 0, 0, label: 1
4: 54.0078, -1.53711, 24.8164| | 0
output: 1, 0, 0, label: 2
5: 10.5801, 51.9863, 59.7129| | 2
output: 0, 0, 0, label: 0
6: 17.7676, 26.8691, 46.8906| | 2
output: 0, 0, 0, label: 2
7: 11.7422, 51.0254, 3.26758| | 1
output: 0, 0, 0, label: 0
8: -2.46875, -6.23438, -2.5332| | 0
output: 0.509766, 0.00976562, 0.478516, label: 0
9: -5.66992, 20.2949, -0.222656| | 1
output: 0, 0, 0, label: 0
0: -6.13281, -6.21289, -6.20117| | 0
output: 0.349609, 0.322266, 0.326172, label: 0
1: 4.02539, 29.8145, 26.8477| | 2
output: 0, 0, 0, label: 1
2: -5.27539, -3.29883, -1.9707| | 2
output: 0.0253906, 0.0253906, 0.0253906, label: 2
3: 34.6445, 42.4766, -3.36523| | 1
output: 0, 0, 0, label: 1
4: 33.418, -2.27539, 23.6992| | 0
output: 1, 0, 0, label: 2
5: 42.0645, -1.61523, 56.7578| | 2
output: 0, 0, 0, label: 0
6: -0.552734, 31.4082, -4.15234| | 1
output: 0, 0, 0, label: 2
7: 37.4375, 57.0059, 52.7617| | 2
output: 0, 0, 0, label: 0
8: -0.246094, 49.5547, -5.57812| | 1
output: 0, 0, 0, label: 0
9: -5.8457, 13.4082, -5.5293| | 1
output: 0, 0, 0, label: 0
0: -4.34375, -1.57617, -3.7168| | 2
output: 0.0527344, 0.0527344, 0.0527344, label: 0
1: -0.162109, 27.3223, -3.97266| | 1
output: 0, 0, 0, label: 1
2: 54.3945, -2.66602, -5.7207| | 0
output: 1, 0, 0, label: 2
3: 25.2461, 49.7246, -3.20703| | 1
output: 0, 0, 0, label: 1
4: 6.25391, -5.85547, -1.75195| | 0
output: 1, 0, 0, label: 2
5: 55.752, -5.17969, 20.709| | 0
output: 1, 0, 0, label: 0
6: 21.6055, -2.44141, 6.2168| | 0
output: 1, 0, 0, label: 2
7: 4.32227, -4.89648, -4.98047| | 0
output: 1, 0, 0, label: 0
8: -3.93555, -4.86914, 56.4258| | 2
output: 0, 0, 0, label: 0
9: 11.8027, -0.0195312, -3.15625| | 0
output: 1, 0, 0, label: 0
0: 42.0371, -1.79297, -4.30273| | 0
output: 1, 0, 0, label: 0
1: 20.459, -3.67383, -4.48828| | 0
output: 1, 0, 0, label: 1
2: -5.04102, -1.59961, 40.209| | 2
output: 0, 0, 0, label: 2
3: 28.5898, -4.71484, -0.693359| | 0
output: 1, 0, 0, label: 1
4: 14.5137, 30.584, 38.3027| | 2
output: 0, 0, 0, label: 2
5: 43.3809, -3.42383, 53.377| | 2
output: 0, 0, 0, label: 0
6: 48.0801, -3.84375, -0.666016| | 0
output: 1, 0, 0, label: 2
7: -0.578125, 20.4316, -5.55273| | 1
output: 0, 0, 0, label: 0
8: 25.9316, 58.5156, 52.7383| | 1
output: 0, 0, 0, label: 0
9: 51.3848, -3.61328, 8.46484| | 0
output: 1, 0, 0, label: 0
0: 23.4746, -3.22266, -1.75586| | 0
output: 1, 0, 0, label: 0
1: -1.60938, 25.627, -5.68164| | 1
output: 0, 0, 0, label: 1
2: 62.5781, 39.4004, -1.98828| | 0
output: 1, 0, 0, label: 2
3: -5.50781, 8.01562, -2.40039| | 1
output: 0, 0, 0, label: 1
4: 17.7734, -2.80078, -4.92383| | 0
output: 1, 0, 0, label: 2
5: -3.61133, -6.03125, -6.06445| | 0
output: 0.851562, 0.0742188, 0.0722656, label: 0
6: -2.57227, -4.81641, -0.623047| | 2
output: 0.121094, 0.0117188, 0.121094, label: 2
7: 63.541, -3.22852, -0.328125| | 0
output: 1, 0, 0, label: 0
8: -0.503906, -2.62695, 46.4355| | 2
output: 0, 0, 0, label: 0
9: -5.33008, -5.08984, 37.8555| | 2
output: 0, 0, 0, label: 0
0: -4.14062, 20.7793, 13.2539| | 1
output: 0, 0, 0, label: 0
1: -1.61719, 59.0059, -1.32812| | 1
output: 0, 0, 0, label: 1
2: 8.34375, -4.12891, -6.22852| | 0
output: 1, 0, 0, label: 2
3: 26.9648, -3.69531, 38.375| | 2
output: 0, 0, 0, label: 1
4: -3.07422, 55.7188, 46.8809| | 1
output: 0, 0, 0, label: 2
5: -1.01562, 46.2656, 50.7695| | 2
output: 0, 0, 0, label: 0
6: -4.95312, -5.95312, 55.0078| | 2
output: 0, 0, 0, label: 2
7: -2.22852, -1.05273, 40.168| | 2
output: 0, 0, 0, label: 0
8: 63.1016, -0.0078125, 12.0898| | 0
output: 1, 0, 0, label: 0
9: 49.9805, 45.7168, -1.79102| | 0
output: 0.986328, 0.0117188, 0, label: 0
0: -3.35938, -4.94141, -2.9668| | 2
output: 0.371094, 0.0761719, 0.371094, label: 0
1: -1.49219, 38.0859, -2.08984| | 1
output: 0, 0, 0, label: 1
2: 51.7695, 56.5879, -4.48828| | 1
output: 0.00585938, 0.00585938, 0, label: 2
3: -4.82422, 50.668, -4.66992| | 1
output: 0, 0, 0, label: 1
4: -3.88672, 23.5371, -3.68164| | 1
output: 0, 0, 0, label: 2
5: -5.28906, 44.4395, 52.1348| | 2
output: 0, 0, 0, label: 0
6: -1.16211, -2.22461, -1.75977| | 0
output: 0.527344, 0.179688, 0.289062, label: 2
7: 23.8008, -4.60156, 61.1074| | 2
output: 0, 0, 0, label: 0
8: 0.423828, -5.72266, -6.14453| | 0
output: 0.998047, 0, 0, label: 0
9: -1.42969, -5.96875, -3.82422| | 0
output: 0.908203, 0.0078125, 0.0800781, label: 0
0: 29.4863, -1.5, -4.8457| | 0
output: 1, 0, 0, label: 0
1: -2.22461, -5.1543, -3.63086| | 0
output: 0.769531, 0.0390625, 0.1875, label: 1
2: 13.7891, -3.9707, -2.96875| | 0
output: 1, 0, 0, label: 2
3: 14.0469, 52.5762, -4.7207| | 1
output: 0, 0, 0, label: 1
4: 42.3965, -3.41797, -2.25781| | 0
output: 1, 0, 0, label: 2
5: 51.0234, -0.367188, 53.4785| | 2
output: 0.0761719, 0, 0.0761719, label: 0
6: 11.9688, -5.42773, 54.2637| | 2
output: 0, 0, 0, label: 2
7: 41.834, -0.193359, 5.18359| | 0
output: 1, 0, 0, label: 0
8: -0.513672, -6.26562, -3.61523| | 0
output: 0.955078, 0, 0.0410156, label: 0
9: -2.09961, 51.8965, -3.00586| | 1
output: 0, 0, 0, label: 0
0: 54.6445, 28.0918, -0.189453| | 0
output: 1, 0, 0, label: 0
1: 34.9004, -1.53125, -3.59375| | 0
output: 1, 0, 0, label: 1
2: 57.1699, 29.418, -3.50977| | 0
output: 1, 0, 0, label: 2
3: 12.4668, -0.863281, 25.7539| | 2
output: 0, 0, 0, label: 1
4: 52.5859, -0.101562, 6.84766| | 0
output: 1, 0, 0, label: 2
5: 63.5098, 5.93555, 11.2246| | 0
output: 1, 0, 0, label: 0
6: -3.73242, 18.0059, 40.123| | 2
output: 0, 0, 0, label: 2
7: 4.73633, -0.978516, 52.5039| | 2
output: 0, 0, 0, label: 0
8: 26.418, 33.8145, 57.8672| | 2
output: 0, 0, 0, label: 0
9: -5.39453, 41.9863, 49.6172| | 2
output: 0, 0, 0, label: 0
0: -1.59766, -3.26758, -0.363281| | 2
output: 0.214844, 0.0390625, 0.214844, label: 0
1: -0.0488281, 34.1309, 57.7969| | 2
output: 0, 0, 0, label: 1
2: 53.3438, 18.9824, -6.28516| | 0
output: 1, 0, 0, label: 2
3: 25.6172, -4.37109, 63.9102| | 2
output: 0, 0, 0, label: 1
4: 22.2871, -5.51172, 13.4629| | 0
output: 1, 0, 0, label: 2
5: 40.9258, -1.97656, -1.4043| | 0
output: 1, 0, 0, label: 0
6: -3.41797, 48.791, -1.29492| | 1
output: 0, 0, 0, label: 2
7: 10.5781, -3.14062, -3.47461| | 0
output: 1, 0, 0, label: 0
8: 63.1523, -0.771484, -1.03125| | 0
output: 1, 0, 0, label: 0
9: 58.0254, -0.794922, 8.42188| | 0
output: 1, 0, 0, label: 0
0: -4.12891, 37.9375, 32.4629| | 2
output: 0, 0, 0, label: 0
1: -0.613281, -4.76758, 34.8086| | 2
output: 0, 0, 0, label: 1
2: -2.4043, 9.99414, -2.04102| | 1
output: 0, 0, 0, label: 2
3: -0.544922, -1.76172, 22.4902| | 2
output: 0, 0, 0, label: 1
4: -3.88867, -3.33008, 42.2637| | 2
output: 0, 0, 0, label: 2
5: -2.04492, 55.8301, -6.03906| | 1
output: 0, 0, 0, label: 0
6: -0.533203, -3.38672, -2.01562| | 0
output: 0.779297, 0.0429688, 0.175781, label: 2
7: 9.13086, 55.8359, -5.7168| | 1
output: 0, 0, 0, label: 0
8: 48.207, -4.23047, -0.253906| | 0
output: 1, 0, 0, label: 0
9: 17.0137, 61.4336, -5.13477| | 1
output: 0, 0, 0, label: 0
0: -2.68945, 0.111328, -6.03906| | 1
output: 0.0566406, 0.0566406, 0, label: 0
1: -3.95312, -0.275391, -0.197266| | 2
output: 0.00976562, 0.00976562, 0.00976562, label: 1
2: -3.07812, 45.7949, 39.4238| | 1
output: 0, 0, 0, label: 2
3: 41.043, -1.89258, -1.82812| | 0
output: 1, 0, 0, label: 1
4: -6.18359, -4.16211, 47.5527| | 2
output: 0, 0, 0, label: 2
5: 31.7578, -0.363281, -0.976562| | 0
output: 1, 0, 0, label: 0
6: 0.839844, -1.59961, -5.44531| | 0
output: 0.919922, 0.078125, 0, label: 2
7: -5.31641, 25.623, -2.20508| | 1
output: 0, 0, 0, label: 0
8: -3.60742, -1.16406, 63.5059| | 2
output: 0, 0, 0, label: 0
9: 21.1133, 40.9434, 23.8594| | 1
output: 0, 0, 0, label: 0
0: -4.58984, 15.6426, -4.72266| | 1
output: 0, 0, 0, label: 0
1: 23.457, 32.0547, -3.25391| | 1
output: 0, 0, 0, label: 1
2: -3.97266, 31.3242, -1.63672| | 1
output: 0, 0, 0, label: 2
3: -0.466797, -0.542969, -1.27734| | 0
output: 0.421875, 0.390625, 0.185547, label: 1
4: 47.5078, -3.20117, 1.16797| | 0
output: 1, 0, 0, label: 2
5: -5.76953, -0.800781, -0.335938| | 2
output: 0.00195312, 0.00195312, 0.00195312, label: 0
6: 44.4219, -2.43164, 47.0117| | 2
output: 0.0683594, 0, 0.0683594, label: 2
7: 46.959, 11.3418, 58.9941| | 2
output: 0, 0, 0, label: 0
8: -3.46289, -4.17383, 4.71289| | 2
output: 0, 0, 0, label: 0
9: -3.80469, -0.339844, -5.2832| | 1
output: 0.0292969, 0.0292969, 0.00390625, label: 0
0: 48.7656, 6.60352, -3.90039| | 0
output: 1, 0, 0, label: 0
1: -1.92773, 59.4473, 33.1035| | 1
output: 0, 0, 0, label: 1
2: -2.68164, 58.1094, 56.0059| | 2
output: 0, 0, 0, label: 2
3: -4.13867, -0.550781, -4.16016| | 1
output: 0.0253906, 0.0253906, 0.0234375, label: 1
4: 39.2344, 4.60547, -6.31836| | 0
output: 1, 0, 0, label: 2
5: 3.70703, 56.3418, -1.71484| | 1
output: 0, 0, 0, label: 0
6: -4.07422, 2.20898, 36.4102| | 2
output: 0, 0, 0, label: 2
7: 8.92773, -2.29883, -1.0957| | 0
output: 1, 0, 0, label: 0
8: 36.8984, -2.77148, -5.01367| | 0
output: 1, 0, 0, label: 0
9: -0.208984, 14.5078, -3.56445| | 1
output: 0, 0, 0, label: 0
0: -1.26758, -5.08984, 50.8242| | 2
output: 0, 0, 0, label: 0
1: 48.9336, 20.1074, -4.25586| | 0
output: 1, 0, 0, label: 1
2: -1.33594, -5.91211, 60.0859| | 2
output: 0, 0, 0, label: 2
3: 34.5156, -4.25977, 39.625| | 2
output: 0.00390625, 0, 0.00390625, label: 1
4: -2.53516, 21.9766, 49.5371| | 2
output: 0, 0, 0, label: 2
5: 26.3926, -4.98242, -5.48828| | 0
output: 1, 0, 0, label: 0
6: 60.6387, -4.36133, 45.4844| | 0
output: 1, 0, 0, label: 2
7: 60.4746, 10.123, 43.209| | 0
output: 1, 0, 0, label: 0
8: -0.0136719, -2.30078, 13.0137| | 2
output: 0, 0, 0, label: 0
9: 15.877, 7.54492, 41.4102| | 2
output: 0, 0, 0, label: 0
0: -5.76367, -4.68555, -1.79297| | 2
output: 0.015625, 0.015625, 0.015625, label: 0
1: 29.125, 20.0996, 53.377| | 2
output: 0, 0, 0, label: 1
2: 4.08789, 60.7129, 59.1406| | 2
output: 0, 0, 0, label: 2
3: -6.28125, 16.2012, 7.84961| | 1
output: 0, 0, 0, label: 1
4: -2.13672, -5.96289, 3.65625| | 2
output: 0, 0, 0, label: 2
5: 23.1758, -0.302734, -0.533203| | 0
output: 1, 0, 0, label: 0
6: 38.1855, -2.01367, 38.5469| | 2
output: 0.408203, 0, 0.408203, label: 2
7: 51.2109, -1.01562, -5.81055| | 0
output: 1, 0, 0, label: 0
8: 44.2441, -1.92578, -1.51367| | 0
output: 1, 0, 0, label: 0
9: 24.332, 20.9727, -3.49414| | 0
output: 0.966797, 0.03125, 0, label: 0
0: -4.60938, -4.54688, -2.22852| | 2
output: 0.0761719, 0.0761719, 0.0761719, label: 0
1: 41.0547, 14.9668, 35.0781| | 0
output: 0.998047, 0, 0, label: 1
2: -5.99609, 24.5117, -6.17773| | 1
output: 0, 0, 0, label: 2
3: -1.41992, -2.20703, -3.42969| | 0
output: 0.628906, 0.285156, 0.0820312, label: 1
4: 29.7676, -1.24219, 50.7773| | 2
output: 0, 0, 0, label: 2
5: 60.3281, 42.0742, 38.2402| | 0
output: 1, 0, 0, label: 0
6: 39.6035, -5.68945, 0.539062| | 0
output: 1, 0, 0, label: 2
7: -1.5293, 7.07617, 4.34961| | 2
output: 0, 0, 0, label: 0
8: 26.4277, 58.877, 25.793| | 1
output: 0, 0, 0, label: 0
9: 7.4375, -4.2207, -1.29102| | 0
output: 1, 0, 0, label: 0
0: 40.082, -4.52148, 28.9102| | 0
output: 1, 0, 0, label: 0
1: 14.2832, -2.88477, 43.2266| | 2
output: 0, 0, 0, label: 1
2: 8.28516, -4.06641, 24.0781| | 2
output: 0, 0, 0, label: 2
3: -4.25391, 10.2402, -4.37109| | 1
output: 0, 0, 0, label: 1
4: 41.2324, -3.64844, -3.375| | 0
output: 1, 0, 0, label: 2
5: -4.05664, -3.24805, 20.1484| | 2
output: 0, 0, 0, label: 0
6: 20.5938, 46.4668, -4.38672| | 1
output: 0, 0, 0, label: 2
7: -4.91992, 15.793, 1.18164| | 1
output: 0, 0, 0, label: 0
8: 42.5332, -4.20312, -4.76758| | 0
output: 1, 0, 0, label: 0
9: -2.06055, -4.72266, -2.89648| | 0
output: 0.666016, 0.0449219, 0.287109, label: 0
0: 52.9492, -4.45898, 18.8555| | 0
output: 1, 0, 0, label: 0
1: 12.2051, -2.79492, 42.5957| | 2
output: 0, 0, 0, label: 1
2: -4.89453, 46.123, 21.4062| | 1
output: 0, 0, 0, label: 2
3: -2.56641, -0.949219, 20.125| | 2
output: 0, 0, 0, label: 1
4: 51.0391, -4.92188, 23.9023| | 0
output: 1, 0, 0, label: 2
5: 28.9414, -3.03125, -6.25195| | 0
output: 1, 0, 0, label: 0
6: 59.5469, -2.14258, 1.57617| | 0
output: 1, 0, 0, label: 2
7: -1.25, -3.93945, 22.5625| | 2
output: 0, 0, 0, label: 0
8: -1.27734, 55.7871, -3.50195| | 1
output: 0, 0, 0, label: 0
9: -5.30859, -2.23438, 36.9238| | 2
output: 0, 0, 0, label: 0
0: 9.73242, -5.63281, 32.3613| | 2
output: 0, 0, 0, label: 0
1: -1.33984, 62.9434, 16.6895| | 1
output: 0, 0, 0, label: 1
2: 9.30273, -2.19141, 19.584| | 2
output: 0, 0, 0, label: 2
3: 1.7207, -3.51172, -5.54102| | 0
output: 0.996094, 0.00195312, 0, label: 1
4: 36.9863, -1.03125, -0.207031| | 0
output: 1, 0, 0, label: 2
5: -4.16406, -1.71094, 17.7793| | 2
output: 0, 0, 0, label: 0
6: 46.9004, 24.8359, 38.5488| | 0
output: 1, 0, 0, label: 2
7: -0.0800781, -1.65234, 9.57422| | 2
output: 0, 0, 0, label: 0
8: -2.59766, 10.7227, 46.4902| | 2
output: 0, 0, 0, label: 0
9: -0.783203, 24.4121, -3.98828| | 1
output: 0, 0, 0, label: 0
0: 33.9902, 49.7812, -1.9707| | 1
output: 0, 0, 0, label: 0
1: -3.36914, 34.332, -0.871094| | 1
output: 0, 0, 0, label: 1
2: -2.74414, 21.582, 33.9219| | 2
output: 0, 0, 0, label: 2
3: 42.2969, 0.205078, 46.3535| | 2
output: 0.0136719, 0, 0.0136719, label: 1
4: -2.68359, -3.17383, 55.1309| | 2
output: 0, 0, 0, label: 2
5: 62.9199, 19.7383, 3.50586| | 0
output: 1, 0, 0, label: 0
6: 7.36523, -4.80078, -5.89258| | 0
output: 1, 0, 0, label: 2
7: -3.89648, 13.002, 20.9414| | 2
output: 0, 0, 0, label: 0
8: 61.2422, 24.6602, 61.9707| | 2
output: 0.324219, 0, 0.324219, label: 0
9: -3.86719, -5.89062, 2.55273| | 2
output: 0, 0, 0, label: 0
0: 43.1465, 62.7109, -5.61914| | 1
output: 0, 0, 0, label: 0
1: -4.55664, -5.68164, 6.78711| | 2
output: 0, 0, 0, label: 1
2: 29.2422, 63.3047, -1.875| | 1
output: 0, 0, 0, label: 2
3: -0.833984, 25.5566, -3.05664| | 1
output: 0, 0, 0, label: 1
4: 15.5059, 29.1934, -5.58789| | 1
output: 0, 0, 0, label: 2
5: -4.46484, 36.7461, 6.85742| | 1
output: 0, 0, 0, label: 0
6: -4.94727, -3.35547, 6.52344| | 2
output: 0, 0, 0, label: 2
7: 9.92773, -2.73242, 29.2754| | 2
output: 0, 0, 0, label: 0
8: 0.664062, 27.1621, 6.58008| | 1
output: 0, 0, 0, label: 0
9: -4.56836, 31.4746, 11.3359| | 1
output: 0, 0, 0, label: 0
0: 60.1699, -3.57812, 51.0078| | 0
output: 1, 0, 0, label: 0
1: -3.22656, -1.77344, -5.76758| | 1
output: 0.185547, 0.185547, 0.0136719, label: 1
2: 4.48242, 22.4375, -6.01172| | 1
output: 0, 0, 0, label: 2
3: 41.6953, 1.34961, 60.3711| | 2
output: 0, 0, 0, label: 1
4: 61.375, -2.29883, 29.123| | 0
output: 1, 0, 0, label: 2
5: -6.33789, 6.11133, 54.25| | 2
output: 0, 0, 0, label: 0
6: -2.36523, -2.29297, -4.24414| | 1
output: 0.447266, 0.447266, 0.0664062, label: 2
7: -1.36328, -3.74805, 0.306641| | 2
output: 0.154297, 0.0117188, 0.154297, label: 0
8: -5.39648, 62.9746, 20.0684| | 1
output: 0, 0, 0, label: 0
9: 6.81836, 15.9727, 24.5645| | 2
output: 0, 0, 0, label: 0
0: 15.5625, -3.45117, -0.769531| | 0
output: 1, 0, 0, label: 0
1: -0.332031, -4.58984, 29.1602| | 2
output: 0, 0, 0, label: 1
2: 2.43164, 46.2793, 50.3789| | 2
output: 0, 0, 0, label: 2
3: -0.982422, 48.1211, 11.5137| | 1
output: 0, 0, 0, label: 1
4: -0.601562, 63.5176, -1.47852| | 1
output: 0, 0, 0, label: 2
5: 48.623, -2.49414, 30.9238| | 0
output: 1, 0, 0, label: 0
6: 51.2715, 25.0996, -1.83398| | 0
output: 1, 0, 0, label: 2
7: -2.1875, 32.1152, 9.61914| | 1
output: 0, 0, 0, label: 0
8: 28.6523, 54.1797, -0.273438| | 1
output: 0, 0, 0, label: 0
9: 6.73438, -2.57812, -3.84961| | 0
output: 1, 0, 0, label: 0
0: -1.28711, -0.148438, 51.0742| | 2
output: 0, 0, 0, label: 0
1: 44.3691, 38.5352, 30.9258| | 0
output: 0.998047, 0, 0, label: 1
2: 53.6445, -1.57617, 3.80078| | 0
output: 1, 0, 0, label: 2
3: -4.2168, 36.4844, -5.4375| | 1
output: 0, 0, 0, label: 1
4: -5.125, -3.31445, 46.8984| | 2
output: 0, 0, 0, label: 2
5: -2.69336, -2.2168, 40.3535| | 2
output: 0, 0, 0, label: 0
6: 25.75, -0.279297, -2.64258| | 0
output: 1, 0, 0, label: 2
7: -4.16992, -0.746094, -4.5293| | 1
output: 0.0292969, 0.0292969, 0.0195312, label: 0
8: -0.466797, 19.5762, 17.5703| | 2
output: 0, 0, 0, label: 0
9: -3.54492, -5.81836, -2.10156| | 2
output: 0.185547, 0.0175781, 0.185547, label: 0
0: -6.20898, -5.87891, 13.3184| | 2
output: 0, 0, 0, label: 0
1: -3.31836, 49.6016, 15.3184| | 1
output: 0, 0, 0, label: 1
2: 5.29883, -2.63672, -0.257812| | 0
output: 0.998047, 0, 0, label: 2
3: -3.41992, 59.668, -0.943359| | 1
output: 0, 0, 0, label: 1
4: 8.60938, 18.8535, 7.24023| | 1
output: 0, 0, 0, label: 2
5: -2.65039, 33.2402, 28.3711| | 2
output: 0, 0, 0, label: 0
6: 32.3477, 45.918, 23.0703| | 1
output: 0, 0, 0, label: 2
7: -2.33008, -3.80664, -2.00391| | 2
output: 0.380859, 0.0859375, 0.380859, label: 0
8: 8.88086, -1.21875, 47.8984| | 2
output: 0, 0, 0, label: 0
9: 48.9766, 57.5312, 4.52734| | 1
output: 0, 0, 0, label: 0
0: -2.98828, -2.63867, 30.875| | 2
output: 0, 0, 0, label: 0
1: -2.72461, 38.3418, 30.0039| | 1
output: 0, 0, 0, label: 1
2: -3.1875, -2.15039, 52.0137| | 2
output: 0, 0, 0, label: 2
3: -5.375, 8.30078, -2.45117| | 1
output: 0, 0, 0, label: 1
4: -2.23438, 22.1387, -4.88477| | 1
output: 0, 0, 0, label: 2
5: -0.554688, 27.1172, -3.22461| | 1
output: 0, 0, 0, label: 0
6: -3.52734, 53.5684, -4.70117| | 1
output: 0, 0, 0, label: 2
7: 51.0039, -0.984375, 23.3652| | 0
output: 1, 0, 0, label: 0
8: -5.60547, 24.252, 57.3945| | 2
output: 0, 0, 0, label: 0
9: 47.4141, -2.69336, -1.6875| | 0
output: 1, 0, 0, label: 0
0: 14.3672, -0.839844, 63.4492| | 2
output: 0, 0, 0, label: 0
1: -4.8418, -5.8457, -2.38867| | 2
output: 0.0761719, 0.0273438, 0.0761719, label: 1
2: 6.35547, 59.4336, 8.17383| | 1
output: 0, 0, 0, label: 2
3: 36.9961, 61.5898, -5| | 1
output: 0, 0, 0, label: 1
4: -5.91797, -3.23438, 45.6543| | 2
output: 0, 0, 0, label: 2
5: 11.1875, -6.28711, -5.83789| | 0
output: 1, 0, 0, label: 0
6: -5.34961, 50.0742, 9.19922| | 1
output: 0, 0, 0, label: 2
7: -0.140625, -3.51367, 49.1797| | 2
output: 0, 0, 0, label: 0
8: 53.1367, -2.08203, -3.3125| | 0
output: 1, 0, 0, label: 0
9: -4.26172, 30.6367, -3.19531| | 1
output: 0, 0, 0, label: 0
0: -0.267578, -3.44531, 0.910156| | 2
output: 0.232422, 0.0078125, 0.232422, label: 0
1: 35.3848, 41.6914, -0.398438| | 1
output: 0, 0, 0, label: 1
2: -4.12891, -6.20508, -6.31055| | 0
output: 0.808594, 0.0996094, 0.0898438, label: 2
3: 53.5332, 11.9688, 28.2891| | 0
output: 1, 0, 0, label: 1
4: -5.97656, 1.67188, -1.39453| | 2
output: 0, 0, 0, label: 2
5: -4.76562, 17.9531, -4.02148| | 1
output: 0, 0, 0, label: 0
6: -3.67578, -4.4082, 31.1289| | 2
output: 0, 0, 0, label: 2
7: 38.6777, -1.12891, 14.3242| | 0
output: 1, 0, 0, label: 0
8: 2.72656, -3.5, 23.5918| | 2
output: 0, 0, 0, label: 0
9: -3.55859, -1.62305, -4.24219| | 1
output: 0.117188, 0.117188, 0.0585938, label: 0
0: -3.49219, 49.9688, 16.2148| | 1
output: 0, 0, 0, label: 0
1: -4.95898, 35.0098, 62.041| | 2
output: 0, 0, 0, label: 1
2: 45.5508, -5.78516, -0.197266| | 0
output: 1, 0, 0, label: 2
3: -3.09766, -2.44531, -2.45312| | 2
output: 0.205078, 0.205078, 0.205078, label: 1
4: -3.34961, -4.37891, 14.6973| | 2
output: 0, 0, 0, label: 2
5: -2.82812, -0.53125, -1.09375| | 2
output: 0.0585938, 0.0585938, 0.0585938, label: 0
6: 26.8574, 62.7148, -0.720703| | 1
output: 0, 0, 0, label: 2
7: -2.30664, -2.5, 5.13867| | 2
output: 0, 0, 0, label: 0
8: 39.2773, 1.82812, 38.7012| | 0
output: 0.640625, 0, 0.357422, label: 0
9: -5.77148, 20.3418, 28.6836| | 2
output: 0, 0, 0, label: 0
0: -3.83203, 6.38086, 11.3809| | 2
output: 0, 0, 0, label: 0
1: -3.26758, -1.21484, 37.3008| | 2
output: 0, 0, 0, label: 1
2: -5.09766, 57.2969, 19.8281| | 1
output: 0, 0, 0, label: 2
3: 48.6816, 45.5957, 13.9199| | 0
output: 0.955078, 0.0429688, 0, label: 1
4: 11.0859, -4.64453, 25.7695| | 2
output: 0, 0, 0, label: 2
5: -0.486328, 49.8633, 52.4746| | 2
output: 0, 0, 0, label: 0
6: -1.66016, -0.015625, -0.236328| | 2
output: 0.0957031, 0.0957031, 0.0957031, label: 2
7: -5.51758, -1.47461, -2.33398| | 2
output: 0.00976562, 0.00976562, 0.00976562, label: 0
8: 32.0742, -3.25391, -1.43555| | 0
output: 1, 0, 0, label: 0
9: 25.6016, 31.2422, -2.04883| | 1
output: 0, 0, 0, label: 0
0: -3.18359, -3.96094, -1.96875| | 2
output: 0.205078, 0.09375, 0.205078, label: 1
1: 23.8828, -4.54883, -2.03711| | 0
output: 1, 0, 0, label: 0
2: 23.9883, 34.0684, -6.11328| | 1
output: 0, 0, 0, label: 0
3: 6.98242, 10.3203, -1.58594| | 1
output: 0.0332031, 0.0332031, 0, label: 2
4: 3.5918, 22.4297, 43.3535| | 2
output: 0, 0, 0, label: 0
5: 60.9414, -4.01953, 43.4219| | 0
output: 1, 0, 0, label: 1
6: 59.5273, -2.07812, -2.86914| | 0
output: 1, 0, 0, label: 1
7: -3.5293, 38.1855, 31.7969| | 1
output: 0, 0, 0, label: 1
8: 51.1074, 12.4043, 40.375| | 0
output: 1, 0, 0, label: 0
9: -1.93164, -3.69141, 4.13086| | 2
output: 0, 0, 0, label: 1
The following are the predictions of the DNN:
0: 2| Correct label:1
1: 0| Correct label:0
2: 1| Correct label:0
3: 1| Correct label:2
INFO: [SIM 211-1] CSim done with 0 errors.
INFO: [SIM 211-3] *************** CSIM finish ***************
INFO: [HLS 200-112] Total CPU user time: 4 seconds. Total CPU system time: 2 seconds. Total elapsed time: 31.838 seconds; peak allocated memory: 232.039 MB.
INFO: [vitis-run 60-791] Total elapsed time: 0h 0m 41s
