INFO: [vitis-run 60-1548] Creating build summary session with primary output C:/GIM_Repos/GIM_Diabetes/accelerator_diabetes/redo_component/accelerator\accelerator.hlsrun_csim_summary, at 02/25/25 15:25:21
INFO: [vitis-run 82-31] Launching vitis_hls: vitis_hls -nolog -run csim -work_dir C:/GIM_Repos/GIM_Diabetes/accelerator_diabetes/redo_component/accelerator -config C:/GIM_Repos/GIM_Diabetes/accelerator_diabetes/redo_component/hls_config.cfg -cmdlineconfig C:/GIM_Repos/GIM_Diabetes/accelerator_diabetes/redo_component/accelerator/hls/config.cmdline

****** Vitis HLS - High-Level Synthesis from C, C++ and OpenCL v2024.1 (64-bit)
  **** SW Build 5069499 on May 21 2024
  **** IP Build 5075265 on Wed May 22 21:45:21 MDT 2024
  **** SharedData Build 5076995 on Wed May 22 18:29:18 MDT 2024
  **** Start of session at: Tue Feb 25 15:25:27 2025
    ** Copyright 1986-2022 Xilinx, Inc. All Rights Reserved.
    ** Copyright 2022-2024 Advanced Micro Devices, Inc. All Rights Reserved.

source C:/Xilinx/Vitis_HLS/2024.1/scripts/vitis_hls/hls.tcl -notrace
INFO: [HLS 200-10] For user 'GIM' on host 'gim_laptop_1' (Windows NT_amd64 version 10.0) on Tue Feb 25 15:25:30 -0800 2025
INFO: [HLS 200-10] In directory 'C:/GIM_Repos/GIM_Diabetes/accelerator_diabetes/redo_component'
INFO: [HLS 200-2005] Using work_dir C:/GIM_Repos/GIM_Diabetes/accelerator_diabetes/redo_component/accelerator 
INFO: [HLS 200-1505] Using default flow_target 'vivado'
Resolution: For help on HLS 200-1505 see docs.xilinx.com/access/sources/dita/topic?Doc_Version=2024.1%20English&url=ug1448-hls-guidance&resourceid=200-1505.html
INFO: [HLS 200-1465] Applying ini 'syn.file=C:/GIM_Repos/GIM_Diabetes/accelerator_diabetes/accelerator.cpp' from C:/GIM_Repos/GIM_Diabetes/accelerator_diabetes/redo_component/hls_config.cfg(11)
INFO: [HLS 200-10] Adding design file 'C:/GIM_Repos/GIM_Diabetes/accelerator_diabetes/accelerator.cpp' to the project
INFO: [HLS 200-1465] Applying ini 'syn.file=C:/GIM_Repos/GIM_Diabetes/accelerator_diabetes/act_pe.cpp' from C:/GIM_Repos/GIM_Diabetes/accelerator_diabetes/redo_component/hls_config.cfg(12)
INFO: [HLS 200-10] Adding design file 'C:/GIM_Repos/GIM_Diabetes/accelerator_diabetes/act_pe.cpp' to the project
INFO: [HLS 200-1465] Applying ini 'syn.file=C:/GIM_Repos/GIM_Diabetes/accelerator_diabetes/array.cpp' from C:/GIM_Repos/GIM_Diabetes/accelerator_diabetes/redo_component/hls_config.cfg(13)
INFO: [HLS 200-10] Adding design file 'C:/GIM_Repos/GIM_Diabetes/accelerator_diabetes/array.cpp' to the project
INFO: [HLS 200-1465] Applying ini 'syn.file=C:/GIM_Repos/GIM_Diabetes/accelerator_diabetes/bias_pe.cpp' from C:/GIM_Repos/GIM_Diabetes/accelerator_diabetes/redo_component/hls_config.cfg(14)
INFO: [HLS 200-10] Adding design file 'C:/GIM_Repos/GIM_Diabetes/accelerator_diabetes/bias_pe.cpp' to the project
INFO: [HLS 200-1465] Applying ini 'syn.file=C:/GIM_Repos/GIM_Diabetes/accelerator_diabetes/csv_import.cpp' from C:/GIM_Repos/GIM_Diabetes/accelerator_diabetes/redo_component/hls_config.cfg(15)
INFO: [HLS 200-10] Adding design file 'C:/GIM_Repos/GIM_Diabetes/accelerator_diabetes/csv_import.cpp' to the project
INFO: [HLS 200-1465] Applying ini 'syn.file=C:/GIM_Repos/GIM_Diabetes/accelerator_diabetes/error_pe.cpp' from C:/GIM_Repos/GIM_Diabetes/accelerator_diabetes/redo_component/hls_config.cfg(16)
INFO: [HLS 200-10] Adding design file 'C:/GIM_Repos/GIM_Diabetes/accelerator_diabetes/error_pe.cpp' to the project
INFO: [HLS 200-1465] Applying ini 'syn.file=C:/GIM_Repos/GIM_Diabetes/accelerator_diabetes/gim_model.h' from C:/GIM_Repos/GIM_Diabetes/accelerator_diabetes/redo_component/hls_config.cfg(17)
INFO: [HLS 200-10] Adding design file 'C:/GIM_Repos/GIM_Diabetes/accelerator_diabetes/gim_model.h' to the project
INFO: [HLS 200-1465] Applying ini 'syn.file=C:/GIM_Repos/GIM_Diabetes/accelerator_diabetes/weight_pe.cpp' from C:/GIM_Repos/GIM_Diabetes/accelerator_diabetes/redo_component/hls_config.cfg(18)
INFO: [HLS 200-10] Adding design file 'C:/GIM_Repos/GIM_Diabetes/accelerator_diabetes/weight_pe.cpp' to the project
INFO: [HLS 200-1465] Applying ini 'syn.file=C:\GIM_Repos\GIM_Diabetes\accelerator_diabetes\X_test.csv' from C:/GIM_Repos/GIM_Diabetes/accelerator_diabetes/redo_component/hls_config.cfg(19)
INFO: [HLS 200-10] Adding design file 'C:/GIM_Repos/GIM_Diabetes/accelerator_diabetes/X_test.csv' to the project
INFO: [HLS 200-1465] Applying ini 'syn.file=C:\GIM_Repos\GIM_Diabetes\accelerator_diabetes\X_train.csv' from C:/GIM_Repos/GIM_Diabetes/accelerator_diabetes/redo_component/hls_config.cfg(20)
INFO: [HLS 200-10] Adding design file 'C:/GIM_Repos/GIM_Diabetes/accelerator_diabetes/X_train.csv' to the project
INFO: [HLS 200-1465] Applying ini 'syn.file=C:\GIM_Repos\GIM_Diabetes\accelerator_diabetes\Y_test.csv' from C:/GIM_Repos/GIM_Diabetes/accelerator_diabetes/redo_component/hls_config.cfg(21)
INFO: [HLS 200-10] Adding design file 'C:/GIM_Repos/GIM_Diabetes/accelerator_diabetes/Y_test.csv' to the project
INFO: [HLS 200-1465] Applying ini 'syn.file=C:\GIM_Repos\GIM_Diabetes\accelerator_diabetes\Y_train.csv' from C:/GIM_Repos/GIM_Diabetes/accelerator_diabetes/redo_component/hls_config.cfg(22)
INFO: [HLS 200-10] Adding design file 'C:/GIM_Repos/GIM_Diabetes/accelerator_diabetes/Y_train.csv' to the project
INFO: [HLS 200-1465] Applying ini 'tb.file=C:/GIM_Repos/GIM_Diabetes/accelerator_diabetes/main.cpp' from C:/GIM_Repos/GIM_Diabetes/accelerator_diabetes/redo_component/hls_config.cfg(8)
INFO: [HLS 200-10] Adding test bench file 'C:/GIM_Repos/GIM_Diabetes/accelerator_diabetes/main.cpp' to the project
INFO: [HLS 200-1465] Applying ini 'syn.top=accelerator' from C:/GIM_Repos/GIM_Diabetes/accelerator_diabetes/redo_component/hls_config.cfg(7)
INFO: [HLS 200-1465] Applying ini 'flow_target=vivado' from C:/GIM_Repos/GIM_Diabetes/accelerator_diabetes/redo_component/hls_config.cfg(4)
INFO: [HLS 200-1505] Using flow_target 'vivado'
Resolution: For help on HLS 200-1505 see docs.xilinx.com/access/sources/dita/topic?Doc_Version=2024.1%20English&url=ug1448-hls-guidance&resourceid=200-1505.html
INFO: [HLS 200-1465] Applying ini 'part=xczu3eg-sfvc784-1-e' from C:/GIM_Repos/GIM_Diabetes/accelerator_diabetes/redo_component/hls_config.cfg(1)
INFO: [HLS 200-1611] Setting target device to 'xczu3eg-sfvc784-1-e'
INFO: [HLS 200-1465] Applying ini 'clock=10ns' from C:/GIM_Repos/GIM_Diabetes/accelerator_diabetes/redo_component/hls_config.cfg(9)
INFO: [SYN 201-201] Setting up clock 'default' with a period of 10ns.
INFO: [HLS 200-1465] Applying ini 'clock_uncertainty=2ns' from C:/GIM_Repos/GIM_Diabetes/accelerator_diabetes/redo_component/hls_config.cfg(10)
INFO: [SYN 201-201] Setting up clock 'default' with an uncertainty of 2ns.
INFO: [HLS 200-1465] Applying ini 'package.output.format=ip_catalog' from C:/GIM_Repos/GIM_Diabetes/accelerator_diabetes/redo_component/hls_config.cfg(5)
INFO: [SIM 211-2] *************** CSIM start ***************
INFO: [SIM 211-4] CSIM will launch CLANG as the compiler.
INFO: [HLS 200-2036] Building debug C Simulation binaries
   Compiling ../../../../../accelerator.cpp in debug mode
   Generating csim.exe
In file included from ../../../../../accelerator.cpp:1:
In file included from ../../../../../gim_model.h:4:
In file included from C:/Xilinx/Vitis_HLS/2024.1/include/ap_fixed.h:9:
In file included from C:/Xilinx/Vitis_HLS/2024.1/include/etc/ap_common.h:658:
In file included from C:/Xilinx/Vitis_HLS/2024.1/include/etc/ap_private.h:68:
In file included from C:/Xilinx/Vitis_HLS/2024.1/include/hls_half.h:26:
In file included from C:/Xilinx/Vitis_HLS/2024.1/include/etc/hls_half_fpo.h:19:
In file included from C:/Xilinx/Vitis_HLS/2024.1/include/hls_fpo.h:140:
In file included from C:/Xilinx/Vitis_HLS/2024.1/include/floating_point_v7_1_bitacc_cmodel.h:150:
C:/Xilinx/Vitis_HLS/2024.1/include/gmp.h:58:9: warning: '__GMP_LIBGMP_DLL' macro redefined [-Wmacro-redefined]
#define __GMP_LIBGMP_DLL  0
        ^
C:/Xilinx/Vitis_HLS/2024.1/include/floating_point_v7_1_bitacc_cmodel.h:142:9: note: previous definition is here
#define __GMP_LIBGMP_DLL 1
        ^
1 warning generated.
Y_train size: 320
first 3 labels: 0, 12
CSV files successfully loaded
0: 0.0429688, -0.00585938, 0.0332031| | 0
output: 0.339844, 0.322266, 0.335938, label: 0
1: 0.169922, -0.00585938, 0.0351562| | 0
output: 0.367188, 0.308594, 0.320312, label: 1
2: 0.136719, 0.0878906, 0.0292969| | 0
output: 0.349609, 0.333984, 0.314453, label: 2
3: 0.0957031, 0.0703125, 0.0917969| | 0
output: 0.335938, 0.326172, 0.333984, label: 1
4: 0.144531, 0.208984, 0.138672| | 1
output: 0.326172, 0.326172, 0.324219, label: 2
5: 0.144531, 0.181641, 0.269531| | 2
output: 0.314453, 0.314453, 0.314453, label: 0
6: 0.240234, 0.1875, 0.263672| | 2
output: 0.335938, 0.318359, 0.335938, label: 2
7: 0.242188, 0.185547, 0.365234| | 2
output: 0.324219, 0.306641, 0.324219, label: 0
8: 0.279297, 0.134766, 0.298828| | 2
output: 0.345703, 0.298828, 0.345703, label: 0
9: 0.441406, 0.185547, 0.363281| | 0
output: 0.369141, 0.285156, 0.341797, label: 0
+---------------------------------------+
| Epoch:          0| Accuracy:   30.00% |
0.00: 0.58, 0.18, 0.40| | 0.00
output: 0.40, 0.27, 0.33, label: 0.00
1.00: 0.84, 0.25, 0.48| | 0.00
output: 0.44, 0.24, 0.31, label: 1.00
2.00: 0.64, 0.35, 0.36| | 0.00
output: 0.40, 0.30, 0.30, label: 2.00
3.00: 0.50, 0.27, 0.36| | 0.00
output: 0.37, 0.30, 0.33, label: 1.00
4.00: 0.71, 0.50, 0.53| | 0.00
output: 0.38, 0.31, 0.31, label: 2.00
5.00: 0.68, 0.47, 0.63| | 0.00
output: 0.36, 0.29, 0.34, label: 0.00
6.00: 0.77, 0.45, 0.63| | 0.00
output: 0.38, 0.28, 0.33, label: 2.00
7.00: 0.77, 0.45, 0.73| | 0.00
output: 0.37, 0.27, 0.36, label: 0.00
8.00: 0.71, 0.37, 0.60| | 0.00
output: 0.38, 0.27, 0.34, label: 0.00
9.00: 0.94, 0.45, 0.73| | 0.00
output: 0.41, 0.25, 0.33, label: 0.00
+---------------------------------------+
| Epoch:          1| Accuracy:   70.00% |
0.00: 1.10, 0.48, 0.77| | 0.00
output: 0.44, 0.24, 0.32, label: 0.00
1.00: 1.42, 0.60, 0.93| | 0.00
output: 0.49, 0.21, 0.30, label: 1.00
2.00: 1.07, 0.64, 0.70| | 0.00
output: 0.43, 0.28, 0.29, label: 2.00
3.00: 0.84, 0.51, 0.63| | 0.00
output: 0.39, 0.28, 0.32, label: 1.00
4.00: 1.23, 0.83, 0.92| | 0.00
output: 0.41, 0.28, 0.30, label: 2.00
5.00: 1.14, 0.77, 1.00| | 0.00
output: 0.39, 0.27, 0.34, label: 0.00
6.00: 1.20, 0.77, 0.99| | 0.00
output: 0.41, 0.26, 0.33, label: 2.00
7.00: 1.20, 0.77, 1.09| | 0.00
output: 0.39, 0.25, 0.35, label: 0.00
8.00: 1.06, 0.61, 0.88| | 0.00
output: 0.40, 0.26, 0.34, label: 0.00
9.00: 1.34, 0.74, 1.06| | 0.00
output: 0.43, 0.24, 0.33, label: 0.00
+---------------------------------------+
| Epoch:          2| Accuracy:   70.00% |
0.00: 1.54, 0.80, 1.16| | 0.00
output: 0.46, 0.22, 0.32, label: 0.00
1.00: 1.93, 0.98, 1.38| | 0.00
output: 0.51, 0.20, 0.29, label: 1.00
2.00: 1.47, 0.94, 1.04| | 0.00
output: 0.45, 0.26, 0.29, label: 2.00
3.00: 1.15, 0.74, 0.91| | 0.00
output: 0.41, 0.27, 0.32, label: 1.00
4.00: 1.66, 1.16, 1.29| | 0.00
output: 0.44, 0.26, 0.30, label: 2.00
5.00: 1.57, 1.10, 1.37| | 0.00
output: 0.41, 0.25, 0.33, label: 0.00
6.00: 1.63, 1.10, 1.35| | 0.00
output: 0.43, 0.25, 0.32, label: 2.00
7.00: 1.63, 1.10, 1.46| | 0.00
output: 0.41, 0.24, 0.35, label: 0.00
8.00: 1.40, 0.87, 1.19| | 0.00
output: 0.42, 0.24, 0.34, label: 0.00
9.00: 1.74, 1.07, 1.43| | 0.00
output: 0.45, 0.23, 0.32, label: 0.00
+---------------------------------------+
| Epoch:          3| Accuracy:   70.00% |
0.00: 1.97, 1.15, 1.53| | 0.00
output: 0.48, 0.21, 0.31, label: 0.00
1.00: 2.45, 1.39, 1.83| | 0.00
output: 0.53, 0.18, 0.29, label: 1.00
2.00: 1.85, 1.27, 1.40| | 0.00
output: 0.46, 0.25, 0.29, label: 2.00
3.00: 1.46, 1.01, 1.18| | 0.00
output: 0.42, 0.26, 0.31, label: 1.00
4.00: 2.09, 1.54, 1.69| | 0.00
output: 0.45, 0.26, 0.30, label: 2.00
5.00: 1.98, 1.45, 1.73| | 0.00
output: 0.42, 0.25, 0.33, label: 0.00
6.00: 2.03, 1.43, 1.69| | 0.00
output: 0.44, 0.24, 0.31, label: 2.00
7.00: 2.03, 1.43, 1.82| | 0.00
output: 0.42, 0.23, 0.34, label: 0.00
8.00: 1.71, 1.16, 1.49| | 0.00
output: 0.42, 0.24, 0.34, label: 0.00
9.00: 2.11, 1.40, 1.77| | 0.00
output: 0.46, 0.22, 0.32, label: 0.00
+---------------------------------------+
| Epoch:          4| Accuracy:   70.00% |
0.00: 2.37, 1.51, 1.92| | 0.00
output: 0.48, 0.21, 0.31, label: 0.00
1.00: 2.93, 1.83, 2.28| | 0.00
output: 0.54, 0.18, 0.28, label: 1.00
2.00: 2.22, 1.59, 1.73| | 0.00
output: 0.46, 0.25, 0.29, label: 2.00
3.00: 1.74, 1.27, 1.45| | 0.00
output: 0.42, 0.26, 0.31, label: 1.00
4.00: 2.52, 1.93, 2.08| | 0.00
output: 0.46, 0.25, 0.29, label: 2.00
5.00: 2.38, 1.81, 2.10| | 0.00
output: 0.43, 0.24, 0.33, label: 0.00
6.00: 2.40, 1.78, 2.06| | 0.00
output: 0.44, 0.24, 0.31, label: 2.00
7.00: 2.40, 1.78, 2.19| | 0.00
output: 0.43, 0.23, 0.34, label: 0.00
8.00: 2.05, 1.46, 1.77| | 0.00
output: 0.43, 0.24, 0.33, label: 0.00
9.00: 2.51, 1.75, 2.13| | 0.00
output: 0.46, 0.22, 0.32, label: 0.00
+---------------------------------------+
| Epoch:          5| Accuracy:   70.00% |
0.00: 2.77, 1.90, 2.29| | 0.00
output: 0.49, 0.20, 0.30, label: 0.00
1.00: 3.41, 2.27, 2.73| | 0.00
output: 0.55, 0.17, 0.28, label: 1.00
2.00: 2.59, 1.95, 2.07| | 0.00
output: 0.47, 0.25, 0.28, label: 2.00
3.00: 2.04, 1.54, 1.73| | 0.00
output: 0.43, 0.26, 0.31, label: 1.00
4.00: 2.92, 2.31, 2.51| | 0.00
output: 0.45, 0.24, 0.30, label: 2.00
5.00: 2.78, 2.17, 2.50| | 0.00
output: 0.43, 0.23, 0.33, label: 0.00
6.00: 2.79, 2.14, 2.45| | 0.00
output: 0.45, 0.23, 0.32, label: 2.00
7.00: 2.80, 2.14, 2.56| | 0.00
output: 0.43, 0.22, 0.34, label: 0.00
8.00: 2.36, 1.73, 2.11| | 0.00
output: 0.43, 0.23, 0.33, label: 0.00
9.00: 2.88, 2.08, 2.50| | 0.00
output: 0.47, 0.21, 0.32, label: 0.00
+---------------------------------------+
| Epoch:          6| Accuracy:   70.00% |
0.00: 3.20, 2.25, 2.71| | 0.00
output: 0.50, 0.19, 0.31, label: 0.00
1.00: 3.89, 2.74, 3.24| | 0.00
output: 0.54, 0.17, 0.28, label: 1.00
2.00: 2.98, 2.27, 2.44| | 0.00
output: 0.48, 0.24, 0.28, label: 2.00
3.00: 2.35, 1.80, 2.03| | 0.00
output: 0.43, 0.25, 0.31, label: 1.00
4.00: 3.35, 2.70, 2.91| | 0.00
output: 0.46, 0.24, 0.30, label: 2.00
5.00: 3.15, 2.52, 2.90| | 0.00
output: 0.43, 0.23, 0.33, label: 0.00
6.00: 3.19, 2.49, 2.84| | 0.00
output: 0.45, 0.22, 0.32, label: 2.00
7.00: 3.20, 2.49, 2.95| | 0.00
output: 0.44, 0.21, 0.34, label: 0.00
8.00: 2.67, 2.02, 2.41| | 0.00
output: 0.44, 0.23, 0.34, label: 0.00
9.00: 3.25, 2.43, 2.89| | 0.00
output: 0.47, 0.21, 0.33, label: 0.00
+---------------------------------------+
| Epoch:          7| Accuracy:   70.00% |
0.00: 3.60, 2.61, 3.12| | 0.00
output: 0.50, 0.19, 0.31, label: 0.00
1.00: 4.38, 3.18, 3.72| | 0.00
output: 0.55, 0.16, 0.28, label: 1.00
2.00: 3.35, 2.60, 2.83| | 0.00
output: 0.48, 0.23, 0.29, label: 2.00
3.00: 2.62, 2.07, 2.30| | 0.00
output: 0.43, 0.25, 0.31, label: 1.00
4.00: 3.78, 3.06, 3.30| | 0.00
output: 0.47, 0.23, 0.29, label: 2.00
5.00: 3.55, 2.88, 3.27| | 0.00
output: 0.44, 0.22, 0.33, label: 0.00
6.00: 3.56, 2.85, 3.18| | 0.00
output: 0.46, 0.22, 0.31, label: 2.00
7.00: 3.59, 2.85, 3.32| | 0.00
output: 0.45, 0.21, 0.34, label: 0.00
8.00: 3.01, 2.32, 2.72| | 0.00
output: 0.44, 0.22, 0.33, label: 0.00
9.00: 3.64, 2.79, 3.23| | 0.00
output: 0.48, 0.20, 0.32, label: 0.00
+---------------------------------------+
| Epoch:          8| Accuracy:   70.00% |
0.00: 4.03, 3.00, 3.51| | 0.00
output: 0.51, 0.18, 0.30, label: 0.00
1.00: 4.86, 3.62, 4.17| | 0.00
output: 0.56, 0.16, 0.28, label: 1.00
2.00: 3.69, 2.93, 3.17| | 0.00
output: 0.48, 0.22, 0.29, label: 2.00
3.00: 2.90, 2.34, 2.58| | 0.00
output: 0.44, 0.25, 0.32, label: 1.00
4.00: 4.15, 3.45, 3.70| | 0.00
output: 0.47, 0.23, 0.30, label: 2.00
5.00: 3.92, 3.24, 3.63| | 0.00
output: 0.44, 0.22, 0.33, label: 0.00
6.00: 3.93, 3.21, 3.55| | 0.00
output: 0.46, 0.22, 0.31, label: 2.00
7.00: 3.94, 3.21, 3.68| | 0.00
output: 0.44, 0.21, 0.34, label: 0.00
8.00: 3.29, 2.60, 3.00| | 0.00
output: 0.44, 0.22, 0.33, label: 0.00
9.00: 3.99, 3.12, 3.60| | 0.00
output: 0.48, 0.20, 0.32, label: 0.00
+---------------------------------------+
| Epoch:          9| Accuracy:   70.00% |
0.00: 4.40, 3.36, 3.88| | 0.00
output: 0.51, 0.18, 0.30, label: 0.00
1.00: 5.31, 4.07, 4.62| | 0.00
output: 0.56, 0.16, 0.28, label: 1.00
2.00: 4.03, 3.29, 3.51| | 0.00
output: 0.48, 0.23, 0.29, label: 2.00
3.00: 3.18, 2.61, 2.85| | 0.00
output: 0.44, 0.25, 0.31, label: 1.00
4.00: 4.55, 3.83, 4.07| | 0.00
output: 0.47, 0.23, 0.29, label: 2.00
5.00: 4.29, 3.60, 4.00| | 0.00
output: 0.44, 0.22, 0.33, label: 0.00
6.00: 4.29, 3.54, 3.91| | 0.00
output: 0.46, 0.22, 0.32, label: 2.00
7.00: 4.30, 3.56, 4.05| | 0.00
output: 0.44, 0.21, 0.34, label: 0.00
8.00: 3.60, 2.89, 3.30| | 0.00
output: 0.45, 0.22, 0.33, label: 0.00
9.00: 4.35, 3.48, 3.96| | 0.00
output: 0.48, 0.20, 0.32, label: 0.00
+---------------------------------------+
| Epoch:         10| Accuracy:   70.00% |
0.00: 4.80, 3.75, 4.28| | 0.00
output: 0.51, 0.18, 0.30, label: 0.00
1.00: 5.77, 4.52, 5.08| | 0.00
output: 0.56, 0.16, 0.28, label: 1.00
2.00: 4.40, 3.62, 3.85| | 0.00
output: 0.49, 0.22, 0.28, label: 2.00
3.00: 3.45, 2.87, 3.13| | 0.00
output: 0.44, 0.24, 0.32, label: 1.00
4.00: 4.95, 4.22, 4.50| | 0.00
output: 0.47, 0.23, 0.30, label: 2.00
5.00: 4.66, 3.96, 4.40| | 0.00
output: 0.44, 0.22, 0.34, label: 0.00
6.00: 4.66, 3.89, 4.30| | 0.00
output: 0.46, 0.21, 0.32, label: 2.00
7.00: 4.67, 3.92, 4.42| | 0.00
output: 0.44, 0.21, 0.34, label: 0.00
8.00: 3.90, 3.19, 3.61| | 0.00
output: 0.45, 0.22, 0.33, label: 0.00
9.00: 4.72, 3.81, 4.33| | 0.00
output: 0.48, 0.19, 0.32, label: 0.00
+---------------------------------------+
| Epoch:         11| Accuracy:   70.00% |
0.00: 5.14, 4.11, 4.68| | 0.00
output: 0.50, 0.18, 0.32, label: 0.00
1.00: 6.22, 4.96, 5.56| | 0.00
output: 0.55, 0.16, 0.29, label: 1.00
2.00: 4.74, 3.98, 4.24| | 0.00
output: 0.48, 0.22, 0.29, label: 2.00
3.00: 3.73, 3.14, 3.40| | 0.00
output: 0.44, 0.24, 0.32, label: 1.00
4.00: 5.35, 4.61, 4.89| | 0.00
output: 0.47, 0.23, 0.30, label: 2.00
5.00: 5.03, 4.35, 4.76| | 0.00
output: 0.44, 0.22, 0.34, label: 0.00
6.00: 5.03, 4.28, 4.67| | 0.00
output: 0.46, 0.22, 0.32, label: 2.00
7.00: 5.04, 4.29, 4.78| | 0.00
output: 0.45, 0.21, 0.34, label: 0.00
8.00: 4.19, 3.49, 3.92| | 0.00
output: 0.44, 0.22, 0.34, label: 0.00
9.00: 5.06, 4.20, 4.69| | 0.00
output: 0.47, 0.20, 0.33, label: 0.00
+---------------------------------------+
| Epoch:         12| Accuracy:   70.00% |
0.00: 5.54, 4.53, 5.04| | 0.00
output: 0.51, 0.18, 0.31, label: 0.00
1.00: 6.67, 5.46, 6.03| | 0.00
output: 0.55, 0.16, 0.29, label: 1.00
2.00: 5.08, 4.33, 4.58| | 0.00
output: 0.48, 0.23, 0.29, label: 2.00
3.00: 4.00, 3.41, 3.68| | 0.00
output: 0.44, 0.24, 0.32, label: 1.00
4.00: 5.72, 5.00, 5.29| | 0.00
output: 0.47, 0.23, 0.30, label: 2.00
5.00: 5.40, 4.71, 5.13| | 0.00
output: 0.44, 0.22, 0.33, label: 0.00
6.00: 5.37, 4.64, 5.01| | 0.00
output: 0.46, 0.22, 0.32, label: 2.00
7.00: 5.41, 4.64, 5.14| | 0.00
output: 0.45, 0.21, 0.34, label: 0.00
8.00: 4.50, 3.79, 4.22| | 0.00
output: 0.44, 0.22, 0.34, label: 0.00
9.00: 5.43, 4.53, 5.03| | 0.00
output: 0.48, 0.19, 0.32, label: 0.00
+---------------------------------------+
| Epoch:         13| Accuracy:   70.00% |
0.00: 5.91, 4.89, 5.44| | 0.00
output: 0.50, 0.18, 0.31, label: 0.00
1.00: 7.13, 5.91, 6.48| | 0.00
output: 0.55, 0.16, 0.29, label: 1.00
2.00: 5.42, 4.67, 4.91| | 0.00
output: 0.48, 0.23, 0.29, label: 2.00
3.00: 4.28, 3.68, 3.95| | 0.00
output: 0.44, 0.24, 0.32, label: 1.00
4.00: 6.12, 5.39, 5.65| | 0.00
output: 0.47, 0.23, 0.30, label: 2.00
5.00: 5.77, 5.07, 5.50| | 0.00
output: 0.44, 0.22, 0.34, label: 0.00
6.00: 5.74, 5.00, 5.37| | 0.00
output: 0.46, 0.22, 0.32, label: 2.00
7.00: 5.78, 5.00, 5.51| | 0.00
output: 0.45, 0.21, 0.34, label: 0.00
8.00: 4.80, 4.07, 4.50| | 0.00
output: 0.45, 0.21, 0.33, label: 0.00
9.00: 5.77, 4.89, 5.39| | 0.00
output: 0.48, 0.20, 0.33, label: 0.00
+---------------------------------------+
| Epoch:         14| Accuracy:   70.00% |
0.00: 6.31, 5.28, 5.80| | 0.00
output: 0.51, 0.18, 0.31, label: 0.00
1.00: 7.58, 6.36, 6.93| | 0.00
output: 0.55, 0.16, 0.29, label: 1.00
2.00: 5.79, 5.00, 5.27| | 0.00
output: 0.49, 0.22, 0.29, label: 2.00
3.00: 4.56, 3.95, 4.22| | 0.00
output: 0.44, 0.24, 0.32, label: 1.00
4.00: 6.52, 5.75, 6.05| | 0.00
output: 0.48, 0.22, 0.30, label: 2.00
5.00: 6.14, 5.43, 5.86| | 0.00
output: 0.45, 0.22, 0.34, label: 0.00
6.00: 6.11, 5.33, 5.74| | 0.00
output: 0.46, 0.21, 0.32, label: 2.00
7.00: 6.14, 5.36, 5.88| | 0.00
output: 0.45, 0.21, 0.34, label: 0.00
8.00: 5.09, 4.37, 4.81| | 0.00
output: 0.45, 0.21, 0.34, label: 0.00
9.00: 6.14, 5.25, 5.73| | 0.00
output: 0.48, 0.20, 0.32, label: 0.00
+---------------------------------------+
| Epoch:         15| Accuracy:   70.00% |
0.00: 6.68, 5.64, 6.20| | 0.00
output: 0.51, 0.18, 0.31, label: 0.00
1.00: 8.03, 6.80, 7.38| | 0.00
output: 0.55, 0.16, 0.29, label: 1.00
2.00: 6.10, 5.33, 5.61| | 0.00
output: 0.48, 0.22, 0.29, label: 2.00
3.00: 4.81, 4.22, 4.50| | 0.00
output: 0.44, 0.24, 0.32, label: 1.00
4.00: 6.89, 6.14, 6.44| | 0.00
output: 0.47, 0.22, 0.30, label: 2.00
5.00: 6.49, 5.79, 6.23| | 0.00
output: 0.44, 0.22, 0.34, label: 0.00
6.00: 6.45, 5.69, 6.10| | 0.00
output: 0.46, 0.21, 0.32, label: 2.00
7.00: 6.48, 5.72, 6.24| | 0.00
output: 0.44, 0.21, 0.35, label: 0.00
8.00: 5.37, 4.67, 5.11| | 0.00
output: 0.44, 0.22, 0.34, label: 0.00
9.00: 6.48, 5.58, 6.10| | 0.00
output: 0.48, 0.19, 0.33, label: 0.00
+---------------------------------------+
| Epoch:         16| Accuracy:   70.00% |
0.00: 7.05, 6.03, 6.57| | 0.00
output: 0.51, 0.18, 0.31, label: 0.00
1.00: 8.52, 7.25, 7.83| | 0.00
output: 0.56, 0.16, 0.28, label: 1.00
2.00: 6.47, 5.71, 5.95| | 0.00
output: 0.48, 0.23, 0.29, label: 2.00
3.00: 5.11, 4.52, 4.77| | 0.00
output: 0.44, 0.24, 0.31, label: 1.00
4.00: 7.29, 6.56, 6.84| | 0.00
output: 0.47, 0.23, 0.30, label: 2.00
5.00: 6.89, 6.18, 6.60| | 0.00
output: 0.45, 0.22, 0.33, label: 0.00
6.00: 6.84, 6.08, 6.46| | 0.00
output: 0.46, 0.21, 0.32, label: 2.00
7.00: 6.86, 6.08, 6.60| | 0.00
output: 0.45, 0.21, 0.35, label: 0.00
8.00: 5.70, 4.97, 5.39| | 0.00
output: 0.45, 0.21, 0.33, label: 0.00
9.00: 6.85, 5.96, 6.46| | 0.00
output: 0.48, 0.20, 0.32, label: 0.00
+---------------------------------------+
| Epoch:         17| Accuracy:   70.00% |
0.00: 7.48, 6.41, 6.96| | 0.00
output: 0.51, 0.18, 0.31, label: 0.00
1.00: 8.97, 7.73, 8.29| | 0.00
output: 0.56, 0.16, 0.28, label: 1.00
2.00: 6.83, 6.04, 6.29| | 0.00
output: 0.49, 0.22, 0.28, label: 2.00
3.00: 5.38, 4.79, 5.07| | 0.00
output: 0.44, 0.24, 0.32, label: 1.00
4.00: 7.69, 6.95, 7.24| | 0.00
output: 0.47, 0.22, 0.30, label: 2.00
5.00: 7.26, 6.54, 6.97| | 0.00
output: 0.45, 0.22, 0.33, label: 0.00
6.00: 7.21, 6.43, 6.83| | 0.00
output: 0.46, 0.21, 0.32, label: 2.00
7.00: 7.22, 6.44, 6.97| | 0.00
output: 0.45, 0.20, 0.35, label: 0.00
8.00: 5.98, 5.27, 5.72| | 0.00
output: 0.44, 0.21, 0.34, label: 0.00
9.00: 7.21, 6.29, 6.83| | 0.00
output: 0.48, 0.19, 0.33, label: 0.00
+---------------------------------------+
| Epoch:         18| Accuracy:   70.00% |
0.00: 7.82, 6.78, 7.36| | 0.00
output: 0.50, 0.18, 0.32, label: 0.00
1.00: 9.42, 8.20, 8.79| | 0.00
output: 0.55, 0.16, 0.29, label: 1.00
2.00: 7.17, 6.38, 6.68| | 0.00
output: 0.48, 0.22, 0.29, label: 2.00
3.00: 5.66, 5.05, 5.34| | 0.00
output: 0.44, 0.24, 0.32, label: 1.00
4.00: 8.08, 7.31, 7.63| | 0.00
output: 0.48, 0.22, 0.30, label: 2.00
5.00: 7.63, 6.90, 7.33| | 0.00
output: 0.45, 0.22, 0.33, label: 0.00
6.00: 7.57, 6.79, 7.19| | 0.00
output: 0.47, 0.21, 0.32, label: 2.00
7.00: 7.59, 6.80, 7.34| | 0.00
output: 0.45, 0.20, 0.35, label: 0.00
8.00: 6.29, 5.54, 6.00| | 0.00
output: 0.45, 0.21, 0.34, label: 0.00
9.00: 7.55, 6.65, 7.19| | 0.00
output: 0.47, 0.19, 0.33, label: 0.00
+---------------------------------------+
| Epoch:         19| Accuracy:   70.00% |
0.00: 8.25, 7.16, 7.75| | 0.00
output: 0.51, 0.17, 0.31, label: 0.00
1.00: 9.87, 8.64, 9.24| | 0.00
output: 0.55, 0.16, 0.29, label: 1.00
2.00: 7.51, 6.74, 7.01| | 0.00
output: 0.48, 0.22, 0.29, label: 2.00
3.00: 5.93, 5.32, 5.61| | 0.00
output: 0.44, 0.24, 0.32, label: 1.00
4.00: 8.48, 7.73, 8.03| | 0.00
output: 0.47, 0.22, 0.30, label: 2.00
5.00: 8.00, 7.27, 7.70| | 0.00
output: 0.45, 0.21, 0.33, label: 0.00
6.00: 7.91, 7.16, 7.56| | 0.00
output: 0.46, 0.21, 0.32, label: 2.00
7.00: 7.96, 7.19, 7.70| | 0.00
output: 0.45, 0.21, 0.35, label: 0.00
8.00: 6.60, 5.87, 6.30| | 0.00
output: 0.45, 0.21, 0.33, label: 0.00
9.00: 7.92, 7.01, 7.53| | 0.00
output: 0.48, 0.19, 0.32, label: 0.00
+---------------------------------------+
| Epoch:         20| Accuracy:   70.00% |
0.00: 8.59, 7.55, 8.12| | 0.00
output: 0.50, 0.18, 0.31, label: 0.00
1.00: 10.33, 9.12, 9.69| | 0.00
output: 0.55, 0.16, 0.29, label: 1.00
2.00: 7.88, 7.09, 7.35| | 0.00
output: 0.49, 0.22, 0.29, label: 2.00
3.00: 6.21, 5.59, 5.89| | 0.00
output: 0.44, 0.24, 0.32, label: 1.00
4.00: 8.85, 8.11, 8.42| | 0.00
output: 0.47, 0.22, 0.30, label: 2.00
5.00: 8.37, 7.63, 8.07| | 0.00
output: 0.45, 0.21, 0.33, label: 0.00
6.00: 8.28, 7.51, 7.92| | 0.00
output: 0.46, 0.21, 0.32, label: 2.00
7.00: 8.33, 7.54, 8.06| | 0.00
output: 0.45, 0.21, 0.34, label: 0.00
8.00: 6.88, 6.14, 6.61| | 0.00
output: 0.45, 0.21, 0.34, label: 0.00
9.00: 8.27, 7.37, 7.89| | 0.00
output: 0.48, 0.19, 0.33, label: 0.00
+---------------------------------------+
| Epoch:         21| Accuracy:   70.00% |
0.00: 9.02, 7.94, 8.51| | 0.00
output: 0.51, 0.17, 0.31, label: 0.00
1.00: 10.78, 9.56, 10.14| | 0.00
output: 0.55, 0.16, 0.29, label: 1.00
2.00: 8.22, 7.42, 7.69| | 0.00
output: 0.49, 0.22, 0.29, label: 2.00
3.00: 6.49, 5.86, 6.16| | 0.00
output: 0.44, 0.24, 0.32, label: 1.00
4.00: 9.25, 8.50, 8.79| | 0.00
output: 0.47, 0.22, 0.30, label: 2.00
5.00: 8.74, 7.99, 8.43| | 0.00
output: 0.45, 0.21, 0.33, label: 0.00
6.00: 8.65, 7.87, 8.29| | 0.00
output: 0.46, 0.21, 0.32, label: 2.00
7.00: 8.69, 7.90, 8.43| | 0.00
output: 0.45, 0.20, 0.35, label: 0.00
8.00: 7.19, 6.44, 6.89| | 0.00
output: 0.45, 0.21, 0.33, label: 0.00
9.00: 8.62, 7.70, 8.23| | 0.00
output: 0.48, 0.19, 0.32, label: 0.00
+---------------------------------------+
| Epoch:         22| Accuracy:   70.00% |
0.00: 9.36, 8.30, 8.88| | 0.00
output: 0.51, 0.18, 0.31, label: 0.00
1.00: 11.26, 10.01, 10.59| | 0.00
output: 0.55, 0.16, 0.29, label: 1.00
2.00: 8.55, 7.78, 8.05| | 0.00
output: 0.48, 0.22, 0.29, label: 2.00
3.00: 6.76, 6.16, 6.43| | 0.00
output: 0.44, 0.24, 0.32, label: 1.00
4.00: 9.65, 8.90, 9.19| | 0.00
output: 0.47, 0.22, 0.30, label: 2.00
5.00: 9.10, 8.38, 8.80| | 0.00
output: 0.45, 0.22, 0.33, label: 0.00
6.00: 9.02, 8.26, 8.65| | 0.00
output: 0.46, 0.21, 0.32, label: 2.00
7.00: 9.06, 8.27, 8.79| | 0.00
output: 0.45, 0.20, 0.34, label: 0.00
8.00: 7.49, 6.74, 7.19| | 0.00
output: 0.45, 0.21, 0.33, label: 0.00
9.00: 8.99, 8.09, 8.59| | 0.00
output: 0.48, 0.20, 0.32, label: 0.00
+---------------------------------------+
| Epoch:         23| Accuracy:   70.00% |
0.00: 9.75, 8.72, 9.25| | 0.00
output: 0.51, 0.18, 0.31, label: 0.00
1.00: 11.68, 10.49, 11.04| | 0.00
output: 0.54, 0.16, 0.29, label: 1.00
2.00: 8.89, 8.11, 8.39| | 0.00
output: 0.48, 0.22, 0.29, label: 2.00
3.00: 7.00, 6.43, 6.71| | 0.00
output: 0.43, 0.24, 0.32, label: 1.00
4.00: 10.01, 9.28, 9.58| | 0.00
output: 0.47, 0.22, 0.30, label: 2.00
5.00: 9.44, 8.74, 9.17| | 0.00
output: 0.44, 0.22, 0.34, label: 0.00
6.00: 9.35, 8.62, 9.01| | 0.00
output: 0.46, 0.22, 0.32, label: 2.00
7.00: 9.39, 8.62, 9.16| | 0.00
output: 0.44, 0.21, 0.35, label: 0.00
8.00: 7.77, 7.04, 7.50| | 0.00
output: 0.45, 0.21, 0.34, label: 0.00
9.00: 9.30, 8.42, 8.93| | 0.00
output: 0.47, 0.20, 0.33, label: 0.00
+---------------------------------------+
| Epoch:         24| Accuracy:   70.00% |
0.00: 10.12, 9.08, 9.65| | 0.00
output: 0.51, 0.18, 0.31, label: 0.00
1.00: 12.16, 10.96, 11.49| | 0.00
output: 0.55, 0.16, 0.28, label: 1.00
2.00: 9.26, 8.47, 8.72| | 0.00
output: 0.49, 0.22, 0.29, label: 2.00
3.00: 7.31, 6.70, 6.98| | 0.00
output: 0.44, 0.24, 0.32, label: 1.00
4.00: 10.42, 9.67, 9.97| | 0.00
output: 0.47, 0.22, 0.30, label: 2.00
5.00: 9.84, 9.10, 9.53| | 0.00
output: 0.45, 0.21, 0.33, label: 0.00
6.00: 9.74, 8.95, 9.35| | 0.00
output: 0.47, 0.21, 0.32, label: 2.00
7.00: 9.76, 8.98, 9.49| | 0.00
output: 0.45, 0.21, 0.34, label: 0.00
8.00: 8.08, 7.34, 7.78| | 0.00
output: 0.45, 0.21, 0.33, label: 0.00
9.00: 9.70, 8.78, 9.29| | 0.00
output: 0.48, 0.19, 0.32, label: 0.00
+---------------------------------------+
| Epoch:         25| Accuracy:   70.00% |
0.00: 10.52, 9.47, 10.01| | 0.00
output: 0.51, 0.18, 0.31, label: 0.00
1.00: 12.58, 11.40, 11.96| | 0.00
output: 0.54, 0.17, 0.29, label: 1.00
2.00: 9.57, 8.80, 9.08| | 0.00
output: 0.48, 0.22, 0.29, label: 2.00
3.00: 7.55, 6.96, 7.25| | 0.00
output: 0.44, 0.24, 0.32, label: 1.00
4.00: 10.78, 10.03, 10.34| | 0.00
output: 0.47, 0.22, 0.30, label: 2.00
5.00: 10.18, 9.45, 9.90| | 0.00
output: 0.45, 0.21, 0.34, label: 0.00
6.00: 10.08, 9.30, 9.71| | 0.00
output: 0.46, 0.21, 0.32, label: 2.00
7.00: 10.10, 9.34, 9.86| | 0.00
output: 0.44, 0.21, 0.35, label: 0.00
8.00: 8.36, 7.61, 8.08| | 0.00
output: 0.45, 0.21, 0.34, label: 0.00
9.00: 10.04, 9.11, 9.65| | 0.00
output: 0.48, 0.19, 0.33, label: 0.00
+---------------------------------------+
| Epoch:         26| Accuracy:   70.00% |
0.00: 10.86, 9.83, 10.41| | 0.00
output: 0.50, 0.18, 0.32, label: 0.00
1.00: 13.04, 11.85, 12.41| | 0.00
output: 0.54, 0.16, 0.29, label: 1.00
2.00: 9.93, 9.13, 9.42| | 0.00
output: 0.49, 0.22, 0.29, label: 2.00
3.00: 7.83, 7.23, 7.52| | 0.00
output: 0.44, 0.24, 0.32, label: 1.00
4.00: 11.18, 10.42, 10.73| | 0.00
output: 0.47, 0.22, 0.30, label: 2.00
5.00: 10.55, 9.81, 10.26| | 0.00
output: 0.45, 0.21, 0.34, label: 0.00
6.00: 10.42, 9.66, 10.07| | 0.00
output: 0.46, 0.21, 0.32, label: 2.00
7.00: 10.47, 9.70, 10.22| | 0.00
output: 0.45, 0.21, 0.35, label: 0.00
8.00: 8.67, 7.91, 8.38| | 0.00
output: 0.45, 0.21, 0.34, label: 0.00
9.00: 10.38, 9.47, 9.99| | 0.00
output: 0.48, 0.19, 0.32, label: 0.00
+---------------------------------------+
| Epoch:         27| Accuracy:   70.00% |
0.00: 11.26, 10.22, 10.77| | 0.00
output: 0.51, 0.18, 0.31, label: 0.00
1.00: 13.46, 12.29, 12.87| | 0.00
output: 0.54, 0.17, 0.29, label: 1.00
2.00: 10.24, 9.48, 9.76| | 0.00
output: 0.48, 0.22, 0.29, label: 2.00
3.00: 8.08, 7.50, 7.79| | 0.00
output: 0.43, 0.24, 0.32, label: 1.00
4.00: 11.55, 10.81, 11.13| | 0.00
output: 0.47, 0.22, 0.31, label: 2.00
5.00: 10.90, 10.17, 10.63| | 0.00
output: 0.44, 0.21, 0.34, label: 0.00
6.00: 10.76, 10.02, 10.44| | 0.00
output: 0.45, 0.21, 0.33, label: 2.00
7.00: 10.81, 10.05, 10.58| | 0.00
output: 0.44, 0.21, 0.35, label: 0.00
8.00: 8.95, 8.21, 8.66| | 0.00
output: 0.45, 0.21, 0.34, label: 0.00
9.00: 10.72, 9.83, 10.35| | 0.00
output: 0.47, 0.19, 0.33, label: 0.00
+---------------------------------------+
| Epoch:         28| Accuracy:   70.00% |
0.00: 11.63, 10.58, 11.17| | 0.00
output: 0.51, 0.18, 0.32, label: 0.00
1.00: 13.94, 12.74, 13.31| | 0.00
output: 0.54, 0.16, 0.29, label: 1.00
2.00: 10.62, 9.82, 10.12| | 0.00
output: 0.49, 0.22, 0.29, label: 2.00
3.00: 8.38, 7.77, 8.06| | 0.00
output: 0.44, 0.24, 0.32, label: 1.00
4.00: 11.98, 11.19, 11.52| | 0.00
output: 0.48, 0.22, 0.30, label: 2.00
5.00: 11.29, 10.53, 10.99| | 0.00
output: 0.45, 0.21, 0.33, label: 0.00
6.00: 11.16, 10.38, 10.80| | 0.00
output: 0.46, 0.21, 0.32, label: 2.00
7.00: 11.21, 10.41, 10.95| | 0.00
output: 0.45, 0.20, 0.35, label: 0.00
8.00: 9.26, 8.48, 8.96| | 0.00
output: 0.45, 0.21, 0.34, label: 0.00
9.00: 11.08, 10.16, 10.69| | 0.00
output: 0.48, 0.19, 0.32, label: 0.00
+---------------------------------------+
| Epoch:         29| Accuracy:   70.00% |
0.00: 12.03, 10.96, 11.53| | 0.00
output: 0.51, 0.18, 0.31, label: 0.00
1.00: 14.36, 13.18, 13.76| | 0.00
output: 0.54, 0.16, 0.29, label: 1.00
2.00: 10.95, 10.15, 10.45| | 0.00
output: 0.49, 0.22, 0.29, label: 2.00
3.00: 8.63, 8.04, 8.34| | 0.00
output: 0.43, 0.24, 0.32, label: 1.00
4.00: 12.32, 11.58, 11.89| | 0.00
output: 0.47, 0.22, 0.30, label: 2.00
5.00: 11.63, 10.89, 11.36| | 0.00
output: 0.45, 0.21, 0.34, label: 0.00
6.00: 11.49, 10.74, 11.16| | 0.00
output: 0.46, 0.21, 0.33, label: 2.00
7.00: 11.54, 10.75, 11.31| | 0.00
output: 0.45, 0.20, 0.35, label: 0.00
8.00: 9.54, 8.78, 9.27| | 0.00
output: 0.45, 0.21, 0.34, label: 0.00
9.00: 11.42, 10.52, 11.05| | 0.00
output: 0.48, 0.19, 0.33, label: 0.00
+---------------------------------------+
| Epoch:         30| Accuracy:   70.00% |
0.00: 12.40, 11.33, 11.92| | 0.00
output: 0.51, 0.17, 0.32, label: 0.00
1.00: 14.84, 13.63, 14.21| | 0.00
output: 0.55, 0.16, 0.29, label: 1.00
2.00: 11.29, 10.48, 10.79| | 0.00
output: 0.49, 0.21, 0.29, label: 2.00
3.00: 8.91, 8.28, 8.61| | 0.00
output: 0.44, 0.23, 0.32, label: 1.00
4.00: 12.72, 11.95, 12.28| | 0.00
output: 0.47, 0.22, 0.30, label: 2.00
5.00: 12.00, 11.25, 11.73| | 0.00
output: 0.45, 0.21, 0.34, label: 0.00
6.00: 11.86, 11.07, 11.50| | 0.00
output: 0.46, 0.21, 0.32, label: 2.00
7.00: 11.91, 11.11, 11.67| | 0.00
output: 0.45, 0.20, 0.35, label: 0.00
8.00: 9.84, 9.08, 9.54| | 0.00
output: 0.45, 0.21, 0.34, label: 0.00
9.00: 11.79, 10.84, 11.42| | 0.00
output: 0.48, 0.19, 0.33, label: 0.00
+---------------------------------------+
| Epoch:         31| Accuracy:   70.00% |
0.00: 12.77, 11.69, 12.29| | 0.00
output: 0.51, 0.17, 0.32, label: 0.00
1.00: 15.27, 14.10, 14.66| | 0.00
output: 0.54, 0.17, 0.29, label: 1.00
2.00: 11.62, 10.83, 11.15| | 0.00
output: 0.48, 0.22, 0.30, label: 2.00
3.00: 9.18, 8.55, 8.88| | 0.00
output: 0.44, 0.23, 0.33, label: 1.00
4.00: 13.09, 12.33, 12.68| | 0.00
output: 0.47, 0.22, 0.31, label: 2.00
5.00: 12.37, 11.61, 12.09| | 0.00
output: 0.45, 0.21, 0.34, label: 0.00
6.00: 12.20, 11.43, 11.86| | 0.00
output: 0.46, 0.21, 0.33, label: 2.00
7.00: 12.25, 11.46, 12.01| | 0.00
output: 0.45, 0.20, 0.35, label: 0.00
8.00: 10.12, 9.35, 9.85| | 0.00
output: 0.45, 0.21, 0.34, label: 0.00
9.00: 12.10, 11.20, 11.75| | 0.00
output: 0.47, 0.19, 0.33, label: 0.00
+---------------------------------------+
| Epoch:         32| Accuracy:   70.00% |
0.00: 13.14, 12.07, 12.68| | 0.00
output: 0.51, 0.17, 0.32, label: 0.00
1.00: 15.75, 14.54, 15.13| | 0.00
output: 0.54, 0.16, 0.29, label: 1.00
2.00: 11.99, 11.16, 11.48| | 0.00
output: 0.49, 0.21, 0.29, label: 2.00
3.00: 9.46, 8.82, 9.15| | 0.00
output: 0.44, 0.23, 0.32, label: 1.00
4.00: 13.51, 12.72, 13.07| | 0.00
output: 0.48, 0.21, 0.30, label: 2.00
5.00: 12.74, 11.97, 12.46| | 0.00
output: 0.45, 0.21, 0.34, label: 0.00
6.00: 12.59, 11.78, 12.22| | 0.00
output: 0.47, 0.21, 0.32, label: 2.00
7.00: 12.64, 11.82, 12.37| | 0.00
output: 0.45, 0.20, 0.35, label: 0.00
8.00: 10.43, 9.65, 10.15| | 0.00
output: 0.45, 0.21, 0.34, label: 0.00
9.00: 12.49, 11.56, 12.11| | 0.00
output: 0.48, 0.19, 0.33, label: 0.00
+---------------------------------------+
| Epoch:         33| Accuracy:   70.00% |
0.00: 13.53, 12.44, 13.05| | 0.00
output: 0.51, 0.17, 0.32, label: 0.00
1.00: 16.17, 14.99, 15.58| | 0.00
output: 0.54, 0.16, 0.30, label: 1.00
2.00: 12.30, 11.50, 11.82| | 0.00
output: 0.48, 0.21, 0.30, label: 2.00
3.00: 9.72, 9.09, 9.40| | 0.00
output: 0.44, 0.23, 0.32, label: 1.00
4.00: 13.85, 13.11, 13.44| | 0.00
output: 0.47, 0.22, 0.31, label: 2.00
5.00: 13.11, 12.33, 12.82| | 0.00
output: 0.45, 0.21, 0.34, label: 0.00
6.00: 12.92, 12.14, 12.59| | 0.00
output: 0.46, 0.21, 0.33, label: 2.00
7.00: 12.97, 12.18, 12.74| | 0.00
output: 0.45, 0.20, 0.35, label: 0.00
8.00: 10.71, 9.95, 10.43| | 0.00
output: 0.45, 0.21, 0.34, label: 0.00
9.00: 12.83, 11.89, 12.45| | 0.00
output: 0.48, 0.19, 0.33, label: 0.00
+---------------------------------------+
| Epoch:         34| Accuracy:   70.00% |
0.00: 13.87, 12.82, 13.44| | 0.00
output: 0.50, 0.17, 0.32, label: 0.00
1.00: 16.62, 15.44, 16.04| | 0.00
output: 0.54, 0.16, 0.30, label: 1.00
2.00: 12.66, 11.85, 12.15| | 0.00
output: 0.49, 0.22, 0.29, label: 2.00
3.00: 10.00, 9.36, 9.67| | 0.00
output: 0.45, 0.23, 0.32, label: 1.00
4.00: 14.25, 13.47, 13.83| | 0.00
output: 0.47, 0.21, 0.31, label: 2.00
5.00: 13.47, 12.69, 13.19| | 0.00
output: 0.45, 0.21, 0.34, label: 0.00
6.00: 13.26, 12.50, 12.95| | 0.00
output: 0.46, 0.21, 0.33, label: 2.00
7.00: 13.32, 12.54, 13.10| | 0.00
output: 0.44, 0.20, 0.36, label: 0.00
8.00: 11.01, 10.22, 10.73| | 0.00
output: 0.45, 0.21, 0.34, label: 0.00
9.00: 13.17, 12.25, 12.81| | 0.00
output: 0.47, 0.19, 0.33, label: 0.00
+---------------------------------------+
| Epoch:         35| Accuracy:   70.00% |
0.00: 14.29, 13.19, 13.81| | 0.00
output: 0.51, 0.17, 0.32, label: 0.00
1.00: 17.07, 15.88, 16.48| | 0.00
output: 0.54, 0.16, 0.30, label: 1.00
2.00: 13.00, 12.18, 12.52| | 0.00
output: 0.49, 0.21, 0.30, label: 2.00
3.00: 10.27, 9.62, 9.94| | 0.00
output: 0.45, 0.23, 0.32, label: 1.00
4.00: 14.64, 13.86, 14.23| | 0.00
output: 0.47, 0.21, 0.31, label: 2.00
5.00: 13.84, 13.05, 13.55| | 0.00
output: 0.45, 0.21, 0.34, label: 0.00
6.00: 13.63, 12.86, 13.31| | 0.00
output: 0.46, 0.21, 0.33, label: 2.00
7.00: 13.68, 12.90, 13.46| | 0.00
output: 0.44, 0.20, 0.36, label: 0.00
8.00: 11.29, 10.52, 11.04| | 0.00
output: 0.45, 0.21, 0.35, label: 0.00
9.00: 13.53, 12.58, 13.18| | 0.00
output: 0.48, 0.18, 0.33, label: 0.00
+---------------------------------------+
| Epoch:         36| Accuracy:   70.00% |
0.00: 14.66, 13.57, 14.20| | 0.00
output: 0.51, 0.17, 0.32, label: 0.00
1.00: 17.52, 16.33, 16.93| | 0.00
output: 0.54, 0.16, 0.30, label: 1.00
2.00: 13.34, 12.51, 12.85| | 0.00
output: 0.49, 0.21, 0.30, label: 2.00
3.00: 10.54, 9.89, 10.21| | 0.00
output: 0.45, 0.23, 0.32, label: 1.00
4.00: 15.04, 14.25, 14.62| | 0.00
output: 0.47, 0.21, 0.31, label: 2.00
5.00: 14.21, 13.41, 13.92| | 0.00
output: 0.46, 0.20, 0.34, label: 0.00
6.00: 13.99, 13.19, 13.65| | 0.00
output: 0.46, 0.21, 0.33, label: 2.00
7.00: 14.05, 13.23, 13.83| | 0.00
output: 0.45, 0.20, 0.36, label: 0.00
8.00: 11.60, 10.82, 11.31| | 0.00
output: 0.45, 0.21, 0.34, label: 0.00
9.00: 13.87, 12.94, 13.51| | 0.00
output: 0.48, 0.19, 0.33, label: 0.00
+---------------------------------------+
| Epoch:         37| Accuracy:   70.00% |
0.00: 15.06, 13.94, 14.57| | 0.00
output: 0.52, 0.17, 0.32, label: 0.00
1.00: 18.00, 16.78, 17.38| | 0.00
output: 0.54, 0.16, 0.29, label: 1.00
2.00: 13.70, 12.87, 13.19| | 0.00
output: 0.49, 0.21, 0.29, label: 2.00
3.00: 10.82, 10.19, 10.49| | 0.00
output: 0.44, 0.24, 0.32, label: 1.00
4.00: 15.43, 14.64, 14.99| | 0.00
output: 0.48, 0.21, 0.30, label: 2.00
5.00: 14.58, 13.80, 14.29| | 0.00
output: 0.45, 0.21, 0.34, label: 0.00
6.00: 14.36, 13.58, 14.01| | 0.00
output: 0.46, 0.21, 0.32, label: 2.00
7.00: 14.41, 13.62, 14.19| | 0.00
output: 0.44, 0.20, 0.35, label: 0.00
8.00: 11.88, 11.12, 11.62| | 0.00
output: 0.45, 0.21, 0.34, label: 0.00
9.00: 14.23, 13.30, 13.88| | 0.00
output: 0.48, 0.19, 0.33, label: 0.00
+---------------------------------------+
| Epoch:         38| Accuracy:   70.00% |
0.00: 15.43, 14.35, 14.96| | 0.00
output: 0.51, 0.17, 0.32, label: 0.00
1.00: 18.45, 17.28, 17.83| | 0.00
output: 0.54, 0.17, 0.29, label: 1.00
2.00: 14.04, 13.23, 13.55| | 0.00
output: 0.49, 0.21, 0.29, label: 2.00
3.00: 11.06, 10.46, 10.76| | 0.00
output: 0.44, 0.24, 0.32, label: 1.00
4.00: 15.80, 15.03, 15.38| | 0.00
output: 0.47, 0.22, 0.31, label: 2.00
5.00: 14.92, 14.16, 14.65| | 0.00
output: 0.45, 0.21, 0.34, label: 0.00
6.00: 14.73, 13.94, 14.37| | 0.00
output: 0.46, 0.21, 0.32, label: 2.00
7.00: 14.78, 13.97, 14.55| | 0.00
output: 0.45, 0.20, 0.35, label: 0.00
8.00: 12.18, 11.39, 11.89| | 0.00
output: 0.45, 0.21, 0.34, label: 0.00
9.00: 14.60, 13.66, 14.21| | 0.00
output: 0.48, 0.19, 0.33, label: 0.00
+---------------------------------------+
| Epoch:         39| Accuracy:   70.00% |
0.00: 15.80, 14.71, 15.33| | 0.00
output: 0.51, 0.17, 0.32, label: 0.00
1.00: 18.87, 17.72, 18.30| | 0.00
output: 0.53, 0.17, 0.30, label: 1.00
2.00: 14.35, 13.56, 13.88| | 0.00
output: 0.48, 0.22, 0.30, label: 2.00
3.00: 11.34, 10.72, 11.03| | 0.00
output: 0.44, 0.24, 0.32, label: 1.00
4.00: 16.17, 15.41, 15.77| | 0.00
output: 0.47, 0.22, 0.31, label: 2.00
5.00: 15.29, 14.52, 15.02| | 0.00
output: 0.45, 0.21, 0.34, label: 0.00
6.00: 15.06, 14.29, 14.74| | 0.00
output: 0.46, 0.21, 0.33, label: 2.00
7.00: 15.12, 14.33, 14.89| | 0.00
output: 0.44, 0.20, 0.35, label: 0.00
8.00: 12.46, 11.69, 12.20| | 0.00
output: 0.45, 0.21, 0.34, label: 0.00
9.00: 14.91, 14.01, 14.57| | 0.00
output: 0.47, 0.19, 0.33, label: 0.00
+---------------------------------------+
| Epoch:         40| Accuracy:   70.00% |
0.00: 16.17, 15.10, 15.72| | 0.00
output: 0.50, 0.17, 0.32, label: 0.00
1.00: 19.36, 18.16, 18.75| | 0.00
output: 0.54, 0.16, 0.29, label: 1.00
2.00: 14.72, 13.89, 14.22| | 0.00
output: 0.49, 0.21, 0.30, label: 2.00
3.00: 11.62, 10.99, 11.30| | 0.00
output: 0.44, 0.24, 0.32, label: 1.00
4.00: 16.60, 15.80, 16.17| | 0.00
output: 0.48, 0.21, 0.31, label: 2.00
5.00: 15.66, 14.88, 15.38| | 0.00
output: 0.45, 0.21, 0.34, label: 0.00
6.00: 15.46, 14.65, 15.10| | 0.00
output: 0.46, 0.21, 0.32, label: 2.00
7.00: 15.51, 14.69, 15.25| | 0.00
output: 0.45, 0.20, 0.35, label: 0.00
8.00: 12.77, 11.99, 12.50| | 0.00
output: 0.45, 0.21, 0.34, label: 0.00
9.00: 15.30, 14.34, 14.91| | 0.00
output: 0.49, 0.18, 0.33, label: 0.00
+---------------------------------------+
| Epoch:         41| Accuracy:   70.00% |
0.00: 16.56, 15.46, 16.09| | 0.00
output: 0.51, 0.17, 0.32, label: 0.00
1.00: 19.78, 18.61, 19.20| | 0.00
output: 0.53, 0.16, 0.30, label: 1.00
2.00: 15.05, 14.25, 14.58| | 0.00
output: 0.48, 0.21, 0.30, label: 2.00
3.00: 11.88, 11.26, 11.57| | 0.00
output: 0.44, 0.23, 0.32, label: 1.00
4.00: 16.97, 16.16, 16.54| | 0.00
output: 0.48, 0.21, 0.31, label: 2.00
5.00: 16.02, 15.24, 15.75| | 0.00
output: 0.45, 0.21, 0.34, label: 0.00
6.00: 15.79, 15.01, 15.46| | 0.00
output: 0.46, 0.21, 0.33, label: 2.00
7.00: 15.85, 15.05, 15.62| | 0.00
output: 0.45, 0.20, 0.35, label: 0.00
8.00: 13.05, 12.26, 12.78| | 0.00
output: 0.45, 0.21, 0.34, label: 0.00
9.00: 15.64, 14.70, 15.27| | 0.00
output: 0.48, 0.19, 0.33, label: 0.00
+---------------------------------------+
| Epoch:         42| Accuracy:   70.00% |
0.00: 16.90, 15.85, 16.48| | 0.00
output: 0.50, 0.17, 0.33, label: 0.00
1.00: 20.23, 19.06, 19.65| | 0.00
output: 0.53, 0.16, 0.30, label: 1.00
2.00: 15.39, 14.58, 14.92| | 0.00
output: 0.48, 0.21, 0.30, label: 2.00
3.00: 12.16, 11.53, 11.84| | 0.00
output: 0.44, 0.23, 0.32, label: 1.00
4.00: 17.34, 16.55, 16.93| | 0.00
output: 0.47, 0.21, 0.31, label: 2.00
5.00: 16.39, 15.60, 16.11| | 0.00
output: 0.45, 0.20, 0.34, label: 0.00
6.00: 16.13, 15.34, 15.82| | 0.00
output: 0.46, 0.21, 0.33, label: 2.00
7.00: 16.21, 15.38, 15.98| | 0.00
output: 0.45, 0.20, 0.35, label: 0.00
8.00: 13.35, 12.56, 13.08| | 0.00
output: 0.45, 0.20, 0.34, label: 0.00
9.00: 15.98, 15.03, 15.63| | 0.00
output: 0.48, 0.18, 0.34, label: 0.00
+---------------------------------------+
| Epoch:         43| Accuracy:   70.00% |
0.00: 17.33, 16.21, 16.85| | 0.00
output: 0.51, 0.17, 0.32, label: 0.00
1.00: 20.68, 19.50, 20.10| | 0.00
output: 0.53, 0.16, 0.30, label: 1.00
2.00: 15.75, 14.91, 15.25| | 0.00
output: 0.49, 0.21, 0.30, label: 2.00
3.00: 12.43, 11.80, 12.11| | 0.00
output: 0.44, 0.23, 0.32, label: 1.00
4.00: 17.73, 16.94, 17.32| | 0.00
output: 0.47, 0.21, 0.31, label: 2.00
5.00: 16.76, 15.96, 16.48| | 0.00
output: 0.45, 0.20, 0.34, label: 0.00
6.00: 16.49, 15.70, 16.16| | 0.00
output: 0.46, 0.21, 0.33, label: 2.00
7.00: 16.55, 15.74, 16.35| | 0.00
output: 0.44, 0.20, 0.36, label: 0.00
8.00: 13.65, 12.86, 13.38| | 0.00
output: 0.45, 0.20, 0.34, label: 0.00
9.00: 16.34, 15.39, 15.97| | 0.00
output: 0.48, 0.18, 0.33, label: 0.00
+---------------------------------------+
| Epoch:         44| Accuracy:   70.00% |
0.00: 17.67, 16.59, 17.22| | 0.00
output: 0.50, 0.17, 0.32, label: 0.00
1.00: 21.13, 19.95, 20.55| | 0.00
output: 0.53, 0.16, 0.30, label: 1.00
2.00: 16.09, 15.27, 15.61| | 0.00
output: 0.48, 0.21, 0.30, label: 2.00
3.00: 12.70, 12.07, 12.38| | 0.00
output: 0.44, 0.23, 0.32, label: 1.00
4.00: 18.12, 17.33, 17.71| | 0.00
output: 0.47, 0.21, 0.31, label: 2.00
5.00: 17.12, 16.32, 16.84| | 0.00
output: 0.45, 0.20, 0.34, label: 0.00
6.00: 16.86, 16.06, 16.52| | 0.00
output: 0.46, 0.21, 0.33, label: 2.00
7.00: 16.92, 16.10, 16.71| | 0.00
output: 0.44, 0.20, 0.36, label: 0.00
8.00: 13.94, 13.13, 13.66| | 0.00
output: 0.45, 0.20, 0.34, label: 0.00
9.00: 16.68, 15.72, 16.33| | 0.00
output: 0.48, 0.18, 0.34, label: 0.00
+---------------------------------------+
| Epoch:         45| Accuracy:   70.00% |
0.00: 18.09, 16.96, 17.61| | 0.00
output: 0.51, 0.16, 0.32, label: 0.00
1.00: 21.60, 20.42, 21.00| | 0.00
output: 0.54, 0.16, 0.29, label: 1.00
2.00: 16.43, 15.60, 15.95| | 0.00
output: 0.49, 0.21, 0.30, label: 2.00
3.00: 12.98, 12.34, 12.66| | 0.00
output: 0.44, 0.23, 0.32, label: 1.00
4.00: 18.52, 17.72, 18.11| | 0.00
output: 0.47, 0.21, 0.31, label: 2.00
5.00: 17.49, 16.68, 17.21| | 0.00
output: 0.46, 0.20, 0.34, label: 0.00
6.00: 17.22, 16.42, 16.89| | 0.00
output: 0.46, 0.21, 0.33, label: 2.00
7.00: 17.28, 16.46, 17.07| | 0.00
output: 0.44, 0.19, 0.36, label: 0.00
8.00: 14.24, 13.43, 13.96| | 0.00
output: 0.45, 0.20, 0.34, label: 0.00
9.00: 17.04, 16.08, 16.67| | 0.00
output: 0.48, 0.18, 0.33, label: 0.00
+---------------------------------------+
| Epoch:         46| Accuracy:   70.00% |
0.00: 18.43, 17.32, 17.98| | 0.00
output: 0.51, 0.17, 0.32, label: 0.00
1.00: 22.02, 20.86, 21.47| | 0.00
output: 0.53, 0.16, 0.30, label: 1.00
2.00: 16.76, 15.92, 16.29| | 0.00
output: 0.49, 0.21, 0.30, label: 2.00
3.00: 13.22, 12.61, 12.93| | 0.00
output: 0.44, 0.24, 0.33, label: 1.00
4.00: 18.86, 18.08, 18.48| | 0.00
output: 0.47, 0.21, 0.32, label: 2.00
5.00: 17.83, 17.04, 17.58| | 0.00
output: 0.45, 0.20, 0.35, label: 0.00
6.00: 17.56, 16.77, 17.25| | 0.00
output: 0.46, 0.21, 0.33, label: 2.00
7.00: 17.62, 16.82, 17.41| | 0.00
output: 0.44, 0.20, 0.36, label: 0.00
8.00: 14.52, 13.73, 14.27| | 0.00
output: 0.45, 0.20, 0.35, label: 0.00
9.00: 17.38, 16.44, 17.03| | 0.00
output: 0.48, 0.19, 0.34, label: 0.00
+---------------------------------------+
| Epoch:         47| Accuracy:   70.00% |
0.00: 18.83, 17.71, 18.37| | 0.00
output: 0.51, 0.16, 0.32, label: 0.00
1.00: 22.48, 21.31, 21.92| | 0.00
output: 0.53, 0.16, 0.30, label: 1.00
2.00: 17.10, 16.26, 16.62| | 0.00
output: 0.49, 0.21, 0.30, label: 2.00
3.00: 13.50, 12.88, 13.20| | 0.00
output: 0.44, 0.23, 0.32, label: 1.00
4.00: 19.26, 18.47, 18.87| | 0.00
output: 0.47, 0.21, 0.32, label: 2.00
5.00: 18.20, 17.40, 17.94| | 0.00
output: 0.45, 0.20, 0.35, label: 0.00
6.00: 17.93, 17.13, 17.61| | 0.00
output: 0.46, 0.21, 0.33, label: 2.00
7.00: 17.99, 17.17, 17.77| | 0.00
output: 0.44, 0.20, 0.36, label: 0.00
8.00: 14.82, 14.00, 14.54| | 0.00
output: 0.46, 0.20, 0.34, label: 0.00
9.00: 17.72, 16.77, 17.40| | 0.00
output: 0.47, 0.18, 0.34, label: 0.00
+---------------------------------------+
| Epoch:         48| Accuracy:   70.00% |
0.00: 19.20, 18.07, 18.74| | 0.00
output: 0.51, 0.16, 0.32, label: 0.00
1.00: 22.93, 21.76, 22.37| | 0.00
output: 0.53, 0.16, 0.30, label: 1.00
2.00: 17.44, 16.61, 16.98| | 0.00
output: 0.48, 0.21, 0.30, label: 2.00
3.00: 13.77, 13.14, 13.47| | 0.00
output: 0.44, 0.23, 0.32, label: 1.00
4.00: 19.66, 18.86, 19.26| | 0.00
output: 0.47, 0.21, 0.32, label: 2.00
5.00: 18.57, 17.76, 18.30| | 0.00
output: 0.45, 0.20, 0.35, label: 0.00
6.00: 18.29, 17.46, 17.97| | 0.00
output: 0.46, 0.20, 0.34, label: 2.00
7.00: 18.35, 17.53, 18.13| | 0.00
output: 0.45, 0.20, 0.36, label: 0.00
8.00: 15.10, 14.30, 14.85| | 0.00
output: 0.45, 0.20, 0.35, label: 0.00
9.00: 18.09, 17.13, 17.73| | 0.00
output: 0.48, 0.18, 0.33, label: 0.00
+---------------------------------------+
| Epoch:         49| Accuracy:   70.00% |
0.00: 24.30, 22.76, 23.72| | 0.00
output: 0.56, 0.12, 0.31, label: 1.00
1.00: 15.85, 15.16, 15.48| | 0.00
output: 0.46, 0.23, 0.31, label: 0.00
2.00: 20.26, 19.38, 19.73| | 0.00
output: 0.50, 0.21, 0.29, label: 0.00
3.00: 19.53, 18.62, 18.94| | 0.00
output: 0.51, 0.20, 0.28, label: 2.00
4.00: 20.79, 19.86, 20.33| | 0.00
output: 0.49, 0.19, 0.31, label: 0.00
5.00: 25.13, 23.93, 24.48| | 0.00
output: 0.55, 0.16, 0.29, label: 1.00
6.00: 20.89, 20.15, 20.33| | 0.00
output: 0.49, 0.23, 0.28, label: 1.00
7.00: 21.51, 20.96, 20.93| | 0.00
output: 0.47, 0.27, 0.26, label: 1.00
8.00: 18.38, 18.01, 17.86| | 0.00
output: 0.44, 0.30, 0.26, label: 0.00
9.00: 20.32, 19.83, 19.66| | 0.00
output: 0.47, 0.29, 0.24, label: 1.00
The following are the predictions of the DNN:
0: 0| Correct label:1.00
1: 0| Correct label:0.00
2: 0| Correct label:0.00
3: 0| Correct label:2.00
INFO: [SIM 211-1] CSim done with 0 errors.
INFO: [SIM 211-3] *************** CSIM finish ***************
INFO: [HLS 200-112] Total CPU user time: 5 seconds. Total CPU system time: 3 seconds. Total elapsed time: 37.9 seconds; peak allocated memory: 230.770 MB.
INFO: [vitis-run 60-791] Total elapsed time: 0h 0m 47s
