INFO: [vitis-run 60-1548] Creating build summary session with primary output C:/GIM_Repos/GIM_Diabetes/accelerator_diabetes/redo_component/accelerator\accelerator.hlsrun_csim_summary, at 02/24/25 11:46:48
INFO: [vitis-run 82-31] Launching vitis_hls: vitis_hls -nolog -run csim -work_dir C:/GIM_Repos/GIM_Diabetes/accelerator_diabetes/redo_component/accelerator -config C:/GIM_Repos/GIM_Diabetes/accelerator_diabetes/redo_component/hls_config.cfg -cmdlineconfig C:/GIM_Repos/GIM_Diabetes/accelerator_diabetes/redo_component/accelerator/hls/config.cmdline

****** Vitis HLS - High-Level Synthesis from C, C++ and OpenCL v2024.1 (64-bit)
  **** SW Build 5069499 on May 21 2024
  **** IP Build 5075265 on Wed May 22 21:45:21 MDT 2024
  **** SharedData Build 5076995 on Wed May 22 18:29:18 MDT 2024
  **** Start of session at: Mon Feb 24 11:46:52 2025
    ** Copyright 1986-2022 Xilinx, Inc. All Rights Reserved.
    ** Copyright 2022-2024 Advanced Micro Devices, Inc. All Rights Reserved.

source C:/Xilinx/Vitis_HLS/2024.1/scripts/vitis_hls/hls.tcl -notrace
INFO: [HLS 200-10] For user 'GIM' on host 'gim_laptop_1' (Windows NT_amd64 version 10.0) on Mon Feb 24 11:46:58 -0800 2025
INFO: [HLS 200-10] In directory 'C:/GIM_Repos/GIM_Diabetes/accelerator_diabetes/redo_component'
INFO: [HLS 200-2005] Using work_dir C:/GIM_Repos/GIM_Diabetes/accelerator_diabetes/redo_component/accelerator 
INFO: [HLS 200-1505] Using default flow_target 'vivado'
Resolution: For help on HLS 200-1505 see docs.xilinx.com/access/sources/dita/topic?Doc_Version=2024.1%20English&url=ug1448-hls-guidance&resourceid=200-1505.html
INFO: [HLS 200-1465] Applying ini 'syn.file=C:/GIM_Repos/GIM_Diabetes/accelerator_diabetes/accelerator.cpp' from C:/GIM_Repos/GIM_Diabetes/accelerator_diabetes/redo_component/hls_config.cfg(11)
INFO: [HLS 200-10] Adding design file 'C:/GIM_Repos/GIM_Diabetes/accelerator_diabetes/accelerator.cpp' to the project
INFO: [HLS 200-1465] Applying ini 'syn.file=C:/GIM_Repos/GIM_Diabetes/accelerator_diabetes/act_pe.cpp' from C:/GIM_Repos/GIM_Diabetes/accelerator_diabetes/redo_component/hls_config.cfg(12)
INFO: [HLS 200-10] Adding design file 'C:/GIM_Repos/GIM_Diabetes/accelerator_diabetes/act_pe.cpp' to the project
INFO: [HLS 200-1465] Applying ini 'syn.file=C:/GIM_Repos/GIM_Diabetes/accelerator_diabetes/array.cpp' from C:/GIM_Repos/GIM_Diabetes/accelerator_diabetes/redo_component/hls_config.cfg(13)
INFO: [HLS 200-10] Adding design file 'C:/GIM_Repos/GIM_Diabetes/accelerator_diabetes/array.cpp' to the project
INFO: [HLS 200-1465] Applying ini 'syn.file=C:/GIM_Repos/GIM_Diabetes/accelerator_diabetes/bias_pe.cpp' from C:/GIM_Repos/GIM_Diabetes/accelerator_diabetes/redo_component/hls_config.cfg(14)
INFO: [HLS 200-10] Adding design file 'C:/GIM_Repos/GIM_Diabetes/accelerator_diabetes/bias_pe.cpp' to the project
INFO: [HLS 200-1465] Applying ini 'syn.file=C:/GIM_Repos/GIM_Diabetes/accelerator_diabetes/csv_import.cpp' from C:/GIM_Repos/GIM_Diabetes/accelerator_diabetes/redo_component/hls_config.cfg(15)
INFO: [HLS 200-10] Adding design file 'C:/GIM_Repos/GIM_Diabetes/accelerator_diabetes/csv_import.cpp' to the project
INFO: [HLS 200-1465] Applying ini 'syn.file=C:/GIM_Repos/GIM_Diabetes/accelerator_diabetes/error_pe.cpp' from C:/GIM_Repos/GIM_Diabetes/accelerator_diabetes/redo_component/hls_config.cfg(16)
INFO: [HLS 200-10] Adding design file 'C:/GIM_Repos/GIM_Diabetes/accelerator_diabetes/error_pe.cpp' to the project
INFO: [HLS 200-1465] Applying ini 'syn.file=C:/GIM_Repos/GIM_Diabetes/accelerator_diabetes/gim_model.h' from C:/GIM_Repos/GIM_Diabetes/accelerator_diabetes/redo_component/hls_config.cfg(17)
INFO: [HLS 200-10] Adding design file 'C:/GIM_Repos/GIM_Diabetes/accelerator_diabetes/gim_model.h' to the project
INFO: [HLS 200-1465] Applying ini 'syn.file=C:/GIM_Repos/GIM_Diabetes/accelerator_diabetes/weight_pe.cpp' from C:/GIM_Repos/GIM_Diabetes/accelerator_diabetes/redo_component/hls_config.cfg(18)
INFO: [HLS 200-10] Adding design file 'C:/GIM_Repos/GIM_Diabetes/accelerator_diabetes/weight_pe.cpp' to the project
INFO: [HLS 200-1465] Applying ini 'syn.file=C:\GIM_Repos\GIM_Diabetes\accelerator_diabetes\X_test.csv' from C:/GIM_Repos/GIM_Diabetes/accelerator_diabetes/redo_component/hls_config.cfg(19)
INFO: [HLS 200-10] Adding design file 'C:/GIM_Repos/GIM_Diabetes/accelerator_diabetes/X_test.csv' to the project
INFO: [HLS 200-1465] Applying ini 'syn.file=C:\GIM_Repos\GIM_Diabetes\accelerator_diabetes\X_train.csv' from C:/GIM_Repos/GIM_Diabetes/accelerator_diabetes/redo_component/hls_config.cfg(20)
INFO: [HLS 200-10] Adding design file 'C:/GIM_Repos/GIM_Diabetes/accelerator_diabetes/X_train.csv' to the project
INFO: [HLS 200-1465] Applying ini 'syn.file=C:\GIM_Repos\GIM_Diabetes\accelerator_diabetes\Y_test.csv' from C:/GIM_Repos/GIM_Diabetes/accelerator_diabetes/redo_component/hls_config.cfg(21)
INFO: [HLS 200-10] Adding design file 'C:/GIM_Repos/GIM_Diabetes/accelerator_diabetes/Y_test.csv' to the project
INFO: [HLS 200-1465] Applying ini 'syn.file=C:\GIM_Repos\GIM_Diabetes\accelerator_diabetes\Y_train.csv' from C:/GIM_Repos/GIM_Diabetes/accelerator_diabetes/redo_component/hls_config.cfg(22)
INFO: [HLS 200-10] Adding design file 'C:/GIM_Repos/GIM_Diabetes/accelerator_diabetes/Y_train.csv' to the project
INFO: [HLS 200-1465] Applying ini 'tb.file=C:/GIM_Repos/GIM_Diabetes/accelerator_diabetes/main.cpp' from C:/GIM_Repos/GIM_Diabetes/accelerator_diabetes/redo_component/hls_config.cfg(8)
INFO: [HLS 200-10] Adding test bench file 'C:/GIM_Repos/GIM_Diabetes/accelerator_diabetes/main.cpp' to the project
INFO: [HLS 200-1465] Applying ini 'syn.top=accelerator' from C:/GIM_Repos/GIM_Diabetes/accelerator_diabetes/redo_component/hls_config.cfg(7)
INFO: [HLS 200-1465] Applying ini 'flow_target=vivado' from C:/GIM_Repos/GIM_Diabetes/accelerator_diabetes/redo_component/hls_config.cfg(4)
INFO: [HLS 200-1505] Using flow_target 'vivado'
Resolution: For help on HLS 200-1505 see docs.xilinx.com/access/sources/dita/topic?Doc_Version=2024.1%20English&url=ug1448-hls-guidance&resourceid=200-1505.html
INFO: [HLS 200-1465] Applying ini 'part=xczu3eg-sfvc784-1-e' from C:/GIM_Repos/GIM_Diabetes/accelerator_diabetes/redo_component/hls_config.cfg(1)
INFO: [HLS 200-1611] Setting target device to 'xczu3eg-sfvc784-1-e'
INFO: [HLS 200-1465] Applying ini 'clock=10ns' from C:/GIM_Repos/GIM_Diabetes/accelerator_diabetes/redo_component/hls_config.cfg(9)
INFO: [SYN 201-201] Setting up clock 'default' with a period of 10ns.
INFO: [HLS 200-1465] Applying ini 'clock_uncertainty=2ns' from C:/GIM_Repos/GIM_Diabetes/accelerator_diabetes/redo_component/hls_config.cfg(10)
INFO: [SYN 201-201] Setting up clock 'default' with an uncertainty of 2ns.
INFO: [HLS 200-1465] Applying ini 'package.output.format=ip_catalog' from C:/GIM_Repos/GIM_Diabetes/accelerator_diabetes/redo_component/hls_config.cfg(5)
INFO: [SIM 211-2] *************** CSIM start ***************
INFO: [SIM 211-4] CSIM will launch CLANG as the compiler.
INFO: [HLS 200-2036] Building debug C Simulation binaries
   Compiling ../../../../../accelerator.cpp in debug mode
   Generating csim.exe
In file included from ../../../../../accelerator.cpp:1:
In file included from ../../../../../gim_model.h:4:
In file included from C:/Xilinx/Vitis_HLS/2024.1/include/ap_fixed.h:9:
In file included from C:/Xilinx/Vitis_HLS/2024.1/include/etc/ap_common.h:658:
In file included from C:/Xilinx/Vitis_HLS/2024.1/include/etc/ap_private.h:68:
In file included from C:/Xilinx/Vitis_HLS/2024.1/include/hls_half.h:26:
In file included from C:/Xilinx/Vitis_HLS/2024.1/include/etc/hls_half_fpo.h:19:
In file included from C:/Xilinx/Vitis_HLS/2024.1/include/hls_fpo.h:140:
In file included from C:/Xilinx/Vitis_HLS/2024.1/include/floating_point_v7_1_bitacc_cmodel.h:150:
C:/Xilinx/Vitis_HLS/2024.1/include/gmp.h:58:9: warning: '__GMP_LIBGMP_DLL' macro redefined [-Wmacro-redefined]
#define __GMP_LIBGMP_DLL  0
        ^
C:/Xilinx/Vitis_HLS/2024.1/include/floating_point_v7_1_bitacc_cmodel.h:142:9: note: previous definition is here
#define __GMP_LIBGMP_DLL 1
        ^
1 warning generated.
Y_train size: 311072
Y00, 10: 01
CSV files successfully loaded
layer 2 weight: {0.0292969, -0.0214844 }
layer 2 weight: {0.0292969, -0.0214844 }
layer 2 weight: {0.0332031, -0.0117188 }
layer 2 weight: {0.214844, 0.0859375 }
layer 2 weight: {0.0898438, 0.0878906 }
layer 2 weight: {0.650391, 0.0605469 }
layer 2 weight: {-19.1836, 0.101562 }
layer 2 weight: {-19.4258, 0.0703125 }
layer 2 weight: {-54.7383, 1.22852 }
layer 2 weight: {-54.8008, 1.20508 }
layer 2 weight: {-53.043, 1.09961 }
layer 2 weight: {-52.6113, 1.08789 }
layer 2 weight: {-26.8848, 5.2168 }
layer 2 weight: {-12.5391, 15.4023 }
layer 2 weight: {-6.37695, 41.4062 }
layer 2 weight: {-6.45117, 43.2559 }
layer 2 weight: {-5.76758, 48.9141 }
layer 2 weight: {-5.78516, 48.8574 }
layer 2 weight: {-2.70117, 52.6875 }
layer 2 weight: {5.90625, -59.0859 }
layer 2 weight: {5.85742, -56.1426 }
layer 2 weight: {-27.8809, 58.8145 }
layer 2 weight: {19.9316, -10.9688 }
layer 2 weight: {33.2129, 1.87109 }
layer 2 weight: {35.0293, 2.53125 }
layer 2 weight: {-23.0215, -51.8438 }
layer 2 weight: {-20.166, -51.916 }
layer 2 weight: {-18.9473, -51.668 }
layer 2 weight: {-13.1152, -50.2461 }
layer 2 weight: {-9.32812, -49.2891 }
layer 2 weight: {-7.94531, -49.3477 }
layer 2 weight: {-8.03711, -48.2832 }
layer 2 weight: {-8.08008, -48.3008 }
layer 2 weight: {-6.60352, -46.293 }
layer 2 weight: {-6.6582, -44.2227 }
layer 2 weight: {-39.6855, -31.7852 }
layer 2 weight: {-38.9316, -31.9902 }
layer 2 weight: {30.9512, -24.5605 }
layer 2 weight: {31.0156, -19.3945 }
layer 2 weight: {41.8359, -8.31641 }
layer 2 weight: {30.3574, -3.67773 }
layer 2 weight: {16.1426, -1.48047 }
layer 2 weight: {53.9336, 6.46484 }
layer 2 weight: {45.0625, 8.14844 }
layer 2 weight: {46.582, 8.08203 }
layer 2 weight: {47.418, -29.9648 }
layer 2 weight: {-56.0215, -8.60547 }
layer 2 weight: {-56.2012, -8.66602 }
layer 2 weight: {-48.8301, -63.3672 }
layer 2 weight: {21.8379, -62.2637 }
layer 2 weight: {-49.666, 39.3027 }
layer 2 weight: {21.4961, 2.99023 }
layer 2 weight: {24.5, 3.5332 }
layer 2 weight: {53.375, 47.3281 }
layer 2 weight: {53.2383, 49.7031 }
layer 2 weight: {-31.3555, -17.1562 }
layer 2 weight: {15.5527, 1.27539 }
layer 2 weight: {15.4961, 1.20703 }
layer 2 weight: {15.623, 1.08789 }
layer 2 weight: {16.1914, 0.996094 }
layer 2 weight: {17.0527, 0.765625 }
layer 2 weight: {-40.4375, -28.8555 }
layer 2 weight: {48.9727, -47.2852 }
layer 2 weight: {28.2559, 55.7246 }
layer 2 weight: {28.1797, 58.0918 }
layer 2 weight: {28.0918, 57.9863 }
layer 2 weight: {50.9531, 62.5703 }
layer 2 weight: {51.7246, 63.2715 }
layer 2 weight: {-58.7246, 58.0312 }
layer 2 weight: {-57.1484, 57.8105 }
layer 2 weight: {51.0645, 48.6191 }
layer 2 weight: {56.4297, 48.9453 }
layer 2 weight: {57.1523, 48.8984 }
layer 2 weight: {26.1113, 16.0098 }
layer 2 weight: {-37.3262, -48.8105 }
layer 2 weight: {-36.8945, -48.7402 }
layer 2 weight: {-34.4492, -47.1992 }
layer 2 weight: {1.92969, -33.127 }
layer 2 weight: {-23.2012, -53.459 }
layer 2 weight: {-23.2754, -53.5547 }
layer 2 weight: {-23.3477, -51.9766 }
layer 2 weight: {-10.1445, 26.0488 }
layer 2 weight: {-10.2227, 27.0371 }
layer 2 weight: {-2.29297, 45.1699 }
layer 2 weight: {-7.82812, 51.6543 }
layer 2 weight: {-1.83789, -54.7793 }
layer 2 weight: {-2.89648, -39.8926 }
layer 2 weight: {-1.88477, 24.4961 }
layer 2 weight: {-1.97266, 25.877 }
layer 2 weight: {-1.27344, 28.0156 }
layer 2 weight: {-1.33008, 28.6016 }
layer 2 weight: {8.09375, 37.25 }
layer 2 weight: {-3.46289, 50.4648 }
layer 2 weight: {-3.55273, 50.4609 }
layer 2 weight: {-1.27539, -14.9844 }
layer 2 weight: {-1.30078, -14.9941 }
layer 2 weight: {-21.5508, -7.83008 }
layer 2 weight: {-21.541, -7.83203 }
layer 2 weight: {-19.0176, 0.0351562 }
layer 2 weight: {-14.1797, -0.248047 }
layer 2 weight: {40.7324, -49.8242 }
layer 2 weight: {45.4785, -41.002 }
layer 2 weight: {45.4375, -41.0312 }
layer 2 weight: {-51.8789, -35.1016 }
layer 2 weight: {-45.4609, -20.668 }
layer 2 weight: {-45.0156, -20.6465 }
layer 2 weight: {-43.6406, -20.8066 }
layer 2 weight: {-30.7832, -10.6484 }
layer 2 weight: {-30.832, -9.44922 }
layer 2 weight: {58.0098, -60.0645 }
layer 2 weight: {29.3594, 25.8438 }
layer 2 weight: {56.4082, 28.2871 }
layer 2 weight: {56.3633, 28.2441 }
layer 2 weight: {57.7441, 14.2129 }
layer 2 weight: {59.4043, 15.2129 }
layer 2 weight: {56.9883, 16.3477 }
layer 2 weight: {58.7539, 16.2793 }
layer 2 weight: {-51.8418, 21.4902 }
layer 2 weight: {43.543, 21.0234 }
layer 2 weight: {50.6445, 25.3691 }
layer 2 weight: {55.8027, -14.4648 }
layer 2 weight: {28.3301, 0.800781 }
layer 2 weight: {46.875, -12.5156 }
layer 2 weight: {47.082, -16.2422 }
layer 2 weight: {46.8477, -16.4453 }
layer 2 weight: {46.7656, -16.7734 }
layer 2 weight: {46.7324, -16.8184 }
layer 2 weight: {46.5801, -13.4258 }
layer 2 weight: {47.3184, -13.4355 }
layer 2 weight: {55.8613, 13.0938 }
layer 2 weight: {56.0684, 12.8301 }
layer 2 weight: {57.3281, 12.7344 }
layer 2 weight: {6.16992, 14.1738 }
layer 2 weight: {8.07422, 15.6172 }
layer 2 weight: {-41.6992, 19.5488 }
layer 2 weight: {-41.9766, 19.4746 }
layer 2 weight: {-40.4355, 19.2988 }
layer 2 weight: {-36.2344, 25.6055 }
layer 2 weight: {-33.5605, 28.1348 }
layer 2 weight: {-33.0195, 29.1055 }
layer 2 weight: {-63.6484, 42.4258 }
layer 2 weight: {-60.002, 46.1484 }
layer 2 weight: {-38.498, 58.3828 }
layer 2 weight: {-36.7812, 58.3789 }
layer 2 weight: {-36.9512, 58.4961 }
layer 2 weight: {-34.7773, 58.4297 }
layer 2 weight: {-15.1172, 4.09961 }
layer 2 weight: {-15.3926, 3.88867 }
layer 2 weight: {-15.4785, 6.13086 }
layer 2 weight: {-5.4668, 47.2793 }
layer 2 weight: {-4.00781, 47.1484 }
layer 2 weight: {19.8574, -61.6348 }
layer 2 weight: {23.0703, -60.668 }
layer 2 weight: {24.127, -59.5703 }
layer 2 weight: {35.4297, -14.5117 }
layer 2 weight: {35.1465, -13.9648 }
layer 2 weight: {34.9766, -14.2148 }
layer 2 weight: {34.8301, -14.4609 }
layer 2 weight: {60.332, -50.6641 }
layer 2 weight: {60.2031, -49.8711 }
layer 2 weight: {-49.8438, 12.7168 }
layer 2 weight: {-50.0938, 12.5078 }
layer 2 weight: {-46.4062, 23.6328 }
layer 2 weight: {-43.5859, 25.9258 }
layer 2 weight: {-43.4199, 25.9062 }
layer 2 weight: {-33.5273, -55.5996 }
layer 2 weight: {-30.7168, -55.8516 }
layer 2 weight: {-27.2676, -56.0371 }
layer 2 weight: {-17.8477, -20.2715 }
layer 2 weight: {-17.0469, -17.4199 }
layer 2 weight: {-16.9805, -17.334 }
layer 2 weight: {-6.88672, -4.95312 }
layer 2 weight: {-6.27148, -5.03516 }
layer 2 weight: {4.27734, -4.93164 }
layer 2 weight: {7.4668, -1.47656 }
layer 2 weight: {36.9453, 0.890625 }
layer 2 weight: {36.9434, 0.859375 }
layer 2 weight: {37.8242, 0.792969 }
layer 2 weight: {38.6133, 1.69141 }
layer 2 weight: {-9.95898, 15.7578 }
layer 2 weight: {-47.2012, 61.1719 }
layer 2 weight: {-16.0898, 44.9785 }
layer 2 weight: {-16.0781, 45.0156 }
layer 2 weight: {6.19531, 58.1094 }
layer 2 weight: {5.9668, 57.8789 }
layer 2 weight: {-34.2363, -17.416 }
layer 2 weight: {-28.4316, -15.168 }
layer 2 weight: {-42.041, -47.1738 }
layer 2 weight: {-42.0547, -43.1582 }
layer 2 weight: {-18.1445, -14.8184 }
layer 2 weight: {-15.1094, -15.4375 }
layer 2 weight: {-14.4941, -15.4707 }
layer 2 weight: {1.25391, 17.2148 }
layer 2 weight: {16.8105, 11.5059 }
layer 2 weight: {6.29883, -0.492188 }
layer 2 weight: {11.2344, -42.8848 }
layer 2 weight: {-23.8184, -47.8027 }
layer 2 weight: {-22.1504, -47.8574 }
layer 2 weight: {-22.2363, -47.7148 }
layer 2 weight: {-1.40625, 49.6426 }
layer 2 weight: {0.246094, 50.6094 }
layer 2 weight: {4.00195, -48.4922 }
layer 2 weight: {3.67578, -48.8359 }
layer 2 weight: {4.94727, -38.2305 }
layer 2 weight: {6.43945, -34.6172 }
layer 2 weight: {5.19141, -33.9863 }
layer 2 weight: {5.09961, -31.2676 }
layer 2 weight: {7.05664, -31.2324 }
layer 2 weight: {62.1289, 20.0781 }
layer 2 weight: {62.1875, 20.0723 }
layer 2 weight: {-34.1719, -8.46289 }
layer 2 weight: {-34.3828, -6.10938 }
layer 2 weight: {-34.5625, -3.97656 }
layer 2 weight: {-34.7578, -2.91211 }
layer 2 weight: {-33.4258, -2.99609 }
layer 2 weight: {31.0898, -39.6719 }
layer 2 weight: {16.1133, -22.1426 }
layer 2 weight: {16.8359, -22.3945 }
layer 2 weight: {-44.084, 21.834 }
layer 2 weight: {-35.4863, 32.5371 }
layer 2 weight: {-33.1973, 32.4844 }
layer 2 weight: {-9.08203, -53.9492 }
layer 2 weight: {-1.27539, -38.6699 }
layer 2 weight: {-0.619141, -38.7246 }
layer 2 weight: {1.94531, -36.5996 }
layer 2 weight: {-7.71875, 26.502 }
layer 2 weight: {-7.35938, 26.4355 }
layer 2 weight: {15.2539, 42.0332 }
layer 2 weight: {-18.5039, 45.5801 }
layer 2 weight: {-18.6191, 45.8418 }
layer 2 weight: {-18.9023, 49.4199 }
layer 2 weight: {-18.9062, 49.3086 }
layer 2 weight: {-14.7656, -14.8711 }
layer 2 weight: {-32.7812, -48.2188 }
layer 2 weight: {-30.1426, -43.5996 }
layer 2 weight: {-30.1484, -43.0156 }
layer 2 weight: {0.90625, -39.6523 }
layer 2 weight: {39.3672, 2.81445 }
layer 2 weight: {39.248, 6.16406 }
layer 2 weight: {40.0254, 5.92578 }
layer 2 weight: {39.877, 5.94727 }
layer 2 weight: {-60.6523, -36.791 }
layer 2 weight: {-59.1426, -36.9004 }
layer 2 weight: {-59.1309, -35.2676 }
layer 2 weight: {-59.1641, -35.3535 }
layer 2 weight: {-59.5957, -35.582 }
layer 2 weight: {54.627, -57.1328 }
layer 2 weight: {10.0195, -38.3438 }
layer 2 weight: {9.88281, -38.7168 }
layer 2 weight: {9.70508, -38.7285 }
layer 2 weight: {-41.9238, -18.4902 }
layer 2 weight: {-52.0117, -31.3125 }
layer 2 weight: {-52.9668, -31.7637 }
layer 2 weight: {-51.5098, -29.6641 }
layer 2 weight: {-51.5625, -29.6934 }
layer 2 weight: {-16.7305, 2.22266 }
layer 2 weight: {-16.2363, 2.14844 }
layer 2 weight: {-13.9434, 1.98438 }
layer 2 weight: {-28.5859, 20.5176 }
layer 2 weight: {-29.6797, 25.7812 }
layer 2 weight: {54.9688, 60.8477 }
layer 2 weight: {58.0059, 61.2539 }
layer 2 weight: {59.041, 61.3105 }
layer 2 weight: {58.8027, -62.2578 }
layer 2 weight: {58.8145, -62.3125 }
layer 2 weight: {58.7734, -61.2422 }
layer 2 weight: {-63.4922, -25.3164 }
layer 2 weight: {-62.6973, -25.5625 }
layer 2 weight: {-59.8613, -22.1855 }
layer 2 weight: {-58.5625, -20.1992 }
layer 2 weight: {34.7012, 7.47852 }
layer 2 weight: {34.5664, 7.45312 }
layer 2 weight: {36.8906, 1.98242 }
layer 2 weight: {37.5938, 1.95312 }
layer 2 weight: {44.0098, 57.4004 }
layer 2 weight: {43.3574, 53.9258 }
layer 2 weight: {44.3926, 53.7324 }
layer 2 weight: {59.293, -4.22852 }
layer 2 weight: {-43.125, 17.8359 }
layer 2 weight: {-34.4766, 24.1797 }
layer 2 weight: {-34.7656, 24.043 }
layer 2 weight: {-34.959, 23.7793 }
layer 2 weight: {-26.6211, -3.16797 }
layer 2 weight: {-28.0996, 4.83203 }
layer 2 weight: {3.01758, 33.9062 }
layer 2 weight: {9.24219, 46.9609 }
layer 2 weight: {18.0254, 48.9824 }
layer 2 weight: {18.2168, 49.9062 }
layer 2 weight: {18.2246, 49.8926 }
layer 2 weight: {53.0488, -61.8203 }
layer 2 weight: {52.9375, -61.6797 }
layer 2 weight: {39.7012, -32.582 }
layer 2 weight: {4.84766, 63.7578 }
layer 2 weight: {5.58008, 63.5645 }
layer 2 weight: {6.33984, 63.873 }
layer 2 weight: {6.31641, -63.5469 }
layer 2 weight: {40.1953, -61.7656 }
layer 2 weight: {40.168, -61.8008 }
layer 2 weight: {40.0508, -61.959 }
layer 2 weight: {40.0078, -62.0098 }
layer 2 weight: {31.8184, -61.3203 }
layer 2 weight: {32.9531, -61.4297 }
layer 2 weight: {32.8789, -60.5977 }
layer 2 weight: {33.4902, -54.4766 }
layer 2 weight: {46.3555, -23.5801 }
layer 2 weight: {46.6523, -20.6133 }
layer 2 weight: {-17.6133, -17.5039 }
layer 2 weight: {-32.7617, -17.377 }
layer 2 weight: {-31.3926, -31.875 }
layer 2 weight: {-15.4941, -50.1289 }
layer 2 weight: {-13.8027, -50.291 }
layer 2 weight: {-12.1777, -47.6641 }
layer 2 weight: {-11.7207, -47.834 }
layer 2 weight: {-30.627, -45.9023 }
layer 2 weight: {-5.70508, 7.56641 }
layer 2 weight: {-5.71484, 7.625 }
layer 2 weight: {4.91211, -15.75 }
layer 2 weight: {12.2871, -12.1133 }
layer 2 weight: {12.2617, -12.1211 }
layer 2 weight: {15.8027, -12.3086 }
layer 2 weight: {15.7148, -10.6055 }
layer 2 weight: {-6.49023, -34.7227 }
layer 2 weight: {9.87891, 56.6074 }
layer 2 weight: {55.1992, -46.6719 }
layer 2 weight: {55.041, -46.9414 }
layer 2 weight: {55.8301, -45.457 }
layer 2 weight: {58.0996, -45.6113 }
layer 2 weight: {58.0898, -45.9668 }
layer 2 weight: {-49.0898, -35.1426 }
layer 2 weight: {-46.8242, 25.9727 }
layer 2 weight: {58.2344, 7.5957 }
layer 2 weight: {58.166, 8.45117 }
layer 2 weight: {-46.7422, 9.33984 }
layer 2 weight: {-27.3945, 20.3574 }
layer 2 weight: {-27.8184, -10.4785 }
layer 2 weight: {-27.9883, -7.66992 }
layer 2 weight: {-27.4062, -7.87305 }
layer 2 weight: {-27.4551, -6.70117 }
layer 2 weight: {-27.5352, -6.74609 }
layer 2 weight: {-20.209, 2.94336 }
layer 2 weight: {-20.1504, 2.88477 }
layer 2 weight: {-20.5371, 2.78125 }
layer 2 weight: {-27.5352, -29.8281 }
layer 2 weight: {-26.2559, -29.7266 }
layer 2 weight: {-13.8105, -14.2832 }
layer 2 weight: {-13.916, -14.5293 }
layer 2 weight: {13.8359, 40.5977 }
layer 2 weight: {13.7754, 40.2637 }
layer 2 weight: {13.7031, 39.873 }
layer 2 weight: {30.8828, 52.3145 }
layer 2 weight: {31.9629, 52.1758 }
layer 2 weight: {29.7344, 49.7773 }
layer 2 weight: {30.4238, 50.9121 }
layer 2 weight: {59.6387, -46.5664 }
layer 2 weight: {52.5234, 42.2676 }
layer 2 weight: {52.4551, 42.1191 }
layer 2 weight: {1.80273, 31.5957 }
layer 2 weight: {23.3418, 33.1914 }
layer 2 weight: {23.3555, 33.1855 }
layer 2 weight: {23.5156, 33.1133 }
layer 2 weight: {23.3008, 32.959 }
layer 2 weight: {23.2988, 32.8457 }
layer 2 weight: {23.2695, 33.0723 }
layer 2 weight: {23.166, 33.0176 }
layer 2 weight: {23.4023, 34.2559 }
layer 2 weight: {23.0723, 38.1562 }
layer 2 weight: {23.0625, 38.1289 }
layer 2 weight: {23.8633, 40.2148 }
layer 2 weight: {23.6582, 40.8184 }
layer 2 weight: {23.4121, 40.7617 }
layer 2 weight: {-24.5918, 49.1895 }
layer 2 weight: {-50.8438, -9.37305 }
layer 2 weight: {-43.6562, -58.0098 }
layer 2 weight: {-43.3906, -58.1699 }
layer 2 weight: {-43.4785, -58.3691 }
layer 2 weight: {22.3613, -11.0996 }
layer 2 weight: {-32.3379, 44.4336 }
layer 2 weight: {44.6016, 48.3203 }
layer 2 weight: {-54.6719, -49.502 }
layer 2 weight: {-53.4102, -49.4355 }
layer 2 weight: {-52.6602, -49.4688 }
layer 2 weight: {-54.1836, -41.6914 }
layer 2 weight: {-52.3066, -38.8555 }
layer 2 weight: {-52.3223, -38.1797 }
layer 2 weight: {-22.7148, 57.4023 }
layer 2 weight: {-20.3242, 59.2324 }
layer 2 weight: {-19.8164, 60.4844 }
layer 2 weight: {61.7676, -61.4395 }
layer 2 weight: {61.6016, -58.4043 }
layer 2 weight: {-63.4902, -58.4199 }
layer 2 weight: {-57.2656, -54.1191 }
layer 2 weight: {-49.3281, -44.5898 }
layer 2 weight: {-61.2891, -41.7441 }
layer 2 weight: {-48.5, 17.0586 }
layer 2 weight: {-38.5703, 39.8691 }
layer 2 weight: {-38.3086, 39.8066 }
layer 2 weight: {-38.3828, 39.5273 }
layer 2 weight: {-38.3965, 43.3066 }
layer 2 weight: {-31.7793, 55.7852 }
layer 2 weight: {-31.9453, 56.3789 }
layer 2 weight: {-29.25, 41.9512 }
layer 2 weight: {-23.748, -21.6309 }
layer 2 weight: {-23.9512, -21.5742 }
layer 2 weight: {-62.666, -47.5801 }
layer 2 weight: {-62.2129, -47.6152 }
layer 2 weight: {-42.5957, -29.4395 }
layer 2 weight: {-48.7734, -27.5332 }
layer 2 weight: {-44.248, 25.543 }
layer 2 weight: {-43.0547, 26.7559 }
layer 2 weight: {35.0723, 61.9434 }
layer 2 weight: {37.3164, -63.4102 }
layer 2 weight: {37.7637, 53.2207 }
layer 2 weight: {37.5176, 52.9082 }
layer 2 weight: {37.2656, 52.8848 }
layer 2 weight: {38.8184, 56.498 }
layer 2 weight: {38.7422, 57.1328 }
layer 2 weight: {39.4258, 56.9023 }
layer 2 weight: {-18.0254, 20.957 }
layer 2 weight: {-18.1621, 21.2305 }
layer 2 weight: {-21.1211, 48.6309 }
layer 2 weight: {-18.7246, -60.375 }
layer 2 weight: {-17.2246, -59.8672 }
layer 2 weight: {-17.3672, -58.2324 }
layer 2 weight: {-15.5742, -56.6387 }
layer 2 weight: {15.6309, 63.5723 }
layer 2 weight: {15.4434, 63.998 }
layer 2 weight: {44.373, -47.2363 }
layer 2 weight: {43.9785, -46.709 }
layer 2 weight: {46.248, -45.2441 }
layer 2 weight: {-44.7734, -34.4023 }
layer 2 weight: {-29.0098, -19.9785 }
layer 2 weight: {-29.2188, -20.0039 }
layer 2 weight: {-17.4668, 31.4551 }
layer 2 weight: {-16.9434, -63.0039 }
layer 2 weight: {53.1875, -25.7754 }
layer 2 weight: {53.1074, -25.8516 }
layer 2 weight: {53.7734, -25.9355 }
layer 2 weight: {53.7051, -25.4395 }
layer 2 weight: {53.6289, -25.4648 }
layer 2 weight: {54.7168, -25.4707 }
layer 2 weight: {58.373, -23.8184 }
layer 2 weight: {61.3906, -22.5508 }
layer 2 weight: {-50.9551, -46.7012 }
layer 2 weight: {25.8789, -8.23047 }
layer 2 weight: {26.5742, -39.5039 }
layer 2 weight: {58.3574, -37.1348 }
layer 2 weight: {51.2793, -36.459 }
layer 2 weight: {51.043, -36.6895 }
layer 2 weight: {-51.2598, -23.6094 }
layer 2 weight: {32.4707, -15.8574 }
layer 2 weight: {57.8281, -11.7949 }
layer 2 weight: {63.6895, 18.1855 }
layer 2 weight: {63.5625, 18.4961 }
layer 2 weight: {63.4121, 18.0859 }
layer 2 weight: {63.2988, 18.0488 }
layer 2 weight: {63.0625, 17.8418 }
layer 2 weight: {-63.3477, 21.0488 }
layer 2 weight: {-62.9414, 20.9824 }
layer 2 weight: {-63.1719, 22.9688 }
layer 2 weight: {-60.9766, 23.4941 }
layer 2 weight: {-52.4668, -56.0449 }
layer 2 weight: {-40.875, -28.4297 }
layer 2 weight: {-45.8711, -8.82617 }
layer 2 weight: {-46.1074, -7.23633 }
layer 2 weight: {-32.1621, -37.6836 }
layer 2 weight: {-32.5176, -38.0723 }
layer 2 weight: {-32.5293, -37.2676 }
layer 2 weight: {-32.5781, -35.8379 }
layer 2 weight: {3.15625, -19.4785 }
layer 2 weight: {26.8145, -12.834 }
layer 2 weight: {0.181641, 21.9141 }
layer 2 weight: {-49.916, -35.457 }
layer 2 weight: {14.7227, -24.9922 }
layer 2 weight: {-2.66406, -22.9824 }
layer 2 weight: {23.002, -11.332 }
layer 2 weight: {23.1055, -11.377 }
layer 2 weight: {-10.8418, -8.45117 }
layer 2 weight: {-10.6445, -8.50586 }
layer 2 weight: {-8.91602, -8.65234 }
layer 2 weight: {-9.15039, 16.3516 }
layer 2 weight: {-9.35156, 16.0566 }
layer 2 weight: {-4.61914, 41.0215 }
layer 2 weight: {2.7168, 52.8105 }
layer 2 weight: {4.31055, 53.6895 }
layer 2 weight: {5.5957, 59.6777 }
layer 2 weight: {8.48242, -63.291 }
layer 2 weight: {10.4531, -60.123 }
layer 2 weight: {12.334, -59.8945 }
layer 2 weight: {30.7031, -50.502 }
layer 2 weight: {24.373, 60.0918 }
layer 2 weight: {32.7148, -48.3359 }
layer 2 weight: {32.7266, -47.7695 }
layer 2 weight: {32.6719, -47.6992 }
layer 2 weight: {32.6406, -48.0879 }
layer 2 weight: {32.3359, -44.8789 }
layer 2 weight: {33.2285, -43.3203 }
layer 2 weight: {17.2305, -12.0977 }
layer 2 weight: {20.4512, -12.2324 }
layer 2 weight: {22.8633, -11.5488 }
layer 2 weight: {-9.31445, -15.9355 }
layer 2 weight: {3.3125, -60.3652 }
layer 2 weight: {6.25781, 53.6035 }
layer 2 weight: {6.1582, 53.5703 }
layer 2 weight: {16.4238, -53.8516 }
layer 2 weight: {16.3789, -52.6367 }
layer 2 weight: {43.1309, -48.6484 }
layer 2 weight: {46.1953, -48.7441 }
layer 2 weight: {46.0293, -47.8613 }
layer 2 weight: {38.3809, -47.3027 }
layer 2 weight: {54.1504, 43.4336 }
layer 2 weight: {-21.7344, -13.8672 }
layer 2 weight: {-10.8047, 5.82617 }
layer 2 weight: {-9.86914, 6.05664 }
layer 2 weight: {-9.93945, 6.52344 }
layer 2 weight: {36.7715, -20.7734 }
layer 2 weight: {-11.2324, -16.6484 }
layer 2 weight: {-10.9297, -16.668 }
layer 2 weight: {-30.5527, -39.502 }
layer 2 weight: {-28.9727, -39.5645 }
layer 2 weight: {-29.1035, -37.998 }
layer 2 weight: {53.377, -23.8633 }
layer 2 weight: {53.7598, -34.6953 }
layer 2 weight: {31.6621, -27.1504 }
layer 2 weight: {31.5859, -25.5312 }
layer 2 weight: {31.2754, -24.7012 }
layer 2 weight: {45.5879, -29.2988 }
layer 2 weight: {47.4375, -40.6172 }
layer 2 weight: {-52.1602, 56.207 }
layer 2 weight: {-52.1367, 55.2363 }
layer 2 weight: {-62.3828, 62.3906 }
layer 2 weight: {47.668, 62.582 }
layer 2 weight: {56.8945, 6.03906 }
layer 2 weight: {-35.4746, 23.0723 }
layer 2 weight: {36.9453, 47.75 }
layer 2 weight: {45.8691, 16.3906 }
layer 2 weight: {-59.5605, 41.6699 }
layer 2 weight: {-59.7617, 42.2012 }
layer 2 weight: {-59.0273, 41.9512 }
layer 2 weight: {13.4727, 4.7832 }
layer 2 weight: {-15.543, 25.084 }
layer 2 weight: {-13.752, 24.8809 }
layer 2 weight: {-13.8613, 26.2363 }
layer 2 weight: {2.68945, 9.36133 }
layer 2 weight: {2.6875, 9.34375 }
layer 2 weight: {-26.418, 11.8496 }
layer 2 weight: {-26.4121, 11.8887 }
layer 2 weight: {-24.6875, 24.8457 }
layer 2 weight: {-32.752, 22.5293 }
layer 2 weight: {-20.627, 37.0586 }
layer 2 weight: {-58.5254, 38.75 }
layer 2 weight: {-58.6094, 40.4453 }
layer 2 weight: {-56.7305, 42.3477 }
layer 2 weight: {-56.7891, 43.4336 }
layer 2 weight: {16.748, 45.7871 }
layer 2 weight: {24.0371, 50.2695 }
layer 2 weight: {26.6836, 50.2461 }
layer 2 weight: {35.3027, -13.291 }
layer 2 weight: {47.5684, -12.6289 }
layer 2 weight: {58.541, 5.61523 }
layer 2 weight: {-4.53125, 44.1621 }
layer 2 weight: {17.377, 50.7168 }
layer 2 weight: {46.8359, 11.502 }
layer 2 weight: {46.7363, 11.3496 }
layer 2 weight: {34.6875, -58.4844 }
layer 2 weight: {34.9238, -58.582 }
layer 2 weight: {38.3047, -58.8145 }
layer 2 weight: {39.5039, -58.3633 }
layer 2 weight: {55.957, -37.4219 }
layer 2 weight: {58.3867, -37.6699 }
layer 2 weight: {-54.0098, 42.1758 }
layer 2 weight: {-51.8965, 43.1016 }
layer 2 weight: {31.6543, -58.9492 }
layer 2 weight: {-16.8125, 35.3457 }
layer 2 weight: {9.31055, 50.5156 }
layer 2 weight: {11.4531, 51.627 }
layer 2 weight: {20.8984, 62.3262 }
layer 2 weight: {35.5078, 46.8848 }
layer 2 weight: {35.291, 48.2363 }
layer 2 weight: {35.0605, 48.2148 }
layer 2 weight: {3.21875, 27.6289 }
layer 2 weight: {3.69336, 33.3281 }
layer 2 weight: {-16.373, 28.9141 }
layer 2 weight: {52.2188, -57.3594 }
layer 2 weight: {63.082, -45.7539 }
layer 2 weight: {39.7383, 2.33203 }
layer 2 weight: {-39.9668, 7.69141 }
layer 2 weight: {37.0371, 13.6484 }
layer 2 weight: {43.3047, 30.459 }
layer 2 weight: {59.3438, 35.4824 }
layer 2 weight: {59.2227, 35.334 }
layer 2 weight: {59.2051, 35.3398 }
layer 2 weight: {61.2188, 36.7793 }
layer 2 weight: {61.1836, 36.5996 }
layer 2 weight: {62.3906, 51.8086 }
layer 2 weight: {63.2754, 53.9648 }
layer 2 weight: {62.9062, 53.8418 }
layer 2 weight: {63.2285, 54.6836 }
layer 2 weight: {62.9551, 54.9453 }
layer 2 weight: {62.8477, 54.7852 }
layer 2 weight: {-62.2734, 57.7676 }
layer 2 weight: {-61.3516, 57.6562 }
layer 2 weight: {-61.4414, 58.9707 }
layer 2 weight: {42.9258, 62.9473 }
layer 2 weight: {42.8789, 63.3457 }
layer 2 weight: {-24.7891, -53.8965 }
layer 2 weight: {-23.0879, -53.1719 }
layer 2 weight: {-21.1621, -52.6211 }
layer 2 weight: {-21.4453, -52.8379 }
layer 2 weight: {-18.3555, -53.1113 }
layer 2 weight: {-18.3672, -53.1172 }
layer 2 weight: {9.70898, -51.6699 }
layer 2 weight: {9.6543, -51.7812 }
layer 2 weight: {17.873, -16.1309 }
layer 2 weight: {18.4551, -15.3145 }
layer 2 weight: {18.3535, -14.4531 }
layer 2 weight: {60.7812, -11.1465 }
layer 2 weight: {61.3477, -10.0957 }
layer 2 weight: {61.3848, -10.0918 }
layer 2 weight: {-53.4727, -40.3809 }
layer 2 weight: {6.19141, -35.3184 }
layer 2 weight: {9.10156, -32.748 }
layer 2 weight: {10.5, -32.3652 }
layer 2 weight: {10.1035, -32.4062 }
layer 2 weight: {52.3379, -25.584 }
layer 2 weight: {52.3086, -25.5645 }
layer 2 weight: {-48.5762, -61.6406 }
layer 2 weight: {-48.8379, -61.6738 }
layer 2 weight: {-44.9922, -58.1719 }
layer 2 weight: {-43.5527, -57.0586 }
layer 2 weight: {-43.6309, -57.082 }
layer 2 weight: {-43.6035, -57.0879 }
layer 2 weight: {-43.9414, -57.3066 }
layer 2 weight: {-42.7949, -57.416 }
layer 2 weight: {-41.2891, -57.668 }
layer 2 weight: {-40.8926, -57.7441 }
layer 2 weight: {-41.041, -56.752 }
layer 2 weight: {-22.457, 60.9766 }
layer 2 weight: {-20.6016, 63.8496 }
layer 2 weight: {-10.6758, -47.459 }
layer 2 weight: {-50.627, -63.7637 }
layer 2 weight: {60.5918, -45.9727 }
layer 2 weight: {-33.7109, -30.1387 }
layer 2 weight: {-20.1309, -18.459 }
layer 2 weight: {-20.3789, -16.791 }
layer 2 weight: {-20.3008, -16.834 }
layer 2 weight: {-20.459, -15.7441 }
layer 2 weight: {-20.3223, -15.1035 }
layer 2 weight: {-29.6387, -30.4824 }
layer 2 weight: {-57.709, -57.6465 }
layer 2 weight: {-57.791, -57.7656 }
layer 2 weight: {19.0352, -48.7188 }
layer 2 weight: {-59.2227, -63.4199 }
layer 2 weight: {-34.3594, 26.8633 }
layer 2 weight: {-27.2305, -17.2402 }
layer 2 weight: {-27.4004, -17.2617 }
layer 2 weight: {-27.4883, -17.4492 }
layer 2 weight: {40.9648, -48.9082 }
layer 2 weight: {-2.6875, -44.0078 }
layer 2 weight: {-0.232422, -44.0469 }
layer 2 weight: {2.05859, -41.7695 }
layer 2 weight: {-15.4473, -34.5879 }
layer 2 weight: {3.91797, -26.4727 }
layer 2 weight: {7.62305, -26.2578 }
layer 2 weight: {-48.9238, -58.5059 }
layer 2 weight: {-48.6699, -58.4863 }
layer 2 weight: {-48.7422, -57.1816 }
layer 2 weight: {-55.3262, -60.0059 }
layer 2 weight: {-55.3398, -58.7383 }
layer 2 weight: {-53.7715, -57.9648 }
layer 2 weight: {-52.6543, -57.4629 }
layer 2 weight: {-39.5547, 62.7969 }
layer 2 weight: {-36.5508, 62.5762 }
layer 2 weight: {-36.1387, 62.5098 }
layer 2 weight: {-16.7129, -63.4414 }
layer 2 weight: {-8.87109, -55.0273 }
layer 2 weight: {15.0664, 0.0761719 }
layer 2 weight: {14.7344, 1.40625 }
layer 2 weight: {16.2422, 1.31445 }
layer 2 weight: {63.041, 44.3301 }
layer 2 weight: {-52.9082, 50.0625 }
layer 2 weight: {-52.9746, 52.8809 }
layer 2 weight: {11.2676, 23.9863 }
layer 2 weight: {11.6074, 24.4961 }
layer 2 weight: {22.3828, 28.4023 }
layer 2 weight: {22.4688, 10.6543 }
layer 2 weight: {46.4453, 14.166 }
layer 2 weight: {50.2402, 19.9492 }
layer 2 weight: {50.1875, 19.8008 }
layer 2 weight: {51.1289, 20.6289 }
layer 2 weight: {29.6895, 24.248 }
layer 2 weight: {29.5469, 24.0176 }
layer 2 weight: {32.9844, -7.59961 }
layer 2 weight: {32.916, -6.08203 }
layer 2 weight: {43.2754, -60.3008 }
layer 2 weight: {43.4805, -59.5977 }
layer 2 weight: {43.5449, -59.7051 }
layer 2 weight: {44.1016, -59.6211 }
layer 2 weight: {-48.6914, 53.2422 }
layer 2 weight: {-46.1973, 5.74609 }
layer 2 weight: {-46.4473, 5.55273 }
layer 2 weight: {11.5039, 29.541 }
layer 2 weight: {11.3672, 30.9492 }
layer 2 weight: {24.8027, 35.543 }
layer 2 weight: {50.3223, -63.4336 }
layer 2 weight: {51.6172, -17.9648 }
layer 2 weight: {54.3418, -17.8965 }
layer 2 weight: {-24.4512, -2.11914 }
layer 2 weight: {-22.1074, -2.0293 }
layer 2 weight: {-22.1836, -1.33789 }
layer 2 weight: {-20.998, -2.42383 }
layer 2 weight: {-54.4805, 5.99805 }
layer 2 weight: {-54.6426, 5.66602 }
layer 2 weight: {37.2227, 26.6348 }
layer 2 weight: {37.1895, 26.7676 }
layer 2 weight: {22.043, -13.1309 }
layer 2 weight: {11.3633, -14.5938 }
layer 2 weight: {12.6113, -12.168 }
layer 2 weight: {23.8926, -11.0098 }
layer 2 weight: {23.8008, -8.77148 }
layer 2 weight: {23.5898, -8.7832 }
layer 2 weight: {36.6758, 8.23242 }
layer 2 weight: {37.0195, 8.0293 }
layer 2 weight: {57.6562, 16.0625 }
layer 2 weight: {57.4219, 15.9375 }
layer 2 weight: {57.3906, 15.7773 }
layer 2 weight: {57.7773, 17.8047 }
layer 2 weight: {-50.6484, 24.1602 }
layer 2 weight: {-50.6523, 24.5059 }
layer 2 weight: {-41.6328, 0.724609 }
layer 2 weight: {-41.5137, 0.539062 }
layer 2 weight: {-60.4141, -15.0332 }
layer 2 weight: {-59.2754, -13.8418 }
layer 2 weight: {-59.3438, -14.293 }
layer 2 weight: {-58.5879, -10.043 }
layer 2 weight: {47.2188, 9.63477 }
layer 2 weight: {47.125, 10.9141 }
layer 2 weight: {51.1406, 20.0664 }
layer 2 weight: {50.9062, 19.7578 }
layer 2 weight: {51.7246, 11.8574 }
layer 2 weight: {51.6406, 13.1699 }
layer 2 weight: {-12.2793, 28.0801 }
layer 2 weight: {45.8535, 30.5859 }
layer 2 weight: {-51.0938, -54.0977 }
layer 2 weight: {-48.8691, -54.043 }
layer 2 weight: {27.125, -49.5059 }
layer 2 weight: {27.6055, -49.543 }
layer 2 weight: {27.4473, -49.6699 }
layer 2 weight: {0.453125, 43.1406 }
layer 2 weight: {61.6504, 50.707 }
layer 2 weight: {61.5664, 50.7324 }
layer 2 weight: {17.8613, 26.3711 }
layer 2 weight: {46.7949, -46.9707 }
layer 2 weight: {46.7422, -47.0527 }
layer 2 weight: {47.0215, -47.0547 }
layer 2 weight: {57.6738, 15.2422 }
layer 2 weight: {61.541, 16.5645 }
layer 2 weight: {-58.5801, 18.5488 }
layer 2 weight: {-43.834, 34.918 }
layer 2 weight: {-41.7676, 34.6953 }
layer 2 weight: {-41.8867, 34.6348 }
layer 2 weight: {-40.7617, 35.5781 }
layer 2 weight: {-40.9805, 35.4199 }
layer 2 weight: {-41.0332, 35.25 }
layer 2 weight: {-40.4043, 23.5605 }
layer 2 weight: {-40.4805, 26.6934 }
layer 2 weight: {-12.3184, 59.6523 }
layer 2 weight: {-12.3809, 59.6367 }
layer 2 weight: {-11.5918, 35.5547 }
layer 2 weight: {-11.5996, 35.8496 }
layer 2 weight: {-4.1582, 37.291 }
layer 2 weight: {-25.4688, -31.1445 }
layer 2 weight: {5.80859, -47.3594 }
layer 2 weight: {5.50391, -47.5078 }
layer 2 weight: {9.80664, -45.4609 }
layer 2 weight: {37.7617, 51.2852 }
layer 2 weight: {32.4238, -40.9102 }
layer 2 weight: {3.08594, -35.1582 }
layer 2 weight: {7.29883, -26.7812 }
layer 2 weight: {7.07031, -24.7598 }
layer 2 weight: {-60.8926, -13.6855 }
layer 2 weight: {-57.0176, -14.1387 }
layer 2 weight: {-56.8555, -18.877 }
layer 2 weight: {14.2344, -18.6348 }
layer 2 weight: {14.1465, -18.5312 }
layer 2 weight: {14.1035, -18.3477 }
layer 2 weight: {30.7754, -33.1035 }
layer 2 weight: {30.6738, -32.6973 }
layer 2 weight: {33.25, -28.9727 }
layer 2 weight: {50.4453, -17.1113 }
layer 2 weight: {52.8398, -17.3672 }
layer 2 weight: {29.3809, -8.18945 }
layer 2 weight: {-34.9043, -3.60547 }
layer 2 weight: {-20.8672, 17.3184 }
layer 2 weight: {-20.959, 17.2344 }
layer 2 weight: {-21.2422, 19.1816 }
layer 2 weight: {-43.9941, 32.2695 }
layer 2 weight: {-42.252, 32.2559 }
layer 2 weight: {24.9922, 47.1445 }
layer 2 weight: {58.0938, 54.5762 }
layer 2 weight: {58.2441, 55.1523 }
layer 2 weight: {58.252, 58.082 }
layer 2 weight: {46.3301, -25.2422 }
layer 2 weight: {46.2832, -25.2871 }
layer 2 weight: {60.7168, 16.2305 }
The following are the predictions of the DNN:
0: 1
1: 0
2: 1
3: 1
INFO: [SIM 211-1] CSim done with 0 errors.
INFO: [SIM 211-3] *************** CSIM finish ***************
INFO: [HLS 200-112] Total CPU user time: 3 seconds. Total CPU system time: 1 seconds. Total elapsed time: 36.079 seconds; peak allocated memory: 237.105 MB.
INFO: [vitis-run 60-791] Total elapsed time: 0h 0m 45s
