INFO: [vitis-run 60-1548] Creating build summary session with primary output C:/GIM_Repos/GIM_Diabetes/accelerator_diabetes/redo_component/accelerator\accelerator.hlsrun_csim_summary, at 02/25/25 14:57:57
INFO: [vitis-run 82-31] Launching vitis_hls: vitis_hls -nolog -run csim -work_dir C:/GIM_Repos/GIM_Diabetes/accelerator_diabetes/redo_component/accelerator -config C:/GIM_Repos/GIM_Diabetes/accelerator_diabetes/redo_component/hls_config.cfg -cmdlineconfig C:/GIM_Repos/GIM_Diabetes/accelerator_diabetes/redo_component/accelerator/hls/config.cmdline

****** Vitis HLS - High-Level Synthesis from C, C++ and OpenCL v2024.1 (64-bit)
  **** SW Build 5069499 on May 21 2024
  **** IP Build 5075265 on Wed May 22 21:45:21 MDT 2024
  **** SharedData Build 5076995 on Wed May 22 18:29:18 MDT 2024
  **** Start of session at: Tue Feb 25 14:58:04 2025
    ** Copyright 1986-2022 Xilinx, Inc. All Rights Reserved.
    ** Copyright 2022-2024 Advanced Micro Devices, Inc. All Rights Reserved.

source C:/Xilinx/Vitis_HLS/2024.1/scripts/vitis_hls/hls.tcl -notrace
INFO: [HLS 200-10] For user 'GIM' on host 'gim_laptop_1' (Windows NT_amd64 version 10.0) on Tue Feb 25 14:58:11 -0800 2025
INFO: [HLS 200-10] In directory 'C:/GIM_Repos/GIM_Diabetes/accelerator_diabetes/redo_component'
INFO: [HLS 200-2005] Using work_dir C:/GIM_Repos/GIM_Diabetes/accelerator_diabetes/redo_component/accelerator 
INFO: [HLS 200-1505] Using default flow_target 'vivado'
Resolution: For help on HLS 200-1505 see docs.xilinx.com/access/sources/dita/topic?Doc_Version=2024.1%20English&url=ug1448-hls-guidance&resourceid=200-1505.html
INFO: [HLS 200-1465] Applying ini 'syn.file=C:/GIM_Repos/GIM_Diabetes/accelerator_diabetes/accelerator.cpp' from C:/GIM_Repos/GIM_Diabetes/accelerator_diabetes/redo_component/hls_config.cfg(11)
INFO: [HLS 200-10] Adding design file 'C:/GIM_Repos/GIM_Diabetes/accelerator_diabetes/accelerator.cpp' to the project
INFO: [HLS 200-1465] Applying ini 'syn.file=C:/GIM_Repos/GIM_Diabetes/accelerator_diabetes/act_pe.cpp' from C:/GIM_Repos/GIM_Diabetes/accelerator_diabetes/redo_component/hls_config.cfg(12)
INFO: [HLS 200-10] Adding design file 'C:/GIM_Repos/GIM_Diabetes/accelerator_diabetes/act_pe.cpp' to the project
INFO: [HLS 200-1465] Applying ini 'syn.file=C:/GIM_Repos/GIM_Diabetes/accelerator_diabetes/array.cpp' from C:/GIM_Repos/GIM_Diabetes/accelerator_diabetes/redo_component/hls_config.cfg(13)
INFO: [HLS 200-10] Adding design file 'C:/GIM_Repos/GIM_Diabetes/accelerator_diabetes/array.cpp' to the project
INFO: [HLS 200-1465] Applying ini 'syn.file=C:/GIM_Repos/GIM_Diabetes/accelerator_diabetes/bias_pe.cpp' from C:/GIM_Repos/GIM_Diabetes/accelerator_diabetes/redo_component/hls_config.cfg(14)
INFO: [HLS 200-10] Adding design file 'C:/GIM_Repos/GIM_Diabetes/accelerator_diabetes/bias_pe.cpp' to the project
INFO: [HLS 200-1465] Applying ini 'syn.file=C:/GIM_Repos/GIM_Diabetes/accelerator_diabetes/csv_import.cpp' from C:/GIM_Repos/GIM_Diabetes/accelerator_diabetes/redo_component/hls_config.cfg(15)
INFO: [HLS 200-10] Adding design file 'C:/GIM_Repos/GIM_Diabetes/accelerator_diabetes/csv_import.cpp' to the project
INFO: [HLS 200-1465] Applying ini 'syn.file=C:/GIM_Repos/GIM_Diabetes/accelerator_diabetes/error_pe.cpp' from C:/GIM_Repos/GIM_Diabetes/accelerator_diabetes/redo_component/hls_config.cfg(16)
INFO: [HLS 200-10] Adding design file 'C:/GIM_Repos/GIM_Diabetes/accelerator_diabetes/error_pe.cpp' to the project
INFO: [HLS 200-1465] Applying ini 'syn.file=C:/GIM_Repos/GIM_Diabetes/accelerator_diabetes/gim_model.h' from C:/GIM_Repos/GIM_Diabetes/accelerator_diabetes/redo_component/hls_config.cfg(17)
INFO: [HLS 200-10] Adding design file 'C:/GIM_Repos/GIM_Diabetes/accelerator_diabetes/gim_model.h' to the project
INFO: [HLS 200-1465] Applying ini 'syn.file=C:/GIM_Repos/GIM_Diabetes/accelerator_diabetes/weight_pe.cpp' from C:/GIM_Repos/GIM_Diabetes/accelerator_diabetes/redo_component/hls_config.cfg(18)
INFO: [HLS 200-10] Adding design file 'C:/GIM_Repos/GIM_Diabetes/accelerator_diabetes/weight_pe.cpp' to the project
INFO: [HLS 200-1465] Applying ini 'syn.file=C:\GIM_Repos\GIM_Diabetes\accelerator_diabetes\X_test.csv' from C:/GIM_Repos/GIM_Diabetes/accelerator_diabetes/redo_component/hls_config.cfg(19)
INFO: [HLS 200-10] Adding design file 'C:/GIM_Repos/GIM_Diabetes/accelerator_diabetes/X_test.csv' to the project
INFO: [HLS 200-1465] Applying ini 'syn.file=C:\GIM_Repos\GIM_Diabetes\accelerator_diabetes\X_train.csv' from C:/GIM_Repos/GIM_Diabetes/accelerator_diabetes/redo_component/hls_config.cfg(20)
INFO: [HLS 200-10] Adding design file 'C:/GIM_Repos/GIM_Diabetes/accelerator_diabetes/X_train.csv' to the project
INFO: [HLS 200-1465] Applying ini 'syn.file=C:\GIM_Repos\GIM_Diabetes\accelerator_diabetes\Y_test.csv' from C:/GIM_Repos/GIM_Diabetes/accelerator_diabetes/redo_component/hls_config.cfg(21)
INFO: [HLS 200-10] Adding design file 'C:/GIM_Repos/GIM_Diabetes/accelerator_diabetes/Y_test.csv' to the project
INFO: [HLS 200-1465] Applying ini 'syn.file=C:\GIM_Repos\GIM_Diabetes\accelerator_diabetes\Y_train.csv' from C:/GIM_Repos/GIM_Diabetes/accelerator_diabetes/redo_component/hls_config.cfg(22)
INFO: [HLS 200-10] Adding design file 'C:/GIM_Repos/GIM_Diabetes/accelerator_diabetes/Y_train.csv' to the project
INFO: [HLS 200-1465] Applying ini 'tb.file=C:/GIM_Repos/GIM_Diabetes/accelerator_diabetes/main.cpp' from C:/GIM_Repos/GIM_Diabetes/accelerator_diabetes/redo_component/hls_config.cfg(8)
INFO: [HLS 200-10] Adding test bench file 'C:/GIM_Repos/GIM_Diabetes/accelerator_diabetes/main.cpp' to the project
INFO: [HLS 200-1465] Applying ini 'syn.top=accelerator' from C:/GIM_Repos/GIM_Diabetes/accelerator_diabetes/redo_component/hls_config.cfg(7)
INFO: [HLS 200-1465] Applying ini 'flow_target=vivado' from C:/GIM_Repos/GIM_Diabetes/accelerator_diabetes/redo_component/hls_config.cfg(4)
INFO: [HLS 200-1505] Using flow_target 'vivado'
Resolution: For help on HLS 200-1505 see docs.xilinx.com/access/sources/dita/topic?Doc_Version=2024.1%20English&url=ug1448-hls-guidance&resourceid=200-1505.html
INFO: [HLS 200-1465] Applying ini 'part=xczu3eg-sfvc784-1-e' from C:/GIM_Repos/GIM_Diabetes/accelerator_diabetes/redo_component/hls_config.cfg(1)
INFO: [HLS 200-1611] Setting target device to 'xczu3eg-sfvc784-1-e'
INFO: [HLS 200-1465] Applying ini 'clock=10ns' from C:/GIM_Repos/GIM_Diabetes/accelerator_diabetes/redo_component/hls_config.cfg(9)
INFO: [SYN 201-201] Setting up clock 'default' with a period of 10ns.
INFO: [HLS 200-1465] Applying ini 'clock_uncertainty=2ns' from C:/GIM_Repos/GIM_Diabetes/accelerator_diabetes/redo_component/hls_config.cfg(10)
INFO: [SYN 201-201] Setting up clock 'default' with an uncertainty of 2ns.
INFO: [HLS 200-1465] Applying ini 'package.output.format=ip_catalog' from C:/GIM_Repos/GIM_Diabetes/accelerator_diabetes/redo_component/hls_config.cfg(5)
INFO: [SIM 211-2] *************** CSIM start ***************
INFO: [SIM 211-4] CSIM will launch CLANG as the compiler.
INFO: [HLS 200-2036] Building debug C Simulation binaries
   Compiling ../../../../../main.cpp in debug mode
   Compiling ../../../../../weight_pe.cpp in debug mode
   Compiling ../../../../../error_pe.cpp in debug mode
   Compiling ../../../../../csv_import.cpp in debug mode
   Compiling ../../../../../bias_pe.cpp in debug mode
   Compiling ../../../../../array.cpp in debug mode
   Compiling ../../../../../act_pe.cpp in debug mode
   Compiling ../../../../../accelerator.cpp in debug mode
   Generating csim.exe
In file included from ../../../../../main.cpp:2:
In file included from ../../../../../gim_model.h:4:
In file included from C:/Xilinx/Vitis_HLS/2024.1/include/ap_fixed.h:9:
In file included from C:/Xilinx/Vitis_HLS/2024.1/include/etc/ap_common.h:658:
In file included from C:/Xilinx/Vitis_HLS/2024.1/include/etc/ap_private.h:68:
In file included from C:/Xilinx/Vitis_HLS/2024.1/include/hls_half.h:26:
In file included from C:/Xilinx/Vitis_HLS/2024.1/include/etc/hls_half_fpo.h:19:
In file included from C:/Xilinx/Vitis_HLS/2024.1/include/hls_fpo.h:140:
In file included from C:/Xilinx/Vitis_HLS/2024.1/include/floating_point_v7_1_bitacc_cmodel.h:150:
C:/Xilinx/Vitis_HLS/2024.1/include/gmp.h:58:9: warning: '__GMP_LIBGMP_DLL' macro redefined [-Wmacro-redefined]
#define __GMP_LIBGMP_DLL  0
        ^
C:/Xilinx/Vitis_HLS/2024.1/include/floating_point_v7_1_bitacc_cmodel.h:142:9: note: previous definition is here
#define __GMP_LIBGMP_DLL 1
        ^
1 warning generated.
In file included from ../../../../../weight_pe.cpp:1:
In file included from ../../../../../gim_model.h:4:
In file included from C:/Xilinx/Vitis_HLS/2024.1/include/ap_fixed.h:9:
In file included from C:/Xilinx/Vitis_HLS/2024.1/include/etc/ap_common.h:658:
In file included from C:/Xilinx/Vitis_HLS/2024.1/include/etc/ap_private.h:68:
In file included from C:/Xilinx/Vitis_HLS/2024.1/include/hls_half.h:26:
In file included from C:/Xilinx/Vitis_HLS/2024.1/include/etc/hls_half_fpo.h:19:
In file included from C:/Xilinx/Vitis_HLS/2024.1/include/hls_fpo.h:140:
In file included from C:/Xilinx/Vitis_HLS/2024.1/include/floating_point_v7_1_bitacc_cmodel.h:150:
C:/Xilinx/Vitis_HLS/2024.1/include/gmp.h:58:9: warning: '__GMP_LIBGMP_DLL' macro redefined [-Wmacro-redefined]
#define __GMP_LIBGMP_DLL  0
        ^
C:/Xilinx/Vitis_HLS/2024.1/include/floating_point_v7_1_bitacc_cmodel.h:142:9: note: previous definition is here
#define __GMP_LIBGMP_DLL 1
        ^
1 warning generated.
In file included from ../../../../../error_pe.cpp:1:
In file included from ../../../../../gim_model.h:4:
In file included from C:/Xilinx/Vitis_HLS/2024.1/include/ap_fixed.h:9:
In file included from C:/Xilinx/Vitis_HLS/2024.1/include/etc/ap_common.h:658:
In file included from C:/Xilinx/Vitis_HLS/2024.1/include/etc/ap_private.h:68:
In file included from C:/Xilinx/Vitis_HLS/2024.1/include/hls_half.h:26:
In file included from C:/Xilinx/Vitis_HLS/2024.1/include/etc/hls_half_fpo.h:19:
In file included from C:/Xilinx/Vitis_HLS/2024.1/include/hls_fpo.h:140:
In file included from C:/Xilinx/Vitis_HLS/2024.1/include/floating_point_v7_1_bitacc_cmodel.h:150:
C:/Xilinx/Vitis_HLS/2024.1/include/gmp.h:58:9: warning: '__GMP_LIBGMP_DLL' macro redefined [-Wmacro-redefined]
#define __GMP_LIBGMP_DLL  0
        ^
C:/Xilinx/Vitis_HLS/2024.1/include/floating_point_v7_1_bitacc_cmodel.h:142:9: note: previous definition is here
#define __GMP_LIBGMP_DLL 1
        ^
1 warning generated.
In file included from ../../../../../csv_import.cpp:2:
In file included from C:/Xilinx/Vitis_HLS/2024.1/include/ap_fixed.h:9:
In file included from C:/Xilinx/Vitis_HLS/2024.1/include/etc/ap_common.h:658:
In file included from C:/Xilinx/Vitis_HLS/2024.1/include/etc/ap_private.h:68:
In file included from C:/Xilinx/Vitis_HLS/2024.1/include/hls_half.h:26:
In file included from C:/Xilinx/Vitis_HLS/2024.1/include/etc/hls_half_fpo.h:19:
In file included from C:/Xilinx/Vitis_HLS/2024.1/include/hls_fpo.h:140:
In file included from C:/Xilinx/Vitis_HLS/2024.1/include/floating_point_v7_1_bitacc_cmodel.h:150:
C:/Xilinx/Vitis_HLS/2024.1/include/gmp.h:58:9: warning: '__GMP_LIBGMP_DLL' macro redefined [-Wmacro-redefined]
#define __GMP_LIBGMP_DLL  0
        ^
C:/Xilinx/Vitis_HLS/2024.1/include/floating_point_v7_1_bitacc_cmodel.h:142:9: note: previous definition is here
#define __GMP_LIBGMP_DLL 1
        ^
1 warning generated.
In file included from ../../../../../bias_pe.cpp:1:
In file included from ../../../../../gim_model.h:4:
In file included from C:/Xilinx/Vitis_HLS/2024.1/include/ap_fixed.h:9:
In file included from C:/Xilinx/Vitis_HLS/2024.1/include/etc/ap_common.h:658:
In file included from C:/Xilinx/Vitis_HLS/2024.1/include/etc/ap_private.h:68:
In file included from C:/Xilinx/Vitis_HLS/2024.1/include/hls_half.h:26:
In file included from C:/Xilinx/Vitis_HLS/2024.1/include/etc/hls_half_fpo.h:19:
In file included from C:/Xilinx/Vitis_HLS/2024.1/include/hls_fpo.h:140:
In file included from C:/Xilinx/Vitis_HLS/2024.1/include/floating_point_v7_1_bitacc_cmodel.h:150:
C:/Xilinx/Vitis_HLS/2024.1/include/gmp.h:58:9: warning: '__GMP_LIBGMP_DLL' macro redefined [-Wmacro-redefined]
#define __GMP_LIBGMP_DLL  0
        ^
C:/Xilinx/Vitis_HLS/2024.1/include/floating_point_v7_1_bitacc_cmodel.h:142:9: note: previous definition is here
#define __GMP_LIBGMP_DLL 1
        ^
1 warning generated.
In file included from ../../../../../array.cpp:1:
In file included from ../../../../../gim_model.h:4:
In file included from C:/Xilinx/Vitis_HLS/2024.1/include/ap_fixed.h:9:
In file included from C:/Xilinx/Vitis_HLS/2024.1/include/etc/ap_common.h:658:
In file included from C:/Xilinx/Vitis_HLS/2024.1/include/etc/ap_private.h:68:
In file included from C:/Xilinx/Vitis_HLS/2024.1/include/hls_half.h:26:
In file included from C:/Xilinx/Vitis_HLS/2024.1/include/etc/hls_half_fpo.h:19:
In file included from C:/Xilinx/Vitis_HLS/2024.1/include/hls_fpo.h:140:
In file included from C:/Xilinx/Vitis_HLS/2024.1/include/floating_point_v7_1_bitacc_cmodel.h:150:
C:/Xilinx/Vitis_HLS/2024.1/include/gmp.h:58:9: warning: '__GMP_LIBGMP_DLL' macro redefined [-Wmacro-redefined]
#define __GMP_LIBGMP_DLL  0
        ^
C:/Xilinx/Vitis_HLS/2024.1/include/floating_point_v7_1_bitacc_cmodel.h:142:9: note: previous definition is here
#define __GMP_LIBGMP_DLL 1
        ^
1 warning generated.
In file included from ../../../../../act_pe.cpp:1:
In file included from ../../../../../gim_model.h:4:
In file included from C:/Xilinx/Vitis_HLS/2024.1/include/ap_fixed.h:9:
In file included from C:/Xilinx/Vitis_HLS/2024.1/include/etc/ap_common.h:658:
In file included from C:/Xilinx/Vitis_HLS/2024.1/include/etc/ap_private.h:68:
In file included from C:/Xilinx/Vitis_HLS/2024.1/include/hls_half.h:26:
In file included from C:/Xilinx/Vitis_HLS/2024.1/include/etc/hls_half_fpo.h:19:
In file included from C:/Xilinx/Vitis_HLS/2024.1/include/hls_fpo.h:140:
In file included from C:/Xilinx/Vitis_HLS/2024.1/include/floating_point_v7_1_bitacc_cmodel.h:150:
C:/Xilinx/Vitis_HLS/2024.1/include/gmp.h:58:9: warning: '__GMP_LIBGMP_DLL' macro redefined [-Wmacro-redefined]
#define __GMP_LIBGMP_DLL  0
        ^
C:/Xilinx/Vitis_HLS/2024.1/include/floating_point_v7_1_bitacc_cmodel.h:142:9: note: previous definition is here
#define __GMP_LIBGMP_DLL 1
        ^
1 warning generated.
In file included from ../../../../../accelerator.cpp:1:
In file included from ../../../../../gim_model.h:4:
In file included from C:/Xilinx/Vitis_HLS/2024.1/include/ap_fixed.h:9:
In file included from C:/Xilinx/Vitis_HLS/2024.1/include/etc/ap_common.h:658:
In file included from C:/Xilinx/Vitis_HLS/2024.1/include/etc/ap_private.h:68:
In file included from C:/Xilinx/Vitis_HLS/2024.1/include/hls_half.h:26:
In file included from C:/Xilinx/Vitis_HLS/2024.1/include/etc/hls_half_fpo.h:19:
In file included from C:/Xilinx/Vitis_HLS/2024.1/include/hls_fpo.h:140:
In file included from C:/Xilinx/Vitis_HLS/2024.1/include/floating_point_v7_1_bitacc_cmodel.h:150:
C:/Xilinx/Vitis_HLS/2024.1/include/gmp.h:58:9: warning: '__GMP_LIBGMP_DLL' macro redefined [-Wmacro-redefined]
#define __GMP_LIBGMP_DLL  0
        ^
C:/Xilinx/Vitis_HLS/2024.1/include/floating_point_v7_1_bitacc_cmodel.h:142:9: note: previous definition is here
#define __GMP_LIBGMP_DLL 1
        ^
1 warning generated.
Y_train size: 320
first 3 labels: 0, 12
CSV files successfully loaded
0: 0.0429688, -0.00585938, 0.0332031| | 0
output: 0.339844, 0.322266, 0.335938, label: 01: 1.98242, -0.0214844, 0.119141| | 0
output: 0.775391, 0.103516, 0.119141, label: 12: 1.11914, 2.42188, 0.0175781| | 1
output: 0.199219, 0.199219, 0.0644531, label: 23: 0.880859, 1.93359, 2.18164| | 2
output: 0.130859, 0.130859, 0.130859, label: 14: 2.02344, 10.5703, 2.09375| | 1
output: 0, 0, 0, label: 25: 2.99023, 19.1621, -0.287109| | 1
output: 0, 0, 0, label: 06: -1.68945, 26.2988, 44.4805| | 2
output: 0, 0, 0, label: 27: 22.3301, 27.5254, -2.60742| | 1
output: 0.00195312, 0.00195312, 0, label: 08: -2.40625, 13.6074, 49.2988| | 2
output: 0, 0, 0, label: 09: 12.8047, 42.334, -4.44141| | 1
output: 0, 0, 0, label: 0+---------------------------------------+
| Epoch:          0| Accuracy:   10.00% |
0.00: -2.25, 48.22, 18.52| | 1.00
output: 0.00, 0.00, 0.00, label: 0.001.00: 36.17, 1.44, 54.68| | 2.00
output: 0.00, 0.00, 0.00, label: 1.002.00: -1.74, -2.21, 39.30| | 2.00
output: 0.00, 0.00, 0.00, label: 2.003.00: 4.99, -5.02, 46.49| | 2.00
output: 0.00, 0.00, 0.00, label: 1.004.00: 29.52, 54.14, 17.69| | 1.00
output: 0.00, 0.00, 0.00, label: 2.005.00: -2.44, 13.69, 2.01| | 1.00
output: 0.00, 0.00, 0.00, label: 0.006.00: 36.01, -1.63, 21.27| | 0.00
output: 1.00, 0.00, 0.00, label: 2.007.00: 60.70, 58.67, 18.36| | 0.00
output: 0.88, 0.12, 0.00, label: 0.008.00: 19.34, -1.40, 15.31| | 0.00
output: 0.98, 0.00, 0.02, label: 0.009.00: -2.23, 22.38, -2.85| | 1.00
output: 0.00, 0.00, 0.00, label: 0.00+---------------------------------------+
| Epoch:          1| Accuracy:   20.00% |
0.00: 35.52, -1.60, -6.31| | 0.00
output: 1.00, 0.00, 0.00, label: 0.001.00: -4.89, 11.01, 35.68| | 2.00
output: 0.00, 0.00, 0.00, label: 1.002.00: 62.73, 48.51, -2.16| | 0.00
output: 1.00, 0.00, 0.00, label: 2.003.00: 39.90, -3.56, 23.50| | 0.00
output: 1.00, 0.00, 0.00, label: 1.004.00: -3.69, -1.40, 8.43| | 2.00
output: 0.00, 0.00, 0.00, label: 2.005.00: -1.86, -0.16, -4.57| | 1.00
output: 0.15, 0.15, 0.01, label: 0.006.00: 57.02, 58.40, 1.34| | 1.00
output: 0.20, 0.20, 0.00, label: 2.007.00: -3.23, -6.27, 57.62| | 2.00
output: 0.00, 0.00, 0.00, label: 0.008.00: 4.95, -4.89, -0.13| | 0.00
output: 0.99, 0.00, 0.00, label: 0.009.00: -4.79, -3.37, 58.46| | 2.00
output: 0.00, 0.00, 0.00, label: 0.00+---------------------------------------+
| Epoch:          2| Accuracy:   30.00% |
0.00: -2.62, 42.58, 31.69| | 1.00
output: 0.00, 0.00, 0.00, label: 0.001.00: 35.82, -6.18, 37.18| | 2.00
output: 0.20, 0.00, 0.20, label: 1.002.00: -3.35, -3.88, 54.89| | 2.00
output: 0.00, 0.00, 0.00, label: 2.003.00: 9.37, -2.08, 50.65| | 2.00
output: 0.00, 0.00, 0.00, label: 1.004.00: -1.90, 9.51, -4.81| | 1.00
output: 0.00, 0.00, 0.00, label: 2.005.00: 18.91, -2.93, -0.63| | 0.00
output: 1.00, 0.00, 0.00, label: 0.006.00: -0.90, 39.94, 11.50| | 1.00
output: 0.00, 0.00, 0.00, label: 2.007.00: 13.40, 57.66, -0.22| | 1.00
output: 0.00, 0.00, 0.00, label: 0.008.00: 13.97, -5.26, -0.15| | 0.00
output: 1.00, 0.00, 0.00, label: 0.009.00: -0.72, 37.91, -5.44| | 1.00
output: 0.00, 0.00, 0.00, label: 0.00+---------------------------------------+
| Epoch:          3| Accuracy:   10.00% |
0.00: 3.42, 3.35, -2.07| | 0.00
output: 0.52, 0.48, 0.00, label: 0.001.00: -0.56, 24.62, 59.82| | 2.00
output: 0.00, 0.00, 0.00, label: 1.002.00: 44.72, -0.10, 24.28| | 0.00
output: 1.00, 0.00, 0.00, label: 2.003.00: 33.75, -4.93, -5.74| | 0.00
output: 1.00, 0.00, 0.00, label: 1.004.00: 2.15, -4.42, -4.55| | 0.00
output: 1.00, 0.00, 0.00, label: 2.005.00: 28.52, -0.26, -5.48| | 0.00
output: 1.00, 0.00, 0.00, label: 0.006.00: 36.23, -1.46, 19.95| | 0.00
output: 1.00, 0.00, 0.00, label: 2.007.00: -3.92, -2.63, 5.54| | 2.00
output: 0.00, 0.00, 0.00, label: 0.008.00: 41.91, -5.89, 49.45| | 2.00
output: 0.00, 0.00, 0.00, label: 0.009.00: -1.49, -3.79, -4.23| | 0.00
output: 0.86, 0.08, 0.05, label: 0.00+---------------------------------------+
| Epoch:          4| Accuracy:   60.00% |
0.00: 53.61, -3.37, 31.75| | 0.00
output: 1.00, 0.00, 0.00, label: 0.001.00: -5.67, -1.76, 41.42| | 2.00
output: 0.00, 0.00, 0.00, label: 1.002.00: 47.53, -3.15, 54.10| | 2.00
output: 0.00, 0.00, 0.00, label: 2.003.00: 59.86, 30.68, -0.25| | 0.00
output: 1.00, 0.00, 0.00, label: 1.004.00: 13.65, 44.42, -2.67| | 1.00
output: 0.00, 0.00, 0.00, label: 2.005.00: -4.63, -1.75, 35.85| | 2.00
output: 0.00, 0.00, 0.00, label: 0.006.00: -1.60, -6.13, -0.43| | 2.00
output: 0.24, 0.00, 0.24, label: 2.007.00: -4.03, 19.73, 50.86| | 2.00
output: 0.00, 0.00, 0.00, label: 0.008.00: -5.46, 9.26, 17.28| | 2.00
output: 0.00, 0.00, 0.00, label: 0.009.00: -5.91, -4.01, -0.23| | 2.00
output: 0.00, 0.00, 0.00, label: 0.00+---------------------------------------+
| Epoch:          5| Accuracy:   20.00% |
0.00: 44.32, -4.00, 20.11| | 0.00
output: 1.00, 0.00, 0.00, label: 0.001.00: -2.91, 60.26, -5.71| | 1.00
output: 0.00, 0.00, 0.00, label: 1.002.00: 56.52, -3.84, 21.65| | 0.00
output: 1.00, 0.00, 0.00, label: 2.003.00: -5.09, -0.38, -5.82| | 1.00
output: 0.01, 0.01, 0.00, label: 1.004.00: 34.56, 7.42, -6.25| | 0.00
output: 1.00, 0.00, 0.00, label: 2.005.00: 4.00, 41.69, 43.83| | 2.00
output: 0.00, 0.00, 0.00, label: 0.006.00: -0.36, 29.59, -3.57| | 1.00
output: 0.00, 0.00, 0.00, label: 2.007.00: -6.05, 44.85, -3.56| | 1.00
output: 0.00, 0.00, 0.00, label: 0.008.00: -6.00, 36.93, 11.44| | 1.00
output: 0.00, 0.00, 0.00, label: 0.009.00: -4.35, -6.08, -1.39| | 2.00
output: 0.05, 0.01, 0.05, label: 0.00+---------------------------------------+
| Epoch:          6| Accuracy:   30.00% |
0.00: -1.47, -4.87, 5.95| | 2.00
output: 0.00, 0.00, 0.00, label: 0.001.00: 7.76, -3.08, -1.77| | 0.00
output: 1.00, 0.00, 0.00, label: 1.002.00: 48.18, 32.50, 10.78| | 0.00
output: 1.00, 0.00, 0.00, label: 2.003.00: 6.96, -2.07, -3.54| | 0.00
output: 1.00, 0.00, 0.00, label: 1.004.00: 55.34, 37.17, -1.92| | 0.00
output: 1.00, 0.00, 0.00, label: 2.005.00: -3.82, -1.92, -5.97| | 1.00
output: 0.13, 0.13, 0.01, label: 0.006.00: 16.16, -5.79, 15.86| | 0.00
output: 0.57, 0.00, 0.43, label: 2.007.00: 39.29, -5.45, -5.27| | 0.00
output: 1.00, 0.00, 0.00, label: 0.008.00: -1.71, 54.38, -0.99| | 1.00
output: 0.00, 0.00, 0.00, label: 0.009.00: -5.64, 15.50, 44.30| | 2.00
output: 0.00, 0.00, 0.00, label: 0.00+---------------------------------------+
| Epoch:          7| Accuracy:   50.00% |
0.00: 48.73, 58.14, -4.78| | 1.00
output: 0.00, 0.00, 0.00, label: 0.001.00: 6.25, -5.76, -4.47| | 0.00
output: 1.00, 0.00, 0.00, label: 1.002.00: 20.08, -6.33, 35.61| | 2.00
output: 0.00, 0.00, 0.00, label: 2.003.00: 51.26, -3.18, -0.66| | 0.00
output: 1.00, 0.00, 0.00, label: 1.004.00: 10.74, 0.11, -1.32| | 0.00
output: 1.00, 0.00, 0.00, label: 2.005.00: 12.66, -4.31, 31.80| | 2.00
output: 0.00, 0.00, 0.00, label: 0.006.00: 53.95, -0.42, -5.89| | 0.00
output: 1.00, 0.00, 0.00, label: 2.007.00: -1.59, 61.17, 38.56| | 1.00
output: 0.00, 0.00, 0.00, label: 0.008.00: 21.18, 52.53, 62.24| | 2.00
output: 0.00, 0.00, 0.00, label: 0.009.00: -6.22, 7.96, 3.86| | 2.00
output: 0.00, 0.00, 0.00, label: 0.00+---------------------------------------+
| Epoch:          8| Accuracy:   30.00% |
0.00: -5.72, -2.63, -0.54| | 2.00
output: 0.00, 0.00, 0.00, label: 0.001.00: 31.66, -6.29, 28.54| | 0.00
output: 0.96, 0.00, 0.04, label: 1.002.00: -2.67, 47.88, 3.77| | 1.00
output: 0.00, 0.00, 0.00, label: 2.003.00: 7.77, -4.14, -1.01| | 0.00
output: 1.00, 0.00, 0.00, label: 1.004.00: 10.29, 11.57, 21.41| | 2.00
output: 0.00, 0.00, 0.00, label: 2.005.00: -2.57, -1.66, 41.93| | 2.00
output: 0.00, 0.00, 0.00, label: 0.006.00: 44.29, -5.99, -3.84| | 0.00
output: 1.00, 0.00, 0.00, label: 2.007.00: -5.50, 58.82, 54.82| | 2.00
output: 0.00, 0.00, 0.00, label: 0.008.00: 43.39, -5.98, 10.90| | 0.00
output: 1.00, 0.00, 0.00, label: 0.009.00: -2.44, -1.72, 7.64| | 2.00
output: 0.00, 0.00, 0.00, label: 0.00+---------------------------------------+
| Epoch:          9| Accuracy:   20.00% |
0.00: 38.80, -4.26, 55.13| | 2.00
output: 0.00, 0.00, 0.00, label: 0.001.00: -4.58, -5.90, 24.25| | 2.00
output: 0.00, 0.00, 0.00, label: 1.002.00: -6.26, -3.88, -5.06| | 2.00
output: 0.06, 0.06, 0.06, label: 2.003.00: 51.71, 51.04, 29.51| | 0.00
output: 0.66, 0.33, 0.00, label: 1.004.00: 32.06, 56.43, 63.38| | 2.00
output: 0.00, 0.00, 0.00, label: 2.005.00: 53.27, 27.15, 16.02| | 0.00
output: 1.00, 0.00, 0.00, label: 0.006.00: 52.35, 13.23, -6.10| | 0.00
output: 1.00, 0.00, 0.00, label: 2.007.00: 63.80, 22.13, 29.79| | 0.00
output: 1.00, 0.00, 0.00, label: 0.008.00: 26.23, 7.24, -5.96| | 0.00
output: 1.00, 0.00, 0.00, label: 0.009.00: 5.21, -5.89, 49.96| | 2.00
output: 0.00, 0.00, 0.00, label: 0.00+---------------------------------------+
| Epoch:         10| Accuracy:   40.00% |
0.00: -4.70, -2.15, 45.99| | 2.00
output: 0.00, 0.00, 0.00, label: 0.001.00: -3.22, 46.40, -1.62| | 1.00
output: 0.00, 0.00, 0.00, label: 1.002.00: -5.37, 22.46, 37.62| | 2.00
output: 0.00, 0.00, 0.00, label: 2.003.00: -4.21, 13.96, -0.59| | 1.00
output: 0.00, 0.00, 0.00, label: 1.004.00: -3.90, 54.24, -0.83| | 1.00
output: 0.00, 0.00, 0.00, label: 2.005.00: 34.50, -2.04, -4.21| | 0.00
output: 1.00, 0.00, 0.00, label: 0.006.00: 41.42, -2.01, -3.47| | 0.00
output: 1.00, 0.00, 0.00, label: 2.007.00: 57.56, 39.57, 16.98| | 0.00
output: 1.00, 0.00, 0.00, label: 0.008.00: -2.77, -4.86, 37.88| | 2.00
output: 0.00, 0.00, 0.00, label: 0.009.00: -5.48, -4.17, 15.72| | 2.00
output: 0.00, 0.00, 0.00, label: 0.00+---------------------------------------+
| Epoch:         11| Accuracy:   30.00% |
0.00: -0.76, 1.74, 48.69| | 2.00
output: 0.00, 0.00, 0.00, label: 0.001.00: 55.55, 7.91, -3.68| | 0.00
output: 1.00, 0.00, 0.00, label: 1.002.00: -4.81, 11.15, -0.58| | 1.00
output: 0.00, 0.00, 0.00, label: 2.003.00: -3.96, 12.56, -0.52| | 1.00
output: 0.00, 0.00, 0.00, label: 1.004.00: 57.18, -3.29, -1.77| | 0.00
output: 1.00, 0.00, 0.00, label: 2.005.00: -1.81, -2.50, 25.74| | 2.00
output: 0.00, 0.00, 0.00, label: 0.006.00: 45.26, 11.70, 10.03| | 0.00
output: 1.00, 0.00, 0.00, label: 2.007.00: -5.68, 11.48, 20.84| | 2.00
output: 0.00, 0.00, 0.00, label: 0.008.00: 20.58, -1.17, -5.57| | 0.00
output: 1.00, 0.00, 0.00, label: 0.009.00: -2.06, 60.89, -4.93| | 1.00
output: 0.00, 0.00, 0.00, label: 0.00+---------------------------------------+
| Epoch:         12| Accuracy:   20.00% |
0.00: -6.34, -4.86, 25.82| | 2.00
output: 0.00, 0.00, 0.00, label: 0.001.00: -5.64, 28.29, -6.37| | 1.00
output: 0.00, 0.00, 0.00, label: 1.002.00: -2.80, -3.21, -5.17| | 0.00
output: 0.57, 0.38, 0.05, label: 2.003.00: 39.72, 18.32, 35.96| | 0.00
output: 0.98, 0.00, 0.02, label: 1.004.00: 18.98, -1.33, -1.35| | 0.00
output: 1.00, 0.00, 0.00, label: 2.005.00: 29.42, 63.61, 42.75| | 1.00
output: 0.00, 0.00, 0.00, label: 0.006.00: 13.97, -1.84, 13.80| | 0.00
output: 0.54, 0.00, 0.46, label: 2.007.00: 16.41, -3.85, -2.20| | 0.00
output: 1.00, 0.00, 0.00, label: 0.008.00: 14.81, -1.44, -0.32| | 0.00
output: 1.00, 0.00, 0.00, label: 0.009.00: -3.03, -4.19, -5.79| | 0.00
output: 0.73, 0.23, 0.04, label: 0.00+---------------------------------------+
| Epoch:         13| Accuracy:   50.00% |
0.00: -3.51, 1.96, 59.64| | 2.00
output: 0.00, 0.00, 0.00, label: 0.001.00: -0.75, 1.91, 47.79| | 2.00
output: 0.00, 0.00, 0.00, label: 1.002.00: -4.14, -1.71, -1.19| | 2.00
output: 0.03, 0.03, 0.03, label: 2.003.00: 44.66, -6.02, -4.67| | 0.00
output: 1.00, 0.00, 0.00, label: 1.004.00: -1.80, -6.25, 25.62| | 2.00
output: 0.00, 0.00, 0.00, label: 2.005.00: -4.86, 7.80, 42.70| | 2.00
output: 0.00, 0.00, 0.00, label: 0.006.00: 41.11, 50.51, -0.01| | 1.00
output: 0.00, 0.00, 0.00, label: 2.007.00: -5.99, -4.67, 45.57| | 2.00
output: 0.00, 0.00, 0.00, label: 0.008.00: -1.09, -5.71, -0.85| | 2.00
output: 0.44, 0.00, 0.44, label: 0.009.00: 24.78, 10.14, -6.26| | 0.00
output: 1.00, 0.00, 0.00, label: 0.00+---------------------------------------+
| Epoch:         14| Accuracy:   10.00% |
0.00: -2.71, -3.50, -2.80| | 0.00
output: 0.42, 0.19, 0.38, label: 0.001.00: -5.39, -0.43, -6.27| | 1.00
output: 0.00, 0.00, 0.00, label: 1.002.00: -2.79, 45.92, -1.03| | 1.00
output: 0.00, 0.00, 0.00, label: 2.003.00: 53.78, 35.77, 9.34| | 0.00
output: 1.00, 0.00, 0.00, label: 1.004.00: -2.99, -2.14, -5.54| | 1.00
output: 0.29, 0.29, 0.02, label: 2.005.00: 29.82, -4.51, -3.06| | 0.00
output: 1.00, 0.00, 0.00, label: 0.006.00: -4.65, 37.47, 51.46| | 2.00
output: 0.00, 0.00, 0.00, label: 2.007.00: 18.17, -0.07, 22.62| | 2.00
output: 0.01, 0.00, 0.01, label: 0.008.00: -2.91, -0.82, -1.60| | 2.00
output: 0.08, 0.08, 0.08, label: 0.009.00: 29.29, -2.15, -3.92| | 0.00
output: 1.00, 0.00, 0.00, label: 0.00+---------------------------------------+
| Epoch:         15| Accuracy:   30.00% |
0.00: -1.65, -5.45, 40.51| | 2.00
output: 0.00, 0.00, 0.00, label: 0.001.00: 30.17, -2.61, 9.05| | 0.00
output: 1.00, 0.00, 0.00, label: 1.002.00: 20.54, -3.68, -2.04| | 0.00
output: 1.00, 0.00, 0.00, label: 2.003.00: 50.54, -1.93, 2.96| | 0.00
output: 1.00, 0.00, 0.00, label: 1.004.00: 60.43, 23.20, -1.63| | 0.00
output: 1.00, 0.00, 0.00, label: 2.005.00: 62.30, -5.85, -5.73| | 0.00
output: 1.00, 0.00, 0.00, label: 0.006.00: 5.70, 62.80, 9.20| | 1.00
output: 0.00, 0.00, 0.00, label: 2.007.00: -5.51, 9.01, -5.68| | 1.00
output: 0.00, 0.00, 0.00, label: 0.008.00: -1.49, 32.20, -5.38| | 1.00
output: 0.00, 0.00, 0.00, label: 0.009.00: -2.76, 61.55, 47.58| | 1.00
output: 0.00, 0.00, 0.00, label: 0.00+---------------------------------------+
| Epoch:         16| Accuracy:   40.00% |
0.00: -5.08, 22.14, 28.44| | 2.00
output: 0.00, 0.00, 0.00, label: 0.001.00: 61.68, -0.24, 13.30| | 0.00
output: 1.00, 0.00, 0.00, label: 1.002.00: 56.64, 21.95, 5.75| | 0.00
output: 1.00, 0.00, 0.00, label: 2.003.00: 18.43, -4.92, -1.93| | 0.00
output: 1.00, 0.00, 0.00, label: 1.004.00: -1.85, 10.04, 10.79| | 2.00
output: 0.00, 0.00, 0.00, label: 2.005.00: 58.06, 24.52, 34.75| | 0.00
output: 1.00, 0.00, 0.00, label: 0.006.00: 0.14, -5.09, 15.18| | 2.00
output: 0.00, 0.00, 0.00, label: 2.007.00: -4.40, -1.24, -4.88| | 1.00
output: 0.04, 0.04, 0.02, label: 0.008.00: -4.16, 18.63, 11.74| | 1.00
output: 0.00, 0.00, 0.00, label: 0.009.00: -5.28, 5.35, 31.47| | 2.00
output: 0.00, 0.00, 0.00, label: 0.00+---------------------------------------+
| Epoch:         17| Accuracy:   30.00% |
0.00: 6.92, 32.05, 41.04| | 2.00
output: 0.00, 0.00, 0.00, label: 0.001.00: 55.20, 37.83, 40.03| | 0.00
output: 1.00, 0.00, 0.00, label: 1.002.00: -1.16, -5.88, -6.02| | 0.00
output: 0.99, 0.01, 0.00, label: 2.003.00: -4.26, 42.61, 54.72| | 2.00
output: 0.00, 0.00, 0.00, label: 1.004.00: -5.52, -3.63, 37.22| | 2.00
output: 0.00, 0.00, 0.00, label: 2.005.00: -4.54, -2.66, 56.61| | 2.00
output: 0.00, 0.00, 0.00, label: 0.006.00: 17.69, -1.39, -3.70| | 0.00
output: 1.00, 0.00, 0.00, label: 2.007.00: 27.34, 55.39, -5.99| | 1.00
output: 0.00, 0.00, 0.00, label: 0.008.00: 32.83, 54.23, 7.44| | 1.00
output: 0.00, 0.00, 0.00, label: 0.009.00: 33.12, 29.31, -4.72| | 0.00
output: 0.98, 0.02, 0.00, label: 0.00+---------------------------------------+
| Epoch:         18| Accuracy:   20.00% |
0.00: -2.00, -0.03, -2.42| | 1.00
output: 0.11, 0.11, 0.07, label: 0.001.00: 36.12, -5.06, 9.15| | 0.00
output: 1.00, 0.00, 0.00, label: 1.002.00: -3.77, -5.90, 10.46| | 2.00
output: 0.00, 0.00, 0.00, label: 2.003.00: 7.15, 57.39, -3.50| | 1.00
output: 0.00, 0.00, 0.00, label: 1.004.00: -2.76, 23.26, 58.01| | 2.00
output: 0.00, 0.00, 0.00, label: 2.005.00: -0.65, -4.52, -6.26| | 0.00
output: 0.98, 0.02, 0.00, label: 0.006.00: -1.34, -0.70, -5.80| | 1.00
output: 0.34, 0.34, 0.00, label: 2.007.00: -1.04, 23.24, 57.04| | 2.00
output: 0.00, 0.00, 0.00, label: 0.008.00: -2.04, 32.59, -2.65| | 1.00
output: 0.00, 0.00, 0.00, label: 0.009.00: 15.91, -4.46, -2.64| | 0.00
output: 1.00, 0.00, 0.00, label: 0.00+---------------------------------------+
| Epoch:         19| Accuracy:   10.00% |
0.00: 3.57, -2.62, -0.16| | 0.00
output: 0.97, 0.00, 0.02, label: 0.001.00: 29.55, 21.50, 38.96| | 2.00
output: 0.00, 0.00, 0.00, label: 1.002.00: 28.03, -2.73, -1.39| | 0.00
output: 1.00, 0.00, 0.00, label: 2.003.00: -4.92, -3.49, 7.02| | 2.00
output: 0.00, 0.00, 0.00, label: 1.004.00: 48.14, 47.20, -4.97| | 0.00
output: 0.72, 0.28, 0.00, label: 2.005.00: 44.30, 26.66, 48.80| | 2.00
output: 0.01, 0.00, 0.01, label: 0.006.00: 11.71, -0.98, -3.87| | 0.00
output: 1.00, 0.00, 0.00, label: 2.007.00: 47.96, -5.90, -3.19| | 0.00
output: 1.00, 0.00, 0.00, label: 0.008.00: -3.46, 51.83, -3.73| | 1.00
output: 0.00, 0.00, 0.00, label: 0.009.00: -3.21, 7.37, -0.16| | 1.00
output: 0.00, 0.00, 0.00, label: 0.00+---------------------------------------+
| Epoch:         20| Accuracy:   50.00% |
0.00: -1.71, 23.03, -3.11| | 1.00
output: 0.00, 0.00, 0.00, label: 0.001.00: -2.05, -1.46, -3.84| | 1.00
output: 0.34, 0.34, 0.05, label: 1.002.00: 55.77, 37.98, -1.76| | 0.00
output: 1.00, 0.00, 0.00, label: 2.003.00: -2.99, 2.43, 31.81| | 2.00
output: 0.00, 0.00, 0.00, label: 1.004.00: 40.37, -2.81, -5.52| | 0.00
output: 1.00, 0.00, 0.00, label: 2.005.00: -5.57, -1.96, -2.21| | 2.00
output: 0.01, 0.01, 0.01, label: 0.006.00: -1.81, 17.64, 22.28| | 2.00
output: 0.00, 0.00, 0.00, label: 2.007.00: -2.38, -2.79, 27.30| | 2.00
output: 0.00, 0.00, 0.00, label: 0.008.00: -0.56, 23.81, -0.48| | 1.00
output: 0.00, 0.00, 0.00, label: 0.009.00: -5.82, 20.99, 33.84| | 2.00
output: 0.00, 0.00, 0.00, label: 0.00+---------------------------------------+
| Epoch:         21| Accuracy:   20.00% |
0.00: 5.80, 34.42, -1.04| | 1.00
output: 0.00, 0.00, 0.00, label: 0.001.00: 47.70, -2.15, -0.61| | 0.00
output: 1.00, 0.00, 0.00, label: 1.002.00: 62.71, -0.74, 34.47| | 0.00
output: 1.00, 0.00, 0.00, label: 2.003.00: 23.92, -5.09, -2.85| | 0.00
output: 1.00, 0.00, 0.00, label: 1.004.00: -4.13, 32.37, 32.14| | 2.00
output: 0.00, 0.00, 0.00, label: 2.005.00: 1.13, 47.47, 50.94| | 2.00
output: 0.00, 0.00, 0.00, label: 0.006.00: 3.86, 39.82, -3.30| | 1.00
output: 0.00, 0.00, 0.00, label: 2.007.00: -0.62, -3.46, -0.30| | 2.00
output: 0.41, 0.02, 0.41, label: 0.008.00: -3.45, -0.48, 37.78| | 2.00
output: 0.00, 0.00, 0.00, label: 0.009.00: -4.25, -4.68, -4.00| | 2.00
output: 0.34, 0.22, 0.34, label: 0.00+---------------------------------------+
| Epoch:         22| Accuracy:   20.00% |
0.00: 41.07, 5.32, -5.81| | 0.00
output: 1.00, 0.00, 0.00, label: 0.001.00: 26.93, -2.48, -4.79| | 0.00
output: 1.00, 0.00, 0.00, label: 1.002.00: 4.15, -5.97, 61.58| | 2.00
output: 0.00, 0.00, 0.00, label: 2.003.00: 50.33, -5.37, -4.33| | 0.00
output: 1.00, 0.00, 0.00, label: 1.004.00: -3.02, -6.33, -2.53| | 2.00
output: 0.37, 0.01, 0.37, label: 2.005.00: -0.15, 44.57, 20.72| | 1.00
output: 0.00, 0.00, 0.00, label: 0.006.00: 38.47, 9.15, 22.98| | 0.00
output: 1.00, 0.00, 0.00, label: 2.007.00: -0.01, 59.73, 47.46| | 1.00
output: 0.00, 0.00, 0.00, label: 0.008.00: -3.73, -2.04, -2.55| | 2.00
output: 0.10, 0.10, 0.10, label: 0.009.00: -1.65, -1.75, 16.60| | 2.00
output: 0.00, 0.00, 0.00, label: 0.00+---------------------------------------+
| Epoch:         23| Accuracy:   30.00% |
0.00: 25.46, -4.02, -1.00| | 0.00
output: 1.00, 0.00, 0.00, label: 0.001.00: 5.91, 60.13, -0.14| | 1.00
output: 0.00, 0.00, 0.00, label: 1.002.00: 12.24, -4.56, 21.29| | 2.00
output: 0.00, 0.00, 0.00, label: 2.003.00: 20.46, -0.44, -0.35| | 0.00
output: 1.00, 0.00, 0.00, label: 1.004.00: 21.82, 43.47, 5.35| | 1.00
output: 0.00, 0.00, 0.00, label: 2.005.00: -4.82, 32.78, 33.83| | 2.00
output: 0.00, 0.00, 0.00, label: 0.006.00: 10.14, -5.70, -2.44| | 0.00
output: 1.00, 0.00, 0.00, label: 2.007.00: 46.24, -3.74, -0.55| | 0.00
output: 1.00, 0.00, 0.00, label: 0.008.00: -2.21, -0.35, -5.51| | 1.00
output: 0.13, 0.13, 0.00, label: 0.009.00: 39.70, -5.76, -0.92| | 0.00
output: 1.00, 0.00, 0.00, label: 0.00+---------------------------------------+
| Epoch:         24| Accuracy:   40.00% |
0.00: 42.55, -2.26, 63.77| | 2.00
output: 0.00, 0.00, 0.00, label: 0.001.00: -1.92, -0.53, -5.44| | 1.00
output: 0.20, 0.20, 0.00, label: 1.002.00: 4.01, 13.57, 41.70| | 2.00
output: 0.00, 0.00, 0.00, label: 2.003.00: 8.90, 39.13, -1.75| | 1.00
output: 0.00, 0.00, 0.00, label: 1.004.00: 41.26, -4.26, -0.93| | 0.00
output: 1.00, 0.00, 0.00, label: 2.005.00: -0.84, -3.14, 30.83| | 2.00
output: 0.00, 0.00, 0.00, label: 0.006.00: 56.62, 30.35, 37.62| | 0.00
output: 1.00, 0.00, 0.00, label: 2.007.00: -2.63, 28.73, -4.31| | 1.00
output: 0.00, 0.00, 0.00, label: 0.008.00: -3.80, -0.27, 63.54| | 2.00
output: 0.00, 0.00, 0.00, label: 0.009.00: -2.02, -5.74, 22.26| | 2.00
output: 0.00, 0.00, 0.00, label: 0.00+---------------------------------------+
| Epoch:         25| Accuracy:   20.00% |
0.00: -0.45, 5.99, -2.06| | 1.00
output: 0.00, 0.00, 0.00, label: 0.001.00: 36.52, -3.25, -4.60| | 0.00
output: 1.00, 0.00, 0.00, label: 1.002.00: -5.74, 37.80, 54.53| | 2.00
output: 0.00, 0.00, 0.00, label: 2.003.00: 26.77, 49.43, 9.59| | 1.00
output: 0.00, 0.00, 0.00, label: 1.004.00: 61.71, 40.74, -1.15| | 0.00
output: 1.00, 0.00, 0.00, label: 2.005.00: 27.27, 41.37, -3.83| | 1.00
output: 0.00, 0.00, 0.00, label: 0.006.00: -4.27, 56.03, -1.72| | 1.00
output: 0.00, 0.00, 0.00, label: 2.007.00: 34.29, 39.25, -3.92| | 1.00
output: 0.00, 0.00, 0.00, label: 0.008.00: -3.05, 47.68, -2.87| | 1.00
output: 0.00, 0.00, 0.00, label: 0.009.00: 19.20, 11.97, -5.57| | 0.00
output: 1.00, 0.00, 0.00, label: 0.00+---------------------------------------+
| Epoch:         26| Accuracy:   10.00% |
0.00: 4.53, 32.04, -1.19| | 1.00
output: 0.00, 0.00, 0.00, label: 0.001.00: 43.41, -3.37, -1.97| | 0.00
output: 1.00, 0.00, 0.00, label: 1.002.00: 38.79, 9.21, 20.86| | 0.00
output: 1.00, 0.00, 0.00, label: 2.003.00: -3.60, 17.32, 28.45| | 2.00
output: 0.00, 0.00, 0.00, label: 1.004.00: 32.30, 1.26, -2.33| | 0.00
output: 1.00, 0.00, 0.00, label: 2.005.00: 45.89, -4.96, -0.54| | 0.00
output: 1.00, 0.00, 0.00, label: 0.006.00: 58.06, 14.27, -5.58| | 0.00
output: 1.00, 0.00, 0.00, label: 2.007.00: -0.19, -1.45, -1.59| | 0.00
output: 0.65, 0.18, 0.16, label: 0.008.00: -0.20, 15.81, -0.87| | 1.00
output: 0.00, 0.00, 0.00, label: 0.009.00: -4.18, -2.44, 32.99| | 2.00
output: 0.00, 0.00, 0.00, label: 0.00+---------------------------------------+
| Epoch:         27| Accuracy:   50.00% |
0.00: -4.39, 8.07, -0.99| | 1.00
output: 0.00, 0.00, 0.00, label: 0.001.00: 54.47, 31.50, -1.92| | 0.00
output: 1.00, 0.00, 0.00, label: 1.002.00: 9.46, -5.44, 36.76| | 2.00
output: 0.00, 0.00, 0.00, label: 2.003.00: 45.25, -2.94, 33.54| | 0.00
output: 1.00, 0.00, 0.00, label: 1.004.00: -0.54, 10.33, -3.84| | 1.00
output: 0.00, 0.00, 0.00, label: 2.005.00: 4.32, -6.20, -3.72| | 0.00
output: 1.00, 0.00, 0.00, label: 0.006.00: -2.06, -5.71, 9.13| | 2.00
output: 0.00, 0.00, 0.00, label: 2.007.00: -3.78, 60.47, 57.91| | 2.00
output: 0.00, 0.00, 0.00, label: 0.008.00: -0.48, -6.32, 34.46| | 2.00
output: 0.00, 0.00, 0.00, label: 0.009.00: -1.70, 59.02, -3.26| | 1.00
output: 0.00, 0.00, 0.00, label: 0.00+---------------------------------------+
| Epoch:         28| Accuracy:   20.00% |
0.00: 24.95, -0.14, -5.60| | 0.00
output: 1.00, 0.00, 0.00, label: 0.001.00: 4.43, -4.97, 37.72| | 2.00
output: 0.00, 0.00, 0.00, label: 1.002.00: -0.48, -6.30, -3.67| | 0.00
output: 0.96, 0.00, 0.04, label: 2.003.00: -6.27, 19.49, 20.88| | 2.00
output: 0.00, 0.00, 0.00, label: 1.004.00: -3.15, 32.02, -1.91| | 1.00
output: 0.00, 0.00, 0.00, label: 2.005.00: 20.78, -5.39, 4.78| | 0.00
output: 1.00, 0.00, 0.00, label: 0.006.00: -4.86, 35.18, 32.78| | 2.00
output: 0.00, 0.00, 0.00, label: 2.007.00: 2.77, -4.74, -1.99| | 0.00
output: 0.99, 0.00, 0.01, label: 0.008.00: -5.65, 35.18, -4.15| | 1.00
output: 0.00, 0.00, 0.00, label: 0.009.00: 23.03, -4.70, -5.27| | 0.00
output: 1.00, 0.00, 0.00, label: 0.00+---------------------------------------+
| Epoch:         29| Accuracy:   40.00% |
0.00: 10.85, -5.57, -3.41| | 0.00
output: 1.00, 0.00, 0.00, label: 0.001.00: -3.56, 48.00, 35.66| | 1.00
output: 0.00, 0.00, 0.00, label: 1.002.00: -0.90, 21.16, 37.81| | 2.00
output: 0.00, 0.00, 0.00, label: 2.003.00: 30.40, 2.81, 12.75| | 0.00
output: 1.00, 0.00, 0.00, label: 1.004.00: -3.93, 18.50, -4.00| | 1.00
output: 0.00, 0.00, 0.00, label: 2.005.00: 0.08, -1.46, -5.41| | 0.00
output: 0.82, 0.17, 0.00, label: 0.006.00: -1.93, -2.67, 58.67| | 2.00
output: 0.00, 0.00, 0.00, label: 2.007.00: -3.09, -4.26, 58.41| | 2.00
output: 0.00, 0.00, 0.00, label: 0.008.00: 24.86, -5.81, 2.30| | 0.00
output: 1.00, 0.00, 0.00, label: 0.009.00: 62.10, 15.83, -1.20| | 0.00
output: 1.00, 0.00, 0.00, label: 0.00+---------------------------------------+
| Epoch:         30| Accuracy:   30.00% |
0.00: -0.09, 30.99, 4.10| | 1.00
output: 0.00, 0.00, 0.00, label: 0.001.00: -0.61, 6.39, 52.28| | 2.00
output: 0.00, 0.00, 0.00, label: 1.002.00: -5.63, 7.00, -2.04| | 1.00
output: 0.00, 0.00, 0.00, label: 2.003.00: -5.90, 2.94, 33.48| | 2.00
output: 0.00, 0.00, 0.00, label: 1.004.00: 59.43, 14.93, -2.36| | 0.00
output: 1.00, 0.00, 0.00, label: 2.005.00: 30.27, -1.27, 57.04| | 2.00
output: 0.00, 0.00, 0.00, label: 0.006.00: 48.39, -4.01, -4.98| | 0.00
output: 1.00, 0.00, 0.00, label: 2.007.00: -5.09, 5.06, 60.63| | 2.00
output: 0.00, 0.00, 0.00, label: 0.008.00: 17.94, 22.41, -2.74| | 1.00
output: 0.01, 0.01, 0.00, label: 0.009.00: -3.38, -4.59, 39.97| | 2.00
output: 0.00, 0.00, 0.00, label: 0.00+---------------------------------------+
| Epoch:         31| Accuracy:   20.00% |
0.00: 32.15, -2.55, -3.90| | 0.00
output: 1.00, 0.00, 0.00, label: 0.001.00: -5.17, -2.03, 22.70| | 2.00
output: 0.00, 0.00, 0.00, label: 1.002.00: 59.22, -3.34, 26.19| | 0.00
output: 1.00, 0.00, 0.00, label: 2.003.00: 49.27, 17.61, 12.90| | 0.00
output: 1.00, 0.00, 0.00, label: 1.004.00: 43.92, -0.13, 48.77| | 2.00
output: 0.01, 0.00, 0.01, label: 2.005.00: -0.88, -3.91, 16.04| | 2.00
output: 0.00, 0.00, 0.00, label: 0.006.00: 21.00, 33.27, 41.99| | 2.00
output: 0.00, 0.00, 0.00, label: 2.007.00: 21.18, -2.50, -4.99| | 0.00
output: 1.00, 0.00, 0.00, label: 0.008.00: -1.23, 60.04, 22.50| | 1.00
output: 0.00, 0.00, 0.00, label: 0.009.00: -4.43, 55.64, -3.74| | 1.00
output: 0.00, 0.00, 0.00, label: 0.00+---------------------------------------+
| Epoch:         32| Accuracy:   40.00% |
0.00: -2.54, 60.41, 44.10| | 1.00
output: 0.00, 0.00, 0.00, label: 0.001.00: -2.49, -0.52, -3.28| | 1.00
output: 0.12, 0.12, 0.05, label: 1.002.00: -5.37, -5.46, 59.60| | 2.00
output: 0.00, 0.00, 0.00, label: 2.003.00: -1.00, 43.60, -3.30| | 1.00
output: 0.00, 0.00, 0.00, label: 1.004.00: -1.75, 24.79, 57.37| | 2.00
output: 0.00, 0.00, 0.00, label: 2.005.00: -1.90, 20.37, -2.57| | 1.00
output: 0.00, 0.00, 0.00, label: 0.006.00: 15.07, 12.16, 16.95| | 2.00
output: 0.13, 0.01, 0.13, label: 2.007.00: -0.82, -1.56, -0.40| | 2.00
output: 0.33, 0.16, 0.33, label: 0.008.00: -0.21, -1.08, -2.32| | 0.00
output: 0.65, 0.27, 0.08, label: 0.009.00: -1.70, -0.77, 60.01| | 2.00
output: 0.00, 0.00, 0.00, label: 0.00+---------------------------------------+
| Epoch:         33| Accuracy:    0.00% |
0.00: 22.74, -4.07, 41.91| | 2.00
output: 0.00, 0.00, 0.00, label: 0.001.00: -1.01, -0.26, -3.88| | 1.00
output: 0.31, 0.31, 0.02, label: 1.002.00: -5.69, 57.92, -5.42| | 1.00
output: 0.00, 0.00, 0.00, label: 2.003.00: -4.74, -2.29, 49.07| | 2.00
output: 0.00, 0.00, 0.00, label: 1.004.00: -0.40, -3.64, -5.41| | 0.00
output: 0.96, 0.04, 0.00, label: 2.005.00: -5.49, -0.36, -3.78| | 2.00
output: 0.00, 0.00, 0.00, label: 0.006.00: -1.30, 36.92, -1.74| | 1.00
output: 0.00, 0.00, 0.00, label: 2.007.00: 6.65, 13.38, 28.33| | 2.00
output: 0.00, 0.00, 0.00, label: 0.008.00: 29.86, -0.10, -1.46| | 0.00
output: 1.00, 0.00, 0.00, label: 0.009.00: 18.85, 26.83, 32.21| | 2.00
output: 0.00, 0.00, 0.00, label: 0.00+---------------------------------------+
| Epoch:         34| Accuracy:   10.00% |
0.00: -5.29, -0.48, 47.19| | 2.00
output: 0.00, 0.00, 0.00, label: 0.001.00: 26.20, 36.48, -4.32| | 1.00
output: 0.00, 0.00, 0.00, label: 1.002.00: -2.21, 0.22, 61.85| | 2.00
output: 0.00, 0.00, 0.00, label: 2.003.00: 47.62, 6.26, 25.62| | 0.00
output: 1.00, 0.00, 0.00, label: 1.004.00: 4.53, -0.40, -5.02| | 0.00
output: 0.99, 0.00, 0.00, label: 2.005.00: 63.61, -0.82, -4.40| | 0.00
output: 1.00, 0.00, 0.00, label: 0.006.00: 8.27, -3.32, -3.79| | 0.00
output: 1.00, 0.00, 0.00, label: 2.007.00: 42.54, -0.01, 24.67| | 0.00
output: 1.00, 0.00, 0.00, label: 0.008.00: -3.32, 22.30, -1.81| | 1.00
output: 0.00, 0.00, 0.00, label: 0.009.00: -3.79, -1.65, 49.38| | 2.00
output: 0.00, 0.00, 0.00, label: 0.00+---------------------------------------+
| Epoch:         35| Accuracy:   50.00% |
0.00: -2.03, -4.74, -4.31| | 0.00
output: 0.86, 0.06, 0.09, label: 0.001.00: -0.52, -3.04, -5.50| | 0.00
output: 0.92, 0.07, 0.00, label: 1.002.00: 61.36, -3.79, -6.05| | 0.00
output: 1.00, 0.00, 0.00, label: 2.003.00: 56.31, -5.48, 9.17| | 0.00
output: 1.00, 0.00, 0.00, label: 1.004.00: -3.48, 8.62, -1.93| | 1.00
output: 0.00, 0.00, 0.00, label: 2.005.00: -3.57, 34.97, 61.14| | 2.00
output: 0.00, 0.00, 0.00, label: 0.006.00: -2.93, 34.97, -5.62| | 1.00
output: 0.00, 0.00, 0.00, label: 2.007.00: -1.72, -4.93, -1.32| | 2.00
output: 0.39, 0.01, 0.39, label: 0.008.00: -1.23, -5.79, -0.77| | 2.00
output: 0.38, 0.00, 0.38, label: 0.009.00: 33.00, 45.98, -2.12| | 1.00
output: 0.00, 0.00, 0.00, label: 0.00+---------------------------------------+
| Epoch:         36| Accuracy:   30.00% |
0.00: 61.12, -1.73, 40.53| | 0.00
output: 1.00, 0.00, 0.00, label: 0.001.00: 11.76, -5.79, 33.62| | 2.00
output: 0.00, 0.00, 0.00, label: 1.002.00: -3.05, 35.41, 39.71| | 2.00
output: 0.00, 0.00, 0.00, label: 2.003.00: 16.14, -2.30, -4.09| | 0.00
output: 1.00, 0.00, 0.00, label: 1.004.00: 48.52, 25.53, -0.30| | 0.00
output: 1.00, 0.00, 0.00, label: 2.005.00: 44.94, -2.66, 36.82| | 0.00
output: 1.00, 0.00, 0.00, label: 0.006.00: 8.00, 43.95, -0.29| | 1.00
output: 0.00, 0.00, 0.00, label: 2.007.00: -4.48, -3.56, -0.19| | 2.00
output: 0.01, 0.01, 0.01, label: 0.008.00: 54.46, -5.96, 8.25| | 0.00
output: 1.00, 0.00, 0.00, label: 0.009.00: -0.92, -4.65, 5.14| | 2.00
output: 0.00, 0.00, 0.00, label: 0.00+---------------------------------------+
| Epoch:         37| Accuracy:   40.00% |
0.00: -1.00, -1.68, -3.15| | 0.00
output: 0.62, 0.31, 0.07, label: 0.001.00: 58.60, 17.02, 39.14| | 0.00
output: 1.00, 0.00, 0.00, label: 1.002.00: -5.68, -3.74, 46.08| | 2.00
output: 0.00, 0.00, 0.00, label: 2.003.00: -4.55, -3.36, 1.17| | 2.00
output: 0.00, 0.00, 0.00, label: 1.004.00: -6.07, -5.41, -4.20| | 2.00
output: 0.11, 0.11, 0.11, label: 2.005.00: 10.99, 33.40, -1.05| | 1.00
output: 0.00, 0.00, 0.00, label: 0.006.00: 1.39, 21.56, 4.26| | 1.00
output: 0.00, 0.00, 0.00, label: 2.007.00: 60.34, -3.37, -0.41| | 0.00
output: 1.00, 0.00, 0.00, label: 0.008.00: 58.22, -0.12, -3.01| | 0.00
output: 1.00, 0.00, 0.00, label: 0.009.00: 24.09, -6.36, -1.16| | 0.00
output: 1.00, 0.00, 0.00, label: 0.00+---------------------------------------+
| Epoch:         38| Accuracy:   20.00% |
0.00: 13.19, -2.46, -3.78| | 0.00
output: 1.00, 0.00, 0.00, label: 0.001.00: -0.90, -2.44, 53.68| | 2.00
output: 0.00, 0.00, 0.00, label: 1.002.00: 36.18, 8.35, -3.83| | 0.00
output: 1.00, 0.00, 0.00, label: 2.003.00: -4.69, -2.28, -2.56| | 2.00
output: 0.05, 0.05, 0.05, label: 1.004.00: -3.71, -1.45, -4.47| | 1.00
output: 0.09, 0.09, 0.04, label: 2.005.00: -5.30, 38.81, 26.82| | 1.00
output: 0.00, 0.00, 0.00, label: 0.006.00: 35.67, 10.56, 5.17| | 0.00
output: 1.00, 0.00, 0.00, label: 2.007.00: -5.16, -2.06, -1.25| | 2.00
output: 0.01, 0.01, 0.01, label: 0.008.00: 41.91, 5.05, -3.55| | 0.00
output: 1.00, 0.00, 0.00, label: 0.009.00: -4.44, -4.39, -4.40| | 2.00
output: 0.32, 0.32, 0.32, label: 0.00+---------------------------------------+
| Epoch:         39| Accuracy:   30.00% |
0.00: -5.71, 1.12, -2.38| | 2.00
output: 0.00, 0.00, 0.00, label: 0.001.00: -4.53, 1.79, -0.32| | 2.00
output: 0.00, 0.00, 0.00, label: 1.002.00: 1.44, -1.55, 9.70| | 2.00
output: 0.00, 0.00, 0.00, label: 2.003.00: -3.12, -0.20, -0.47| | 2.00
output: 0.03, 0.03, 0.03, label: 1.004.00: 58.66, 4.04, -4.00| | 0.00
output: 1.00, 0.00, 0.00, label: 2.005.00: -2.33, -4.85, 35.12| | 2.00
output: 0.00, 0.00, 0.00, label: 0.006.00: -3.78, -4.26, 51.18| | 2.00
output: 0.00, 0.00, 0.00, label: 2.007.00: -0.44, -4.99, -1.71| | 0.00
output: 0.78, 0.01, 0.21, label: 0.008.00: -2.85, 56.75, 1.84| | 1.00
output: 0.00, 0.00, 0.00, label: 0.009.00: -2.86, -6.04, 33.65| | 2.00
output: 0.00, 0.00, 0.00, label: 0.00+---------------------------------------+
| Epoch:         40| Accuracy:   20.00% |
0.00: -0.92, 11.65, 44.66| | 2.00
output: 0.00, 0.00, 0.00, label: 0.001.00: 14.38, 14.31, 33.08| | 2.00
output: 0.00, 0.00, 0.00, label: 1.002.00: -1.38, 62.97, -0.49| | 1.00
output: 0.00, 0.00, 0.00, label: 2.003.00: -1.91, 41.74, -4.39| | 1.00
output: 0.00, 0.00, 0.00, label: 1.004.00: -3.46, 15.53, -2.19| | 1.00
output: 0.00, 0.00, 0.00, label: 2.005.00: 34.88, -3.56, 5.97| | 0.00
output: 1.00, 0.00, 0.00, label: 0.006.00: 4.26, -0.24, 47.57| | 2.00
output: 0.00, 0.00, 0.00, label: 2.007.00: 52.60, 54.72, -1.89| | 1.00
output: 0.11, 0.11, 0.00, label: 0.008.00: -2.66, -2.57, -1.99| | 2.00
output: 0.25, 0.25, 0.25, label: 0.009.00: -1.43, 32.99, 38.10| | 2.00
output: 0.00, 0.00, 0.00, label: 0.00+---------------------------------------+
| Epoch:         41| Accuracy:   10.00% |
0.00: 7.10, 12.03, 1.77| | 1.00
output: 0.00, 0.00, 0.00, label: 0.001.00: -4.74, 54.99, 21.85| | 1.00
output: 0.00, 0.00, 0.00, label: 1.002.00: -3.61, -0.24, -4.91| | 1.00
output: 0.03, 0.03, 0.01, label: 2.003.00: 22.44, 46.79, -6.20| | 1.00
output: 0.00, 0.00, 0.00, label: 1.004.00: -0.48, 13.97, 56.41| | 2.00
output: 0.00, 0.00, 0.00, label: 2.005.00: 52.00, 12.86, -4.91| | 0.00
output: 1.00, 0.00, 0.00, label: 0.006.00: 45.50, 55.29, -2.37| | 1.00
output: 0.00, 0.00, 0.00, label: 2.007.00: 22.00, 26.29, 31.13| | 2.00
output: 0.00, 0.00, 0.00, label: 0.008.00: -2.90, 30.08, 51.74| | 2.00
output: 0.00, 0.00, 0.00, label: 0.009.00: 32.70, -3.89, 2.26| | 0.00
output: 1.00, 0.00, 0.00, label: 0.00+---------------------------------------+
| Epoch:         42| Accuracy:   10.00% |
0.00: -1.60, 39.26, -1.75| | 1.00
output: 0.00, 0.00, 0.00, label: 0.001.00: -1.22, -4.98, 5.65| | 2.00
output: 0.00, 0.00, 0.00, label: 1.002.00: -3.73, -3.28, -4.42| | 1.00
output: 0.32, 0.32, 0.16, label: 2.003.00: 23.86, 38.22, -0.15| | 1.00
output: 0.00, 0.00, 0.00, label: 1.004.00: 24.21, 10.75, 32.20| | 2.00
output: 0.00, 0.00, 0.00, label: 2.005.00: 15.53, -0.04, -1.69| | 0.00
output: 1.00, 0.00, 0.00, label: 0.006.00: 34.18, 18.54, 28.30| | 0.00
output: 1.00, 0.00, 0.00, label: 2.007.00: -2.19, 54.04, 29.43| | 1.00
output: 0.00, 0.00, 0.00, label: 0.008.00: 9.16, -4.03, -2.18| | 0.00
output: 1.00, 0.00, 0.00, label: 0.009.00: 34.93, 30.03, -6.01| | 0.00
output: 0.99, 0.00, 0.00, label: 0.00+---------------------------------------+
| Epoch:         43| Accuracy:   20.00% |
0.00: 35.51, 45.11, 23.18| | 1.00
output: 0.00, 0.00, 0.00, label: 0.001.00: 34.87, 10.58, 62.27| | 2.00
output: 0.00, 0.00, 0.00, label: 1.002.00: 3.26, 13.47, 30.36| | 2.00
output: 0.00, 0.00, 0.00, label: 2.003.00: -3.20, 21.85, -2.87| | 1.00
output: 0.00, 0.00, 0.00, label: 1.004.00: 50.02, -5.80, 57.46| | 2.00
output: 0.00, 0.00, 0.00, label: 2.005.00: 45.11, -0.22, 60.82| | 2.00
output: 0.00, 0.00, 0.00, label: 0.006.00: -0.53, -1.21, 44.50| | 2.00
output: 0.00, 0.00, 0.00, label: 2.007.00: -3.15, -4.37, -1.50| | 2.00
output: 0.15, 0.04, 0.15, label: 0.008.00: 24.04, -3.25, 15.89| | 0.00
output: 1.00, 0.00, 0.00, label: 0.009.00: -5.01, 40.69, 57.99| | 2.00
output: 0.00, 0.00, 0.00, label: 0.00+---------------------------------------+
| Epoch:         44| Accuracy:    0.00% |
0.00: 37.69, 21.41, -5.97| | 0.00
output: 1.00, 0.00, 0.00, label: 0.001.00: 61.76, 41.57, -4.10| | 0.00
output: 1.00, 0.00, 0.00, label: 1.002.00: -1.78, 16.72, 54.61| | 2.00
output: 0.00, 0.00, 0.00, label: 2.003.00: 13.23, -5.99, -0.66| | 0.00
output: 1.00, 0.00, 0.00, label: 1.004.00: 9.37, 48.43, -6.36| | 1.00
output: 0.00, 0.00, 0.00, label: 2.005.00: -4.51, -0.08, 20.32| | 2.00
output: 0.00, 0.00, 0.00, label: 0.006.00: 16.69, -1.30, -2.54| | 0.00
output: 1.00, 0.00, 0.00, label: 2.007.00: 9.30, -4.55, 50.88| | 2.00
output: 0.00, 0.00, 0.00, label: 0.008.00: 49.92, -0.80, -4.99| | 0.00
output: 1.00, 0.00, 0.00, label: 0.009.00: 57.88, 10.00, 20.76| | 0.00
output: 1.00, 0.00, 0.00, label: 0.00+---------------------------------------+
| Epoch:         45| Accuracy:   30.00% |
0.00: -2.88, 33.26, -1.74| | 1.00
output: 0.00, 0.00, 0.00, label: 0.001.00: -3.15, 60.55, -6.24| | 1.00
output: 0.00, 0.00, 0.00, label: 1.002.00: 41.49, -2.34, -1.11| | 0.00
output: 1.00, 0.00, 0.00, label: 2.003.00: -4.83, 56.35, 14.49| | 1.00
output: 0.00, 0.00, 0.00, label: 1.004.00: -2.76, 61.38, -4.03| | 1.00
output: 0.00, 0.00, 0.00, label: 2.005.00: 37.86, -2.74, 41.10| | 2.00
output: 0.04, 0.00, 0.04, label: 0.006.00: -4.62, -3.89, 12.70| | 2.00
output: 0.00, 0.00, 0.00, label: 2.007.00: 40.81, -0.88, 37.04| | 0.00
output: 0.98, 0.00, 0.02, label: 0.008.00: 26.66, 50.36, -2.24| | 1.00
output: 0.00, 0.00, 0.00, label: 0.009.00: -4.18, 43.12, 41.48| | 2.00
output: 0.00, 0.00, 0.00, label: 0.00+---------------------------------------+
| Epoch:         46| Accuracy:   20.00% |
0.00: 27.93, 30.67, 8.00| | 1.00
output: 0.06, 0.06, 0.00, label: 0.001.00: 4.42, 21.17, -1.40| | 1.00
output: 0.00, 0.00, 0.00, label: 1.002.00: -5.24, -4.86, 32.30| | 2.00
output: 0.00, 0.00, 0.00, label: 2.003.00: -0.18, -5.13, 55.45| | 2.00
output: 0.00, 0.00, 0.00, label: 1.004.00: -1.85, 57.29, -5.74| | 1.00
output: 0.00, 0.00, 0.00, label: 2.005.00: -2.77, -6.03, 32.90| | 2.00
output: 0.00, 0.00, 0.00, label: 0.006.00: 35.06, -3.57, 61.01| | 2.00
output: 0.00, 0.00, 0.00, label: 2.007.00: 41.11, -4.75, 19.09| | 0.00
output: 1.00, 0.00, 0.00, label: 0.008.00: -6.13, 59.32, 28.18| | 1.00
output: 0.00, 0.00, 0.00, label: 0.009.00: -1.90, 57.54, -4.25| | 1.00
output: 0.00, 0.00, 0.00, label: 0.00+---------------------------------------+
| Epoch:         47| Accuracy:   10.00% |
0.00: 36.30, 52.86, -2.64| | 1.00
output: 0.00, 0.00, 0.00, label: 0.001.00: -1.02, -1.62, 47.67| | 2.00
output: 0.00, 0.00, 0.00, label: 1.002.00: -2.61, -3.75, -2.06| | 2.00
output: 0.33, 0.10, 0.33, label: 2.003.00: -2.47, -3.00, 28.90| | 2.00
output: 0.00, 0.00, 0.00, label: 1.004.00: 51.08, 20.04, 15.34| | 0.00
output: 1.00, 0.00, 0.00, label: 2.005.00: 28.29, 40.85, -2.96| | 1.00
output: 0.00, 0.00, 0.00, label: 0.006.00: 52.32, 60.05, 10.07| | 1.00
output: 0.00, 0.00, 0.00, label: 2.007.00: 44.11, 34.19, 24.40| | 0.00
output: 1.00, 0.00, 0.00, label: 0.008.00: 60.45, 16.14, 21.44| | 0.00
output: 1.00, 0.00, 0.00, label: 0.009.00: -2.48, 52.59, 11.67| | 1.00
output: 0.00, 0.00, 0.00, label: 0.00+---------------------------------------+
| Epoch:         48| Accuracy:   20.00% |
0.00: 47.62, 35.61, -2.28| | 0.00
output: 1.00, 0.00, 0.00, label: 0.001.00: 18.30, -4.00, -4.96| | 0.00
output: 1.00, 0.00, 0.00, label: 1.002.00: -3.33, -0.89, 59.79| | 2.00
output: 0.00, 0.00, 0.00, label: 2.003.00: 35.80, -1.90, 14.79| | 0.00
output: 1.00, 0.00, 0.00, label: 1.004.00: 37.90, 6.79, -1.46| | 0.00
output: 1.00, 0.00, 0.00, label: 2.005.00: 51.16, -4.30, 1.63| | 0.00
output: 1.00, 0.00, 0.00, label: 0.006.00: 59.77, -0.12, 22.10| | 0.00
output: 1.00, 0.00, 0.00, label: 2.007.00: 56.62, 23.90, 44.09| | 0.00
output: 1.00, 0.00, 0.00, label: 0.008.00: -4.09, 24.31, 47.67| | 2.00
output: 0.00, 0.00, 0.00, label: 0.009.00: 28.83, -0.72, -3.00| | 0.00
output: 1.00, 0.00, 0.00, label: 0.00+---------------------------------------+
| Epoch:         49| Accuracy:   60.00% |
0.00: 62.66, -1.79, 43.08| | 0.00
output: 1.00, 0.00, 0.00, label: 1.001.00: -3.94, 25.13, 8.15| | 1.00
output: 0.00, 0.00, 0.00, label: 0.002.00: 1.03, -2.10, -2.67| | 0.00
output: 0.94, 0.04, 0.02, label: 0.003.00: -1.98, 25.64, 24.72| | 2.00
output: 0.00, 0.00, 0.00, label: 2.004.00: -5.57, 11.81, 45.70| | 2.00
output: 0.00, 0.00, 0.00, label: 0.005.00: -1.47, 59.65, -0.33| | 1.00
output: 0.00, 0.00, 0.00, label: 1.006.00: -0.47, -3.40, -0.76| | 0.00
output: 0.56, 0.03, 0.41, label: 1.007.00: -1.08, -0.38, -0.29| | 2.00
output: 0.19, 0.19, 0.19, label: 1.008.00: -4.18, -4.29, -1.70| | 2.00
output: 0.07, 0.06, 0.07, label: 0.009.00: -4.32, -4.44, 7.67| | 2.00
output: 0.00, 0.00, 0.00, label: 1.00The following are the predictions of the DNN:
0: 0| Correct label:1.00
1: 1| Correct label:0.00
2: 0| Correct label:0.00
3: 2| Correct label:2.00
INFO: [SIM 211-1] CSim done with 0 errors.
INFO: [SIM 211-3] *************** CSIM finish ***************
INFO: [HLS 200-112] Total CPU user time: 4 seconds. Total CPU system time: 2 seconds. Total elapsed time: 111.41 seconds; peak allocated memory: 233.844 MB.
INFO: [vitis-run 60-791] Total elapsed time: 0h 2m 3s
