INFO: [vitis-run 60-1548] Creating build summary session with primary output C:/GIM_Repos/GIM_Diabetes/accelerator_diabetes/redo_component/accelerator\accelerator.hlsrun_csim_summary, at 02/24/25 12:58:53
INFO: [vitis-run 82-31] Launching vitis_hls: vitis_hls -nolog -run csim -work_dir C:/GIM_Repos/GIM_Diabetes/accelerator_diabetes/redo_component/accelerator -config C:/GIM_Repos/GIM_Diabetes/accelerator_diabetes/redo_component/hls_config.cfg -cmdlineconfig C:/GIM_Repos/GIM_Diabetes/accelerator_diabetes/redo_component/accelerator/hls/config.cmdline

****** Vitis HLS - High-Level Synthesis from C, C++ and OpenCL v2024.1 (64-bit)
  **** SW Build 5069499 on May 21 2024
  **** IP Build 5075265 on Wed May 22 21:45:21 MDT 2024
  **** SharedData Build 5076995 on Wed May 22 18:29:18 MDT 2024
  **** Start of session at: Mon Feb 24 12:58:57 2025
    ** Copyright 1986-2022 Xilinx, Inc. All Rights Reserved.
    ** Copyright 2022-2024 Advanced Micro Devices, Inc. All Rights Reserved.

source C:/Xilinx/Vitis_HLS/2024.1/scripts/vitis_hls/hls.tcl -notrace
INFO: [HLS 200-10] For user 'GIM' on host 'gim_laptop_1' (Windows NT_amd64 version 10.0) on Mon Feb 24 12:58:58 -0800 2025
INFO: [HLS 200-10] In directory 'C:/GIM_Repos/GIM_Diabetes/accelerator_diabetes/redo_component'
INFO: [HLS 200-2005] Using work_dir C:/GIM_Repos/GIM_Diabetes/accelerator_diabetes/redo_component/accelerator 
INFO: [HLS 200-1505] Using default flow_target 'vivado'
Resolution: For help on HLS 200-1505 see docs.xilinx.com/access/sources/dita/topic?Doc_Version=2024.1%20English&url=ug1448-hls-guidance&resourceid=200-1505.html
INFO: [HLS 200-1465] Applying ini 'syn.file=C:/GIM_Repos/GIM_Diabetes/accelerator_diabetes/accelerator.cpp' from C:/GIM_Repos/GIM_Diabetes/accelerator_diabetes/redo_component/hls_config.cfg(11)
INFO: [HLS 200-10] Adding design file 'C:/GIM_Repos/GIM_Diabetes/accelerator_diabetes/accelerator.cpp' to the project
INFO: [HLS 200-1465] Applying ini 'syn.file=C:/GIM_Repos/GIM_Diabetes/accelerator_diabetes/act_pe.cpp' from C:/GIM_Repos/GIM_Diabetes/accelerator_diabetes/redo_component/hls_config.cfg(12)
INFO: [HLS 200-10] Adding design file 'C:/GIM_Repos/GIM_Diabetes/accelerator_diabetes/act_pe.cpp' to the project
INFO: [HLS 200-1465] Applying ini 'syn.file=C:/GIM_Repos/GIM_Diabetes/accelerator_diabetes/array.cpp' from C:/GIM_Repos/GIM_Diabetes/accelerator_diabetes/redo_component/hls_config.cfg(13)
INFO: [HLS 200-10] Adding design file 'C:/GIM_Repos/GIM_Diabetes/accelerator_diabetes/array.cpp' to the project
INFO: [HLS 200-1465] Applying ini 'syn.file=C:/GIM_Repos/GIM_Diabetes/accelerator_diabetes/bias_pe.cpp' from C:/GIM_Repos/GIM_Diabetes/accelerator_diabetes/redo_component/hls_config.cfg(14)
INFO: [HLS 200-10] Adding design file 'C:/GIM_Repos/GIM_Diabetes/accelerator_diabetes/bias_pe.cpp' to the project
INFO: [HLS 200-1465] Applying ini 'syn.file=C:/GIM_Repos/GIM_Diabetes/accelerator_diabetes/csv_import.cpp' from C:/GIM_Repos/GIM_Diabetes/accelerator_diabetes/redo_component/hls_config.cfg(15)
INFO: [HLS 200-10] Adding design file 'C:/GIM_Repos/GIM_Diabetes/accelerator_diabetes/csv_import.cpp' to the project
INFO: [HLS 200-1465] Applying ini 'syn.file=C:/GIM_Repos/GIM_Diabetes/accelerator_diabetes/error_pe.cpp' from C:/GIM_Repos/GIM_Diabetes/accelerator_diabetes/redo_component/hls_config.cfg(16)
INFO: [HLS 200-10] Adding design file 'C:/GIM_Repos/GIM_Diabetes/accelerator_diabetes/error_pe.cpp' to the project
INFO: [HLS 200-1465] Applying ini 'syn.file=C:/GIM_Repos/GIM_Diabetes/accelerator_diabetes/gim_model.h' from C:/GIM_Repos/GIM_Diabetes/accelerator_diabetes/redo_component/hls_config.cfg(17)
INFO: [HLS 200-10] Adding design file 'C:/GIM_Repos/GIM_Diabetes/accelerator_diabetes/gim_model.h' to the project
INFO: [HLS 200-1465] Applying ini 'syn.file=C:/GIM_Repos/GIM_Diabetes/accelerator_diabetes/weight_pe.cpp' from C:/GIM_Repos/GIM_Diabetes/accelerator_diabetes/redo_component/hls_config.cfg(18)
INFO: [HLS 200-10] Adding design file 'C:/GIM_Repos/GIM_Diabetes/accelerator_diabetes/weight_pe.cpp' to the project
INFO: [HLS 200-1465] Applying ini 'syn.file=C:\GIM_Repos\GIM_Diabetes\accelerator_diabetes\X_test.csv' from C:/GIM_Repos/GIM_Diabetes/accelerator_diabetes/redo_component/hls_config.cfg(19)
INFO: [HLS 200-10] Adding design file 'C:/GIM_Repos/GIM_Diabetes/accelerator_diabetes/X_test.csv' to the project
INFO: [HLS 200-1465] Applying ini 'syn.file=C:\GIM_Repos\GIM_Diabetes\accelerator_diabetes\X_train.csv' from C:/GIM_Repos/GIM_Diabetes/accelerator_diabetes/redo_component/hls_config.cfg(20)
INFO: [HLS 200-10] Adding design file 'C:/GIM_Repos/GIM_Diabetes/accelerator_diabetes/X_train.csv' to the project
INFO: [HLS 200-1465] Applying ini 'syn.file=C:\GIM_Repos\GIM_Diabetes\accelerator_diabetes\Y_test.csv' from C:/GIM_Repos/GIM_Diabetes/accelerator_diabetes/redo_component/hls_config.cfg(21)
INFO: [HLS 200-10] Adding design file 'C:/GIM_Repos/GIM_Diabetes/accelerator_diabetes/Y_test.csv' to the project
INFO: [HLS 200-1465] Applying ini 'syn.file=C:\GIM_Repos\GIM_Diabetes\accelerator_diabetes\Y_train.csv' from C:/GIM_Repos/GIM_Diabetes/accelerator_diabetes/redo_component/hls_config.cfg(22)
INFO: [HLS 200-10] Adding design file 'C:/GIM_Repos/GIM_Diabetes/accelerator_diabetes/Y_train.csv' to the project
INFO: [HLS 200-1465] Applying ini 'tb.file=C:/GIM_Repos/GIM_Diabetes/accelerator_diabetes/main.cpp' from C:/GIM_Repos/GIM_Diabetes/accelerator_diabetes/redo_component/hls_config.cfg(8)
INFO: [HLS 200-10] Adding test bench file 'C:/GIM_Repos/GIM_Diabetes/accelerator_diabetes/main.cpp' to the project
INFO: [HLS 200-1465] Applying ini 'syn.top=accelerator' from C:/GIM_Repos/GIM_Diabetes/accelerator_diabetes/redo_component/hls_config.cfg(7)
INFO: [HLS 200-1465] Applying ini 'flow_target=vivado' from C:/GIM_Repos/GIM_Diabetes/accelerator_diabetes/redo_component/hls_config.cfg(4)
INFO: [HLS 200-1505] Using flow_target 'vivado'
Resolution: For help on HLS 200-1505 see docs.xilinx.com/access/sources/dita/topic?Doc_Version=2024.1%20English&url=ug1448-hls-guidance&resourceid=200-1505.html
INFO: [HLS 200-1465] Applying ini 'part=xczu3eg-sfvc784-1-e' from C:/GIM_Repos/GIM_Diabetes/accelerator_diabetes/redo_component/hls_config.cfg(1)
INFO: [HLS 200-1611] Setting target device to 'xczu3eg-sfvc784-1-e'
INFO: [HLS 200-1465] Applying ini 'clock=10ns' from C:/GIM_Repos/GIM_Diabetes/accelerator_diabetes/redo_component/hls_config.cfg(9)
INFO: [SYN 201-201] Setting up clock 'default' with a period of 10ns.
INFO: [HLS 200-1465] Applying ini 'clock_uncertainty=2ns' from C:/GIM_Repos/GIM_Diabetes/accelerator_diabetes/redo_component/hls_config.cfg(10)
INFO: [SYN 201-201] Setting up clock 'default' with an uncertainty of 2ns.
INFO: [HLS 200-1465] Applying ini 'package.output.format=ip_catalog' from C:/GIM_Repos/GIM_Diabetes/accelerator_diabetes/redo_component/hls_config.cfg(5)
INFO: [SIM 211-2] *************** CSIM start ***************
INFO: [SIM 211-4] CSIM will launch CLANG as the compiler.
INFO: [HLS 200-2036] Building debug C Simulation binaries
   Compiling ../../../../../accelerator.cpp in debug mode
   Generating csim.exe
In file included from ../../../../../accelerator.cpp:1:
In file included from ../../../../../gim_model.h:4:
In file included from C:/Xilinx/Vitis_HLS/2024.1/include/ap_fixed.h:9:
In file included from C:/Xilinx/Vitis_HLS/2024.1/include/etc/ap_common.h:658:
In file included from C:/Xilinx/Vitis_HLS/2024.1/include/etc/ap_private.h:68:
In file included from C:/Xilinx/Vitis_HLS/2024.1/include/hls_half.h:26:
In file included from C:/Xilinx/Vitis_HLS/2024.1/include/etc/hls_half_fpo.h:19:
In file included from C:/Xilinx/Vitis_HLS/2024.1/include/hls_fpo.h:140:
In file included from C:/Xilinx/Vitis_HLS/2024.1/include/floating_point_v7_1_bitacc_cmodel.h:150:
C:/Xilinx/Vitis_HLS/2024.1/include/gmp.h:58:9: warning: '__GMP_LIBGMP_DLL' macro redefined [-Wmacro-redefined]
#define __GMP_LIBGMP_DLL  0
        ^
C:/Xilinx/Vitis_HLS/2024.1/include/floating_point_v7_1_bitacc_cmodel.h:142:9: note: previous definition is here
#define __GMP_LIBGMP_DLL 1
        ^
1 warning generated.
Y_train size: 320
first 3 labels: 0, 12
CSV files successfully loaded
0: 0.0429688, -0.00585938, 0.0332031| | 0
0: 0.0429688, -0.00585938, 0.0332031-0.00390625
1: -0.00585938, -0.00585938, 0.0332031| | 0
1: -0.00585938, -0.00585938, -0.00585938-0.00195312
2: 0.113281, -0.00585938, 0.0390625| | 0
2: 0.113281, -0.00585938, 0.0390625-0.00585938
3: 2.38477, -0.0214844, 0.105469| | 0
3: 2.38477, -0.0214844, 0.105469-0.0234375
4: 1.42969, 0.0214844, 0.00976562| | 0
4: 1.42969, 0.0214844, 0.009765620.0371094
5: 2.20703, 0.0292969, 0.00390625| | 0
5: 2.20703, 0.0292969, 0.003906250.0488281
6: -0.0898438, -0.00195312, 0.0253906| | 0
6: -0.0898438, -0.0898438, -0.0898438-0.00195312
7: -0.0664062, -0.00195312, 0.0253906| | 0
7: -0.0664062, -0.0664062, -0.0664062-0.00195312
8: -0.0527344, -0.00195312, 0.0195312| | 0
8: -0.0527344, -0.0527344, -0.0527344-0.00195312
9: -0.0625, -0.00195312, 0.0234375| | 0
9: -0.0625, -0.0625, -0.0625-0.00195312
0: -0.0664062, -0.00195312, 0.0253906| | 0
0: -0.0664062, -0.0664062, -0.0664062-0.00195312
1: -0.0800781, -0.00195312, 0.03125| | 0
1: -0.0800781, -0.0800781, -0.0800781-0.00195312
2: -0.046875, -0.00195312, 0.0195312| | 0
2: -0.046875, -0.046875, -0.046875-0.00195312
3: -0.0195312, -0.00195312, 0.015625| | 0
3: -0.0195312, -0.0195312, -0.01953120.00195312
4: -0.0214844, -0.00195312, 0.0253906| | 0
4: -0.0214844, -0.0214844, -0.02148440
5: 0.0644531, -0.00195312, 0.0214844| | 0
5: 0.0644531, -0.00195312, 0.02148440
6: -0.00390625, -0.00195312, 0.0214844| | 0
6: -0.00390625, -0.00390625, -0.003906250
7: 0.193359, -0.00195312, 0.0214844| | 0
7: 0.193359, -0.00195312, 0.02148440.00195312
8: -0.00585938, -0.00195312, 0.0175781| | 0
8: -0.00585938, -0.00585938, -0.005859380
9: -0.00585938, -0.00195312, 0.0214844| | 0
9: -0.00585938, -0.00585938, -0.005859380
0: -0.00585938, -0.00195312, 0.0234375| | 0
0: -0.00585938, -0.00585938, -0.005859380
1: -0.00390625, -0.00195312, 0.0292969| | 0
1: -0.00390625, -0.00390625, -0.003906250.00390625
2: 0.0996094, -0.00195312, 0.0175781| | 0
2: 0.0996094, -0.00195312, 0.01757810.00195312
3: 1.66211, 0.0078125, 0.0078125| | 0
3: 1.66211, 0.0078125, 0.00781250.0214844
4: 1.67383, -0.00195312, 0.0195312| | 0
4: 1.67383, -0.00195312, 0.01953120.00976562
5: 2.00781, 0.00195312, 0.015625| | 0
5: 2.00781, 0.00195312, 0.0156250.0136719
6: -0.0449219, -0.00390625, 0.0273438| | 0
6: -0.0449219, -0.0449219, -0.0449219-0.00195312
7: -0.0234375, -0.00390625, 0.0273438| | 0
7: -0.0234375, -0.0234375, -0.0234375-0.00195312
8: -0.0195312, -0.00195312, 0.0214844| | 0
8: -0.0195312, -0.0195312, -0.0195312-0.00195312
9: -0.0234375, -0.00195312, 0.0273438| | 0
9: -0.0234375, -0.0234375, -0.0234375-0.00195312
0: -0.0234375, -0.00390625, 0.0273438| | 0
0: -0.0234375, -0.0234375, -0.0234375-0.00195312
1: -0.0253906, -0.00390625, 0.0332031| | 0
1: -0.0253906, -0.0253906, -0.0253906-0.00195312
2: -0.00976562, -0.00195312, 0.0253906| | 0
2: -0.00976562, -0.00976562, -0.00976562-0.00195312
3: 0.0839844, -0.00195312, 0.0175781| | 0
3: 0.0839844, -0.00195312, 0.0175781-0.00195312
4: 0.9375, -0.00195312, 0.0273438| | 0
4: 0.9375, -0.00195312, 0.0273438-0.00195312
5: 2.19141, -0.00195312, 0.0195312| | 0
5: 2.19141, -0.00195312, 0.01953120.00585938
6: -0.0351562, -0.00390625, 0.0292969| | 0
6: -0.0351562, -0.0351562, -0.0351562-0.00390625
7: -0.0175781, -0.00390625, 0.0292969| | 0
7: -0.0175781, -0.0175781, -0.0175781-0.00390625
8: -0.0117188, -0.00195312, 0.0234375| | 0
8: -0.0117188, -0.0117188, -0.0117188-0.00195312
9: -0.0136719, -0.00390625, 0.0273438| | 0
9: -0.0136719, -0.0136719, -0.0136719-0.00195312
0: -0.015625, -0.00390625, 0.0292969| | 0
0: -0.015625, -0.015625, -0.015625-0.00195312
1: -0.015625, -0.00390625, 0.0351562| | 0
1: -0.015625, -0.015625, -0.015625-0.00195312
2: -0.00195312, -0.00390625, 0.0253906| | 0
2: -0.00195312, -0.00390625, -0.00195312-0.00195312
3: 0.150391, -0.00195312, 0.0195312| | 0
3: 0.150391, -0.00195312, 0.0195312-0.00195312
4: 0.945312, -0.00390625, 0.0292969| | 0
4: 0.945312, -0.00390625, 0.0292969-0.00195312
5: 2.14062, -0.00195312, 0.0234375| | 0
5: 2.14062, -0.00195312, 0.0234375-0.00195312
6: -0.03125, -0.00390625, 0.0292969| | 0
6: -0.03125, -0.03125, -0.03125-0.00390625
7: -0.00976562, -0.00390625, 0.0292969| | 0
7: -0.00976562, -0.00976562, -0.00976562-0.00390625
8: -0.0078125, -0.00390625, 0.0234375| | 0
8: -0.0078125, -0.0078125, -0.0078125-0.00195312
9: -0.00976562, -0.00390625, 0.0292969| | 0
9: -0.00976562, -0.00976562, -0.00976562-0.00195312
0: -0.00976562, -0.00390625, 0.03125| | 0
0: -0.00976562, -0.00976562, -0.00976562-0.00390625
1: -0.00976562, -0.00390625, 0.0351562| | 0
1: -0.00976562, -0.00976562, -0.00976562-0.00195312
2: 0.0351562, -0.00390625, 0.0273438| | 0
2: 0.0351562, -0.00390625, 0.0273438-0.00195312
3: 1.58984, -0.00195312, 0.0117188| | 0
3: 1.58984, -0.00195312, 0.01171880.00585938
4: 1.69336, -0.00390625, 0.03125| | 0
4: 1.69336, -0.00390625, 0.03125-0.00195312
5: 1.94141, -0.00390625, 0.0273438| | 0
5: 1.94141, -0.00390625, 0.0273438-0.00195312
6: -0.0253906, -0.00585938, 0.0371094| | 0
6: -0.0253906, -0.0253906, -0.0253906-0.00390625
7: 0.00195312, -0.00390625, 0.0292969| | 0
7: 0.00195312, -0.00390625, 0.00195312-0.00195312
8: -0.00390625, -0.00195312, 0.0214844| | 0
8: -0.00390625, -0.00390625, -0.00390625-0.00195312
9: -0.00390625, -0.00390625, 0.0253906| | 0
9: -0.00390625, -0.00390625, -0.00390625-0.00195312
0: -0.00390625, -0.00390625, 0.0273438| | 0
0: -0.00390625, -0.00390625, -0.00390625-0.00195312
1: -0.00390625, -0.00390625, 0.0253906| | 0
1: -0.00390625, -0.00390625, -0.003906250.00585938
2: 0.09375, -0.00195312, 0.0214844| | 0
2: 0.09375, -0.00195312, 0.0214844-0.00195312
3: 1.63281, 0, 0.00195312| | 0
3: 1.63281, 0, 0.001953120.03125
4: 1.65234, -0.00390625, 0.0292969| | 0
4: 1.65234, -0.00390625, 0.0292969-0.00195312
5: 1.95898, -0.00390625, 0.0253906| | 0
5: 1.95898, -0.00390625, 0.0253906-0.00195312
6: -0.0234375, -0.00390625, 0.0253906| | 0
6: -0.0234375, -0.0234375, -0.0234375-0.00195312
7: -0.00195312, -0.00390625, 0.0292969| | 0
7: -0.00195312, -0.00390625, -0.00195312-0.00390625
8: -0.00195312, -0.00390625, 0.0234375| | 0
8: -0.00195312, -0.00390625, -0.00195312-0.00195312
9: -0.00195312, -0.00390625, 0.0292969| | 0
9: -0.00195312, -0.00390625, -0.00195312-0.00195312
0: -0.00195312, -0.00390625, 0.03125| | 0
0: -0.00195312, -0.00390625, -0.00195312-0.00195312
1: -0.00390625, -0.00390625, 0.0351562| | 0
1: -0.00390625, -0.00390625, -0.00390625-0.00195312
2: 0.105469, -0.00390625, 0.0273438| | 0
2: 0.105469, -0.00390625, 0.0273438-0.00195312
3: 1.55469, -0.00195312, 0.0195312| | 0
3: 1.55469, -0.00195312, 0.0195312-0.00195312
4: 1.69922, -0.00390625, 0.03125| | 0
4: 1.69922, -0.00390625, 0.03125-0.00195312
5: 1.91797, -0.00390625, 0.0273438| | 0
5: 1.91797, -0.00390625, 0.0273438-0.00195312
6: -0.0214844, -0.00585938, 0.0351562| | 0
6: -0.0214844, -0.0214844, -0.0214844-0.00390625
7: 0.0136719, -0.00390625, 0.0292969| | 0
7: 0.0136719, -0.00390625, 0.0136719-0.00195312
8: -0.00390625, -0.00390625, 0.0234375| | 0
8: -0.00390625, -0.00390625, -0.00390625-0.00195312
9: -0.00195312, -0.00390625, 0.0273438| | 0
9: -0.00195312, -0.00390625, -0.00195312-0.00195312
0: -0.00195312, -0.00390625, 0.03125| | 0
0: -0.00195312, -0.00390625, -0.00195312-0.00195312
1: -0.00390625, -0.00390625, 0.03125| | 0
1: -0.00390625, -0.00390625, -0.00390625-0.00195312
2: 0.103516, -0.00390625, 0.0273438| | 0
2: 0.103516, -0.00390625, 0.0273438-0.00195312
3: 1.54883, -0.00195312, 0.0195312| | 0
3: 1.54883, -0.00195312, 0.0195312-0.00195312
4: 1.69531, -0.00390625, 0.03125| | 0
4: 1.69531, -0.00390625, 0.03125-0.00195312
5: 1.94336, -0.00390625, 0.0273438| | 0
5: 1.94336, -0.00390625, 0.0273438-0.00195312
6: -0.0214844, -0.00390625, 0.0273438| | 0
6: -0.0214844, -0.0214844, -0.0214844-0.00195312
7: 0.00390625, -0.00390625, 0.03125| | 0
7: 0.00390625, -0.00390625, 0.00390625-0.00390625
8: -0.00390625, -0.00390625, 0.0234375| | 0
8: -0.00390625, -0.00390625, -0.00390625-0.00195312
9: -0.00390625, -0.00390625, 0.0292969| | 0
9: -0.00390625, -0.00390625, -0.00390625-0.00195312
0: -0.00390625, -0.00390625, 0.0332031| | 0
0: -0.00390625, -0.00390625, -0.00390625-0.00390625
1: -0.00390625, -0.00390625, 0.0371094| | 0
1: -0.00390625, -0.00390625, -0.00390625-0.00195312
2: 0.0957031, -0.00390625, 0.0273438| | 0
2: 0.0957031, -0.00390625, 0.0273438-0.00390625
3: 1.54492, -0.00195312, 0.0195312| | 0
3: 1.54492, -0.00195312, 0.0195312-0.00195312
4: 1.68945, -0.00390625, 0.0332031| | 0
4: 1.68945, -0.00390625, 0.0332031-0.00390625
5: 1.96289, -0.00390625, 0.0292969| | 0
5: 1.96289, -0.00390625, 0.0292969-0.00390625
6: -0.0234375, -0.00585938, 0.0351562| | 0
6: -0.0234375, -0.0234375, -0.0234375-0.00390625
7: 0, -0.00390625, 0.0292969| | 0
7: 0, -0.00390625, 0-0.00390625
8: -0.00195312, -0.00390625, 0.0234375| | 0
8: -0.00195312, -0.00390625, -0.00195312-0.00195312
9: 0.00195312, -0.00390625, 0.0292969| | 0
9: 0.00195312, -0.00390625, 0.00195312-0.00195312
0: -0.00390625, -0.00390625, 0.03125| | 0
0: -0.00390625, -0.00390625, -0.00390625-0.00195312
1: -0.00585938, -0.00390625, 0.0351562| | 0
1: -0.00585938, -0.00585938, -0.00585938-0.00195312
2: 0.0917969, -0.00390625, 0.0273438| | 0
2: 0.0917969, -0.00390625, 0.0273438-0.00195312
3: 1.54102, -0.00195312, 0.0195312| | 0
3: 1.54102, -0.00195312, 0.0195312-0.00195312
4: 1.71289, -0.00390625, 0.03125| | 0
4: 1.71289, -0.00390625, 0.03125-0.00195312
5: 1.95703, -0.00390625, 0.0292969| | 0
5: 1.95703, -0.00390625, 0.0292969-0.00195312
6: -0.0234375, -0.00390625, 0.03125| | 0
6: -0.0234375, -0.0234375, -0.0234375-0.00390625
7: -0.00195312, -0.00390625, 0.0292969| | 0
7: -0.00195312, -0.00390625, -0.00195312-0.00195312
8: -0.00195312, -0.00390625, 0.0234375| | 0
8: -0.00195312, -0.00390625, -0.00195312-0.00195312
9: -0.00195312, -0.00390625, 0.0292969| | 0
9: -0.00195312, -0.00390625, -0.00195312-0.00195312
0: 0.00195312, -0.00390625, 0.03125| | 0
0: 0.00195312, -0.00390625, 0.00195312-0.00390625
1: -0.00585938, -0.00390625, 0.0371094| | 0
1: -0.00585938, -0.00585938, -0.00585938-0.00195312
2: 0.0859375, -0.00390625, 0.0273438| | 0
2: 0.0859375, -0.00390625, 0.0273438-0.00195312
3: 1.5332, -0.00195312, 0.0195312| | 0
3: 1.5332, -0.00195312, 0.0195312-0.00195312
4: 1.70703, -0.00390625, 0.0332031| | 0
4: 1.70703, -0.00390625, 0.0332031-0.00195312
5: 1.94922, -0.00390625, 0.0292969| | 0
5: 1.94922, -0.00390625, 0.0292969-0.00390625
6: -0.0234375, -0.00390625, 0.0273438| | 0
6: -0.0234375, -0.0234375, -0.0234375-0.00195312
7: -0.00195312, -0.00390625, 0.0292969| | 0
7: -0.00195312, -0.00390625, -0.00195312-0.00195312
8: -0.00195312, -0.00390625, 0.0234375| | 0
8: -0.00195312, -0.00390625, -0.00195312-0.00195312
9: -0.00195312, -0.00390625, 0.0292969| | 0
9: -0.00195312, -0.00390625, -0.00195312-0.00195312
0: -0.00195312, -0.00390625, 0.03125| | 0
0: -0.00195312, -0.00390625, -0.00195312-0.00195312
1: 0.0078125, -0.00390625, 0.0371094| | 0
1: 0.0078125, -0.00390625, 0.0078125-0.00195312
2: 1.27148, -0.00390625, 0.0253906| | 0
2: 1.27148, -0.00390625, 0.0253906-0.00195312
3: 1.55664, -0.00195312, 0.0195312| | 0
3: 1.55664, -0.00195312, 0.0195312-0.00195312
4: 1.73047, -0.00390625, 0.03125| | 0
4: 1.73047, -0.00390625, 0.03125-0.00195312
5: 1.91992, -0.00390625, 0.0273438| | 0
5: 1.91992, -0.00390625, 0.0273438-0.00195312
6: -0.0214844, -0.00390625, 0.0273438| | 0
6: -0.0214844, -0.0214844, -0.0214844-0.00195312
7: 0.00976562, -0.00390625, 0.03125| | 0
7: 0.00976562, -0.00390625, 0.00976562-0.00390625
8: -0.00390625, -0.00390625, 0.0234375| | 0
8: -0.00390625, -0.00390625, -0.00390625-0.00195312
9: -0.00195312, -0.00390625, 0.0292969| | 0
9: -0.00195312, -0.00390625, -0.00195312-0.00195312
0: -0.00195312, -0.00390625, 0.0332031| | 0
0: -0.00195312, -0.00390625, -0.00195312-0.00390625
1: 0.0214844, -0.00390625, 0.0371094| | 0
1: 0.0214844, -0.00390625, 0.0214844-0.00390625
2: 1.26758, -0.00390625, 0.03125| | 0
2: 1.26758, -0.00390625, 0.03125-0.00390625
3: 1.5625, -0.00195312, 0.0214844| | 0
3: 1.5625, -0.00195312, 0.0214844-0.00195312
4: 1.73633, -0.00390625, 0.0371094| | 0
4: 1.73633, -0.00390625, 0.0371094-0.00390625
5: 1.92383, -0.00390625, 0.0332031| | 0
5: 1.92383, -0.00390625, 0.0332031-0.00390625
6: -0.0253906, -0.00585938, 0.0410156| | 0
6: -0.0253906, -0.0253906, -0.0253906-0.00585938
7: -0.00195312, -0.00390625, 0.03125| | 0
7: -0.00195312, -0.00390625, -0.00195312-0.00390625
8: -0.00390625, -0.00390625, 0.0253906| | 0
8: -0.00390625, -0.00390625, -0.00390625-0.00390625
9: -0.00195312, -0.00390625, 0.03125| | 0
9: -0.00195312, -0.00390625, -0.00195312-0.00390625
0: 0.00195312, -0.00390625, 0.0332031| | 0
0: 0.00195312, -0.00390625, 0.00195312-0.00390625
1: 0.0117188, -0.00390625, 0.0390625| | 0
1: 0.0117188, -0.00390625, 0.0117188-0.00390625
2: 1.25195, -0.00390625, 0.0273438| | 0
2: 1.25195, -0.00390625, 0.0273438-0.00390625
3: 1.54102, -0.00195312, 0.0214844| | 0
3: 1.54102, -0.00195312, 0.0214844-0.00195312
4: 1.76953, -0.00390625, 0.0332031| | 0
4: 1.76953, -0.00390625, 0.0332031-0.00390625
5: 1.90039, -0.00390625, 0.0292969| | 0
5: 1.90039, -0.00390625, 0.0292969-0.00390625
6: -0.0195312, -0.00390625, 0.03125| | 0
6: -0.0195312, -0.0195312, -0.0195312-0.00390625
7: 0.0195312, -0.00390625, 0.0292969| | 0
7: 0.0195312, -0.00390625, 0.0195312-0.00390625
8: -0.00585938, -0.00390625, 0.0234375| | 0
8: -0.00585938, -0.00585938, -0.00585938-0.00195312
9: -0.00195312, -0.00390625, 0.0292969| | 0
9: -0.00195312, -0.00390625, -0.00195312-0.00195312
0: -0.00195312, -0.00390625, 0.03125| | 0
0: -0.00195312, -0.00390625, -0.00195312-0.00390625
1: 0.0371094, -0.00390625, 0.0371094| | 0
1: 0.0371094, -0.00390625, 0.0371094-0.00195312
2: 1.2168, -0.00390625, 0.0253906| | 0
2: 1.2168, -0.00390625, 0.0253906-0.00195312
3: 1.53516, -0.00195312, 0.0195312| | 0
3: 1.53516, -0.00195312, 0.0195312-0.00195312
4: 1.78906, -0.00390625, 0.03125| | 0
4: 1.78906, -0.00390625, 0.03125-0.00195312
5: 1.88867, -0.00390625, 0.0273438| | 0
5: 1.88867, -0.00390625, 0.0273438-0.00195312
6: -0.0214844, -0.00390625, 0.0292969| | 0
6: -0.0214844, -0.0214844, -0.0214844-0.00390625
7: -0.00195312, -0.00390625, 0.03125| | 0
7: -0.00195312, -0.00390625, -0.00195312-0.00390625
8: -0.00585938, -0.00390625, 0.0234375| | 0
8: -0.00585938, -0.00585938, -0.00585938-0.00195312
9: -0.00195312, -0.00390625, 0.0292969| | 0
9: -0.00195312, -0.00390625, -0.00195312-0.00390625
0: 0.015625, -0.00390625, 0.03125| | 0
0: 0.015625, -0.00390625, 0.015625-0.00390625
1: 0.0253906, -0.00390625, 0.0390625| | 0
1: 0.0253906, -0.00390625, 0.0253906-0.00390625
2: 1.23047, -0.00390625, 0.0273438| | 0
2: 1.23047, -0.00390625, 0.0273438-0.00195312
3: 1.52148, -0.00195312, 0.0195312| | 0
3: 1.52148, -0.00195312, 0.0195312-0.00195312
4: 1.7793, -0.00390625, 0.0332031| | 0
4: 1.7793, -0.00390625, 0.0332031-0.00195312
5: 1.93359, -0.00390625, 0.0292969| | 0
5: 1.93359, -0.00390625, 0.0292969-0.00195312
6: -0.0253906, -0.00585938, 0.0390625| | 0
6: -0.0253906, -0.0253906, -0.0253906-0.00585938
7: -0.00390625, -0.00390625, 0.0292969| | 0
7: -0.00390625, -0.00390625, -0.00390625-0.00390625
8: -0.00585938, -0.00390625, 0.0234375| | 0
8: -0.00585938, -0.00585938, -0.00585938-0.00195312
9: -0.00390625, -0.00390625, 0.0292969| | 0
9: -0.00390625, -0.00390625, -0.00390625-0.00195312
0: 0.00976562, -0.00390625, 0.03125| | 0
0: 0.00976562, -0.00390625, 0.00976562-0.00195312
1: 0.0117188, -0.00390625, 0.03125| | 0
1: 0.0117188, -0.00390625, 0.0117188-0.00195312
2: 1.22266, -0.00390625, 0.0273438| | 0
2: 1.22266, -0.00390625, 0.0273438-0.00390625
3: 1.51562, -0.00195312, 0.0195312| | 0
3: 1.51562, -0.00195312, 0.0195312-0.00195312
4: 1.77344, -0.00390625, 0.0332031| | 0
4: 1.77344, -0.00390625, 0.0332031-0.00390625
5: 1.9043, -0.00390625, 0.0292969| | 0
5: 1.9043, -0.00390625, 0.0292969-0.00390625
6: -0.0234375, -0.00390625, 0.0351562| | 0
6: -0.0234375, -0.0234375, -0.0234375-0.00390625
7: 0, -0.00390625, 0.0292969| | 0
7: 0, -0.00390625, 0-0.00390625
8: -0.0078125, -0.00390625, 0.0234375| | 0
8: -0.0078125, -0.0078125, -0.0078125-0.00195312
9: -0.00195312, -0.00390625, 0.0292969| | 0
9: -0.00195312, -0.00390625, -0.00195312-0.00195312
0: 0.00390625, -0.00390625, 0.03125| | 0
0: 0.00390625, -0.00390625, 0.00390625-0.00195312
1: 0.0429688, -0.00390625, 0.0371094| | 0
1: 0.0429688, -0.00390625, 0.0371094-0.00390625
2: 1.2168, -0.00390625, 0.0253906| | 0
2: 1.2168, -0.00390625, 0.0253906-0.00195312
3: 1.50781, -0.00195312, 0.0195312| | 0
3: 1.50781, -0.00195312, 0.0195312-0.00195312
4: 1.79688, -0.00390625, 0.03125| | 0
4: 1.79688, -0.00390625, 0.03125-0.00195312
5: 1.89453, -0.00390625, 0.0273438| | 0
5: 1.89453, -0.00390625, 0.0273438-0.00195312
6: -0.0195312, -0.00390625, 0.0332031| | 0
6: -0.0195312, -0.0195312, -0.0195312-0.00390625
7: 0.0214844, -0.00390625, 0.0292969| | 0
7: 0.0214844, -0.00390625, 0.0214844-0.00195312
8: -0.0078125, -0.00390625, 0.0234375| | 0
8: -0.0078125, -0.0078125, -0.0078125-0.00195312
9: -0.00390625, -0.00390625, 0.0292969| | 0
9: -0.00390625, -0.00390625, -0.00390625-0.00195312
0: -0.00195312, -0.00390625, 0.03125| | 0
0: -0.00195312, -0.00390625, -0.00195312-0.00195312
1: 0.0703125, -0.00390625, 0.03125| | 0
1: 0.0703125, -0.00390625, 0.03125-0.00195312
2: 1.18555, -0.00195312, 0.0234375| | 0
2: 1.18555, -0.00195312, 0.0234375-0.00195312
3: 1.58008, 0.0078125, -0.00195312| | 0
3: 1.58008, 0.0078125, -0.001953120.0605469
4: 1.51367, -0.00195312, 0.00585938| | 0
4: 1.51367, -0.00195312, 0.005859380.0488281
5: 2.15625, -0.00390625, 0.0292969| | 0
5: 2.15625, -0.00390625, 0.0292969-0.00390625
6: -0.0292969, -0.00390625, 0.0332031| | 0
6: -0.0292969, -0.0292969, -0.0292969-0.00390625
7: -0.00585938, -0.00390625, 0.03125| | 0
7: -0.00585938, -0.00585938, -0.00585938-0.00390625
8: -0.0136719, -0.00390625, 0.0234375| | 0
8: -0.0136719, -0.0136719, -0.0136719-0.00195312
9: -0.00976562, -0.00390625, 0.03125| | 0
9: -0.00976562, -0.00976562, -0.00976562-0.00390625
0: -0.00585938, -0.00390625, 0.0332031| | 0
0: -0.00585938, -0.00585938, -0.00585938-0.00390625
1: 0.0214844, -0.00390625, 0.0390625| | 0
1: 0.0214844, -0.00390625, 0.0214844-0.00390625
2: 1.20312, -0.00390625, 0.0273438| | 0
2: 1.20312, -0.00390625, 0.0273438-0.00195312
3: 1.49805, -0.00195312, 0.0195312| | 0
3: 1.49805, -0.00195312, 0.0195312-0.00195312
4: 1.83789, -0.00390625, 0.03125| | 0
4: 1.83789, -0.00390625, 0.03125-0.00195312
5: 1.87891, -0.00390625, 0.0273438| | 0
5: 1.87891, -0.00390625, 0.0273438-0.00195312
6: -0.0234375, -0.00390625, 0.0332031| | 0
6: -0.0234375, -0.0234375, -0.0234375-0.00390625
7: -0.00195312, -0.00390625, 0.0292969| | 0
7: -0.00195312, -0.00390625, -0.00195312-0.00195312
8: -0.00976562, -0.00195312, 0.0214844| | 0
8: -0.00976562, -0.00976562, -0.00976562-0.00195312
9: -0.00195312, -0.00390625, 0.0292969| | 0
9: -0.00195312, -0.00390625, -0.00195312-0.00195312
0: 0.0136719, -0.00390625, 0.0292969| | 0
0: 0.0136719, -0.00390625, 0.0136719-0.00195312
1: 0.0820312, -0.00390625, 0.0371094| | 0
1: 0.0820312, -0.00390625, 0.0371094-0.00195312
2: 1.11523, -0.00390625, 0.0253906| | 0
2: 1.11523, -0.00390625, 0.0253906-0.00195312
3: 1.50195, -0.00195312, 0.0175781| | 0
3: 1.50195, -0.00195312, 0.0175781-0.00195312
4: 1.84375, -0.00390625, 0.0292969| | 0
4: 1.84375, -0.00390625, 0.0292969-0.00195312
5: 1.88281, -0.00390625, 0.0253906| | 0
5: 1.88281, -0.00390625, 0.0253906-0.00195312
6: -0.0253906, -0.00390625, 0.0332031| | 0
6: -0.0253906, -0.0253906, -0.0253906-0.00390625
7: -0.00195312, -0.00390625, 0.0292969| | 0
7: -0.00195312, -0.00390625, -0.00195312-0.00390625
8: -0.0117188, -0.00390625, 0.0234375| | 0
8: -0.0117188, -0.0117188, -0.0117188-0.00195312
9: -0.00195312, -0.00390625, 0.0292969| | 0
9: -0.00195312, -0.00390625, -0.00195312-0.00390625
0: 0.0136719, -0.00390625, 0.03125| | 0
0: 0.0136719, -0.00390625, 0.0136719-0.00390625
1: 0.0820312, -0.00390625, 0.0390625| | 0
1: 0.0820312, -0.00390625, 0.0390625-0.00390625
2: 1.125, -0.00390625, 0.0273438| | 0
2: 1.125, -0.00390625, 0.0273438-0.00195312
3: 1.48438, -0.00195312, 0.0195312| | 0
3: 1.48438, -0.00195312, 0.0195312-0.00195312
4: 1.85156, -0.00390625, 0.0332031| | 0
4: 1.85156, -0.00390625, 0.0332031-0.00195312
5: 1.86523, -0.00390625, 0.0292969| | 0
5: 1.86523, -0.00390625, 0.0292969-0.00195312
6: -0.0234375, -0.00390625, 0.0292969| | 0
6: -0.0234375, -0.0234375, -0.0234375-0.00390625
7: -0.00390625, -0.00390625, 0.0292969| | 0
7: -0.00390625, -0.00390625, -0.00390625-0.00390625
8: -0.0117188, -0.00390625, 0.0253906| | 0
8: -0.0117188, -0.0117188, -0.0117188-0.00195312
9: -0.00390625, -0.00390625, 0.0292969| | 0
9: -0.00390625, -0.00390625, -0.00390625-0.00390625
0: 0.00585938, -0.00390625, 0.03125| | 0
0: 0.00585938, -0.00390625, 0.00585938-0.00390625
1: 0.0722656, -0.00390625, 0.0390625| | 0
1: 0.0722656, -0.00390625, 0.0390625-0.00390625
2: 1.14062, -0.00390625, 0.0253906| | 0
2: 1.14062, -0.00390625, 0.0253906-0.00195312
3: 1.4668, -0.00195312, 0.0195312| | 0
3: 1.4668, -0.00195312, 0.0195312-0.00195312
4: 1.83789, -0.00390625, 0.0332031| | 0
4: 1.83789, -0.00390625, 0.0332031-0.00195312
5: 1.87891, -0.00390625, 0.0292969| | 0
5: 1.87891, -0.00390625, 0.0292969-0.00195312
6: -0.0253906, -0.00585938, 0.0429688| | 0
6: -0.0253906, -0.0253906, -0.0253906-0.00585938
7: 0.00585938, -0.00390625, 0.0292969| | 0
7: 0.00585938, -0.00390625, 0.00585938-0.00195312
8: -0.0117188, -0.00390625, 0.0234375| | 0
8: -0.0117188, -0.0117188, -0.0117188-0.00195312
9: -0.00585938, -0.00390625, 0.0292969| | 0
9: -0.00585938, -0.00585938, -0.00585938-0.00195312
0: 0.0078125, -0.00390625, 0.03125| | 0
0: 0.0078125, -0.00390625, 0.0078125-0.00195312
1: 0.0683594, -0.00390625, 0.0332031| | 0
1: 0.0683594, -0.00390625, 0.0332031-0.00195312
2: 1.13281, -0.00390625, 0.0273438| | 0
2: 1.13281, -0.00390625, 0.0273438-0.00195312
3: 1.4668, -0.00195312, 0.0195312| | 0
3: 1.4668, -0.00195312, 0.0195312-0.00195312
4: 1.86523, -0.00390625, 0.03125| | 0
4: 1.86523, -0.00390625, 0.03125-0.00195312
5: 1.87305, -0.00390625, 0.0273438| | 0
5: 1.87305, -0.00390625, 0.0273438-0.00390625
6: -0.0214844, -0.00390625, 0.0351562| | 0
6: -0.0214844, -0.0214844, -0.0214844-0.00390625
7: 0.00390625, -0.00390625, 0.0292969| | 0
7: 0.00390625, -0.00390625, 0.00390625-0.00195312
8: -0.0117188, -0.00195312, 0.0234375| | 0
8: -0.0117188, -0.0117188, -0.0117188-0.00195312
9: -0.00390625, -0.00390625, 0.0292969| | 0
9: -0.00390625, -0.00390625, -0.00390625-0.00195312
0: 0.00390625, -0.00390625, 0.03125| | 0
0: 0.00390625, -0.00390625, 0.00390625-0.00195312
1: 0.0996094, -0.00390625, 0.0371094| | 0
1: 0.0996094, -0.00390625, 0.0371094-0.00195312
2: 1.10352, -0.00390625, 0.0253906| | 0
2: 1.10352, -0.00390625, 0.0253906-0.00195312
3: 1.46289, -0.00195312, 0.0195312| | 0
3: 1.46289, -0.00195312, 0.0195312-0.00195312
4: 1.86328, -0.00390625, 0.03125| | 0
4: 1.86328, -0.00390625, 0.03125-0.00195312
5: 1.87109, -0.00390625, 0.0273438| | 0
5: 1.87109, -0.00390625, 0.0273438-0.00195312
6: -0.0214844, -0.00390625, 0.0292969| | 0
6: -0.0214844, -0.0214844, -0.0214844-0.00390625
7: -0.00195312, -0.00390625, 0.03125| | 0
7: -0.00195312, -0.00390625, -0.00195312-0.00390625
8: -0.0136719, -0.00390625, 0.0234375| | 0
8: -0.0136719, -0.0136719, -0.0136719-0.00195312
9: -0.00195312, -0.00390625, 0.03125| | 0
9: -0.00195312, -0.00390625, -0.00195312-0.00390625
0: 0.0253906, -0.00390625, 0.0332031| | 0
0: 0.0253906, -0.00390625, 0.0253906-0.00390625
1: 0.09375, -0.00390625, 0.03125| | 0
1: 0.09375, -0.00390625, 0.03125-0.00195312
2: 1.09766, -0.00390625, 0.0273438| | 0
2: 1.09766, -0.00390625, 0.0273438-0.00195312
3: 1.48047, -0.00195312, 0.0136719| | 0
3: 1.48047, -0.00195312, 0.01367190.00390625
4: 1.85547, -0.00390625, 0.0332031| | 0
4: 1.85547, -0.00390625, 0.0332031-0.00195312
5: 1.86328, -0.00390625, 0.0292969| | 0
5: 1.86328, -0.00390625, 0.0292969-0.00390625
6: -0.0253906, -0.00585938, 0.0390625| | 0
6: -0.0253906, -0.0253906, -0.0253906-0.00585938
7: -0.00195312, -0.00390625, 0.0292969| | 0
7: -0.00195312, -0.00390625, -0.00195312-0.00390625
8: -0.0136719, -0.00390625, 0.0234375| | 0
8: -0.0136719, -0.0136719, -0.0136719-0.00195312
9: -0.00390625, -0.00390625, 0.0292969| | 0
9: -0.00390625, -0.00390625, -0.00390625-0.00195312
0: 0.0292969, -0.00390625, 0.03125| | 0
0: 0.0292969, -0.00390625, 0.0292969-0.00195312
1: 0.0976562, -0.00390625, 0.0351562| | 0
1: 0.0976562, -0.00390625, 0.0351562-0.00195312
2: 1.18945, -0.00195312, 0| | 0
2: 1.18945, -0.00195312, 00.0488281
3: 2.19922, 0.0234375, -0.00390625| | 0
3: 2.19922, 0.0234375, -0.003906250.109375
4: 1.41211, -0.00390625, 0.0449219| | 0
4: 1.41211, -0.00390625, 0.0449219-0.00585938
5: 2.10352, -0.00390625, 0.0429688| | 0
5: 2.10352, -0.00390625, 0.0429688-0.00585938
6: -0.0605469, -0.00585938, 0.0449219| | 0
6: -0.0605469, -0.0605469, -0.0605469-0.0078125
7: -0.0390625, -0.00390625, 0.0351562| | 0
7: -0.0390625, -0.0390625, -0.0390625-0.00390625
8: -0.0410156, -0.00390625, 0.0292969| | 0
8: -0.0410156, -0.0410156, -0.0410156-0.00390625
9: -0.0371094, -0.00390625, 0.0351562| | 0
9: -0.0371094, -0.0371094, -0.0371094-0.00390625
0: -0.0351562, -0.00390625, 0.0371094| | 0
0: -0.0351562, -0.0351562, -0.0351562-0.00390625
1: -0.03125, -0.00390625, 0.0429688| | 0
1: -0.03125, -0.03125, -0.03125-0.00390625
2: -0.0253906, -0.00390625, 0.0332031| | 0
2: -0.0253906, -0.0253906, -0.0253906-0.00390625
3: -0.0195312, -0.00390625, 0.0253906| | 0
3: -0.0195312, -0.0195312, -0.0195312-0.00390625
4: 0.0996094, -0.00390625, 0.0390625| | 0
4: 0.0996094, -0.00390625, 0.0390625-0.00390625
5: 2.37305, -0.00390625, 0.0351562| | 0
5: 2.37305, -0.00390625, 0.0351562-0.00390625
6: -0.0429688, -0.00390625, 0.03125| | 0
6: -0.0429688, -0.0429688, -0.0429688-0.00390625
7: -0.0214844, -0.00390625, 0.03125| | 0
7: -0.0214844, -0.0214844, -0.0214844-0.00390625
8: -0.03125, -0.00390625, 0.0253906| | 0
8: -0.03125, -0.03125, -0.03125-0.00390625
9: -0.0214844, -0.00390625, 0.03125| | 0
9: -0.0214844, -0.0214844, -0.0214844-0.00390625
0: -0.0175781, -0.00390625, 0.0332031| | 0
0: -0.0175781, -0.0175781, -0.0175781-0.00390625
1: -0.00976562, -0.00390625, 0.0410156| | 0
1: -0.00976562, -0.00976562, -0.00976562-0.00390625
2: -0.0117188, -0.00390625, 0.0292969| | 0
2: -0.0117188, -0.0117188, -0.0117188-0.00390625
3: -0.0078125, -0.00390625, 0.0234375| | 0
3: -0.0078125, -0.0078125, -0.0078125-0.00195312
4: 0.242188, -0.00585938, 0.0390625| | 0
4: 0.242188, -0.00585938, 0.0390625-0.00390625
5: 2.29297, 0, 0.0195312| | 0
5: 2.29297, 0, 0.01953120.0078125
6: -0.0429688, 0.00195312, 0.015625| | 0
6: -0.0429688, -0.0429688, -0.04296880.015625
7: -0.0195312, -0.00195312, 0.015625| | 0
7: -0.0195312, -0.0195312, -0.01953120.0117188
8: -0.0292969, 0.00390625, 0.0136719| | 0
8: -0.0292969, -0.0292969, -0.02929690.0117188
9: -0.0214844, 0, 0.015625| | 0
9: -0.0214844, -0.0214844, -0.02148440.0136719
0: -0.015625, -0.00195312, 0.0175781| | 0
0: -0.015625, -0.015625, -0.0156250.0117188
1: -0.00390625, -0.00195312, 0.0234375| | 0
1: -0.00390625, -0.00390625, -0.003906250.0136719
2: -0.0078125, 0, 0.0175781| | 0
2: -0.0078125, -0.0078125, -0.00781250.00976562
3: -0.00390625, -0.00195312, 0.0117188| | 0
3: -0.00390625, -0.00390625, -0.003906250.00585938
4: 0.333984, -0.00195312, 0.0214844| | 0
4: 0.333984, -0.00195312, 0.02148440.0078125
5: 2.26953, -0.00195312, 0.0234375| | 0
5: 2.26953, -0.00195312, 0.0234375-0.00195312
6: -0.0292969, -0.00195312, 0.0214844| | 0
6: -0.0292969, -0.0292969, -0.02929690
7: -0.0078125, -0.00195312, 0.0214844| | 0
7: -0.0078125, -0.0078125, -0.0078125-0.00195312
8: -0.0214844, -0.00195312, 0.0175781| | 0
8: -0.0214844, -0.0214844, -0.02148440
9: -0.00976562, -0.00195312, 0.0234375| | 0
9: -0.00976562, -0.00976562, -0.009765620
0: -0.00390625, -0.00195312, 0.0234375| | 0
0: -0.00390625, -0.00390625, -0.00390625-0.00195312
1: 0.111328, -0.00195312, 0.03125| | 0
1: 0.111328, -0.00195312, 0.03125-0.00195312
2: 1.05859, -0.00195312, 0.0214844| | 0
2: 1.05859, -0.00195312, 0.0214844-0.00195312
3: 1.45898, -0.00195312, 0.0175781| | 0
3: 1.45898, -0.00195312, 0.0175781-0.00195312
4: 1.91406, -0.00390625, 0.0292969| | 0
4: 1.91406, -0.00390625, 0.0292969-0.00195312
5: 1.83789, -0.00195312, 0.0253906| | 0
5: 1.83789, -0.00195312, 0.0253906-0.00195312
6: -0.0234375, -0.00195312, 0.0234375| | 0
6: -0.0234375, -0.0234375, -0.0234375-0.00195312
7: -0.00195312, -0.00390625, 0.0253906| | 0
7: -0.00195312, -0.00390625, -0.00195312-0.00195312
8: -0.015625, -0.00195312, 0.0195312| | 0
8: -0.015625, -0.015625, -0.015625-0.00195312
9: -0.00390625, -0.00390625, 0.0253906| | 0
9: -0.00390625, -0.00390625, -0.00390625-0.00195312
0: 0.0253906, -0.00390625, 0.0273438| | 0
0: 0.0253906, -0.00390625, 0.0253906-0.00195312
1: 0.138672, -0.00390625, 0.0351562| | 0
1: 0.138672, -0.00390625, 0.0351562-0.00195312
2: 1.03711, -0.00195312, 0.0234375| | 0
2: 1.03711, -0.00195312, 0.0234375-0.00195312
3: 1.40625, -0.00195312, 0.0195312| | 0
3: 1.40625, -0.00195312, 0.0195312-0.00195312
4: 1.92383, -0.00390625, 0.03125| | 0
4: 1.92383, -0.00390625, 0.03125-0.00195312
5: 1.8457, -0.00390625, 0.0273438| | 0
5: 1.8457, -0.00390625, 0.0273438-0.00195312
6: -0.0214844, -0.00390625, 0.0253906| | 0
6: -0.0214844, -0.0214844, -0.0214844-0.00195312
7: 0.00390625, -0.00390625, 0.0273438| | 0
7: 0.00390625, -0.00390625, 0.00390625-0.00195312
8: -0.0175781, -0.00195312, 0.0214844| | 0
8: -0.0175781, -0.0175781, -0.0175781-0.00195312
9: -0.00585938, -0.00390625, 0.0273438| | 0
9: -0.00585938, -0.00585938, -0.00585938-0.00195312
0: 0.00585938, -0.00390625, 0.0292969| | 0
0: 0.00585938, -0.00390625, 0.00585938-0.00195312
1: 0.148438, -0.00390625, 0.0371094| | 0
1: 0.148438, -0.00390625, 0.0371094-0.00195312
2: 1.01758, -0.00390625, 0.0253906| | 0
2: 1.01758, -0.00390625, 0.0253906-0.00195312
3: 1.41211, -0.00195312, 0.0195312| | 0
3: 1.41211, -0.00195312, 0.0195312-0.00195312
4: 1.95312, -0.00390625, 0.0332031| | 0
4: 1.95312, -0.00390625, 0.0332031-0.00195312
5: 1.8457, -0.00390625, 0.0292969| | 0
5: 1.8457, -0.00390625, 0.0292969-0.00195312
6: -0.0214844, -0.00390625, 0.0273438| | 0
6: -0.0214844, -0.0214844, -0.0214844-0.00195312
7: 0.0078125, -0.00390625, 0.0292969| | 0
7: 0.0078125, -0.00390625, 0.0078125-0.00195312
8: -0.0175781, -0.00390625, 0.0234375| | 0
8: -0.0175781, -0.0175781, -0.0175781-0.00195312
9: -0.00585938, -0.00390625, 0.0292969| | 0
9: -0.00585938, -0.00585938, -0.00585938-0.00195312
0: 0.0078125, -0.00390625, 0.03125| | 0
0: 0.0078125, -0.00390625, 0.0078125-0.00195312
1: 0.152344, -0.00390625, 0.0390625| | 0
1: 0.152344, -0.00390625, 0.0390625-0.00390625
2: 1.01758, -0.00390625, 0.0273438| | 0
2: 1.01758, -0.00390625, 0.0273438-0.00195312
3: 1.41016, -0.00195312, 0.0214844| | 0
3: 1.41016, -0.00195312, 0.0214844-0.00195312
4: 1.95312, -0.00390625, 0.0351562| | 0
4: 1.95312, -0.00390625, 0.0351562-0.00390625
5: 1.84766, -0.00390625, 0.0292969| | 0
5: 1.84766, -0.00390625, 0.0292969-0.00390625
6: -0.0214844, -0.00390625, 0.0292969| | 0
6: -0.0214844, -0.0214844, -0.0214844-0.00390625
7: 0.0078125, -0.00390625, 0.0292969| | 0
7: 0.0078125, -0.00390625, 0.0078125-0.00390625
8: -0.0175781, -0.00390625, 0.0234375| | 0
8: -0.0175781, -0.0175781, -0.0175781-0.00195312
9: -0.00585938, -0.00390625, 0.03125| | 0
9: -0.00585938, -0.00585938, -0.00585938-0.00390625
0: 0.00976562, -0.00390625, 0.03125| | 0
0: 0.00976562, -0.00390625, 0.00976562-0.00390625
1: 0.154297, -0.00390625, 0.0390625| | 0
1: 0.154297, -0.00390625, 0.0390625-0.00390625
2: 0.992188, -0.00390625, 0.0273438| | 0
2: 0.992188, -0.00390625, 0.0273438-0.00390625
3: 1.38867, -0.00195312, 0.0214844| | 0
3: 1.38867, -0.00195312, 0.0214844-0.00195312
4: 1.95312, -0.00585938, 0.0390625| | 0
4: 1.95312, -0.00585938, 0.0390625-0.00390625
5: 1.85352, -0.00390625, 0.0292969| | 0
5: 1.85352, -0.00390625, 0.0292969-0.00390625
6: -0.0214844, -0.00585938, 0.0371094| | 0
6: -0.0214844, -0.0214844, -0.0214844-0.00390625
7: -0.00195312, -0.00390625, 0.03125| | 0
7: -0.00195312, -0.00390625, -0.00195312-0.00390625
8: -0.015625, -0.00390625, 0.0234375| | 0
8: -0.015625, -0.015625, -0.015625-0.00195312
9: -0.00195312, -0.00390625, 0.03125| | 0
9: -0.00195312, -0.00390625, -0.00195312-0.00390625
0: 0.0429688, -0.00390625, 0.0332031| | 0
0: 0.0429688, -0.00390625, 0.0332031-0.00390625
1: 0.158203, -0.00390625, 0.0390625| | 0
1: 0.158203, -0.00390625, 0.0390625-0.00390625
2: 0.996094, -0.00390625, 0.0273438| | 0
2: 0.996094, -0.00390625, 0.0273438-0.00390625
3: 1.38867, -0.00195312, 0.0214844| | 0
3: 1.38867, -0.00195312, 0.0214844-0.00195312
4: 1.95312, -0.00585938, 0.0390625| | 0
4: 1.95312, -0.00585938, 0.0390625-0.00390625
5: 1.82812, -0.00390625, 0.03125| | 0
5: 1.82812, -0.00390625, 0.03125-0.00390625
6: -0.0332031, -0.0195312, 0.103516| | 0
6: -0.0332031, -0.0332031, -0.0332031-0.0234375
7: 0.173828, -0.0175781, 0.0957031| | 0
7: 0.173828, -0.0175781, 0.0957031-0.0195312
8: -0.0332031, -0.0117188, 0.0644531| | 0
8: -0.0332031, -0.0332031, -0.0332031-0.0136719
9: -0.0234375, -0.015625, 0.0839844| | 0
9: -0.0234375, -0.0234375, -0.0234375-0.0175781
0: -0.0175781, -0.015625, 0.0878906| | 0
0: -0.0175781, -0.0175781, -0.0175781-0.0175781
1: -0.00195312, -0.015625, 0.0917969| | 0
1: -0.00195312, -0.015625, -0.00195312-0.0175781
2: -0.0078125, -0.0117188, 0.0683594| | 0
2: -0.0078125, -0.0117188, -0.0078125-0.0136719
3: -0.00195312, -0.00976562, 0.0527344| | 0
3: -0.00195312, -0.00976562, -0.00195312-0.00976562
4: 0.578125, -0.0195312, 0.109375| | 0
4: 0.578125, -0.0195312, 0.109375-0.0234375
5: 9.9375, -0.0585938, 0.289062| | 0
5: 9.9375, -0.0585938, 0.289062-0.0703125
6: 52.3145, 0.197266, -0.00976562| | 0
6: 52.3145, 0.197266, -0.009765620.308594
7: -4.60156, -0.00195312, 0.0351562| | 0
7: -4.60156, -4.60156, -4.60156-0.00390625
8: -4.09766, 0.148438, -0.00195312| | 0
8: -4.09766, -4.09766, -4.097660.0996094
9: 54.9922, -0.216797, 1.05664| | 0
9: 54.9922, -0.216797, 1.05664-0.269531
0: 46.7578, 0.0175781, 0.0234375| | 0
0: 46.7578, 0.0175781, 0.02343750.00195312
1: 51.5234, -0.207031, 0.796875| | 0
1: 51.5234, -0.207031, 0.796875-0.203125
2: -1.66211, 0.101562, -0.0390625| | 0
2: -1.66211, -1.66211, -1.662110.976562
3: 29.0547, -0.263672, 1.29297| | 0
3: 29.0547, -0.263672, 1.29297-0.332031
4: -1.48047, 0.0664062, 0.00585938| | 0
4: -1.48047, -1.48047, -1.480470.0507812
5: -5.56445, 0.539062, -0.0507812| | 0
5: -5.56445, -5.56445, -5.564451.33398
6: 32.7578, 0.169922, -0.00585938| | 0
6: 32.7578, 0.169922, -0.005859380.208984
7: 45.8828, 0.140625, -0.00390625| | 0
7: 45.8828, 0.140625, -0.003906250.117188
8: -3.57227, -0.0429688, 0.0371094| | 0
8: -3.57227, -3.57227, -3.57227-0.00976562
9: 44.6074, -0.0722656, 0.253906| | 0
9: 44.6074, -0.0722656, 0.253906-0.0625
0: 34.1445, -0.0742188, 0.396484| | 0
0: 34.1445, -0.0742188, 0.396484-0.0976562
1: 7.38086, -0.00390625, 0.0664062| | 0
1: 7.38086, -0.00390625, 0.0664062-0.00976562
2: 12.8223, -0.00195312, 0.0449219| | 0
2: 12.8223, -0.00195312, 0.0449219-0.00585938
3: 52.2148, -0.177734, 0.861328| | 0
3: 52.2148, -0.177734, 0.861328-0.220703
4: -4.72656, -0.0273438, -0.015625| | 0
4: -4.72656, -4.72656, -4.726560.419922
5: 17.0938, -0.0117188, 0.0839844| | 0
5: 17.0938, -0.0117188, 0.0839844-0.0175781
6: 42.1543, -0.201172, 0.640625| | 0
6: 42.1543, -0.201172, 0.640625-0.167969
7: -3.26758, -0.00585938, -0.0273438| | 0
7: -3.26758, -3.26758, -3.267580.677734
8: 55.9316, -0.00195312, 0.0527344| | 0
8: 55.9316, -0.00195312, 0.0527344-0.00976562
9: -4.73828, -0.0742188, 0.382812| | 0
9: -4.73828, -4.73828, -4.73828-0.09375
0: 33.9727, -0.179688, 0.908203| | 0
0: 33.9727, -0.179688, 0.908203-0.228516
1: 7.70312, -0.00195312, 0.0625| | 0
1: 7.70312, -0.00195312, 0.0625-0.00976562
2: -0.521484, -0.160156, 0.486328| | 0
2: -0.521484, -0.521484, -0.521484-0.126953
3: 5.48633, -0.132812, 0.244141| | 0
3: 5.48633, -0.132812, 0.244141-0.0664062
4: -4.91992, -0.0859375, -0.00390625| | 0
4: -4.91992, -4.91992, -4.919920.0546875
5: -1.75391, 0.318359, -0.0371094| | 0
5: -1.75391, -1.75391, -1.753910.953125
6: -5.54688, -0.228516, 0.910156| | 0
6: -5.54688, -5.54688, -5.54688-0.234375
7: -0.710938, 0.144531, -0.00585938| | 0
7: -0.710938, -0.710938, -0.7109380.177734
8: 15.3867, -0.191406, 0.830078| | 0
8: 15.3867, -0.191406, 0.830078-0.212891
9: -5.91602, 0.00390625, 0.0429688| | 0
9: -5.91602, -5.91602, -5.91602-0.00585938
0: -6.09766, -0.125, 0.595703| | 0
0: -6.09766, -6.09766, -6.09766-0.150391
1: -2.98828, 0.630859, -0.0644531| | 0
1: -2.98828, -2.98828, -2.988281.67773
2: 50.334, 0.207031, -0.0078125| | 0
2: 50.334, 0.207031, -0.00781250.232422
3: 42.4141, 0.119141, -0.00195312| | 0
3: 42.4141, 0.119141, -0.001953120.09375
4: 18.2344, 0.152344, -0.00390625| | 0
4: 18.2344, 0.152344, -0.003906250.166016
5: -3.85742, -0.164062, 0.640625| | 0
5: -3.85742, -3.85742, -3.85742-0.164062
6: 11.4727, -0.0253906, -0.00976562| | 0
6: 11.4727, -0.0253906, -0.009765620.265625
7: 38.3574, -0.166016, 0.835938| | 0
7: 38.3574, -0.166016, 0.835938-0.210938
8: 29.2207, 0.0332031, -0.00195312| | 0
8: 29.2207, 0.0332031, -0.001953120.0488281
9: 47.666, 0.574219, -0.0703125| | 0
9: 47.666, 0.574219, -0.07031251.7793
0: 23.5098, -0.0839844, 0.365234| | 0
0: 23.5098, -0.0839844, 0.365234-0.0898438
1: -4.70898, 0.117188, -0.00585938| | 0
1: -4.70898, -4.70898, -4.708980.220703
2: 28.7305, 0.146484, -0.0136719| | 0
2: 28.7305, 0.146484, -0.01367190.394531
3: 22.7129, 0.197266, -0.0078125| | 0
3: 22.7129, 0.197266, -0.00781250.242188
4: 10.8145, -0.078125, 0.0742188| | 0
4: 10.8145, -0.078125, 0.0742188-0.0195312
5: -5.99609, -0.173828, 0.474609| | 0
5: -5.99609, -5.99609, -5.99609-0.125
6: 29.084, -0.00195312, -0.0175781| | 0
6: 29.084, -0.00195312, -0.01757810.449219
7: -5.13281, -0.173828, 0.84375| | 0
7: -5.13281, -5.13281, -5.13281-0.212891
8: -5.91602, 0.257812, -0.015625| | 0
8: -5.91602, -5.91602, -5.916020.441406
9: -4.63281, -0.222656, 0.873047| | 0
9: -4.63281, -4.63281, -4.63281-0.224609
0: -1.22656, 0.138672, -0.00585938| | 0
0: -1.22656, -1.22656, -1.226560.164062
1: -6.18555, 0.613281, -0.0683594| | 0
1: -6.18555, -6.18555, -6.185551.77148
2: -2.83008, -0.105469, 0.521484| | 0
2: -2.83008, -2.83008, -2.83008-0.130859
3: 40.3555, 0.363281, -0.0332031| | 0
3: 40.3555, 0.363281, -0.03320310.833984
4: 23.5156, -0.1875, 0.830078| | 0
4: 23.5156, -0.1875, 0.830078-0.210938
5: 26.5957, 0.583984, -0.0625| | 0
5: 26.5957, 0.583984, -0.06251.60938
6: 10.3125, 0.492188, -0.0527344| | 0
6: 10.3125, 0.492188, -0.05273441.37695
7: 6.34961, -0.216797, 0.78125| | 0
7: 6.34961, -0.216797, 0.78125-0.201172
8: 50.4824, -0.121094, 0.378906| | 0
8: 50.4824, -0.121094, 0.378906-0.0976562
9: -0.601562, 0.130859, -0.00585938| | 0
9: -0.601562, -0.601562, -0.6015620.177734
0: -0.126953, 0.0820312, -0.00585938| | 0
0: -0.126953, -0.126953, -0.1269530.208984
1: 8.63086, -0.00390625, 0.015625| | 0
1: 8.63086, -0.00390625, 0.0156250.03125
2: 0.630859, -0.179688, 0.873047| | 0
2: 0.630859, -0.179688, 0.630859-0.222656
3: -1.77539, -0.261719, 1.29688| | 0
3: -1.77539, -1.77539, -1.77539-0.332031
4: 57.8281, -0.0234375, 0.154297| | 0
4: 57.8281, -0.0234375, 0.154297-0.0332031
5: -4.79492, 0.0371094, 0.0214844| | 0
5: -4.79492, -4.79492, -4.794920
6: 9.07422, 0.046875, -0.00195312| | 0
6: 9.07422, 0.046875, -0.001953120.0664062
7: -1.59375, 0.0117188, 0.0195312| | 0
7: -1.59375, -1.59375, -1.593750.00390625
8: -3.0625, -0.15625, 0.771484| | 0
8: -3.0625, -3.0625, -3.0625-0.197266
9: 61.2461, -0.1875, 0.916016| | 0
9: 61.2461, -0.1875, 0.916016-0.232422
0: -4.87891, 0.587891, -0.0585938| | 0
0: -4.87891, -4.87891, -4.878911.52148
1: -1.7168, -0.09375, 0.287109| | 0
1: -1.7168, -1.7168, -1.7168-0.0703125
2: 62.0449, 0.0292969, 0.03125| | 0
2: 62.0449, 0.0292969, 0.03125-0.00390625
3: -1.38086, -0.0175781, -0.0175781| | 0
3: -1.38086, -1.38086, -1.380860.435547
4: 62.0703, 0.0195312, 0.0410156| | 0
4: 62.0703, 0.0195312, 0.0410156-0.00390625
5: 54.7168, -0.117188, 0.414062| | 0
5: 54.7168, -0.117188, 0.414062-0.105469
6: 15.4004, -0.0371094, -0.00976562| | 0
6: 15.4004, -0.0371094, -0.009765620.246094
7: -6.18555, -0.259766, 1.27539| | 0
7: -6.18555, -6.18555, -6.18555-0.326172
8: -0.28125, 0.214844, -0.00976562| | 0
8: -0.28125, -0.28125, -0.281250.259766
9: -0.210938, -0.25, 1.23633| | 0
9: -0.210938, -0.25, -0.210938-0.314453
0: 44.3555, -0.0507812, 0.289062| | 0
0: 44.3555, -0.0507812, 0.289062-0.0683594
1: -0.320312, 0.0488281, 0.015625| | 0
1: -0.320312, -0.320312, -0.3203120.0410156
2: -1.31445, 0.0820312, -0.0117188| | 0
2: -1.31445, -1.31445, -1.314450.296875
3: 21.8926, -0.25, 1.23828| | 0
3: 21.8926, -0.25, 1.23828-0.316406
4: -5.61523, 0.732422, -0.0761719| | 0
4: -5.61523, -5.61523, -5.615231.93359
5: 2.75586, 0.339844, -0.0371094| | 0
5: 2.75586, 0.339844, -0.03710940.974609
6: -0.0644531, 0.132812, -0.00195312| | 0
6: -0.0644531, -0.0644531, -0.06445310.0839844
7: -5.16797, 0.177734, -0.0078125| | 0
7: -5.16797, -5.16797, -5.167970.25
8: 61.8672, -0.207031, 1.00391| | 0
8: 61.8672, -0.207031, 1.00391-0.255859
9: 2.5332, 0.388672, -0.0410156| | 0
9: 2.5332, 0.388672, -0.04101561.05859
0: -5.51562, -0.00976562, -0.0253906| | 0
0: -5.51562, -5.51562, -5.515620.638672
1: -3.23242, -0.144531, 0.503906| | 0
1: -3.23242, -3.23242, -3.23242-0.126953
2: -4.5918, 0.0976562, -0.00195312| | 0
2: -4.5918, -4.5918, -4.59180.0878906
3: -4.40039, 0.517578, -0.0546875| | 0
3: -4.40039, -4.40039, -4.400391.41211
4: 57.5059, -0.248047, 1.24023| | 0
4: 57.5059, -0.248047, 1.24023-0.314453
5: 55.5059, -0.242188, 1.17578| | 0
5: 55.5059, -0.242188, 1.17578-0.300781
6: -0.84375, 0.486328, -0.0429688| | 0
6: -0.84375, -0.84375, -0.843751.10156
7: 53.8887, 0.197266, -0.0078125| | 0
7: 53.8887, 0.197266, -0.00781250.232422
8: 14.5312, -0.03125, 0.162109| | 0
8: 14.5312, -0.03125, 0.162109-0.0390625
9: -4.90625, 0.492188, -0.0507812| | 0
9: -4.90625, -4.90625, -4.906251.29883
0: 49.1523, 0.0292969, 0.0078125| | 0
0: 49.1523, 0.0292969, 0.00781250.0410156
1: -2.60156, 0.316406, -0.0332031| | 0
1: -2.60156, -2.60156, -2.601560.867188
2: -2.1543, -0.238281, 1.17969| | 0
2: -2.1543, -2.1543, -2.1543-0.300781
3: 58.2656, -0.107422, 0.527344| | 0
3: 58.2656, -0.107422, 0.527344-0.132812
4: 37.6484, -0.121094, 0.626953| | 0
4: 37.6484, -0.121094, 0.626953-0.15625
5: -0.78125, 0.0507812, -0.00195312| | 0
5: -0.78125, -0.78125, -0.781250.0742188
6: 50.5664, -0.222656, 1.10742| | 0
6: 50.5664, -0.222656, 1.10742-0.28125
7: 35.8965, -0.0214844, 0.160156| | 0
7: 35.8965, -0.0214844, 0.160156-0.0351562
8: 63.2188, 0.566406, -0.0585938| | 0
8: 63.2188, 0.566406, -0.05859381.47461
9: -5.50195, 0.0371094, 0.0078125| | 0
9: -5.50195, -5.50195, -5.501950.0429688
0: 4.38281, -0.257812, 1.28125| | 0
0: 4.38281, -0.257812, 1.28125-0.326172
1: -5.24414, -0.242188, 1.15625| | 0
1: -5.24414, -5.24414, -5.24414-0.292969
2: -0.0195312, -0.0117188, 0.0800781| | 0
2: -0.0195312, -0.0195312, -0.0195312-0.0175781
3: -0.351562, 0.697266, -0.0703125| | 0
3: -0.351562, -0.351562, -0.3515621.76953
4: 42.4844, 0.144531, -0.00195312| | 0
4: 42.4844, 0.144531, -0.001953120.0898438
5: 48.1621, -0.0664062, 0.332031| | 0
5: 48.1621, -0.0664062, 0.332031-0.0820312
6: -5.05078, 0.0371094, 0.00585938| | 0
6: -5.05078, -5.05078, -5.050780.0410156
7: 59.1504, -0.166016, 0.830078| | 0
7: 59.1504, -0.166016, 0.830078-0.210938
8: 11.625, 0.0996094, -0.00390625| | 0
8: 11.625, 0.0996094, -0.003906250.119141
9: 20.8672, 0.341797, -0.0253906| | 0
9: 20.8672, 0.341797, -0.02539060.673828
0: 14.3516, -0.0585938, 0.273438| | 0
0: 14.3516, -0.0585938, 0.273438-0.0644531
1: 32.9316, 0.273438, -0.0175781| | 0
1: 32.9316, 0.273438, -0.01757810.462891
2: -6.08789, -0.212891, 1.05664| | 0
2: -6.08789, -6.08789, -6.08789-0.267578
3: -2.49219, 0.148438, -0.00390625| | 0
3: -2.49219, -2.49219, -2.492190.158203
4: 21.375, 0.294922, -0.03125| | 0
4: 21.375, 0.294922, -0.031250.810547
5: -4.41211, -0.195312, 0.976562| | 0
5: -4.41211, -4.41211, -4.41211-0.244141
6: 34.2109, 0.25, -0.0175781| | 0
6: 34.2109, 0.25, -0.01757810.476562
7: 62.8789, -0.00195312, 0.0410156| | 0
7: 62.8789, -0.00195312, 0.0410156-0.00390625
8: -2.75391, -0.259766, 1.22656| | 0
8: -2.75391, -2.75391, -2.75391-0.3125
9: 1.99414, -0.126953, 0.623047| | 0
9: 1.99414, -0.126953, 0.623047-0.15625
The following are the predictions of the DNN:
0: 0
0: 0
1: 0
2: 0
3: 0
INFO: [SIM 211-1] CSim done with 0 errors.
INFO: [SIM 211-3] *************** CSIM finish ***************
INFO: [HLS 200-112] Total CPU user time: 3 seconds. Total CPU system time: 1 seconds. Total elapsed time: 27.942 seconds; peak allocated memory: 231.168 MB.
INFO: [vitis-run 60-791] Total elapsed time: 0h 0m 34s
